13:53:41 use meiliyoupin;
13:53:41 set names utf8;
13:53:41 select * from configs
13:53:41 use meiliyoupin;
13:53:41 set names utf8;
13:53:41 select * from configs
13:53:41 select * from admin_menu
13:53:46 use meiliyoupin;
13:53:46 set names utf8;
13:53:46 select * from configs
13:53:46 select * from admin_menu
13:53:46 select * from admin where user_name='myadmin' and user_word='691c360156c27261b40c974ec0bf8f4a'
13:53:46 use meiliyoupin;
13:53:46 set names utf8;
13:53:46 select * from configs
13:53:46 select * from admin_menu
13:53:49 use meiliyoupin;
13:53:49 set names utf8;
13:53:49 select * from configs
13:53:49 select * from admin_menu
13:53:49 select count(id) from users order by id desc
13:53:49 select * from users order by id desc limit 0,20
13:53:50 use meiliyoupin;
13:53:50 set names utf8;
13:53:50 select * from configs
13:53:50 select * from admin_menu
13:53:50 select * from user_level
13:53:51 use meiliyoupin;
13:53:51 set names utf8;
13:53:51 select * from configs
13:53:51 select * from admin_menu
13:53:51 select count(id) from user_level
13:53:51 select * from user_level limit 0,20
13:53:52 use meiliyoupin;
13:53:52 set names utf8;
13:53:52 select * from configs
13:53:52 select * from admin_menu
13:53:53 use meiliyoupin;
13:53:53 set names utf8;
13:53:53 select * from configs
13:53:53 select * from admin_menu
13:53:53 select * from user_level
13:54:06 use meiliyoupin;
13:54:06 set names utf8;
13:54:06 select * from configs
13:54:06 select * from admin_menu
13:54:06 use meiliyoupin;
13:54:06 set names utf8;
13:54:06 select * from configs
13:54:06 select * from admin_menu
13:54:09 use meiliyoupin;
13:54:09 set names utf8;
13:54:09 select * from configs
13:54:09 select * from admin_menu
13:54:09 select * from user_level
13:54:19 use meiliyoupin;
13:54:19 set names utf8;
13:54:19 select * from configs
13:54:19 select * from admin_menu
13:54:19 select * from users where user_name = 'admin'
13:54:19 insert into users (user_name,user_email,user_word,user_level,reg_time) values ('admin','123123@123.com','faec65482f63c5cef98334322a70dd69','0','1405576459') ;
13:54:19 use meiliyoupin;
13:54:19 set names utf8;
13:54:19 select * from configs
13:54:19 select * from admin_menu
13:54:23 use meiliyoupin;
13:54:23 set names utf8;
13:54:23 select * from configs
13:54:23 select * from admin_menu
13:54:23 select count(id) from users order by id desc
13:54:23 select * from users order by id desc limit 0,20
13:54:26 use meiliyoupin;
13:54:26 set names utf8;
13:54:26 select * from configs
13:54:26 select * from admin_menu
13:54:26 select count(id) from user_level
13:54:26 select * from user_level limit 0,20
13:54:27 use meiliyoupin;
13:54:27 set names utf8;
13:54:27 select * from configs
13:54:27 select * from admin_menu
13:54:27 select count(id) from users order by id desc
13:54:27 select * from users order by id desc limit 0,20
13:54:27 use meiliyoupin;
13:54:27 set names utf8;
13:54:27 select * from configs
13:54:27 select * from admin_menu
13:54:27 select * from user_level
13:54:28 use meiliyoupin;
13:54:28 set names utf8;
13:54:28 select * from configs
13:54:28 select * from admin_menu
13:54:28 select count(id) from user_level
13:54:28 select * from user_level limit 0,20
13:54:29 use meiliyoupin;
13:54:29 set names utf8;
13:54:29 select * from configs
13:54:29 select * from admin_menu
13:54:29 use meiliyoupin;
13:54:29 set names utf8;
13:54:29 select * from configs
13:54:29 select * from admin_menu
13:54:29 select count(id) from users order by id desc
13:54:29 select * from users order by id desc limit 0,20
14:01:21 use meiliyoupin;
14:01:21 set names utf8;
14:01:21 select * from configs
14:01:21 select * from admin_menu
14:01:21 select count(id) from users order by id desc
14:01:21 select * from users order by id desc limit 0,20
14:01:21 use meiliyoupin;
14:01:21 set names utf8;
14:01:21 select * from configs
14:01:21 select * from admin_menu
14:01:21 select * from user_level
14:01:22 use meiliyoupin;
14:01:22 set names utf8;
14:01:22 select * from configs
14:01:22 select * from admin_menu
14:01:22 select count(id) from user_level
14:01:22 select * from user_level limit 0,20
14:01:23 use meiliyoupin;
14:01:23 set names utf8;
14:01:23 select * from configs
14:01:23 select * from admin_menu
14:01:23 use meiliyoupin;
14:01:23 set names utf8;
14:01:23 select * from configs
14:01:23 select * from admin_menu
14:01:23 select count(id) from users order by id desc
14:01:23 select * from users order by id desc limit 0,20
14:01:24 use meiliyoupin;
14:01:24 set names utf8;
14:01:24 select * from configs
14:01:24 select * from admin_menu
14:01:24 select * from user_level
14:01:24 use meiliyoupin;
14:01:24 set names utf8;
14:01:24 select * from configs
14:01:24 select * from admin_menu
14:01:24 select count(id) from user_level
14:01:24 select * from user_level limit 0,20
14:01:25 use meiliyoupin;
14:01:25 set names utf8;
14:01:25 select * from configs
14:01:25 select * from admin_menu
14:01:26 use meiliyoupin;
14:01:26 set names utf8;
14:01:26 select * from configs
14:01:26 select * from admin_menu
14:01:26 select count(id) from user_level
14:01:26 select * from user_level limit 0,20
14:01:26 use meiliyoupin;
14:01:26 set names utf8;
14:01:26 select * from configs
14:01:26 select * from admin_menu
14:01:26 select * from user_level
14:01:26 use meiliyoupin;
14:01:26 set names utf8;
14:01:26 select * from configs
14:01:26 select * from admin_menu
14:01:26 select * from user_level
14:01:27 use meiliyoupin;
14:01:27 set names utf8;
14:01:27 select * from configs
14:01:27 select * from admin_menu
14:01:27 select count(id) from users order by id desc
14:01:27 select * from users order by id desc limit 0,20
14:01:28 use meiliyoupin;
14:01:28 set names utf8;
14:01:28 select * from configs
14:01:28 select * from admin_menu
14:01:28 select * from user_level
14:01:28 use meiliyoupin;
14:01:28 set names utf8;
14:01:28 select * from configs
14:01:28 select * from admin_menu
14:01:28 select count(id) from user_level
14:01:28 select * from user_level limit 0,20
14:01:29 use meiliyoupin;
14:01:29 set names utf8;
14:01:29 select * from configs
14:01:29 select * from admin_menu
14:01:30 use meiliyoupin;
14:01:30 set names utf8;
14:01:30 select * from configs
14:01:30 select * from admin_menu
14:01:31 use meiliyoupin;
14:01:31 set names utf8;
14:01:31 select * from configs
14:01:31 select * from admin_menu
14:01:32 use meiliyoupin;
14:01:32 set names utf8;
14:01:32 select * from configs
14:01:32 select * from admin_menu
14:01:32 select count(a.id) from articles as a left join article_type as b on a.type_id=b.id order by a.id desc
14:01:32 select a.*,b.type_name from articles as a left join article_type as b on a.type_id=b.id order by a.id desc limit 0,20
14:01:33 use meiliyoupin;
14:01:33 set names utf8;
14:01:33 select * from configs
14:01:33 select * from admin_menu
14:01:33 select * from article_type
14:01:33 use meiliyoupin;
14:01:33 set names utf8;
14:01:33 select * from configs
14:01:33 select * from admin_menu
14:01:33 select * from article_type
14:01:34 use meiliyoupin;
14:01:34 set names utf8;
14:01:34 select * from configs
14:01:34 select * from admin_menu
14:01:35 use meiliyoupin;
14:01:35 set names utf8;
14:01:35 select * from configs
14:01:35 select * from admin_menu
14:01:36 use meiliyoupin;
14:01:36 set names utf8;
14:01:36 select * from configs
14:01:36 select * from admin_menu
14:01:37 use meiliyoupin;
14:01:37 set names utf8;
14:01:37 select * from configs
14:01:37 select * from admin_menu
14:01:37 use meiliyoupin;
14:01:37 set names utf8;
14:01:37 select * from configs
14:01:37 select * from admin_menu
14:01:38 use meiliyoupin;
14:01:38 set names utf8;
14:01:38 select * from configs
14:01:38 select * from admin_menu
14:01:38 use meiliyoupin;
14:01:38 set names utf8;
14:01:38 select * from configs
14:01:38 select * from admin_menu
14:01:38 select * from goods_type
14:01:38 select count(id) from goods
14:01:39 use meiliyoupin;
14:01:39 set names utf8;
14:01:39 select * from configs
14:01:39 select * from admin_menu
14:01:39 select count(id) from goods where is_delete=0 order by add_time desc
14:01:39 select * from goods where is_delete=0 order by add_time desc limit 0,20
14:01:40 use meiliyoupin;
14:01:40 set names utf8;
14:01:40 select * from configs
14:01:40 select * from admin_menu
14:01:40 select * from goods_type
14:01:40 select count(id) from goods
14:01:40 use meiliyoupin;
14:01:40 set names utf8;
14:01:40 select * from configs
14:01:40 select * from admin_menu
14:01:40 select * from goods_type
14:01:41 use meiliyoupin;
14:01:41 set names utf8;
14:01:41 select * from configs
14:01:41 select * from admin_menu
14:01:41 select * from goods_type
14:01:41 use meiliyoupin;
14:01:41 set names utf8;
14:01:41 select * from configs
14:01:41 select * from admin_menu
14:01:41 select count(id) from goods where is_delete=1 order by add_time desc
14:01:41 select * from goods where is_delete=1 order by add_time desc limit 0,20
14:01:44 use meiliyoupin;
14:01:44 set names utf8;
14:01:44 select * from configs
14:01:44 select * from admin_menu
14:01:44 select count(a.id) from articles as a left join article_type as b on a.type_id=b.id order by a.id desc
14:01:44 select a.*,b.type_name from articles as a left join article_type as b on a.type_id=b.id order by a.id desc limit 0,20
14:01:45 use meiliyoupin;
14:01:45 set names utf8;
14:01:45 select * from configs
14:01:45 select * from admin_menu
14:01:45 select * from article_type
14:01:45 use meiliyoupin;
14:01:45 set names utf8;
14:01:45 select * from configs
14:01:45 select * from admin_menu
14:01:45 select * from article_type
14:01:47 use meiliyoupin;
14:01:47 set names utf8;
14:01:47 select * from configs
14:01:47 select * from admin_menu
14:01:47 select count(id) from users order by id desc
14:01:47 select * from users order by id desc limit 0,20
14:01:47 use meiliyoupin;
14:01:47 set names utf8;
14:01:47 select * from configs
14:01:47 select * from admin_menu
14:01:47 select * from user_level
14:01:48 use meiliyoupin;
14:01:48 set names utf8;
14:01:48 select * from configs
14:01:48 select * from admin_menu
14:01:48 select count(id) from user_level
14:01:48 select * from user_level limit 0,20
14:01:48 use meiliyoupin;
14:01:48 set names utf8;
14:01:48 select * from configs
14:01:48 select * from admin_menu
14:01:49 use meiliyoupin;
14:01:49 set names utf8;
14:01:49 select * from configs
14:01:49 select * from admin_menu
14:01:49 select * from user_level
14:01:49 use meiliyoupin;
14:01:49 set names utf8;
14:01:49 select * from configs
14:01:49 select * from admin_menu
14:01:49 select count(id) from users order by id desc
14:01:49 select * from users order by id desc limit 0,20
14:01:50 use meiliyoupin;
14:01:50 set names utf8;
14:01:50 select * from configs
14:01:50 select * from admin_menu
14:01:50 select * from user_level
14:01:50 use meiliyoupin;
14:01:50 set names utf8;
14:01:50 select * from configs
14:01:50 select * from admin_menu
14:01:50 select count(id) from user_level
14:01:50 select * from user_level limit 0,20
14:01:51 use meiliyoupin;
14:01:51 set names utf8;
14:01:51 select * from configs
14:01:51 select * from admin_menu
14:01:51 use meiliyoupin;
14:01:51 set names utf8;
14:01:51 select * from configs
14:01:51 select * from admin_menu
14:01:51 select * from user_level
14:01:52 use meiliyoupin;
14:01:52 set names utf8;
14:01:52 select * from configs
14:01:52 select * from admin_menu
14:01:52 select count(id) from users order by id desc
14:01:52 select * from users order by id desc limit 0,20
14:08:01 use meiliyoupin;
14:08:01 set names utf8;
14:08:01 select * from configs
14:08:01 select * from admin_menu
14:08:01 select count(id) from users order by id desc
14:08:01 select * from users order by id desc limit 0,20
14:08:05 use meiliyoupin;
14:08:05 set names utf8;
14:08:05 select * from configs
14:08:05 select * from admin_menu
14:08:05 select count(id) from users where user_name like '%1%' order by id desc
14:08:05 select * from users where user_name like '%1%' order by id desc limit 0,20
14:08:08 use meiliyoupin;
14:08:08 set names utf8;
14:08:08 select * from configs
14:08:08 select * from admin_menu
14:08:08 select count(id) from users where user_name like '%wa%' order by id desc
14:08:08 select * from users where user_name like '%wa%' order by id desc limit 0,20
14:08:10 use meiliyoupin;
14:08:10 set names utf8;
14:08:10 select * from configs
14:08:10 select * from admin_menu
14:08:10 select count(id) from users where user_name like '%wangqiqi21%' order by id desc
14:08:10 select * from users where user_name like '%wangqiqi21%' order by id desc limit 0,20
14:09:11 use meiliyoupin;
14:09:11 set names utf8;
14:09:11 select * from configs
14:09:11 select * from admin_menu
14:09:11 select count(id) from users order by id desc
14:09:11 select * from users order by id desc limit 0,20
14:09:11 use meiliyoupin;
14:09:11 set names utf8;
14:09:11 select * from configs
14:09:11 select * from admin_menu
14:09:11 select * from user_level
14:09:12 use meiliyoupin;
14:09:12 set names utf8;
14:09:12 select * from configs
14:09:12 select * from admin_menu
14:09:12 select count(id) from users order by id desc
14:09:12 select * from users order by id desc limit 0,20
14:09:18 use meiliyoupin;
14:09:18 set names utf8;
14:09:18 select * from configs
14:09:18 select * from admin_menu
14:09:18 select count(id) from users order by id desc
14:09:18 select * from users order by id desc limit 0,20
14:09:19 use meiliyoupin;
14:09:19 set names utf8;
14:09:19 select * from configs
14:09:19 select * from admin_menu
14:09:19 select count(id) from users order by id desc
14:09:19 select * from users order by id desc limit 0,20
14:09:22 use meiliyoupin;
14:09:22 set names utf8;
14:09:22 select * from configs
14:09:22 select * from admin_menu
14:09:22 select count(id) from users order by id desc
14:09:22 select * from users order by id desc limit 0,20
14:09:24 use meiliyoupin;
14:09:24 set names utf8;
14:09:24 select * from configs
14:09:24 select * from admin_menu
14:09:24 select * from users where id=2
14:09:26 use meiliyoupin;
14:09:26 set names utf8;
14:09:26 select * from configs
14:09:26 select * from admin_menu
14:09:26 select count(id) from users order by id desc
14:09:26 select * from users order by id desc limit 0,20
14:09:32 use meiliyoupin;
14:09:32 set names utf8;
14:09:32 select * from configs
14:09:32 select * from admin_menu
14:09:32 select * from user_level
14:09:43 use meiliyoupin;
14:09:43 set names utf8;
14:09:43 select * from configs
14:09:43 select * from admin_menu
14:09:43 select * from users where user_name = 'wangqiqi21'
14:09:43 insert into users (user_name,user_email,user_word,user_level,reg_time) values ('wangqiqi21','123123@123.com','faec65482f63c5cef98334322a70dd69','0','1405577383') ;
14:09:43 use meiliyoupin;
14:09:43 set names utf8;
14:09:43 select * from configs
14:09:43 select * from admin_menu
14:09:45 use meiliyoupin;
14:09:45 set names utf8;
14:09:45 select * from configs
14:09:45 select * from admin_menu
14:09:45 select count(id) from users order by id desc
14:09:45 select * from users order by id desc limit 0,20
14:09:47 use meiliyoupin;
14:09:47 set names utf8;
14:09:47 select * from configs
14:09:47 select * from admin_menu
14:09:47 select count(id) from users where user_name like '%w%' order by id desc
14:09:47 select * from users where user_name like '%w%' order by id desc limit 0,20
14:09:51 use meiliyoupin;
14:09:51 set names utf8;
14:09:51 select * from configs
14:09:51 select * from admin_menu
14:09:51 select count(id) from users where user_name like '%wangqiqi21%' order by id desc
14:09:51 select * from users where user_name like '%wangqiqi21%' order by id desc limit 0,20
14:09:52 use meiliyoupin;
14:09:52 set names utf8;
14:09:52 select * from configs
14:09:52 select * from admin_menu
14:09:52 select count(id) from users where user_name like '%a%' order by id desc
14:09:52 select * from users where user_name like '%a%' order by id desc limit 0,20
14:09:55 use meiliyoupin;
14:09:55 set names utf8;
14:09:55 select * from configs
14:09:55 select * from admin_menu
14:09:55 select count(id) from users where user_name like '%admin%' order by id desc
14:09:55 select * from users where user_name like '%admin%' order by id desc limit 0,20
14:45:08 use meiliyoupin;
14:45:08 set names utf8;
14:45:08 select * from configs
14:45:08 select * from admin_menu
14:45:08 select count(id) from users order by id desc
14:45:08 select * from users order by id desc limit 0,20
14:45:09 use meiliyoupin;
14:45:09 set names utf8;
14:45:09 select * from configs
14:45:09 select * from admin_menu
14:45:09 select * from user_level
14:45:09 use meiliyoupin;
14:45:09 set names utf8;
14:45:09 select * from configs
14:45:09 select * from admin_menu
14:45:09 select * from user_level
14:45:09 use meiliyoupin;
14:45:09 set names utf8;
14:45:09 select * from configs
14:45:09 select * from admin_menu
14:45:09 select count(id) from user_level
14:45:09 select * from user_level limit 0,20
14:45:10 use meiliyoupin;
14:45:10 set names utf8;
14:45:10 select * from configs
14:45:10 select * from admin_menu
14:45:11 use meiliyoupin;
14:45:11 set names utf8;
14:45:11 select * from configs
14:45:11 select * from admin_menu
14:45:11 select count(id) from user_level
14:45:11 select * from user_level limit 0,20
14:45:11 use meiliyoupin;
14:45:11 set names utf8;
14:45:11 select * from configs
14:45:11 select * from admin_menu
14:45:11 select * from user_level
14:45:12 use meiliyoupin;
14:45:12 set names utf8;
14:45:12 select * from configs
14:45:12 select * from admin_menu
14:45:12 select count(id) from users order by id desc
14:45:12 select * from users order by id desc limit 0,20
15:17:26 use meiliyoupin;
15:17:26 set names utf8;
15:17:26 select * from configs
15:17:26 select * from admin_menu
15:17:26 select count(id) from users order by id desc
15:17:26 select * from users order by id desc limit 0,20
15:17:28 use meiliyoupin;
15:17:28 set names utf8;
15:17:28 select * from configs
15:17:28 select * from admin_menu
15:17:28 select count(id) from users order by id desc
15:17:28 select * from users order by id desc limit 0,20
15:17:30 use meiliyoupin;
15:17:30 set names utf8;
15:17:30 select * from configs
15:17:30 select * from admin_menu
15:17:30 select count(id) from users order by id desc
15:17:30 select * from users order by id desc limit 0,20
15:17:31 use meiliyoupin;
15:17:31 set names utf8;
15:17:31 select * from configs
15:17:31 select * from admin_menu
15:17:31 select * from user_level
15:17:32 use meiliyoupin;
15:17:32 set names utf8;
15:17:32 select * from configs
15:17:32 select * from admin_menu
15:17:32 select count(id) from user_level
15:17:32 select * from user_level limit 0,20
15:17:32 use meiliyoupin;
15:17:32 set names utf8;
15:17:32 select * from configs
15:17:32 select * from admin_menu
15:17:32 select * from user_level
15:17:33 use meiliyoupin;
15:17:33 set names utf8;
15:17:33 select * from configs
15:17:33 select * from admin_menu
15:17:33 select count(id) from users order by id desc
15:17:33 select * from users order by id desc limit 0,20
15:17:35 use meiliyoupin;
15:17:35 set names utf8;
15:17:35 select * from configs
15:17:35 select * from admin_menu
15:17:35 use meiliyoupin;
15:17:35 set names utf8;
15:17:35 select * from configs
15:17:35 select * from admin_menu
15:17:35 select count(id) from users order by id desc
15:17:35 select * from users order by id desc limit 0,20
15:18:03 use meiliyoupin;
15:18:03 set names utf8;
15:18:03 select * from configs
15:18:03 select * from admin_menu
15:18:03 select count(id) from users order by id desc
15:18:03 select * from users order by id desc limit 0,20
15:18:04 use meiliyoupin;
15:18:04 set names utf8;
15:18:04 select * from configs
15:18:04 select * from admin_menu
15:18:04 select * from user_level
15:18:05 use meiliyoupin;
15:18:05 set names utf8;
15:18:05 select * from configs
15:18:05 select * from admin_menu
15:18:05 select count(id) from user_level
15:18:05 select * from user_level limit 0,20
15:18:05 use meiliyoupin;
15:18:05 set names utf8;
15:18:05 select * from configs
15:18:05 select * from admin_menu
15:18:07 use meiliyoupin;
15:18:07 set names utf8;
15:18:07 select * from configs
15:18:07 select * from admin_menu
15:18:07 use meiliyoupin;
15:18:07 set names utf8;
15:18:07 select * from configs
15:18:07 select * from admin_menu
15:18:09 use meiliyoupin;
15:18:09 set names utf8;
15:18:09 select * from configs
15:18:09 select * from admin_menu
15:18:09 select * from user_level
15:18:09 use meiliyoupin;
15:18:09 set names utf8;
15:18:09 select * from configs
15:18:09 select * from admin_menu
15:18:09 select count(id) from users order by id desc
15:18:09 select * from users order by id desc limit 0,20
15:18:11 use meiliyoupin;
15:18:11 set names utf8;
15:18:11 select * from configs
15:18:11 select * from admin_menu
15:18:11 use meiliyoupin;
15:18:11 set names utf8;
15:18:11 select * from configs
15:18:11 select * from admin_menu
15:18:12 use meiliyoupin;
15:18:12 set names utf8;
15:18:12 select * from configs
15:18:12 select * from admin_menu
15:18:12 use meiliyoupin;
15:18:12 set names utf8;
15:18:12 select * from configs
15:18:12 select * from admin_menu
15:18:12 select * from nav order by z_index desc
15:18:13 use meiliyoupin;
15:18:13 set names utf8;
15:18:13 select * from configs
15:18:13 select * from admin_menu
15:18:13 select * from nav order by z_index desc
15:18:13 use meiliyoupin;
15:18:13 set names utf8;
15:18:13 select * from configs
15:18:13 select * from admin_menu
15:18:13 select * from focus_picture order by pic_index desc
15:18:16 use meiliyoupin;
15:18:16 set names utf8;
15:18:16 select * from configs
15:18:16 select * from admin_menu
15:18:16 use meiliyoupin;
15:18:16 set names utf8;
15:18:16 select * from configs
15:18:16 select * from admin_menu
15:18:17 use meiliyoupin;
15:18:17 set names utf8;
15:18:17 select * from configs
15:18:17 select * from admin_menu
15:18:17 use meiliyoupin;
15:18:17 set names utf8;
15:18:17 select * from configs
15:18:17 select * from admin_menu
15:18:18 use meiliyoupin;
15:18:18 set names utf8;
15:18:18 select * from configs
15:18:18 select * from admin_menu
15:18:18 use meiliyoupin;
15:18:18 set names utf8;
15:18:18 select * from configs
15:18:18 select * from admin_menu
15:18:18 use meiliyoupin;
15:18:18 set names utf8;
15:18:18 select * from configs
15:18:18 select * from admin_menu
