08:54:45 use meiliyoupin;
08:54:45 set names utf8;
08:54:45 select * from configs
08:54:45 use meiliyoupin;
08:54:45 set names utf8;
08:54:45 select * from configs
08:54:46 select * from admin_menu
08:54:59 use meiliyoupin;
08:54:59 set names utf8;
08:54:59 select * from configs
08:54:59 select * from admin_menu
08:54:59 select * from admin where user_name='myadmin' and user_word='691c360156c27261b40c974ec0bf8f4a'
08:55:00 use meiliyoupin;
08:55:00 set names utf8;
08:55:00 select * from configs
08:55:00 select * from admin_menu
08:55:09 use meiliyoupin;
08:55:09 set names utf8;
08:55:09 select * from configs
08:55:09 select * from admin_menu
08:55:09 select count(id) from goods where is_delete=0 order by add_time desc
08:55:09 select * from goods where is_delete=0 order by add_time desc limit 0,20
08:55:11 use meiliyoupin;
08:55:11 set names utf8;
08:55:11 select * from configs
08:55:11 select * from admin_menu
08:55:11 select * from goods_type 
08:55:11 select count(id) from goods
08:55:15 use meiliyoupin;
08:55:15 set names utf8;
08:55:15 select * from configs
08:55:15 select * from admin_menu
08:55:15 select * from shipping_type 
08:55:22 use meiliyoupin;
08:55:22 set names utf8;
08:55:22 select * from configs
08:55:22 select * from admin_menu
08:55:22 select * from shipping_type where id=3
08:55:22 select * from shipping_area where shipping_id=3
08:55:24 use meiliyoupin;
08:55:24 set names utf8;
08:55:24 select * from configs
08:55:24 select * from admin_menu
08:55:24 select * from shipping_type 
08:55:26 use meiliyoupin;
08:55:26 set names utf8;
08:55:26 select * from configs
08:55:26 select * from admin_menu
08:55:26 select * from shipping_type where id=3
08:55:26 select * from shipping_area where shipping_id=3
08:55:27 use meiliyoupin;
08:55:27 set names utf8;
08:55:27 select * from configs
08:55:27 select * from admin_menu
08:55:27 select * from region where region_type=1
08:55:27 select * from region where region_type=2
08:55:27 select * from region where region_type=3
10:30:07 use meiliyoupin;
10:30:07 set names utf8;
10:30:07 select * from configs
10:30:07 select * from admin_menu
10:30:07 select * from region where region_type=1
10:30:07 select * from region where region_type=2
10:30:07 select * from region where region_type=3
10:30:16 use meiliyoupin;
10:30:16 set names utf8;
10:30:16 select * from configs
10:30:16 select * from admin_menu
10:30:16 select * from region where parent_id=3
10:30:21 use meiliyoupin;
10:30:21 set names utf8;
10:30:21 select * from configs
10:30:21 select * from admin_menu
10:30:21 select * from shipping_type where id=3
10:30:21 insert into shipping_area (shipping_area_name,shipping_id,configure) values ('安徽','3','a:3:{s:11:"first_price";d:8;s:10:"next_price";d:8;s:10:"free_price";d:300;}') ;
10:30:21 insert into area_region (shipping_area_id,region_id) values ('1','3') ;
10:30:21 use meiliyoupin;
10:30:21 set names utf8;
10:30:21 select * from configs
10:30:21 select * from admin_menu
10:32:24 use meiliyoupin;
10:32:24 set names utf8;
10:32:24 select * from configs
10:32:24 select * from admin_menu
10:32:26 use meiliyoupin;
10:32:26 set names utf8;
10:32:26 select * from configs
10:32:26 select * from admin_menu
10:32:26 select * from shipping_type 
10:32:32 use meiliyoupin;
10:32:32 set names utf8;
10:32:32 select * from configs
10:32:32 select * from admin_menu
10:32:32 select * from shipping_type where id=3
10:32:32 select * from shipping_area where shipping_id=3
10:35:00 use meiliyoupin;
10:35:00 set names utf8;
10:35:00 select * from configs
10:35:00 select * from admin_menu
10:35:00 select * from region where region_type=1
10:35:00 select * from region where region_type=2
10:35:00 select * from region where region_type=3
10:35:09 use meiliyoupin;
10:35:09 set names utf8;
10:35:09 select * from configs
10:35:09 select * from admin_menu
10:35:09 select * from region where parent_id=6
10:35:22 use meiliyoupin;
10:35:22 set names utf8;
10:35:22 select * from configs
10:35:22 select * from admin_menu
10:35:22 select * from region where parent_id=2
10:35:24 use meiliyoupin;
10:35:24 set names utf8;
10:35:24 select * from configs
10:35:24 select * from admin_menu
10:35:24 select * from region where parent_id=5
10:35:30 use meiliyoupin;
10:35:30 set names utf8;
10:35:30 select * from configs
10:35:30 select * from admin_menu
10:35:30 select * from region where parent_id=16
10:35:33 use meiliyoupin;
10:35:33 set names utf8;
10:35:33 select * from configs
10:35:33 select * from admin_menu
10:35:33 select * from region where parent_id=25
10:35:36 use meiliyoupin;
10:35:36 set names utf8;
10:35:36 select * from configs
10:35:36 select * from admin_menu
10:35:36 select * from shipping_type where id=3
10:35:36 insert into shipping_area (shipping_area_name,shipping_id,configure) values ('8元','3','a:3:{s:11:"first_price";d:8;s:10:"next_price";d:8;s:10:"free_price";d:300;}') ;
10:35:36 insert into area_region (shipping_area_id,region_id) values ('2','6') ;
10:35:36 insert into area_region (shipping_area_id,region_id) values ('2','2') ;
10:35:36 insert into area_region (shipping_area_id,region_id) values ('2','5') ;
10:35:36 insert into area_region (shipping_area_id,region_id) values ('2','16') ;
10:35:36 insert into area_region (shipping_area_id,region_id) values ('2','25') ;
10:35:36 use meiliyoupin;
10:35:36 set names utf8;
10:35:36 select * from configs
10:35:36 select * from admin_menu
10:47:41 use meiliyoupin;
10:47:41 set names utf8;
10:47:41 select * from configs
10:47:41 select * from admin_menu
10:47:41 select * from shipping_type 
10:47:43 use meiliyoupin;
10:47:43 set names utf8;
10:47:43 select * from configs
10:47:43 select * from admin_menu
10:47:43 select * from shipping_type where id=3
10:47:43 select * from shipping_area where shipping_id=3
10:47:43 select r.region_name from area_region as a left join region as r on a.region_id=r.id where shipping_area_id=1
10:47:43 select r.region_name from area_region as a left join region as r on a.region_id=r.id where shipping_area_id=2
10:49:08 use meiliyoupin;
10:49:08 set names utf8;
10:49:08 select * from configs
10:49:08 select * from admin_menu
10:49:08 select * from shipping_type where id=3
10:49:08 select * from shipping_area where shipping_id=3
10:49:08 select r.region_name from area_region as a left join region as r on a.region_id=r.id where shipping_area_id=1
10:49:19 use meiliyoupin;
10:49:19 set names utf8;
10:49:19 select * from configs
10:49:19 select * from admin_menu
10:49:19 select * from shipping_type where id=3
10:49:19 select * from shipping_area where shipping_id=3
10:49:19 select r.region_name from area_region as a left join region as r on a.region_id=r.id where shipping_area_id=1
10:49:19 select r.region_name from area_region as a left join region as r on a.region_id=r.id where shipping_area_id=2
11:11:14 use meiliyoupin;
11:11:14 set names utf8;
11:11:14 select * from configs
11:11:14 select * from admin_menu
11:11:14 select * from shipping_type where id=3
11:11:14 select * from shipping_area where shipping_id=3
11:11:14 select r.region_name from area_region as a left join region as r on a.region_id=r.id where shipping_area_id=1
11:11:14 select r.region_name from area_region as a left join region as r on a.region_id=r.id where shipping_area_id=2
11:11:42 use meiliyoupin;
11:11:42 set names utf8;
11:11:42 select * from configs
11:11:42 select * from admin_menu
11:11:42 select * from shipping_type 
11:11:43 use meiliyoupin;
11:11:43 set names utf8;
11:11:43 select * from configs
11:11:43 select * from admin_menu
11:11:44 use meiliyoupin;
11:11:44 set names utf8;
11:11:44 select * from configs
11:11:44 select * from admin_menu
11:11:44 select * from shipping_type 
11:11:44 use meiliyoupin;
11:11:44 set names utf8;
11:11:44 select * from configs
11:11:44 select * from admin_menu
11:11:45 use meiliyoupin;
11:11:45 set names utf8;
11:11:45 select * from configs
11:11:45 select * from admin_menu
11:11:45 select * from shipping_type 
11:11:45 use meiliyoupin;
11:11:45 set names utf8;
11:11:45 select * from configs
11:11:45 select * from admin_menu
11:11:46 use meiliyoupin;
11:11:46 set names utf8;
11:11:46 select * from configs
11:11:46 select * from admin_menu
11:11:46 select * from nav order by z_index desc
11:11:46 use meiliyoupin;
11:11:46 set names utf8;
11:11:46 select * from configs
11:11:46 select * from admin_menu
11:11:46 select * from focus_picture order by pic_index desc
11:11:46 use meiliyoupin;
11:11:46 set names utf8;
11:11:46 select * from configs
11:11:46 select * from admin_menu
11:11:46 select * from nav order by z_index desc
11:11:47 use meiliyoupin;
11:11:47 set names utf8;
11:11:47 select * from configs
11:11:47 select * from admin_menu
11:11:47 use meiliyoupin;
11:11:47 set names utf8;
11:11:47 select * from configs
11:11:47 select * from admin_menu
11:11:47 select * from shipping_type 
11:11:48 use meiliyoupin;
11:11:48 set names utf8;
11:11:48 select * from configs
11:11:48 select * from admin_menu
11:11:48 select * from shipping_type 
11:11:49 use meiliyoupin;
11:11:49 set names utf8;
11:11:49 select * from configs
11:11:49 select * from admin_menu
11:11:49 use meiliyoupin;
11:11:49 set names utf8;
11:11:49 select * from configs
11:11:49 select * from admin_menu
11:11:49 select * from nav order by z_index desc
11:11:50 use meiliyoupin;
11:11:50 set names utf8;
11:11:50 select * from configs
11:11:50 select * from admin_menu
11:11:50 select * from focus_picture order by pic_index desc
11:11:52 use meiliyoupin;
11:11:52 set names utf8;
11:11:52 select * from configs
11:11:52 select * from admin_menu
11:11:52 select count(id) from goods where is_delete=0 order by add_time desc
11:11:52 select * from goods where is_delete=0 order by add_time desc limit 0,20
11:11:52 use meiliyoupin;
11:11:52 set names utf8;
11:11:52 select * from configs
11:11:52 select * from admin_menu
11:11:52 select * from goods_type 
11:11:52 select count(id) from goods
11:11:53 use meiliyoupin;
11:11:53 set names utf8;
11:11:53 select * from configs
11:11:53 select * from admin_menu
11:11:53 select * from goods_type
11:11:53 use meiliyoupin;
11:11:53 set names utf8;
11:11:53 select * from configs
11:11:53 select * from admin_menu
11:11:53 select * from goods_type
11:11:54 use meiliyoupin;
11:11:54 set names utf8;
11:11:54 select * from configs
11:11:54 select * from admin_menu
11:11:54 select * from goods_type
11:11:54 use meiliyoupin;
11:11:54 set names utf8;
11:11:54 select * from configs
11:11:54 select * from admin_menu
11:11:54 select count(id) from goods where is_delete=1 order by add_time desc
11:11:54 select * from goods where is_delete=1 order by add_time desc limit 0,20
11:11:55 use meiliyoupin;
11:11:55 set names utf8;
11:11:55 select * from configs
11:11:55 select * from admin_menu
11:11:55 select * from goods_type 
11:11:55 select count(id) from goods
11:11:55 use meiliyoupin;
11:11:55 set names utf8;
11:11:55 select * from configs
11:11:55 select * from admin_menu
11:11:55 select count(id) from goods where is_delete=0 order by add_time desc
11:11:55 select * from goods where is_delete=0 order by add_time desc limit 0,20
11:11:57 use meiliyoupin;
11:11:57 set names utf8;
11:11:57 select * from configs
11:11:57 select * from admin_menu
11:11:57 use meiliyoupin;
11:11:57 set names utf8;
11:11:57 select * from configs
11:11:57 select * from admin_menu
11:11:57 use meiliyoupin;
11:11:57 set names utf8;
11:11:57 select * from configs
11:11:57 select * from admin_menu
11:11:58 use meiliyoupin;
11:11:58 set names utf8;
11:11:58 select * from configs
11:11:58 select * from admin_menu
11:12:00 use meiliyoupin;
11:12:00 set names utf8;
11:12:00 select * from configs
11:12:00 select * from admin_menu
11:12:00 select count(a.id) from articles as a left join article_type as b on a.type_id=b.id order by a.id desc
11:12:00 select a.*,b.type_name from articles as a left join article_type as b on a.type_id=b.id order by a.id desc limit 0,20
11:12:00 use meiliyoupin;
11:12:00 set names utf8;
11:12:00 select * from configs
11:12:00 select * from admin_menu
11:12:00 select * from article_type
11:12:01 use meiliyoupin;
11:12:01 set names utf8;
11:12:01 select * from configs
11:12:01 select * from admin_menu
11:12:01 select * from article_type
11:12:01 use meiliyoupin;
11:12:01 set names utf8;
11:12:01 select * from configs
11:12:01 select * from admin_menu
11:12:03 use meiliyoupin;
11:12:03 set names utf8;
11:12:03 select * from configs
11:12:03 select * from admin_menu
11:12:03 select * from shipping_type 
11:12:03 use meiliyoupin;
11:12:03 set names utf8;
11:12:03 select * from configs
11:12:03 select * from admin_menu
11:12:04 use meiliyoupin;
11:12:04 set names utf8;
11:12:04 select * from configs
11:12:04 select * from admin_menu
11:12:04 use meiliyoupin;
11:12:04 set names utf8;
11:12:04 select * from configs
11:12:04 select * from admin_menu
11:12:04 select * from nav order by z_index desc
11:12:05 use meiliyoupin;
11:12:05 set names utf8;
11:12:05 select * from configs
11:12:05 select * from admin_menu
11:12:05 select * from focus_picture order by pic_index desc
11:12:05 use meiliyoupin;
11:12:05 set names utf8;
11:12:05 select * from configs
11:12:05 select * from admin_menu
11:12:05 select * from shipping_type 
11:12:06 use meiliyoupin;
11:12:06 set names utf8;
11:12:06 select * from configs
11:12:06 select * from admin_menu
11:49:13 use meiliyoupin;
11:49:13 set names utf8;
11:49:13 select * from configs
11:49:13 select * from admin_menu
11:49:13 select count(id) from goods where is_delete=0 order by add_time desc
11:49:13 select * from goods where is_delete=0 order by add_time desc limit 0,20
11:49:14 use meiliyoupin;
11:49:14 set names utf8;
11:49:14 select * from configs
11:49:14 select * from admin_menu
11:49:15 use meiliyoupin;
11:49:15 set names utf8;
11:49:15 select * from configs
11:49:15 select * from admin_menu
11:49:15 select * from shipping_type 
11:49:16 use meiliyoupin;
11:49:16 set names utf8;
11:49:16 select * from configs
11:49:16 select * from admin_menu
11:49:16 select * from shipping_type where id=3
11:49:16 select * from shipping_area where shipping_id=3
11:49:16 select r.region_name from area_region as a left join region as r on a.region_id=r.id where shipping_area_id=1
11:49:16 select r.region_name from area_region as a left join region as r on a.region_id=r.id where shipping_area_id=2
11:49:20 use meiliyoupin;
11:49:20 set names utf8;
11:49:20 select * from configs
11:49:20 select * from admin_menu
11:49:20 select * from shipping_area where id=1
11:49:20 select * from region where region_type=1
11:49:20 select * from region where region_type=2
11:49:20 select * from region where region_type=3
11:49:20 select r.region_id from area_region as a left join region as r on a.region_id=r.id where shipping_area_id=1
11:49:57 use meiliyoupin;
11:49:57 set names utf8;
11:49:57 select * from configs
11:49:57 select * from admin_menu
11:49:57 select * from shipping_area where id=1
11:49:57 select * from region where region_type=1
11:49:57 select * from region where region_type=2
11:49:57 select * from region where region_type=3
11:49:57 select r.region_id from area_region as a left join region as r on a.region_id=r.id where shipping_area_id=1
11:49:58 use meiliyoupin;
11:49:58 set names utf8;
11:49:58 select * from configs
11:49:58 select * from admin_menu
11:49:58 select * from shipping_area where id=1
11:49:58 select * from region where region_type=1
11:49:58 select * from region where region_type=2
11:49:58 select * from region where region_type=3
11:49:58 select r.region_id from area_region as a left join region as r on a.region_id=r.id where shipping_area_id=1
11:49:58 use meiliyoupin;
11:49:58 set names utf8;
11:49:58 select * from configs
11:49:58 select * from admin_menu
11:49:58 select * from shipping_area where id=1
11:49:58 select * from region where region_type=1
11:49:58 select * from region where region_type=2
11:49:58 select * from region where region_type=3
11:49:58 select r.region_id from area_region as a left join region as r on a.region_id=r.id where shipping_area_id=1
11:49:59 use meiliyoupin;
11:49:59 set names utf8;
11:49:59 select * from configs
11:49:59 select * from admin_menu
11:49:59 select * from shipping_area where id=1
11:49:59 select * from region where region_type=1
11:49:59 select * from region where region_type=2
11:49:59 select * from region where region_type=3
11:49:59 select r.region_id from area_region as a left join region as r on a.region_id=r.id where shipping_area_id=1
11:49:59 use meiliyoupin;
11:49:59 set names utf8;
11:49:59 select * from configs
11:49:59 select * from admin_menu
11:49:59 select * from shipping_area where id=1
11:49:59 select * from region where region_type=1
11:49:59 select * from region where region_type=2
11:49:59 select * from region where region_type=3
11:49:59 select r.region_id from area_region as a left join region as r on a.region_id=r.id where shipping_area_id=1
11:49:59 use meiliyoupin;
11:49:59 set names utf8;
11:49:59 select * from configs
11:49:59 select * from admin_menu
11:49:59 select * from shipping_area where id=1
11:49:59 select * from region where region_type=1
11:49:59 select * from region where region_type=2
11:49:59 select * from region where region_type=3
11:49:59 select r.region_id from area_region as a left join region as r on a.region_id=r.id where shipping_area_id=1
11:50:10 use meiliyoupin;
11:50:10 set names utf8;
11:50:10 select * from configs
11:50:10 select * from admin_menu
11:50:10 select * from shipping_type where id=3
11:50:10 select * from shipping_area where shipping_id=3
11:50:10 select r.region_name from area_region as a left join region as r on a.region_id=r.id where shipping_area_id=1
11:50:10 select r.region_name from area_region as a left join region as r on a.region_id=r.id where shipping_area_id=2
11:50:13 use meiliyoupin;
11:50:13 set names utf8;
11:50:13 select * from configs
11:50:13 select * from admin_menu
11:50:13 select * from shipping_area where id=2
11:50:13 select * from region where region_type=1
11:50:13 select * from region where region_type=2
11:50:13 select * from region where region_type=3
11:50:13 select r.region_id from area_region as a left join region as r on a.region_id=r.id where shipping_area_id=2
11:50:15 use meiliyoupin;
11:50:15 set names utf8;
11:50:15 select * from configs
11:50:15 select * from admin_menu
11:50:15 select * from shipping_type where id=3
11:50:15 select * from shipping_area where shipping_id=3
11:50:15 select r.region_name from area_region as a left join region as r on a.region_id=r.id where shipping_area_id=1
11:50:15 select r.region_name from area_region as a left join region as r on a.region_id=r.id where shipping_area_id=2
11:50:18 use meiliyoupin;
11:50:18 set names utf8;
11:50:18 select * from configs
11:50:18 select * from admin_menu
11:50:18 select * from shipping_area where id=2
11:50:18 select * from region where region_type=1
11:50:18 select * from region where region_type=2
11:50:18 select * from region where region_type=3
11:50:18 select r.region_id from area_region as a left join region as r on a.region_id=r.id where shipping_area_id=2
11:50:21 use meiliyoupin;
11:50:21 set names utf8;
11:50:21 select * from configs
11:50:21 select * from admin_menu
11:50:21 select * from shipping_area where id=2
11:50:21 select * from region where region_type=1
11:50:21 select * from region where region_type=2
11:50:21 select * from region where region_type=3
11:50:21 select r.region_id from area_region as a left join region as r on a.region_id=r.id where shipping_area_id=2
11:50:57 use meiliyoupin;
11:50:57 set names utf8;
11:50:57 select * from configs
11:50:57 select * from admin_menu
11:50:57 select * from shipping_area where id=2
11:50:57 select * from region where region_type=1
11:50:57 select * from region where region_type=2
11:50:57 select * from region where region_type=3
11:50:57 select r.id from area_region as a left join region as r on a.region_id=r.id where shipping_area_id=2
11:50:59 use meiliyoupin;
11:50:59 set names utf8;
11:50:59 select * from configs
11:50:59 select * from admin_menu
11:50:59 select * from shipping_area where id=2
11:50:59 select * from region where region_type=1
11:50:59 select * from region where region_type=2
11:50:59 select * from region where region_type=3
11:50:59 select r.id from area_region as a left join region as r on a.region_id=r.id where shipping_area_id=2
11:51:04 use meiliyoupin;
11:51:04 set names utf8;
11:51:04 select * from configs
11:51:04 select * from admin_menu
11:51:04 select * from shipping_area where id=2
11:51:04 select * from region where region_type=1
11:51:04 select * from region where region_type=2
11:51:04 select * from region where region_type=3
11:51:04 select r.id from area_region as a left join region as r on a.region_id=r.id where shipping_area_id=2
11:52:54 use meiliyoupin;
11:52:54 set names utf8;
11:52:54 select * from configs
11:52:54 select * from admin_menu
11:52:54 select * from shipping_area where id=2
11:52:54 select * from region where region_type=1
11:52:54 select * from region where region_type=2
11:52:54 select * from region where region_type=3
11:52:54 select r.id from area_region as a left join region as r on a.region_id=r.id where shipping_area_id=2
11:53:14 use meiliyoupin;
11:53:14 set names utf8;
11:53:14 select * from configs
11:53:14 select * from admin_menu
11:53:14 select * from shipping_area where id=2
11:53:14 select * from region where region_type=1
11:53:14 select * from region where region_type=2
11:53:14 select * from region where region_type=3
11:53:14 select r.id from area_region as a left join region as r on a.region_id=r.id where shipping_area_id=2
11:54:38 use meiliyoupin;
11:54:38 set names utf8;
11:54:38 select * from configs
11:54:38 select * from admin_menu
11:54:38 select * from shipping_area where id=2
11:54:38 select * from region where region_type=1
11:54:38 select * from region where region_type=2
11:54:38 select * from region where region_type=3
11:54:38 select r.id from area_region as a left join region as r on a.region_id=r.id where shipping_area_id=2
11:54:38 use meiliyoupin;
11:54:38 set names utf8;
11:54:38 select * from configs
11:54:38 select * from admin_menu
11:55:11 use meiliyoupin;
11:55:11 set names utf8;
11:55:11 select * from configs
11:55:11 select * from admin_menu
11:55:11 select * from shipping_area where id=2
11:55:11 select * from region where region_type=1
11:55:11 select * from region where region_type=2
11:55:11 select * from region where region_type=3
11:55:11 select r.id from area_region as a left join region as r on a.region_id=r.id where shipping_area_id=2
11:55:11 use meiliyoupin;
11:55:11 set names utf8;
11:55:11 select * from configs
11:55:11 select * from admin_menu
11:55:35 use meiliyoupin;
11:55:35 set names utf8;
11:55:35 select * from configs
11:55:35 select * from admin_menu
11:55:35 select * from shipping_area where id=2
11:55:35 select * from region where region_type=1
11:55:35 select * from region where region_type=2
11:55:35 select * from region where region_type=3
11:55:35 select r.id from area_region as a left join region as r on a.region_id=r.id where shipping_area_id=2
11:57:00 use meiliyoupin;
11:57:00 set names utf8;
11:57:00 select * from configs
11:57:00 select * from admin_menu
11:57:00 select * from shipping_area where id=2
11:57:00 select * from region where region_type=1
11:57:00 select * from region where region_type=2
11:57:00 select * from region where region_type=3
11:57:00 select r.id from area_region as a left join region as r on a.region_id=r.id where shipping_area_id=2
11:57:01 use meiliyoupin;
11:57:01 set names utf8;
11:57:01 select * from configs
11:57:01 select * from admin_menu
11:57:31 use meiliyoupin;
11:57:31 set names utf8;
11:57:31 select * from configs
11:57:31 select * from admin_menu
11:57:31 select * from shipping_area where id=2
11:57:31 select * from region where region_type=1
11:57:31 select * from region where region_type=2
11:57:31 select * from region where region_type=3
11:57:31 select r.id from area_region as a left join region as r on a.region_id=r.id where shipping_area_id=2
11:57:32 use meiliyoupin;
11:57:32 set names utf8;
11:57:32 select * from configs
11:57:32 select * from admin_menu
11:59:02 use meiliyoupin;
11:59:02 set names utf8;
11:59:02 select * from configs
11:59:02 select * from admin_menu
11:59:02 select * from shipping_area where id=2
11:59:02 select * from region where region_type=1
11:59:02 select * from region where region_type=2
11:59:02 select * from region where region_type=3
11:59:02 select r.id from area_region as a left join region as r on a.region_id=r.id where shipping_area_id=2
11:59:03 use meiliyoupin;
11:59:03 set names utf8;
11:59:03 select * from configs
11:59:03 select * from admin_menu
11:59:03 select * from shipping_area where id=2
11:59:03 select * from region where region_type=1
11:59:03 select * from region where region_type=2
11:59:03 select * from region where region_type=3
11:59:03 select r.id from area_region as a left join region as r on a.region_id=r.id where shipping_area_id=2
11:59:03 use meiliyoupin;
11:59:03 set names utf8;
11:59:03 select * from configs
11:59:03 select * from admin_menu
11:59:03 select * from shipping_area where id=2
11:59:03 select * from region where region_type=1
11:59:03 select * from region where region_type=2
11:59:03 select * from region where region_type=3
11:59:03 select r.id from area_region as a left join region as r on a.region_id=r.id where shipping_area_id=2
11:59:03 use meiliyoupin;
11:59:03 set names utf8;
11:59:03 select * from configs
11:59:03 select * from admin_menu
11:59:03 select * from shipping_area where id=2
11:59:03 select * from region where region_type=1
11:59:03 select * from region where region_type=2
11:59:03 select * from region where region_type=3
11:59:03 select r.id from area_region as a left join region as r on a.region_id=r.id where shipping_area_id=2
11:59:03 use meiliyoupin;
11:59:03 set names utf8;
11:59:03 select * from configs
11:59:03 select * from admin_menu
11:59:03 select * from shipping_area where id=2
11:59:03 select * from region where region_type=1
11:59:03 select * from region where region_type=2
11:59:03 select * from region where region_type=3
11:59:03 select r.id from area_region as a left join region as r on a.region_id=r.id where shipping_area_id=2
11:59:03 use meiliyoupin;
11:59:03 set names utf8;
11:59:03 select * from configs
11:59:03 select * from admin_menu
11:59:03 select * from shipping_area where id=2
11:59:03 select * from region where region_type=1
11:59:03 select * from region where region_type=2
11:59:03 select * from region where region_type=3
11:59:03 select r.id from area_region as a left join region as r on a.region_id=r.id where shipping_area_id=2
11:59:04 use meiliyoupin;
11:59:04 set names utf8;
11:59:04 select * from configs
11:59:04 select * from admin_menu
11:59:45 use meiliyoupin;
11:59:45 set names utf8;
11:59:45 select * from configs
11:59:45 select * from admin_menu
11:59:45 select * from shipping_area where id=2
11:59:45 select * from region where region_type=1
11:59:45 select * from region where region_type=2
11:59:45 select * from region where region_type=3
11:59:45 select r.id from area_region as a left join region as r on a.region_id=r.id where shipping_area_id=2
11:59:46 use meiliyoupin;
11:59:46 set names utf8;
11:59:46 select * from configs
11:59:46 select * from admin_menu
12:00:21 use meiliyoupin;
12:00:21 set names utf8;
12:00:21 select * from configs
12:00:21 select * from admin_menu
12:00:21 select * from shipping_area where id=2
12:00:21 select * from region where region_type=1
12:00:21 select * from region where region_type=2
12:00:21 select * from region where region_type=3
12:00:21 select r.id from area_region as a left join region as r on a.region_id=r.id where shipping_area_id=2
12:00:21 use meiliyoupin;
12:00:21 set names utf8;
12:00:21 select * from configs
12:00:21 select * from admin_menu
12:00:21 select * from area_region as a left join region as r on a.region_id=r.id where a.shipping_area_id=2
12:01:07 use meiliyoupin;
12:01:07 set names utf8;
12:01:07 select * from configs
12:01:07 select * from admin_menu
12:01:07 select * from shipping_area where id=2
12:01:07 select * from region where region_type=1
12:01:07 select * from region where region_type=2
12:01:07 select * from region where region_type=3
12:01:07 select r.id from area_region as a left join region as r on a.region_id=r.id where shipping_area_id=2
12:01:07 use meiliyoupin;
12:01:07 set names utf8;
12:01:07 select * from configs
12:01:07 select * from admin_menu
12:01:07 select * from area_region as a left join region as r on a.region_id=r.id where a.shipping_area_id=2
12:01:15 use meiliyoupin;
12:01:15 set names utf8;
12:01:15 select * from configs
12:01:15 select * from admin_menu
12:01:15 select * from shipping_area where id=2
12:01:15 select * from region where region_type=1
12:01:15 select * from region where region_type=2
12:01:15 select * from region where region_type=3
12:01:15 select r.id from area_region as a left join region as r on a.region_id=r.id where shipping_area_id=2
12:01:15 use meiliyoupin;
12:01:15 set names utf8;
12:01:15 select * from configs
12:01:15 select * from admin_menu
12:01:15 select * from area_region as a left join region as r on a.region_id=r.id where a.shipping_area_id=2
12:01:19 use meiliyoupin;
12:01:19 set names utf8;
12:01:19 select * from configs
12:01:19 select * from admin_menu
12:01:19 select * from shipping_area where id=2
12:01:19 select * from region where region_type=1
12:01:19 select * from region where region_type=2
12:01:19 select * from region where region_type=3
12:01:19 select r.id from area_region as a left join region as r on a.region_id=r.id where shipping_area_id=2
12:01:19 use meiliyoupin;
12:01:19 set names utf8;
12:01:19 select * from configs
12:01:19 select * from admin_menu
12:01:19 select * from area_region as a left join region as r on a.region_id=r.id where a.shipping_area_id=2
12:01:35 use meiliyoupin;
12:01:35 set names utf8;
12:01:35 select * from configs
12:01:35 select * from admin_menu
12:01:35 select * from shipping_area where id=2
12:01:35 select * from region where region_type=1
12:01:35 select * from region where region_type=2
12:01:35 select * from region where region_type=3
12:01:35 select r.id from area_region as a left join region as r on a.region_id=r.id where shipping_area_id=2
12:01:35 use meiliyoupin;
12:01:35 set names utf8;
12:01:35 select * from configs
12:01:35 select * from admin_menu
12:01:35 select * from area_region as a left join region as r on a.region_id=r.id where a.shipping_area_id=2
12:02:11 use meiliyoupin;
12:02:11 set names utf8;
12:02:11 select * from configs
12:02:11 select * from admin_menu
12:02:11 select * from shipping_area where id=2
12:02:11 select * from region where region_type=1
12:02:11 select * from region where region_type=2
12:02:11 select * from region where region_type=3
12:02:11 select r.id from area_region as a left join region as r on a.region_id=r.id where shipping_area_id=2
12:02:11 use meiliyoupin;
12:02:11 set names utf8;
12:02:11 select * from configs
12:02:11 select * from admin_menu
12:02:11 select * from area_region as a left join region as r on a.region_id=r.id where a.shipping_area_id=2
12:03:10 use meiliyoupin;
12:03:10 set names utf8;
12:03:10 select * from configs
12:03:10 select * from admin_menu
12:03:10 select * from shipping_area where id=2
12:03:10 select * from region where region_type=1
12:03:10 select * from region where region_type=2
12:03:10 select * from region where region_type=3
12:03:10 select r.id from area_region as a left join region as r on a.region_id=r.id where shipping_area_id=2
12:03:11 use meiliyoupin;
12:03:11 set names utf8;
12:03:11 select * from configs
12:03:11 select * from admin_menu
12:03:11 select * from area_region as a left join region as r on a.region_id=r.id where a.shipping_area_id=2
12:04:49 use meiliyoupin;
12:04:49 set names utf8;
12:04:49 select * from configs
12:04:49 select * from admin_menu
12:04:49 select * from shipping_area where id=2
12:04:49 select * from region where region_type=1
12:04:49 select * from region where region_type=2
12:04:49 select * from region where region_type=3
12:04:49 select r.id from area_region as a left join region as r on a.region_id=r.id where shipping_area_id=2
12:05:51 use meiliyoupin;
12:05:51 set names utf8;
12:05:51 select * from configs
12:05:51 select * from admin_menu
12:05:51 select * from shipping_area where id=2
12:05:51 select * from region where region_type=1
12:05:51 select * from region where region_type=2
12:05:51 select * from region where region_type=3
12:05:51 select r.id from area_region as a left join region as r on a.region_id=r.id where shipping_area_id=2
12:06:22 use meiliyoupin;
12:06:22 set names utf8;
12:06:22 select * from configs
12:06:22 select * from admin_menu
12:06:22 select * from shipping_area where id=2
12:06:22 select * from region where region_type=1
12:06:22 select * from region where region_type=2
12:06:22 select * from region where region_type=3
12:06:22 select r.id from area_region as a left join region as r on a.region_id=r.id where shipping_area_id=2
14:35:47 use meiliyoupin;
14:35:47 set names utf8;
14:35:47 select * from configs
14:35:47 use meiliyoupin;
14:35:47 set names utf8;
14:35:47 select * from configs
14:35:47 select * from admin_menu
14:35:52 use meiliyoupin;
14:35:52 set names utf8;
14:35:52 select * from configs
14:35:52 select * from admin_menu
14:35:52 select * from admin where user_name='myadmin' and user_word='691c360156c27261b40c974ec0bf8f4a'
14:35:52 use meiliyoupin;
14:35:52 set names utf8;
14:35:52 select * from configs
14:35:52 select * from admin_menu
14:35:56 use meiliyoupin;
14:35:56 set names utf8;
14:35:56 select * from configs
14:35:56 select * from admin_menu
14:35:56 select count(id) from goods where is_delete=0 order by add_time desc
14:35:56 select * from goods where is_delete=0 order by add_time desc limit 0,20
14:35:58 use meiliyoupin;
14:35:58 set names utf8;
14:35:58 select * from configs
14:35:58 select * from admin_menu
14:35:58 select * from shipping_type 
14:35:59 use meiliyoupin;
14:35:59 set names utf8;
14:35:59 select * from configs
14:35:59 select * from admin_menu
14:35:59 select * from shipping_type where id=3
14:35:59 select * from shipping_area where shipping_id=3
14:36:00 select r.region_name from area_region as a left join region as r on a.region_id=r.id where shipping_area_id=1
14:36:00 select r.region_name from area_region as a left join region as r on a.region_id=r.id where shipping_area_id=2
14:36:01 use meiliyoupin;
14:36:01 set names utf8;
14:36:01 select * from configs
14:36:01 select * from admin_menu
14:36:01 select * from shipping_area where id=1
14:36:01 select * from region where region_type=1
14:36:01 select * from region where region_type=2
14:36:02 select * from region where region_type=3
14:36:02 select r.id from area_region as a left join region as r on a.region_id=r.id where shipping_area_id=1
14:36:40 use meiliyoupin;
14:36:40 set names utf8;
14:36:40 select * from configs
14:36:40 select * from admin_menu
14:36:40 select * from shipping_area where id=1
14:36:40 select * from region where region_type=1
14:36:40 select * from region where region_type=2
14:36:40 select * from region where region_type=3
14:36:40 select r.id from area_region as a left join region as r on a.region_id=r.id where shipping_area_id=1
14:38:17 use meiliyoupin;
14:38:17 set names utf8;
14:38:17 select * from configs
14:38:17 select * from admin_menu
14:38:17 select * from shipping_area where id=1
14:38:17 select * from region where region_type=1
14:38:17 select * from region where region_type=2
14:38:17 select * from region where region_type=3
14:38:17 select r.id from area_region as a left join region as r on a.region_id=r.id where shipping_area_id=1
14:38:18 use meiliyoupin;
14:38:18 set names utf8;
14:38:18 select * from configs
14:38:18 select * from admin_menu
14:38:18 select * from area_region as a left join region as r on a.region_id=r.id where a.shipping_area_id=1
14:38:21 use meiliyoupin;
14:38:21 set names utf8;
14:38:21 select * from configs
14:38:21 select * from admin_menu
14:38:21 select * from shipping_type where id=3
14:38:21 select * from shipping_area where shipping_id=3
14:38:21 select r.region_name from area_region as a left join region as r on a.region_id=r.id where shipping_area_id=1
14:38:21 select r.region_name from area_region as a left join region as r on a.region_id=r.id where shipping_area_id=2
14:38:23 use meiliyoupin;
14:38:23 set names utf8;
14:38:23 select * from configs
14:38:23 select * from admin_menu
14:38:24 select * from shipping_area where id=2
14:38:24 select * from region where region_type=1
14:38:24 select * from region where region_type=2
14:38:24 select * from region where region_type=3
14:38:24 select r.id from area_region as a left join region as r on a.region_id=r.id where shipping_area_id=2
14:38:24 use meiliyoupin;
14:38:24 set names utf8;
14:38:24 select * from configs
14:38:24 select * from admin_menu
14:38:24 select * from area_region as a left join region as r on a.region_id=r.id where a.shipping_area_id=2
14:38:32 use meiliyoupin;
14:38:32 set names utf8;
14:38:32 select * from configs
14:38:32 select * from admin_menu
14:38:32 select * from shipping_type where id=3
14:38:32 select * from shipping_area where shipping_id=3
14:38:32 select r.region_name from area_region as a left join region as r on a.region_id=r.id where shipping_area_id=1
14:38:32 select r.region_name from area_region as a left join region as r on a.region_id=r.id where shipping_area_id=2
14:38:35 use meiliyoupin;
14:38:35 set names utf8;
14:38:35 select * from configs
14:38:35 select * from admin_menu
14:38:35 select * from shipping_area where id=2
14:38:35 select * from region where region_type=1
14:38:35 select * from region where region_type=2
14:38:35 select * from region where region_type=3
14:38:35 select r.id from area_region as a left join region as r on a.region_id=r.id where shipping_area_id=2
14:38:35 use meiliyoupin;
14:38:35 set names utf8;
14:38:35 select * from configs
14:38:35 select * from admin_menu
14:38:35 select * from area_region as a left join region as r on a.region_id=r.id where a.shipping_area_id=2
14:38:39 use meiliyoupin;
14:38:39 set names utf8;
14:38:39 select * from configs
14:38:39 select * from admin_menu
14:38:39 select * from shipping_type where id=3
14:38:39 select * from shipping_area where shipping_id=3
14:38:39 select r.region_name from area_region as a left join region as r on a.region_id=r.id where shipping_area_id=1
14:38:39 select r.region_name from area_region as a left join region as r on a.region_id=r.id where shipping_area_id=2
14:38:41 use meiliyoupin;
14:38:41 set names utf8;
14:38:41 select * from configs
14:38:41 select * from admin_menu
14:38:41 select * from shipping_area where id=2
14:38:41 select * from region where region_type=1
14:38:41 select * from region where region_type=2
14:38:41 select * from region where region_type=3
14:38:41 select r.id from area_region as a left join region as r on a.region_id=r.id where shipping_area_id=2
14:38:41 use meiliyoupin;
14:38:41 set names utf8;
14:38:41 select * from configs
14:38:41 select * from admin_menu
14:38:41 select * from area_region as a left join region as r on a.region_id=r.id where a.shipping_area_id=2
14:39:10 use meiliyoupin;
14:39:10 set names utf8;
14:39:10 select * from configs
14:39:10 select * from admin_menu
14:39:10 select * from shipping_area where id=2
14:39:10 select * from region where region_type=1
14:39:10 select * from region where region_type=2
14:39:10 select * from region where region_type=3
14:39:10 select r.id from area_region as a left join region as r on a.region_id=r.id where shipping_area_id=2
14:39:10 use meiliyoupin;
14:39:10 set names utf8;
14:39:10 select * from configs
14:39:10 select * from admin_menu
14:39:10 select * from area_region as a left join region as r on a.region_id=r.id where a.shipping_area_id=2
14:39:14 use meiliyoupin;
14:39:14 set names utf8;
14:39:14 select * from configs
14:39:14 select * from admin_menu
14:39:14 select * from shipping_type where id=3
14:39:14 select * from shipping_area where shipping_id=3
14:39:14 select r.region_name from area_region as a left join region as r on a.region_id=r.id where shipping_area_id=1
14:39:14 select r.region_name from area_region as a left join region as r on a.region_id=r.id where shipping_area_id=2
14:39:17 use meiliyoupin;
14:39:17 set names utf8;
14:39:17 select * from configs
14:39:17 select * from admin_menu
14:39:17 select * from shipping_area where id=2
14:39:17 select * from region where region_type=1
14:39:17 select * from region where region_type=2
14:39:17 select * from region where region_type=3
14:39:17 select r.id from area_region as a left join region as r on a.region_id=r.id where shipping_area_id=2
14:39:17 use meiliyoupin;
14:39:17 set names utf8;
14:39:17 select * from configs
14:39:17 select * from admin_menu
14:39:17 select * from area_region as a left join region as r on a.region_id=r.id where a.shipping_area_id=2
14:55:30 use meiliyoupin;
14:55:30 set names utf8;
14:55:30 select * from configs
14:55:30 select * from admin_menu
14:55:30 use meiliyoupin;
14:55:30 set names utf8;
14:55:30 select * from configs
14:55:30 select * from admin_menu
14:55:31 use meiliyoupin;
14:55:31 set names utf8;
14:55:31 select * from configs
14:55:31 select * from admin_menu
14:55:31 select * from shipping_area where id=2
14:55:31 select * from region where region_type=1
14:55:31 select * from region where region_type=2
14:55:31 select * from region where region_type=3
14:55:31 select r.id from area_region as a left join region as r on a.region_id=r.id where shipping_area_id=2
14:55:31 use meiliyoupin;
14:55:31 set names utf8;
14:55:31 select * from configs
14:55:31 select * from admin_menu
14:55:31 select * from area_region as a left join region as r on a.region_id=r.id where a.shipping_area_id=2
14:55:41 use meiliyoupin;
14:55:41 set names utf8;
14:55:41 select * from configs
14:55:41 select * from admin_menu
14:55:41 use meiliyoupin;
14:55:41 set names utf8;
14:55:41 select * from configs
14:55:41 select * from admin_menu
14:55:43 use meiliyoupin;
14:55:43 set names utf8;
14:55:43 select * from configs
14:55:43 select * from admin_menu
14:55:43 select * from shipping_area where id=2
14:55:43 select * from region where region_type=1
14:55:43 select * from region where region_type=2
14:55:43 select * from region where region_type=3
14:55:43 select r.id from area_region as a left join region as r on a.region_id=r.id where shipping_area_id=2
14:55:43 use meiliyoupin;
14:55:43 set names utf8;
14:55:43 select * from configs
14:55:43 select * from admin_menu
14:55:43 select * from area_region as a left join region as r on a.region_id=r.id where a.shipping_area_id=2
14:55:46 use meiliyoupin;
14:55:46 set names utf8;
14:55:46 select * from configs
14:55:46 select * from admin_menu
14:55:46 select * from shipping_area where id=2
14:55:46 select * from region where region_type=1
14:55:46 select * from region where region_type=2
14:55:46 select * from region where region_type=3
14:55:46 select r.id from area_region as a left join region as r on a.region_id=r.id where shipping_area_id=2
14:55:46 use meiliyoupin;
14:55:46 set names utf8;
14:55:46 select * from configs
14:55:46 select * from admin_menu
14:55:46 select * from area_region as a left join region as r on a.region_id=r.id where a.shipping_area_id=2
14:55:48 use meiliyoupin;
14:55:48 set names utf8;
14:55:48 select * from configs
14:55:48 select * from admin_menu
14:55:48 select * from shipping_type where id=3
14:55:48 update shipping_area set shipping_area_name='8元',configure='a:3:{s:11:"first_price";d:8;s:10:"next_price";d:8;s:10:"free_price";d:300;}' where id=2
14:55:48 delete from area_region where shipping_area_id=2
14:55:48 insert into area_region (shipping_area_id,region_id) values ('2','6') ;
14:55:48 insert into area_region (shipping_area_id,region_id) values ('2','2') ;
14:55:48 insert into area_region (shipping_area_id,region_id) values ('2','5') ;
14:55:48 insert into area_region (shipping_area_id,region_id) values ('2','16') ;
14:55:48 insert into area_region (shipping_area_id,region_id) values ('2','25') ;
14:55:48 use meiliyoupin;
14:55:48 set names utf8;
14:55:48 select * from configs
14:55:48 select * from admin_menu
14:55:50 use meiliyoupin;
14:55:50 set names utf8;
14:55:50 select * from configs
14:55:50 select * from admin_menu
14:55:50 select * from shipping_area where id=2
14:55:50 select * from region where region_type=1
14:55:50 select * from region where region_type=2
14:55:50 select * from region where region_type=3
14:55:50 select r.id from area_region as a left join region as r on a.region_id=r.id where shipping_area_id=2
14:55:50 use meiliyoupin;
14:55:50 set names utf8;
14:55:50 select * from configs
14:55:50 select * from admin_menu
14:55:50 select * from area_region as a left join region as r on a.region_id=r.id where a.shipping_area_id=2
14:55:56 use meiliyoupin;
14:55:56 set names utf8;
14:55:56 select * from configs
14:55:56 select * from admin_menu
14:55:56 select * from shipping_type where id=3
14:55:56 update shipping_area set shipping_area_name='8元',configure='a:3:{s:11:"first_price";d:8;s:10:"next_price";d:8;s:10:"free_price";d:300;}' where id=2
14:55:56 delete from area_region where shipping_area_id=2
14:55:56 insert into area_region (shipping_area_id,region_id) values ('2','16') ;
14:55:56 insert into area_region (shipping_area_id,region_id) values ('2','5') ;
14:55:56 insert into area_region (shipping_area_id,region_id) values ('2','2') ;
14:55:56 insert into area_region (shipping_area_id,region_id) values ('2','6') ;
14:55:56 use meiliyoupin;
14:55:56 set names utf8;
14:55:56 select * from configs
14:55:56 select * from admin_menu
14:55:59 use meiliyoupin;
14:55:59 set names utf8;
14:55:59 select * from configs
14:55:59 select * from admin_menu
14:55:59 select count(id) from goods where is_delete=0 order by add_time desc
14:55:59 select * from goods where is_delete=0 order by add_time desc limit 0,20
14:56:04 use meiliyoupin;
14:56:04 set names utf8;
14:56:04 select * from configs
14:56:04 select * from admin_menu
14:56:04 select * from shipping_type 
14:56:06 use meiliyoupin;
14:56:06 set names utf8;
14:56:06 select * from configs
14:56:06 select * from admin_menu
14:56:06 select * from shipping_type where id=3
14:56:06 select * from shipping_area where shipping_id=3
14:56:06 select r.region_name from area_region as a left join region as r on a.region_id=r.id where shipping_area_id=1
14:56:06 select r.region_name from area_region as a left join region as r on a.region_id=r.id where shipping_area_id=2
14:56:09 use meiliyoupin;
14:56:09 set names utf8;
14:56:09 select * from configs
14:56:09 select * from admin_menu
14:56:09 select * from shipping_area where id=2
14:56:09 select * from region where region_type=1
14:56:09 select * from region where region_type=2
14:56:09 select * from region where region_type=3
14:56:09 select r.id from area_region as a left join region as r on a.region_id=r.id where shipping_area_id=2
14:56:09 use meiliyoupin;
14:56:09 set names utf8;
14:56:09 select * from configs
14:56:09 select * from admin_menu
14:56:09 select * from area_region as a left join region as r on a.region_id=r.id where a.shipping_area_id=2
14:56:11 use meiliyoupin;
14:56:11 set names utf8;
14:56:11 select * from configs
14:56:11 select * from admin_menu
14:56:11 select * from region where parent_id=6
14:56:16 use meiliyoupin;
14:56:16 set names utf8;
14:56:16 select * from configs
14:56:16 select * from admin_menu
14:56:16 select * from region where parent_id=33
14:56:22 use meiliyoupin;
14:56:22 set names utf8;
14:56:22 select * from configs
14:56:22 select * from admin_menu
14:56:22 select * from shipping_type where id=3
14:56:22 update shipping_area set shipping_area_name='1',configure='a:3:{s:11:"first_price";d:2;s:10:"next_price";d:3;s:10:"free_price";d:4;}' where id=2
14:56:22 delete from area_region where shipping_area_id=2
14:56:22 insert into area_region (shipping_area_id,region_id) values ('2','6') ;
14:56:22 insert into area_region (shipping_area_id,region_id) values ('2','2') ;
14:56:22 insert into area_region (shipping_area_id,region_id) values ('2','5') ;
14:56:22 insert into area_region (shipping_area_id,region_id) values ('2','16') ;
14:56:22 insert into area_region (shipping_area_id,region_id) values ('2','33') ;
14:56:22 use meiliyoupin;
14:56:22 set names utf8;
14:56:22 select * from configs
14:56:22 select * from admin_menu
14:56:26 use meiliyoupin;
14:56:26 set names utf8;
14:56:26 select * from configs
14:56:26 select * from admin_menu
14:56:26 select * from shipping_type 
14:56:28 use meiliyoupin;
14:56:28 set names utf8;
14:56:28 select * from configs
14:56:28 select * from admin_menu
14:56:28 select * from shipping_type where id=3
14:56:28 select * from shipping_area where shipping_id=3
14:56:28 select r.region_name from area_region as a left join region as r on a.region_id=r.id where shipping_area_id=1
14:56:28 select r.region_name from area_region as a left join region as r on a.region_id=r.id where shipping_area_id=2
14:59:42 use meiliyoupin;
14:59:42 set names utf8;
14:59:42 select * from configs
14:59:42 select * from admin_menu
14:59:42 select * from shipping_type 
14:59:43 use meiliyoupin;
14:59:43 set names utf8;
14:59:43 select * from configs
14:59:43 select * from admin_menu
14:59:44 use meiliyoupin;
14:59:44 set names utf8;
14:59:44 select * from configs
14:59:44 select * from admin_menu
14:59:44 select * from shipping_type 
14:59:44 use meiliyoupin;
14:59:44 set names utf8;
14:59:44 select * from configs
14:59:44 select * from admin_menu
14:59:47 use meiliyoupin;
14:59:47 set names utf8;
14:59:47 select * from configs
14:59:47 select * from admin_menu
14:59:47 select * from shipping_type 
14:59:48 use meiliyoupin;
14:59:48 set names utf8;
14:59:48 select * from configs
14:59:48 select * from admin_menu
14:59:48 select * from shipping_type where id=3
14:59:48 select * from shipping_area where shipping_id=3
14:59:48 select r.region_name from area_region as a left join region as r on a.region_id=r.id where shipping_area_id=1
14:59:48 select r.region_name from area_region as a left join region as r on a.region_id=r.id where shipping_area_id=2
14:59:50 use meiliyoupin;
14:59:50 set names utf8;
14:59:50 select * from configs
14:59:50 select * from admin_menu
14:59:50 select * from shipping_type 
14:59:51 use meiliyoupin;
14:59:51 set names utf8;
14:59:51 select * from configs
14:59:51 select * from admin_menu
14:59:51 select * from shipping_type where id=2
14:59:51 select * from shipping_area where shipping_id=2
14:59:52 use meiliyoupin;
14:59:52 set names utf8;
14:59:52 select * from configs
14:59:52 select * from admin_menu
14:59:52 select * from shipping_type 
14:59:55 use meiliyoupin;
14:59:55 set names utf8;
14:59:55 select * from configs
14:59:55 select * from admin_menu
14:59:55 select * from shipping_type where id=2
14:59:55 select * from shipping_area where shipping_id=2
15:00:00 use meiliyoupin;
15:00:00 set names utf8;
15:00:00 select * from configs
15:00:00 select * from admin_menu
15:00:00 select * from shipping_type 
15:00:03 use meiliyoupin;
15:00:03 set names utf8;
15:00:03 select * from configs
15:00:03 select * from admin_menu
15:00:03 select * from shipping_type where id=2
15:00:03 select * from shipping_area where shipping_id=2
15:00:09 use meiliyoupin;
15:00:09 set names utf8;
15:00:09 select * from configs
15:00:09 select * from admin_menu
15:00:09 select * from shipping_type 
15:00:39 use meiliyoupin;
15:00:39 set names utf8;
15:00:39 select * from configs
15:00:39 select * from admin_menu
15:00:39 delete from shipping_type where id=3
15:00:39 use meiliyoupin;
15:00:39 set names utf8;
15:00:39 select * from configs
15:00:39 select * from admin_menu
15:00:41 use meiliyoupin;
15:00:41 set names utf8;
15:00:41 select * from configs
15:00:41 select * from admin_menu
15:00:41 select count(id) from goods where is_delete=0 order by add_time desc
15:00:41 select * from goods where is_delete=0 order by add_time desc limit 0,20
15:00:43 use meiliyoupin;
15:00:43 set names utf8;
15:00:43 select * from configs
15:00:43 select * from admin_menu
15:00:43 select * from shipping_type 
15:00:45 use meiliyoupin;
15:00:45 set names utf8;
15:00:45 select * from configs
15:00:45 select * from admin_menu
15:00:45 select * from shipping_type where id=2
15:00:45 select * from shipping_area where shipping_id=2
15:02:31 use meiliyoupin;
15:02:31 set names utf8;
15:02:31 select * from configs
15:02:31 select * from admin_menu
15:02:31 select * from shipping_type 
15:02:32 use meiliyoupin;
15:02:32 set names utf8;
15:02:32 select * from configs
15:02:32 select * from admin_menu
15:02:32 use meiliyoupin;
15:02:32 set names utf8;
15:02:32 select * from configs
15:02:32 select * from admin_menu
15:02:32 select * from shipping_type 
15:02:33 use meiliyoupin;
15:02:33 set names utf8;
15:02:33 select * from configs
15:02:33 select * from admin_menu
15:02:34 use meiliyoupin;
15:02:34 set names utf8;
15:02:34 select * from configs
15:02:34 select * from admin_menu
15:02:34 select * from shipping_type 
15:02:34 use meiliyoupin;
15:02:34 set names utf8;
15:02:34 select * from configs
15:02:34 select * from admin_menu
15:02:35 use meiliyoupin;
15:02:35 set names utf8;
15:02:35 select * from configs
15:02:35 select * from admin_menu
15:02:36 select * from nav order by z_index desc
15:02:37 use meiliyoupin;
15:02:37 set names utf8;
15:02:37 select * from configs
15:02:37 select * from admin_menu
15:02:37 select * from nav order by z_index desc
15:02:37 use meiliyoupin;
15:02:37 set names utf8;
15:02:37 select * from configs
15:02:37 select * from admin_menu
15:02:38 select * from focus_picture order by pic_index desc
15:02:39 use meiliyoupin;
15:02:39 set names utf8;
15:02:39 select * from configs
15:02:39 select * from admin_menu
15:02:39 select * from nav order by z_index desc
15:02:40 use meiliyoupin;
15:02:40 set names utf8;
15:02:40 select * from configs
15:02:40 select * from admin_menu
15:02:42 use meiliyoupin;
15:02:42 set names utf8;
15:02:42 select * from configs
15:02:42 select * from admin_menu
15:02:42 select count(id) from goods where is_delete=0 order by add_time desc
15:02:42 select * from goods where is_delete=0 order by add_time desc limit 0,20
15:02:42 use meiliyoupin;
15:02:42 set names utf8;
15:02:42 select * from configs
15:02:42 select * from admin_menu
15:02:42 select * from goods_type 
15:02:42 select count(id) from goods
15:02:45 use meiliyoupin;
15:02:45 set names utf8;
15:02:45 select * from configs
15:02:45 select * from admin_menu
15:02:45 select * from goods_type
15:02:46 use meiliyoupin;
15:02:46 set names utf8;
15:02:46 select * from configs
15:02:46 select * from admin_menu
15:02:46 select * from goods_type
15:02:47 use meiliyoupin;
15:02:47 set names utf8;
15:02:47 select * from configs
15:02:47 select * from admin_menu
15:02:47 select count(id) from goods where is_delete=1 order by add_time desc
15:02:47 select * from goods where is_delete=1 order by add_time desc limit 0,20
15:02:50 use meiliyoupin;
15:02:50 set names utf8;
15:02:50 select * from configs
15:02:50 select * from admin_menu
15:02:51 select count(a.id) from articles as a left join article_type as b on a.type_id=b.id order by a.id desc
15:02:51 select a.*,b.type_name from articles as a left join article_type as b on a.type_id=b.id order by a.id desc limit 0,20
15:02:53 use meiliyoupin;
15:02:53 set names utf8;
15:02:53 select * from configs
15:02:53 select * from admin_menu
15:02:53 select * from article_type
15:02:54 use meiliyoupin;
15:02:54 set names utf8;
15:02:54 select * from configs
15:02:54 select * from admin_menu
15:02:54 select * from article_type
15:02:56 use meiliyoupin;
15:02:56 set names utf8;
15:02:56 select * from configs
15:02:56 select * from admin_menu
15:02:57 use meiliyoupin;
15:02:57 set names utf8;
15:02:57 select * from configs
15:02:57 select * from admin_menu
15:02:57 select * from article_type
15:02:57 use meiliyoupin;
15:02:57 set names utf8;
15:02:57 select * from configs
15:02:57 select * from admin_menu
15:02:59 use meiliyoupin;
15:02:59 set names utf8;
15:02:59 select * from configs
15:02:59 select * from admin_menu
15:03:00 select count(id) from users order by id desc
15:03:00 select * from users order by id desc limit 0,20
15:03:00 use meiliyoupin;
15:03:00 set names utf8;
15:03:00 select * from configs
15:03:00 select * from admin_menu
15:03:01 select * from user_level 
15:03:02 use meiliyoupin;
15:03:02 set names utf8;
15:03:02 select * from configs
15:03:02 select * from admin_menu
15:03:02 select count(id) from user_level
15:03:02 select * from user_level limit 0,20
15:03:03 use meiliyoupin;
15:03:03 set names utf8;
15:03:03 select * from configs
15:03:03 select * from admin_menu
15:03:06 use meiliyoupin;
15:03:06 set names utf8;
15:03:06 select * from configs
15:03:06 select * from admin_menu
15:03:07 use meiliyoupin;
15:03:07 set names utf8;
15:03:07 select * from configs
15:03:07 select * from admin_menu
15:03:10 use meiliyoupin;
15:03:10 set names utf8;
15:03:10 select * from configs
15:03:10 select * from admin_menu
15:03:11 use meiliyoupin;
15:03:11 set names utf8;
15:03:11 select * from configs
15:03:11 select * from admin_menu
15:03:11 select * from shipping_type 
15:03:11 use meiliyoupin;
15:03:11 set names utf8;
15:03:11 select * from configs
15:03:11 select * from admin_menu
15:03:11 use meiliyoupin;
15:03:11 set names utf8;
15:03:11 select * from configs
15:03:12 select * from admin_menu
15:03:12 select * from nav order by z_index desc
15:03:12 use meiliyoupin;
15:03:12 set names utf8;
15:03:12 select * from configs
15:03:12 select * from admin_menu
15:03:12 select * from focus_picture order by pic_index desc
15:09:25 use meiliyoupin;
15:09:25 set names utf8;
15:09:25 select * from configs
15:09:25 select * from admin_menu
15:09:25 select * from shipping_type 
15:09:25 use meiliyoupin;
15:09:25 set names utf8;
15:09:25 select * from configs
15:09:25 select * from admin_menu
15:09:26 use meiliyoupin;
15:09:26 set names utf8;
15:09:26 select * from configs
15:09:26 select * from admin_menu
15:09:26 select * from nav order by z_index desc
15:09:26 use meiliyoupin;
15:09:26 set names utf8;
15:09:26 select * from configs
15:09:26 select * from admin_menu
15:09:26 select * from nav order by z_index desc
15:19:28 use meiliyoupin;
15:19:28 set names utf8;
15:19:28 select * from configs
15:19:28 select * from admin_menu
15:19:29 use meiliyoupin;
15:19:29 set names utf8;
15:19:29 select * from configs
15:19:29 select * from admin_menu
15:19:29 select * from shipping_type 
15:19:30 use meiliyoupin;
15:19:30 set names utf8;
15:19:30 select * from configs
15:19:30 select * from admin_menu
15:19:31 use meiliyoupin;
15:19:31 set names utf8;
15:19:31 select * from configs
15:19:31 select * from admin_menu
15:19:31 select * from shipping_type 
15:19:31 use meiliyoupin;
15:19:31 set names utf8;
15:19:31 select * from configs
15:19:31 select * from admin_menu
15:19:32 use meiliyoupin;
15:19:32 set names utf8;
15:19:32 select * from configs
15:19:32 select * from admin_menu
15:19:32 select * from nav order by z_index desc
15:19:32 use meiliyoupin;
15:19:32 set names utf8;
15:19:32 select * from configs
15:19:32 select * from admin_menu
15:19:32 select * from focus_picture order by pic_index desc
15:19:34 use meiliyoupin;
15:19:34 set names utf8;
15:19:34 select * from configs
15:19:34 select * from admin_menu
15:19:34 select * from goods_type 
15:19:34 select count(id) from goods
15:19:35 use meiliyoupin;
15:19:35 set names utf8;
15:19:35 select * from configs
15:19:35 select * from admin_menu
15:19:35 select count(id) from goods where is_delete=0 order by add_time desc
15:19:35 select * from goods where is_delete=0 order by add_time desc limit 0,20
15:19:36 use meiliyoupin;
15:19:36 set names utf8;
15:19:36 select * from configs
15:19:36 select * from admin_menu
15:19:37 use meiliyoupin;
15:19:37 set names utf8;
15:19:37 select * from configs
15:19:37 select * from admin_menu
15:19:37 select * from nav order by z_index desc
15:19:37 use meiliyoupin;
15:19:37 set names utf8;
15:19:37 select * from configs
15:19:37 select * from admin_menu
15:19:37 select * from focus_picture order by pic_index desc
15:19:38 use meiliyoupin;
15:19:38 set names utf8;
15:19:38 select * from configs
15:19:38 select * from admin_menu
15:19:38 select * from nav order by z_index desc
15:19:44 use meiliyoupin;
15:19:44 set names utf8;
15:19:44 select * from configs
15:19:44 select * from admin_menu
15:19:45 use meiliyoupin;
15:19:45 set names utf8;
15:19:45 select * from configs
15:19:45 select * from admin_menu
15:19:46 use meiliyoupin;
15:19:46 set names utf8;
15:19:46 select * from configs
15:19:46 select * from admin_menu
15:19:47 use meiliyoupin;
15:19:47 set names utf8;
15:19:47 select * from configs
15:19:47 select * from admin_menu
15:19:48 use meiliyoupin;
15:19:48 set names utf8;
15:19:48 select * from configs
15:19:48 select * from admin_menu
15:19:48 select count(a.id) from articles as a left join article_type as b on a.type_id=b.id order by a.id desc
15:19:48 select a.*,b.type_name from articles as a left join article_type as b on a.type_id=b.id order by a.id desc limit 0,20
15:19:49 use meiliyoupin;
15:19:49 set names utf8;
15:19:49 select * from configs
15:19:49 select * from admin_menu
15:19:49 select * from article_type
15:19:49 use meiliyoupin;
15:19:49 set names utf8;
15:19:49 select * from configs
15:19:49 select * from admin_menu
15:19:49 select * from article_type
15:19:50 use meiliyoupin;
15:19:50 set names utf8;
15:19:50 select * from configs
15:19:50 select * from admin_menu
15:19:51 use meiliyoupin;
15:19:51 set names utf8;
15:19:51 select * from configs
15:19:51 select * from admin_menu
15:19:51 select count(id) from users order by id desc
15:19:51 select * from users order by id desc limit 0,20
15:19:52 use meiliyoupin;
15:19:52 set names utf8;
15:19:52 select * from configs
15:19:52 select * from admin_menu
15:19:52 select * from user_level 
15:19:52 use meiliyoupin;
15:19:52 set names utf8;
15:19:52 select * from configs
15:19:52 select * from admin_menu
15:19:52 select count(id) from user_level
15:19:52 select * from user_level limit 0,20
15:19:53 use meiliyoupin;
15:19:53 set names utf8;
15:19:53 select * from configs
15:19:53 select * from admin_menu
15:19:53 use meiliyoupin;
15:19:53 set names utf8;
15:19:53 select * from configs
15:19:53 select * from admin_menu
15:19:54 use meiliyoupin;
15:19:54 set names utf8;
15:19:54 select * from configs
15:19:54 select * from admin_menu
15:19:55 use meiliyoupin;
15:19:55 set names utf8;
15:19:55 select * from configs
15:19:55 select * from admin_menu
15:51:30 use meiliyoupin;
15:51:30 set names utf8;
15:51:30 select * from configs
15:51:30 select * from admin_menu
15:51:30 select count(id) from goods where is_delete=0 order by add_time desc
15:51:30 select * from goods where is_delete=0 order by add_time desc limit 0,20
15:51:31 use meiliyoupin;
15:51:31 set names utf8;
15:51:31 select * from configs
15:51:31 select * from admin_menu
15:51:31 select * from goods_type 
15:51:31 select count(id) from goods
15:51:31 use meiliyoupin;
15:51:31 set names utf8;
15:51:31 select * from configs
15:51:31 select * from admin_menu
15:51:31 select * from goods_type
15:51:32 use meiliyoupin;
15:51:32 set names utf8;
15:51:32 select * from configs
15:51:32 select * from admin_menu
15:51:32 select count(id) from goods where is_delete=1 order by add_time desc
15:51:32 select * from goods where is_delete=1 order by add_time desc limit 0,20
16:45:28 use meiliyoupin;
16:45:28 set names utf8;
16:45:28 select * from configs
16:45:28 select * from admin_menu
16:45:28 select * from shipping_type 
16:45:30 use meiliyoupin;
16:45:30 set names utf8;
16:45:30 select * from configs
16:45:30 select * from admin_menu
16:45:31 use meiliyoupin;
16:45:31 set names utf8;
16:45:31 select * from configs
16:45:31 select * from admin_menu
16:45:31 select * from shipping_type 
16:45:32 use meiliyoupin;
16:45:32 set names utf8;
16:45:32 select * from configs
16:45:32 select * from admin_menu
16:45:32 select * from shipping_type where id=2
16:45:32 select * from shipping_area where shipping_id=2
16:45:35 use meiliyoupin;
16:45:35 set names utf8;
16:45:35 select * from configs
16:45:35 select * from admin_menu
16:45:35 select * from region where region_type=1
16:45:35 select * from region where region_type=2
16:45:35 select * from region where region_type=3
16:45:43 use meiliyoupin;
16:45:43 set names utf8;
16:45:43 select * from configs
16:45:43 select * from admin_menu
16:45:43 select * from region where parent_id=5
16:45:46 use meiliyoupin;
16:45:46 set names utf8;
16:45:46 select * from configs
16:45:46 select * from admin_menu
16:45:46 select * from shipping_type where id=2
16:45:46 insert into shipping_area (shipping_area_name,shipping_id,configure) values ('dfgdf','2','a:3:{s:11:"first_price";d:8;s:10:"next_price";d:8;s:10:"free_price";d:300;}') ;
16:45:46 insert into area_region (shipping_area_id,region_id) values ('3','5') ;
16:45:46 use meiliyoupin;
16:45:46 set names utf8;
16:45:46 select * from configs
16:45:46 select * from admin_menu
16:45:47 use meiliyoupin;
16:45:47 set names utf8;
16:45:47 select * from configs
16:45:47 select * from admin_menu
16:45:47 select * from region where region_type=1
16:45:47 select * from region where region_type=2
16:45:47 select * from region where region_type=3
16:45:51 use meiliyoupin;
16:45:51 set names utf8;
16:45:51 select * from configs
16:45:51 select * from admin_menu
16:45:51 select * from shipping_type 
16:45:54 use meiliyoupin;
16:45:54 set names utf8;
16:45:54 select * from configs
16:45:54 select * from admin_menu
16:45:54 select * from shipping_type where id=2
16:45:54 select * from shipping_area where shipping_id=2
16:45:54 select r.region_name from area_region as a left join region as r on a.region_id=r.id where shipping_area_id=3
16:46:12 use meiliyoupin;
16:46:12 set names utf8;
16:46:12 select * from configs
16:46:12 select * from admin_menu
16:46:12 delete from articles where id=3
16:46:15 use meiliyoupin;
16:46:15 set names utf8;
16:46:15 select * from configs
16:46:15 select * from admin_menu
16:46:15 select * from shipping_type where id=2
16:46:15 select * from shipping_area where shipping_id=2
16:46:15 select r.region_name from area_region as a left join region as r on a.region_id=r.id where shipping_area_id=3
16:48:49 use meiliyoupin;
16:48:49 set names utf8;
16:48:49 select * from configs
16:48:49 select * from admin_menu
16:48:49 select * from shipping_type where id=2
16:48:49 select * from shipping_area where shipping_id=2
16:48:50 select r.region_name from area_region as a left join region as r on a.region_id=r.id where shipping_area_id=3
16:48:52 use meiliyoupin;
16:48:52 set names utf8;
16:48:52 select * from configs
16:48:52 select * from admin_menu
16:48:52 delete from shipping_area where id=3
16:48:52 use meiliyoupin;
16:48:52 set names utf8;
16:48:52 select * from configs
16:48:52 select * from admin_menu
16:48:54 use meiliyoupin;
16:48:54 set names utf8;
16:48:54 select * from configs
16:48:54 select * from admin_menu
16:48:54 select * from shipping_type where id=2
16:48:54 select * from shipping_area where shipping_id=2
16:48:57 use meiliyoupin;
16:48:57 set names utf8;
16:48:57 select * from configs
16:48:57 select * from admin_menu
16:48:57 select * from shipping_type where id=2
16:48:57 select * from shipping_area where shipping_id=2
16:49:45 use meiliyoupin;
16:49:45 set names utf8;
16:49:45 select * from configs
16:49:45 select * from admin_menu
16:49:45 select count(a.id) from articles as a left join article_type as b on a.type_id=b.id order by a.id desc
16:49:45 select a.*,b.type_name from articles as a left join article_type as b on a.type_id=b.id order by a.id desc limit 0,20
16:49:46 use meiliyoupin;
16:49:46 set names utf8;
16:49:46 select * from configs
16:49:46 select * from admin_menu
16:49:46 select * from article_type
16:49:47 use meiliyoupin;
16:49:47 set names utf8;
16:49:47 select * from configs
16:49:47 select * from admin_menu
16:49:47 select * from article_type
16:49:47 use meiliyoupin;
16:49:47 set names utf8;
16:49:47 select * from configs
16:49:47 select * from admin_menu
