08:33:49 use meiliyoupin;
08:33:49 set names utf8;
08:33:49 select * from configs
08:33:49 use meiliyoupin;
08:33:49 set names utf8;
08:33:49 select * from configs
08:33:50 select * from admin_menu
08:33:57 use meiliyoupin;
08:33:57 set names utf8;
08:33:57 select * from configs
08:33:57 select * from admin_menu
08:33:57 select * from admin where user_name='myadmin' and user_word='691c360156c27261b40c974ec0bf8f4a'
08:33:57 use meiliyoupin;
08:33:57 set names utf8;
08:33:57 select * from configs
08:33:57 select * from admin_menu
08:34:02 use meiliyoupin;
08:34:02 set names utf8;
08:34:02 select * from configs
08:34:02 select * from admin_menu
08:34:03 use meiliyoupin;
08:34:03 set names utf8;
08:34:03 select * from configs
08:34:03 select * from admin_menu
08:34:03 select * from shipping_type
08:34:04 use meiliyoupin;
08:34:04 set names utf8;
08:34:04 select * from configs
08:34:04 select * from admin_menu
08:34:05 use meiliyoupin;
08:34:05 set names utf8;
08:34:05 select * from configs
08:34:05 select * from admin_menu
08:34:05 use meiliyoupin;
08:34:05 set names utf8;
08:34:05 select * from configs
08:34:05 select * from admin_menu
08:34:05 select * from nav order by z_index desc
08:34:06 use meiliyoupin;
08:34:06 set names utf8;
08:34:06 select * from configs
08:34:06 select * from admin_menu
08:34:06 select * from focus_picture order by pic_index desc
08:34:07 use meiliyoupin;
08:34:07 set names utf8;
08:34:07 select * from configs
08:34:07 select * from admin_menu
08:34:07 select * from shipping_type
08:34:08 use meiliyoupin;
08:34:08 set names utf8;
08:34:08 select * from configs
08:34:08 select * from admin_menu
08:34:08 select * from shipping_type where id=2
08:34:08 select * from shipping_area where shipping_id=2
08:34:10 use meiliyoupin;
08:34:10 set names utf8;
08:34:10 select * from configs
08:34:10 select * from admin_menu
08:34:11 use meiliyoupin;
08:34:11 set names utf8;
08:34:11 select * from configs
08:34:11 select * from admin_menu
08:34:11 select * from shipping_type where id=2
08:34:11 select * from shipping_area where shipping_id=2
08:35:47 use meiliyoupin;
08:35:47 set names utf8;
08:35:47 select * from configs
08:35:47 select * from admin_menu
08:36:15 use meiliyoupin;
08:36:15 set names utf8;
08:36:15 select * from configs
08:36:15 select * from admin_menu
08:36:15 select * from shipping_type where id=2
08:36:15 select * from shipping_area where shipping_id=2
09:14:31 use meiliyoupin;
09:14:31 set names utf8;
09:14:31 select * from configs
09:14:31 select * from admin_menu
09:14:31 select * from shipping_type where id=2
09:14:31 select * from shipping_area where shipping_id=2
09:14:33 use meiliyoupin;
09:14:33 set names utf8;
09:14:33 select * from configs
09:14:33 select * from admin_menu
09:14:36 use meiliyoupin;
09:14:36 set names utf8;
09:14:36 select * from configs
09:14:36 select * from admin_menu
09:14:37 use meiliyoupin;
09:14:37 set names utf8;
09:14:37 select * from configs
09:14:37 select * from admin_menu
09:14:37 use meiliyoupin;
09:14:37 set names utf8;
09:14:37 select * from configs
09:14:37 select * from admin_menu
09:14:38 use meiliyoupin;
09:14:38 set names utf8;
09:14:38 select * from configs
09:14:38 select * from admin_menu
09:14:46 use meiliyoupin;
09:14:46 set names utf8;
09:14:46 select * from configs
09:14:46 select * from admin_menu
09:14:48 use meiliyoupin;
09:14:48 set names utf8;
09:14:48 select * from configs
09:14:48 select * from admin_menu
09:14:48 select * from shipping_type
09:14:51 use meiliyoupin;
09:14:51 set names utf8;
09:14:51 select * from configs
09:14:51 select * from admin_menu
09:14:51 select * from shipping_type where id=2
09:14:51 select * from shipping_area where shipping_id=2
09:16:13 use meiliyoupin;
09:16:13 set names utf8;
09:16:13 select * from configs
09:16:13 select * from admin_menu
09:16:13 select * from shipping_type where id=2
09:16:13 select * from shipping_area where shipping_id=2
09:16:14 use meiliyoupin;
09:16:14 set names utf8;
09:16:14 select * from configs
09:16:14 select * from admin_menu
09:16:14 select * from shipping_type where id=2
09:16:14 select * from shipping_area where shipping_id=2
09:16:14 use meiliyoupin;
09:16:14 set names utf8;
09:16:14 select * from configs
09:16:14 select * from admin_menu
09:16:14 select * from shipping_type where id=2
09:16:14 select * from shipping_area where shipping_id=2
09:16:20 use meiliyoupin;
09:16:20 set names utf8;
09:16:20 select * from configs
09:16:20 select * from admin_menu
09:16:23 use meiliyoupin;
09:16:23 set names utf8;
09:16:23 select * from configs
09:16:23 select * from admin_menu
09:16:23 select * from shipping_type
09:16:24 use meiliyoupin;
09:16:24 set names utf8;
09:16:24 select * from configs
09:16:24 select * from admin_menu
09:16:24 select * from shipping_type where id=2
09:16:24 select * from shipping_area where shipping_id=2
09:16:33 use meiliyoupin;
09:16:33 set names utf8;
09:16:33 select * from configs
09:16:33 select * from admin_menu
09:16:33 select * from shipping_type
09:16:58 use meiliyoupin;
09:16:58 set names utf8;
09:16:58 select * from configs
09:16:58 select * from admin_menu
09:17:01 use meiliyoupin;
09:17:01 set names utf8;
09:17:01 select * from configs
09:17:01 select * from admin_menu
09:17:01 select * from shipping_type
09:17:06 use meiliyoupin;
09:17:06 set names utf8;
09:17:06 select * from configs
09:17:06 select * from admin_menu
09:17:06 select * from shipping_type where id=2
09:17:06 select * from shipping_area where shipping_id=2
09:19:00 use meiliyoupin;
09:19:00 set names utf8;
09:19:00 select * from configs
09:19:00 select * from admin_menu
09:38:48 use meiliyoupin;
09:38:48 set names utf8;
09:38:48 select * from configs
09:38:48 select * from admin_menu
09:38:48 select * from region where region_type=1
09:38:48 select * from region where region_type=2
09:38:48 select * from region where region_type=3
09:39:25 use meiliyoupin;
09:39:25 set names utf8;
09:39:25 select * from configs
09:39:25 select * from admin_menu
09:39:25 select * from region where region_type=1
09:39:25 select * from region where region_type=2
09:39:25 select * from region where region_type=3
09:39:58 use meiliyoupin;
09:39:58 set names utf8;
09:39:58 select * from configs
09:39:58 select * from admin_menu
09:39:58 select * from region where region_type=1
09:39:58 select * from region where region_type=2
09:39:58 select * from region where region_type=3
09:40:00 use meiliyoupin;
09:40:00 set names utf8;
09:40:00 select * from configs
09:40:00 select * from admin_menu
09:40:00 select * from region where region_type=1
09:40:00 select * from region where region_type=2
09:40:00 select * from region where region_type=3
09:48:06 use meiliyoupin;
09:48:06 set names utf8;
09:48:06 select * from configs
09:48:06 select * from admin_menu
09:48:06 select * from region where region_type=1
09:48:06 select * from region where region_type=2
09:48:06 select * from region where region_type=3
09:48:45 use meiliyoupin;
09:48:45 set names utf8;
09:48:45 select * from configs
09:48:45 select * from admin_menu
09:48:45 select * from region where region_type=1
09:48:45 select * from region where region_type=2
09:48:45 select * from region where region_type=3
09:57:44 use meiliyoupin;
09:57:44 set names utf8;
09:57:44 select * from configs
09:57:44 select * from admin_menu
09:57:44 select * from region where region_type=1
09:57:44 select * from region where region_type=2
09:57:44 select * from region where region_type=3
09:58:40 use meiliyoupin;
09:58:40 set names utf8;
09:58:40 select * from configs
09:58:40 select * from admin_menu
09:58:40 select * from region where region_type=1
09:58:40 select * from region where region_type=2
09:58:40 select * from region where region_type=3
09:59:41 use meiliyoupin;
09:59:41 set names utf8;
09:59:41 select * from configs
09:59:41 select * from admin_menu
09:59:41 select * from region where region_type=1
09:59:41 select * from region where region_type=2
09:59:41 select * from region where region_type=3
10:00:45 use meiliyoupin;
10:00:45 set names utf8;
10:00:45 select * from configs
10:00:45 select * from admin_menu
10:00:45 select * from region where region_type=1
10:00:45 select * from region where region_type=2
10:00:45 select * from region where region_type=3
10:01:03 use meiliyoupin;
10:01:03 set names utf8;
10:01:03 select * from configs
10:01:03 select * from admin_menu
10:01:03 select * from region where region_type=1
10:01:03 select * from region where region_type=2
10:01:03 select * from region where region_type=3
10:04:26 use meiliyoupin;
10:04:26 set names utf8;
10:04:26 select * from configs
10:04:26 select * from admin_menu
10:04:26 select * from region where region_type=1
10:04:26 select * from region where region_type=2
10:04:26 select * from region where region_type=3
10:05:19 use meiliyoupin;
10:05:19 set names utf8;
10:05:19 select * from configs
10:05:19 select * from admin_menu
10:05:19 select * from region where region_type=1
10:05:19 select * from region where region_type=2
10:05:19 select * from region where region_type=3
10:06:15 use meiliyoupin;
10:06:15 set names utf8;
10:06:15 select * from configs
10:06:15 select * from admin_menu
10:06:15 select * from region where region_type=1
10:06:15 select * from region where region_type=2
10:06:16 select * from region where region_type=3
13:36:32 use meiliyoupin;
13:36:32 set names utf8;
13:36:32 select * from configs
13:36:32 use meiliyoupin;
13:36:32 set names utf8;
13:36:32 select * from configs
13:36:32 select * from admin_menu
13:37:02 use meiliyoupin;
13:37:02 set names utf8;
13:37:02 select * from configs
13:37:02 select * from admin_menu
13:37:02 select * from admin where user_name='myadmin' and user_word='691c360156c27261b40c974ec0bf8f4a'
13:37:02 use meiliyoupin;
13:37:02 set names utf8;
13:37:02 select * from configs
13:37:02 select * from admin_menu
13:37:05 use meiliyoupin;
13:37:05 set names utf8;
13:37:05 select * from configs
13:37:05 select * from admin_menu
13:37:05 select count(id) from goods where is_delete=0 order by add_time desc
13:37:05 select * from goods where is_delete=0 order by add_time desc limit 0,20
13:37:07 use meiliyoupin;
13:37:07 set names utf8;
13:37:07 select * from configs
13:37:07 select * from admin_menu
13:37:07 select * from goods_type 
13:37:07 select count(id) from goods
13:37:08 use meiliyoupin;
13:37:08 set names utf8;
13:37:08 select * from configs
13:37:08 select * from admin_menu
13:37:08 select * from goods_type
13:37:09 use meiliyoupin;
13:37:09 set names utf8;
13:37:09 select * from configs
13:37:09 select * from admin_menu
13:37:09 select * from goods_type
13:37:10 use meiliyoupin;
13:37:10 set names utf8;
13:37:10 select * from configs
13:37:10 select * from admin_menu
13:37:10 select * from goods_type
13:37:12 use meiliyoupin;
13:37:12 set names utf8;
13:37:12 select * from configs
13:37:12 select * from admin_menu
13:37:12 select * from shipping_type 
13:37:13 use meiliyoupin;
13:37:13 set names utf8;
13:37:13 select * from configs
13:37:13 select * from admin_menu
13:37:13 select * from shipping_type where id=2
13:37:13 select * from shipping_area where shipping_id=2
13:37:15 use meiliyoupin;
13:37:15 set names utf8;
13:37:15 select * from configs
13:37:15 select * from admin_menu
13:37:15 select * from region where region_type=1
13:37:15 select * from region where region_type=2
13:37:15 select * from region where region_type=3
14:06:28 use meiliyoupin;
14:06:28 set names utf8;
14:06:28 select * from configs
14:06:28 select * from admin_menu
14:06:28 select * from region where region_type=1
14:06:28 select * from region where region_type=2
14:06:28 select * from region where region_type=3
14:19:07 use meiliyoupin;
14:19:07 set names utf8;
14:19:07 select * from configs
14:19:07 select * from admin_menu
14:19:07 select * from region where region_type=1
14:19:07 select * from region where region_type=2
14:19:07 select * from region where region_type=3
14:24:09 use meiliyoupin;
14:24:09 set names utf8;
14:24:09 select * from configs
14:24:09 select * from admin_menu
14:24:09 select * from region where region_type=1
14:24:09 select * from region where region_type=2
14:24:09 select * from region where region_type=3
14:24:27 use meiliyoupin;
14:24:27 set names utf8;
14:24:27 select * from configs
14:24:27 select * from admin_menu
14:24:27 select * from region where region_type=1
14:24:27 select * from region where region_type=2
14:24:27 select * from region where region_type=3
14:24:30 use meiliyoupin;
14:24:30 set names utf8;
14:24:30 select * from configs
14:24:30 select * from admin_menu
14:24:30 select * from region where parent_id=3
14:28:32 use meiliyoupin;
14:28:32 set names utf8;
14:28:32 select * from configs
14:28:32 select * from admin_menu
14:28:32 select * from region where region_type=1
14:28:32 select * from region where region_type=2
14:28:32 select * from region where region_type=3
14:28:45 use meiliyoupin;
14:28:45 set names utf8;
14:28:45 select * from configs
14:28:45 use meiliyoupin;
14:28:45 set names utf8;
14:28:45 select * from configs
14:28:45 select * from admin_menu
14:28:50 use meiliyoupin;
14:28:50 set names utf8;
14:28:50 select * from configs
14:28:50 select * from admin_menu
14:28:50 select * from admin where user_name='myadmin' and user_word='691c360156c27261b40c974ec0bf8f4a'
14:28:54 use meiliyoupin;
14:28:54 set names utf8;
14:28:54 select * from configs
14:28:54 select * from admin_menu
14:32:27 use meiliyoupin;
14:32:27 set names utf8;
14:32:27 select * from configs
14:32:27 select * from admin_menu
14:32:27 select * from shipping_type 
14:53:11 use meiliyoupin;
14:53:11 set names utf8;
14:53:11 select * from configs
14:53:11 select * from admin_menu
14:53:14 use meiliyoupin;
14:53:14 set names utf8;
14:53:14 select * from configs
14:53:14 select * from admin_menu
14:53:14 use meiliyoupin;
14:53:14 set names utf8;
14:53:14 select * from configs
14:53:14 select * from admin_menu
14:53:16 use meiliyoupin;
14:53:16 set names utf8;
14:53:16 select * from configs
14:53:16 select * from admin_menu
14:53:17 use meiliyoupin;
14:53:17 set names utf8;
14:53:17 select * from configs
14:53:17 select * from admin_menu
14:53:17 select * from shipping_type 
14:53:19 use meiliyoupin;
14:53:19 set names utf8;
14:53:19 select * from configs
14:53:19 select * from admin_menu
14:53:19 select * from shipping_type where id=2
14:53:19 select * from shipping_area where shipping_id=2
14:53:20 use meiliyoupin;
14:53:20 set names utf8;
14:53:20 select * from configs
14:53:20 select * from admin_menu
14:53:20 select * from region where region_type=1
14:53:20 select * from region where region_type=2
14:53:20 select * from region where region_type=3
14:53:23 use meiliyoupin;
14:53:23 set names utf8;
14:53:23 select * from configs
14:53:23 select * from admin_menu
14:53:23 select * from region where parent_id=3
14:55:35 use meiliyoupin;
14:55:35 set names utf8;
14:55:35 select * from configs
14:55:35 select * from admin_menu
14:55:35 select * from region where region_type=1
14:55:35 select * from region where region_type=2
14:55:35 select * from region where region_type=3
14:55:57 use meiliyoupin;
14:55:57 set names utf8;
14:55:57 select * from configs
14:55:57 select * from admin_menu
14:55:57 select * from region where parent_id=2
14:56:08 use meiliyoupin;
14:56:08 set names utf8;
14:56:08 select * from configs
14:56:08 select * from admin_menu
14:56:08 select * from region where parent_id=3
14:56:16 use meiliyoupin;
14:56:16 set names utf8;
14:56:16 select * from configs
14:56:16 select * from admin_menu
14:56:16 select * from region where parent_id=4
14:59:35 use meiliyoupin;
14:59:35 set names utf8;
14:59:35 select * from configs
14:59:35 select * from admin_menu
14:59:35 select * from region where region_type=1
14:59:35 select * from region where region_type=2
14:59:35 select * from region where region_type=3
14:59:37 use meiliyoupin;
14:59:37 set names utf8;
14:59:37 select * from configs
14:59:37 select * from admin_menu
14:59:37 select * from region where parent_id=3
14:59:45 use meiliyoupin;
14:59:45 set names utf8;
14:59:45 select * from configs
14:59:45 select * from admin_menu
14:59:45 select * from region where parent_id=4
15:00:01 use meiliyoupin;
15:00:01 set names utf8;
15:00:01 select * from configs
15:00:01 select * from admin_menu
15:00:01 select * from region where region_type=1
15:00:01 select * from region where region_type=2
15:00:01 select * from region where region_type=3
15:00:03 use meiliyoupin;
15:00:03 set names utf8;
15:00:03 select * from configs
15:00:03 select * from admin_menu
15:00:03 select * from region where parent_id=3
15:00:05 use meiliyoupin;
15:00:05 set names utf8;
15:00:05 select * from configs
15:00:05 select * from admin_menu
15:00:05 select * from region where parent_id=51
15:00:13 use meiliyoupin;
15:00:13 set names utf8;
15:00:13 select * from configs
15:00:13 select * from admin_menu
15:00:49 use meiliyoupin;
15:00:49 set names utf8;
15:00:49 select * from configs
15:00:49 select * from admin_menu
15:00:49 select * from region where region_type=1
15:00:49 select * from region where region_type=2
15:00:49 select * from region where region_type=3
15:00:51 use meiliyoupin;
15:00:51 set names utf8;
15:00:51 select * from configs
15:00:51 select * from admin_menu
15:00:51 select * from region where parent_id=3
15:00:55 use meiliyoupin;
15:00:55 set names utf8;
15:00:55 select * from configs
15:00:55 select * from admin_menu
15:00:55 select * from region where parent_id=3401
15:01:06 use meiliyoupin;
15:01:06 set names utf8;
15:01:06 select * from configs
15:01:06 select * from admin_menu
15:01:06 select * from region where parent_id=5
15:06:26 use meiliyoupin;
15:06:26 set names utf8;
15:06:26 select * from configs
15:06:26 select * from admin_menu
15:06:26 select * from region where region_type=1
15:06:26 select * from region where region_type=2
15:06:26 select * from region where region_type=3
15:06:28 use meiliyoupin;
15:06:28 set names utf8;
15:06:28 select * from configs
15:06:28 select * from admin_menu
15:06:28 select * from region where parent_id=3
15:06:29 use meiliyoupin;
15:06:29 set names utf8;
15:06:29 select * from configs
15:06:29 select * from admin_menu
15:06:29 select * from region where parent_id=49
15:06:33 use meiliyoupin;
15:06:33 set names utf8;
15:06:33 select * from configs
15:06:33 select * from admin_menu
15:06:33 select * from region where parent_id=50
15:06:35 use meiliyoupin;
15:06:35 set names utf8;
15:06:35 select * from configs
15:06:35 select * from admin_menu
15:06:35 select * from region where parent_id=4
15:06:37 use meiliyoupin;
15:06:37 set names utf8;
15:06:37 select * from configs
15:06:37 select * from admin_menu
15:06:37 select * from region where parent_id=3
15:06:47 use meiliyoupin;
15:06:47 set names utf8;
15:06:47 select * from configs
15:06:47 select * from admin_menu
15:06:47 select * from region where parent_id=5
15:06:59 use meiliyoupin;
15:06:59 set names utf8;
15:06:59 select * from configs
15:06:59 select * from admin_menu
15:06:59 select * from region where region_type=1
15:06:59 select * from region where region_type=2
15:06:59 select * from region where region_type=3
15:07:01 use meiliyoupin;
15:07:01 set names utf8;
15:07:01 select * from configs
15:07:01 select * from admin_menu
15:07:01 select * from region where parent_id=4
15:07:02 use meiliyoupin;
15:07:02 set names utf8;
15:07:02 select * from configs
15:07:02 select * from admin_menu
15:07:02 select * from region where parent_id=58
15:07:04 use meiliyoupin;
15:07:04 set names utf8;
15:07:04 select * from configs
15:07:04 select * from admin_menu
15:07:04 select * from region where parent_id=7
15:07:06 use meiliyoupin;
15:07:06 set names utf8;
15:07:06 select * from configs
15:07:06 select * from admin_menu
15:07:06 select * from region where parent_id=2
15:07:09 use meiliyoupin;
15:07:09 set names utf8;
15:07:09 select * from configs
15:07:09 select * from admin_menu
15:07:09 select * from region where parent_id=6
15:07:14 use meiliyoupin;
15:07:14 set names utf8;
15:07:14 select * from configs
15:07:14 select * from admin_menu
15:07:14 select * from region where parent_id=3
15:07:16 use meiliyoupin;
15:07:16 set names utf8;
15:07:16 select * from configs
15:07:16 select * from admin_menu
15:07:16 select * from region where parent_id=2
15:07:18 use meiliyoupin;
15:07:18 set names utf8;
15:07:18 select * from configs
15:07:18 select * from admin_menu
15:07:18 select * from region where parent_id=7
15:07:35 use meiliyoupin;
15:07:35 set names utf8;
15:07:35 select * from configs
15:07:35 select * from admin_menu
15:07:35 select * from region where parent_id=3
15:08:49 use meiliyoupin;
15:08:49 set names utf8;
15:08:49 select * from configs
15:08:49 select * from admin_menu
15:08:49 select * from region where parent_id=51
15:09:28 use meiliyoupin;
15:09:28 set names utf8;
15:09:28 select * from configs
15:09:28 select * from admin_menu
15:09:28 select * from region where region_type=1
15:09:28 select * from region where region_type=2
15:09:28 select * from region where region_type=3
15:09:30 use meiliyoupin;
15:09:30 set names utf8;
15:09:30 select * from configs
15:09:30 select * from admin_menu
15:09:30 select * from region where parent_id=4
15:09:32 use meiliyoupin;
15:09:32 set names utf8;
15:09:32 select * from configs
15:09:32 select * from admin_menu
15:09:32 select * from region where parent_id=60
15:09:35 use meiliyoupin;
15:09:35 set names utf8;
15:09:35 select * from configs
15:09:35 select * from admin_menu
15:09:35 select * from region where parent_id=2
15:09:37 use meiliyoupin;
15:09:37 set names utf8;
15:09:37 select * from configs
15:09:37 select * from admin_menu
15:09:37 select * from region where parent_id=4
15:09:42 use meiliyoupin;
15:09:42 set names utf8;
15:09:42 select * from configs
15:09:42 select * from admin_menu
15:09:42 select * from region where parent_id=58
15:09:46 use meiliyoupin;
15:09:46 set names utf8;
15:09:46 select * from configs
15:09:46 select * from admin_menu
15:09:46 select * from region where parent_id=7
15:11:06 use meiliyoupin;
15:11:06 set names utf8;
15:11:06 select * from configs
15:11:06 select * from admin_menu
15:11:06 select * from region where region_type=1
15:11:06 select * from region where region_type=2
15:11:06 select * from region where region_type=3
15:11:09 use meiliyoupin;
15:11:09 set names utf8;
15:11:09 select * from configs
15:11:09 select * from admin_menu
15:11:09 select * from region where parent_id=6
15:11:10 use meiliyoupin;
15:11:10 set names utf8;
15:11:10 select * from configs
15:11:10 select * from admin_menu
15:11:10 select * from region where parent_id=92
15:11:13 use meiliyoupin;
15:11:13 set names utf8;
15:11:13 select * from configs
15:11:13 select * from admin_menu
15:11:13 select * from region where parent_id=3
15:11:15 use meiliyoupin;
15:11:15 set names utf8;
15:11:15 select * from configs
15:11:15 select * from admin_menu
15:11:15 select * from region where parent_id=49
15:11:18 use meiliyoupin;
15:11:18 set names utf8;
15:11:18 select * from configs
15:11:18 select * from admin_menu
15:11:18 select * from region where parent_id=2
15:11:19 use meiliyoupin;
15:11:19 set names utf8;
15:11:19 select * from configs
15:11:19 select * from admin_menu
15:11:19 select * from region where parent_id=52
15:13:05 use meiliyoupin;
15:13:05 set names utf8;
15:13:05 select * from configs
15:13:05 select * from admin_menu
15:13:05 select * from region where parent_id=6
15:13:06 use meiliyoupin;
15:13:06 set names utf8;
15:13:06 select * from configs
15:13:06 select * from admin_menu
15:13:06 select * from region where parent_id=92
15:13:09 use meiliyoupin;
15:13:09 set names utf8;
15:13:09 select * from configs
15:13:09 select * from admin_menu
15:13:09 select * from region where parent_id=4
15:13:10 use meiliyoupin;
15:13:10 set names utf8;
15:13:10 select * from configs
15:13:10 select * from admin_menu
15:13:10 select * from region where parent_id=6
15:13:11 use meiliyoupin;
15:13:11 set names utf8;
15:13:11 select * from configs
15:13:11 select * from admin_menu
15:13:11 select * from region where parent_id=92
15:13:14 use meiliyoupin;
15:13:14 set names utf8;
15:13:14 select * from configs
15:13:14 select * from admin_menu
15:13:14 select * from region where parent_id=96
15:13:15 use meiliyoupin;
15:13:15 set names utf8;
15:13:15 select * from configs
15:13:15 select * from admin_menu
15:13:15 select * from region where parent_id=7
15:13:16 use meiliyoupin;
15:13:16 set names utf8;
15:13:16 select * from configs
15:13:16 select * from admin_menu
15:13:16 select * from region where parent_id=105
15:13:18 use meiliyoupin;
15:13:18 set names utf8;
15:13:18 select * from configs
15:13:18 select * from admin_menu
15:13:18 select * from region where parent_id=4
15:13:20 use meiliyoupin;
15:13:20 set names utf8;
15:13:20 select * from configs
15:13:20 select * from admin_menu
15:13:20 select * from region where parent_id=56
15:13:23 use meiliyoupin;
15:13:23 set names utf8;
15:13:23 select * from configs
15:13:23 select * from admin_menu
15:13:23 select * from region where parent_id=3
15:13:24 use meiliyoupin;
15:13:24 set names utf8;
15:13:24 select * from configs
15:13:24 select * from admin_menu
15:13:24 select * from region where parent_id=49
15:13:28 use meiliyoupin;
15:13:28 set names utf8;
15:13:28 select * from configs
15:13:28 select * from admin_menu
15:13:28 select * from region where parent_id=7
15:13:29 use meiliyoupin;
15:13:29 set names utf8;
15:13:29 select * from configs
15:13:29 select * from admin_menu
15:13:29 select * from region where parent_id=105
15:15:35 use meiliyoupin;
15:15:35 set names utf8;
15:15:35 select * from configs
15:15:35 select * from admin_menu
15:15:35 select * from region where region_type=1
15:15:35 select * from region where region_type=2
15:15:35 select * from region where region_type=3
15:15:36 use meiliyoupin;
15:15:36 set names utf8;
15:15:36 select * from configs
15:15:36 select * from admin_menu
15:15:36 select * from region where parent_id=7
15:15:37 use meiliyoupin;
15:15:37 set names utf8;
15:15:37 select * from configs
15:15:37 select * from admin_menu
15:15:37 select * from region where parent_id=106
15:38:23 use meiliyoupin;
15:38:23 set names utf8;
15:38:23 select * from configs
15:38:23 select * from admin_menu
15:38:23 select * from region where region_type=1
15:38:23 select * from region where region_type=2
15:38:23 select * from region where region_type=3
15:38:25 use meiliyoupin;
15:38:25 set names utf8;
15:38:25 select * from configs
15:38:25 select * from admin_menu
15:38:25 select * from region where parent_id=2
15:38:39 use meiliyoupin;
15:38:39 set names utf8;
15:38:39 select * from configs
15:38:39 select * from admin_menu
15:38:39 select * from region where region_type=1
15:38:39 select * from region where region_type=2
15:38:39 select * from region where region_type=3
15:38:55 use meiliyoupin;
15:38:55 set names utf8;
15:38:55 select * from configs
15:38:55 select * from admin_menu
15:38:55 select * from region where region_type=1
15:38:55 select * from region where region_type=2
15:38:55 select * from region where region_type=3
15:39:01 use meiliyoupin;
15:39:01 set names utf8;
15:39:01 select * from configs
15:39:01 select * from admin_menu
15:39:01 select * from region where region_type=1
15:39:01 select * from region where region_type=2
15:39:01 select * from region where region_type=3
15:40:21 use meiliyoupin;
15:40:21 set names utf8;
15:40:21 select * from configs
15:40:21 select * from admin_menu
15:40:21 select * from region where region_type=1
15:40:21 select * from region where region_type=2
15:40:21 select * from region where region_type=3
15:40:22 use meiliyoupin;
15:40:22 set names utf8;
15:40:22 select * from configs
15:40:22 select * from admin_menu
15:40:22 select * from region where region_type=1
15:40:22 select * from region where region_type=2
15:40:22 select * from region where region_type=3
15:40:22 use meiliyoupin;
15:40:22 set names utf8;
15:40:22 select * from configs
15:40:22 select * from admin_menu
15:40:22 select * from region where region_type=1
15:40:22 select * from region where region_type=2
15:40:22 select * from region where region_type=3
15:40:22 use meiliyoupin;
15:40:22 set names utf8;
15:40:22 select * from configs
15:40:22 select * from admin_menu
15:40:22 select * from region where region_type=1
15:40:22 select * from region where region_type=2
15:40:22 select * from region where region_type=3
15:40:22 use meiliyoupin;
15:40:22 set names utf8;
15:40:22 select * from configs
15:40:22 select * from admin_menu
15:40:22 select * from region where region_type=1
15:40:22 select * from region where region_type=2
15:40:22 select * from region where region_type=3
15:40:29 use meiliyoupin;
15:40:29 set names utf8;
15:40:29 select * from configs
15:40:29 select * from admin_menu
15:40:29 select * from region where region_type=1
15:40:29 select * from region where region_type=2
15:40:29 select * from region where region_type=3
15:40:37 use meiliyoupin;
15:40:37 set names utf8;
15:40:37 select * from configs
15:40:37 select * from admin_menu
15:40:37 select * from region where region_type=1
15:40:37 select * from region where region_type=2
15:40:37 select * from region where region_type=3
15:43:05 use meiliyoupin;
15:43:05 set names utf8;
15:43:05 select * from configs
15:43:05 select * from admin_menu
15:43:05 select * from region where region_type=1
15:43:05 select * from region where region_type=2
15:43:05 select * from region where region_type=3
15:43:46 use meiliyoupin;
15:43:46 set names utf8;
15:43:46 select * from configs
15:43:46 select * from admin_menu
15:43:46 select * from region where region_type=1
15:43:46 select * from region where region_type=2
15:43:46 select * from region where region_type=3
15:44:02 use meiliyoupin;
15:44:02 set names utf8;
15:44:02 select * from configs
15:44:02 select * from admin_menu
15:44:02 select * from region where parent_id=4
15:44:49 use meiliyoupin;
15:44:49 set names utf8;
15:44:49 select * from configs
15:44:49 select * from admin_menu
15:44:49 select * from region where region_type=1
15:44:49 select * from region where region_type=2
15:44:49 select * from region where region_type=3
15:44:51 use meiliyoupin;
15:44:51 set names utf8;
15:44:51 select * from configs
15:44:51 select * from admin_menu
15:44:51 select * from region where parent_id=7
15:45:00 use meiliyoupin;
15:45:00 set names utf8;
15:45:00 select * from configs
15:45:00 select * from admin_menu
15:45:00 select * from region where region_type=1
15:45:00 select * from region where region_type=2
15:45:00 select * from region where region_type=3
15:45:02 use meiliyoupin;
15:45:02 set names utf8;
15:45:02 select * from configs
15:45:02 select * from admin_menu
15:45:02 select * from region where parent_id=4
15:47:28 use meiliyoupin;
15:47:28 set names utf8;
15:47:28 select * from configs
15:47:28 select * from admin_menu
15:47:28 select * from region where region_type=1
15:47:28 select * from region where region_type=2
15:47:28 select * from region where region_type=3
15:47:30 use meiliyoupin;
15:47:30 set names utf8;
15:47:30 select * from configs
15:47:30 select * from admin_menu
15:47:30 select * from region where parent_id=5
15:48:03 use meiliyoupin;
15:48:03 set names utf8;
15:48:03 select * from configs
15:48:03 select * from admin_menu
15:48:03 select * from region where region_type=1
15:48:03 select * from region where region_type=2
15:48:03 select * from region where region_type=3
15:48:06 use meiliyoupin;
15:48:06 set names utf8;
15:48:06 select * from configs
15:48:06 select * from admin_menu
15:48:06 select * from region where parent_id=6
15:49:04 use meiliyoupin;
15:49:04 set names utf8;
15:49:04 select * from configs
15:49:04 select * from admin_menu
15:49:04 select * from region where region_type=1
15:49:04 select * from region where region_type=2
15:49:04 select * from region where region_type=3
15:49:06 use meiliyoupin;
15:49:06 set names utf8;
15:49:06 select * from configs
15:49:06 select * from admin_menu
15:49:06 select * from region where parent_id=6
15:50:25 use meiliyoupin;
15:50:25 set names utf8;
15:50:25 select * from configs
15:50:25 select * from admin_menu
15:50:25 select * from region where region_type=1
15:50:25 select * from region where region_type=2
15:50:25 select * from region where region_type=3
15:50:26 use meiliyoupin;
15:50:26 set names utf8;
15:50:26 select * from configs
15:50:26 select * from admin_menu
15:50:26 select * from region where parent_id=5
15:50:51 use meiliyoupin;
15:50:51 set names utf8;
15:50:51 select * from configs
15:50:51 select * from admin_menu
15:50:51 select * from region where region_type=1
15:50:51 select * from region where region_type=2
15:50:51 select * from region where region_type=3
15:50:53 use meiliyoupin;
15:50:53 set names utf8;
15:50:53 select * from configs
15:50:53 select * from admin_menu
15:50:53 select * from region where parent_id=6
16:22:42 use meiliyoupin;
16:22:42 set names utf8;
16:22:42 select * from configs
16:22:42 select * from admin_menu
16:22:42 select * from region where region_type=1
16:22:42 select * from region where region_type=2
16:22:42 select * from region where region_type=3
16:22:44 use meiliyoupin;
16:22:44 set names utf8;
16:22:44 select * from configs
16:22:44 select * from admin_menu
16:22:44 select * from region where parent_id=4
16:22:48 use meiliyoupin;
16:22:48 set names utf8;
16:22:48 select * from configs
16:22:48 select * from admin_menu
16:22:48 select * from region where parent_id=59
16:22:52 use meiliyoupin;
16:22:52 set names utf8;
16:22:52 select * from configs
16:22:52 select * from admin_menu
16:22:52 select * from region where parent_id=7
16:24:24 use meiliyoupin;
16:24:24 set names utf8;
16:24:24 select * from configs
16:24:24 select * from admin_menu
16:24:24 select * from region where region_type=1
16:24:24 select * from region where region_type=2
16:24:24 select * from region where region_type=3
16:24:26 use meiliyoupin;
16:24:26 set names utf8;
16:24:26 select * from configs
16:24:26 select * from admin_menu
16:24:26 select * from region where parent_id=3
16:26:02 use meiliyoupin;
16:26:02 set names utf8;
16:26:02 select * from configs
16:26:02 select * from admin_menu
16:26:02 select * from region where parent_id=5
16:26:34 use meiliyoupin;
16:26:34 set names utf8;
16:26:34 select * from configs
16:26:34 select * from admin_menu
16:26:34 select * from region where region_type=1
16:26:34 select * from region where region_type=2
16:26:34 select * from region where region_type=3
16:26:37 use meiliyoupin;
16:26:37 set names utf8;
16:26:37 select * from configs
16:26:37 select * from admin_menu
16:26:37 select * from region where parent_id=4
16:26:43 use meiliyoupin;
16:26:43 set names utf8;
16:26:43 select * from configs
16:26:43 select * from admin_menu
16:26:43 select * from region where parent_id=5
16:27:39 use meiliyoupin;
16:27:39 set names utf8;
16:27:39 select * from configs
16:27:39 select * from admin_menu
16:27:39 select * from region where parent_id=4
16:27:43 use meiliyoupin;
16:27:43 set names utf8;
16:27:43 select * from configs
16:27:43 select * from admin_menu
16:27:43 select * from region where region_type=1
16:27:43 select * from region where region_type=2
16:27:43 select * from region where region_type=3
16:27:45 use meiliyoupin;
16:27:45 set names utf8;
16:27:45 select * from configs
16:27:45 select * from admin_menu
16:27:45 select * from region where parent_id=4
16:28:08 use meiliyoupin;
16:28:08 set names utf8;
16:28:08 select * from configs
16:28:08 select * from admin_menu
16:28:08 select * from region where region_type=1
16:28:08 select * from region where region_type=2
16:28:08 select * from region where region_type=3
16:28:11 use meiliyoupin;
16:28:11 set names utf8;
16:28:11 select * from configs
16:28:11 select * from admin_menu
16:28:11 select * from region where parent_id=4
16:28:37 use meiliyoupin;
16:28:37 set names utf8;
16:28:37 select * from configs
16:28:37 select * from admin_menu
16:28:37 select * from region where region_type=1
16:28:37 select * from region where region_type=2
16:28:37 select * from region where region_type=3
16:28:39 use meiliyoupin;
16:28:39 set names utf8;
16:28:39 select * from configs
16:28:39 select * from admin_menu
16:28:39 select * from region where parent_id=4
16:29:11 use meiliyoupin;
16:29:11 set names utf8;
16:29:11 select * from configs
16:29:11 select * from admin_menu
16:29:11 select * from region where region_type=1
16:29:11 select * from region where region_type=2
16:29:11 select * from region where region_type=3
16:29:13 use meiliyoupin;
16:29:13 set names utf8;
16:29:13 select * from configs
16:29:13 select * from admin_menu
16:29:13 select * from region where parent_id=3
16:29:30 use meiliyoupin;
16:29:30 set names utf8;
16:29:30 select * from configs
16:29:30 select * from admin_menu
16:29:30 select * from region where region_type=1
16:29:30 select * from region where region_type=2
16:29:30 select * from region where region_type=3
16:29:32 use meiliyoupin;
16:29:32 set names utf8;
16:29:32 select * from configs
16:29:32 select * from admin_menu
16:29:32 select * from region where parent_id=3
16:29:55 use meiliyoupin;
16:29:55 set names utf8;
16:29:55 select * from configs
16:29:55 select * from admin_menu
16:29:55 select * from region where region_type=1
16:29:55 select * from region where region_type=2
16:29:55 select * from region where region_type=3
16:29:58 use meiliyoupin;
16:29:58 set names utf8;
16:29:58 select * from configs
16:29:58 select * from admin_menu
16:29:58 select * from region where parent_id=4
16:30:07 use meiliyoupin;
16:30:07 set names utf8;
16:30:07 select * from configs
16:30:07 select * from admin_menu
16:30:07 select * from region where region_type=1
16:30:07 select * from region where region_type=2
16:30:07 select * from region where region_type=3
16:30:09 use meiliyoupin;
16:30:09 set names utf8;
16:30:09 select * from configs
16:30:09 select * from admin_menu
16:30:09 select * from region where parent_id=6
16:30:12 use meiliyoupin;
16:30:12 set names utf8;
16:30:12 select * from configs
16:30:12 select * from admin_menu
16:30:12 select * from region where parent_id=5
16:30:14 use meiliyoupin;
16:30:14 set names utf8;
16:30:14 select * from configs
16:30:14 select * from admin_menu
16:30:14 select * from region where parent_id=4
16:30:17 use meiliyoupin;
16:30:17 set names utf8;
16:30:17 select * from configs
16:30:17 select * from admin_menu
16:30:17 select * from region where parent_id=2
16:30:20 use meiliyoupin;
16:30:20 set names utf8;
16:30:20 select * from configs
16:30:20 select * from admin_menu
16:30:20 select * from region where parent_id=5
16:30:26 use meiliyoupin;
16:30:26 set names utf8;
16:30:26 select * from configs
16:30:26 select * from admin_menu
16:30:26 select * from region where parent_id=6
16:30:33 use meiliyoupin;
16:30:33 set names utf8;
16:30:33 select * from configs
16:30:33 select * from admin_menu
16:30:33 select * from region where parent_id=7
16:30:38 use meiliyoupin;
16:30:38 set names utf8;
16:30:38 select * from configs
16:30:38 select * from admin_menu
16:30:38 select * from region where parent_id=8
16:30:44 use meiliyoupin;
16:30:44 set names utf8;
16:30:44 select * from configs
16:30:44 select * from admin_menu
16:30:44 select * from region where parent_id=9
16:30:50 use meiliyoupin;
16:30:50 set names utf8;
16:30:50 select * from configs
16:30:50 select * from admin_menu
16:30:50 select * from region where parent_id=10
16:30:53 use meiliyoupin;
16:30:53 set names utf8;
16:30:53 select * from configs
16:30:53 select * from admin_menu
16:30:53 select * from region where parent_id=12
16:30:57 use meiliyoupin;
16:30:57 set names utf8;
16:30:57 select * from configs
16:30:58 select * from admin_menu
16:30:58 select * from region where parent_id=16
16:31:25 use meiliyoupin;
16:31:25 set names utf8;
16:31:25 select * from configs
16:31:25 select * from admin_menu
16:31:25 select * from region where region_type=1
16:31:25 select * from region where region_type=2
16:31:26 select * from region where region_type=3
16:31:27 use meiliyoupin;
16:31:27 set names utf8;
16:31:27 select * from configs
16:31:27 select * from admin_menu
16:31:27 select * from region where parent_id=2
16:31:29 use meiliyoupin;
16:31:29 set names utf8;
16:31:29 select * from configs
16:31:29 select * from admin_menu
16:31:29 select * from region where parent_id=4
16:31:31 use meiliyoupin;
16:31:31 set names utf8;
16:31:31 select * from configs
16:31:31 select * from admin_menu
16:31:31 select * from region where parent_id=5
16:32:43 use meiliyoupin;
16:32:43 set names utf8;
16:32:43 select * from configs
16:32:43 select * from admin_menu
16:32:43 select * from region where region_type=1
16:32:43 select * from region where region_type=2
16:32:43 select * from region where region_type=3
16:32:43 use meiliyoupin;
16:32:43 set names utf8;
16:32:43 select * from configs
16:32:43 select * from admin_menu
16:32:43 select * from region where region_type=1
16:32:43 select * from region where region_type=2
16:32:43 select * from region where region_type=3
16:32:44 use meiliyoupin;
16:32:44 set names utf8;
16:32:44 select * from configs
16:32:44 select * from admin_menu
16:32:44 select * from region where region_type=1
16:32:44 select * from region where region_type=2
16:32:44 select * from region where region_type=3
16:32:46 use meiliyoupin;
16:32:46 set names utf8;
16:32:46 select * from configs
16:32:46 select * from admin_menu
16:32:46 select * from region where parent_id=4
16:32:48 use meiliyoupin;
16:32:48 set names utf8;
16:32:48 select * from configs
16:32:48 select * from admin_menu
16:32:48 select * from region where parent_id=5
16:32:53 use meiliyoupin;
16:32:53 set names utf8;
16:32:53 select * from configs
16:32:53 select * from admin_menu
16:32:53 select * from region where parent_id=11
16:33:27 use meiliyoupin;
16:33:27 set names utf8;
16:33:27 select * from configs
16:33:27 select * from admin_menu
16:33:27 select * from region where region_type=1
16:33:27 select * from region where region_type=2
16:33:27 select * from region where region_type=3
16:33:30 use meiliyoupin;
16:33:30 set names utf8;
16:33:30 select * from configs
16:33:30 select * from admin_menu
16:33:30 select * from region where parent_id=3
16:33:32 use meiliyoupin;
16:33:32 set names utf8;
16:33:32 select * from configs
16:33:32 select * from admin_menu
16:33:32 select * from region where parent_id=4
16:33:34 use meiliyoupin;
16:33:34 set names utf8;
16:33:34 select * from configs
16:33:34 select * from admin_menu
16:33:34 select * from region where parent_id=6
16:34:13 use meiliyoupin;
16:34:13 set names utf8;
16:34:13 select * from configs
16:34:13 select * from admin_menu
16:34:13 select * from region where region_type=1
16:34:13 select * from region where region_type=2
16:34:13 select * from region where region_type=3
16:34:15 use meiliyoupin;
16:34:15 set names utf8;
16:34:15 select * from configs
16:34:15 select * from admin_menu
16:34:15 select * from region where parent_id=3
16:34:18 use meiliyoupin;
16:34:18 set names utf8;
16:34:18 select * from configs
16:34:18 select * from admin_menu
16:34:18 select * from region where parent_id=5
16:34:24 use meiliyoupin;
16:34:24 set names utf8;
16:34:24 select * from configs
16:34:24 select * from admin_menu
16:34:24 select * from region where parent_id=2
16:35:15 use meiliyoupin;
16:35:15 set names utf8;
16:35:15 select * from configs
16:35:15 select * from admin_menu
16:35:15 select * from region where region_type=1
16:35:15 select * from region where region_type=2
16:35:15 select * from region where region_type=3
16:35:17 use meiliyoupin;
16:35:17 set names utf8;
16:35:17 select * from configs
16:35:17 select * from admin_menu
16:35:17 select * from region where parent_id=4
16:35:20 use meiliyoupin;
16:35:20 set names utf8;
16:35:20 select * from configs
16:35:20 select * from admin_menu
16:35:20 select * from region where parent_id=5
16:35:23 use meiliyoupin;
16:35:23 set names utf8;
16:35:23 select * from configs
16:35:23 select * from admin_menu
16:35:23 select * from region where parent_id=2
16:36:15 use meiliyoupin;
16:36:15 set names utf8;
16:36:15 select * from configs
16:36:15 select * from admin_menu
16:36:15 select * from region where region_type=1
16:36:15 select * from region where region_type=2
16:36:15 select * from region where region_type=3
16:36:18 use meiliyoupin;
16:36:18 set names utf8;
16:36:18 select * from configs
16:36:18 select * from admin_menu
16:36:18 select * from region where parent_id=2
16:36:20 use meiliyoupin;
16:36:20 set names utf8;
16:36:20 select * from configs
16:36:20 select * from admin_menu
16:36:20 select * from region where parent_id=3
16:36:22 use meiliyoupin;
16:36:22 set names utf8;
16:36:22 select * from configs
16:36:22 select * from admin_menu
16:36:22 select * from region where parent_id=4
16:36:25 use meiliyoupin;
16:36:25 set names utf8;
16:36:25 select * from configs
16:36:25 select * from admin_menu
16:36:25 select * from region where parent_id=5
16:37:46 use meiliyoupin;
16:37:46 set names utf8;
16:37:46 select * from configs
16:37:46 select * from admin_menu
16:37:46 select * from region where region_type=1
16:37:46 select * from region where region_type=2
16:37:46 select * from region where region_type=3
16:37:48 use meiliyoupin;
16:37:48 set names utf8;
16:37:48 select * from configs
16:37:48 select * from admin_menu
16:37:48 select * from region where parent_id=3
16:37:49 use meiliyoupin;
16:37:49 set names utf8;
16:37:49 select * from configs
16:37:49 select * from admin_menu
16:37:49 select * from region where parent_id=50
16:37:56 use meiliyoupin;
16:37:56 set names utf8;
16:37:56 select * from configs
16:37:56 select * from admin_menu
16:37:56 select * from region where parent_id=4
16:37:58 use meiliyoupin;
16:37:58 set names utf8;
16:37:58 select * from configs
16:37:58 select * from admin_menu
16:37:58 select * from region where parent_id=6
16:38:01 use meiliyoupin;
16:38:01 set names utf8;
16:38:01 select * from configs
16:38:01 select * from admin_menu
16:38:01 select * from region where parent_id=12
16:38:34 use meiliyoupin;
16:38:34 set names utf8;
16:38:34 select * from configs
16:38:34 select * from admin_menu
16:38:34 select * from shipping_type 
16:38:41 use meiliyoupin;
16:38:41 set names utf8;
16:38:41 select * from configs
16:38:41 select * from admin_menu
16:38:41 select * from shipping_type 
16:39:02 use meiliyoupin;
16:39:02 set names utf8;
16:39:02 select * from configs
16:39:02 select * from admin_menu
16:39:02 select * from shipping_type 
16:39:07 use meiliyoupin;
16:39:07 set names utf8;
16:39:07 select * from configs
16:39:07 select * from admin_menu
16:39:08 use meiliyoupin;
16:39:08 set names utf8;
16:39:08 select * from configs
16:39:08 select * from admin_menu
16:39:08 use meiliyoupin;
16:39:08 set names utf8;
16:39:08 select * from configs
16:39:08 select * from admin_menu
16:39:08 select * from shipping_type 
16:39:10 use meiliyoupin;
16:39:10 set names utf8;
16:39:10 select * from configs
16:39:10 select * from admin_menu
16:39:40 use meiliyoupin;
16:39:40 set names utf8;
16:39:40 select * from configs
16:39:40 select * from admin_menu
16:39:40 select * from shipping_type 
16:39:56 use meiliyoupin;
16:39:56 set names utf8;
16:39:56 select * from configs
16:39:56 select * from admin_menu
16:39:56 select * from shipping_type 
16:39:57 use meiliyoupin;
16:39:57 set names utf8;
16:39:57 select * from configs
16:39:57 select * from admin_menu
16:40:00 use meiliyoupin;
16:40:00 set names utf8;
16:40:00 select * from configs
16:40:00 select * from admin_menu
16:40:00 select * from shipping_type 
16:40:01 use meiliyoupin;
16:40:01 set names utf8;
16:40:01 select * from configs
16:40:01 select * from admin_menu
16:40:01 select * from shipping_type where id=2
16:40:01 select * from shipping_area where shipping_id=2
16:40:06 use meiliyoupin;
16:40:06 set names utf8;
16:40:06 select * from configs
16:40:06 select * from admin_menu
16:40:06 select * from shipping_type 
16:41:29 use meiliyoupin;
16:41:29 set names utf8;
16:41:29 select * from configs
16:41:29 select * from admin_menu
16:41:29 select * from shipping_type 
16:41:31 use meiliyoupin;
16:41:31 set names utf8;
16:41:31 select * from configs
16:41:31 select * from admin_menu
16:41:31 select * from shipping_type where id=2
16:41:31 select * from shipping_area where shipping_id=2
16:41:34 use meiliyoupin;
16:41:34 set names utf8;
16:41:34 select * from configs
16:41:34 select * from admin_menu
16:41:34 select * from region where region_type=1
16:41:34 select * from region where region_type=2
16:41:34 select * from region where region_type=3
16:41:38 use meiliyoupin;
16:41:38 set names utf8;
16:41:38 select * from configs
16:41:38 select * from admin_menu
16:41:38 select * from region where parent_id=5
16:41:40 use meiliyoupin;
16:41:40 set names utf8;
16:41:40 select * from configs
16:41:40 select * from admin_menu
16:41:40 select * from region where parent_id=3
16:41:42 use meiliyoupin;
16:41:42 set names utf8;
16:41:42 select * from configs
16:41:42 select * from admin_menu
16:41:42 select * from region where parent_id=6
16:41:45 use meiliyoupin;
16:41:45 set names utf8;
16:41:45 select * from configs
16:41:45 select * from admin_menu
16:41:45 select * from region where parent_id=92
16:41:50 use meiliyoupin;
16:41:50 set names utf8;
16:41:50 select * from configs
16:41:50 select * from admin_menu
16:41:50 select * from region where parent_id=25
16:41:53 use meiliyoupin;
16:41:53 set names utf8;
16:41:53 select * from configs
16:41:53 select * from admin_menu
16:41:53 select * from region where parent_id=321
16:51:38 use meiliyoupin;
16:51:38 set names utf8;
16:51:38 select * from configs
16:51:38 select * from admin_menu
16:51:39 use meiliyoupin;
16:51:39 set names utf8;
16:51:39 select * from configs
16:51:39 select * from admin_menu
16:51:39 select * from shipping_type 
16:51:40 use meiliyoupin;
16:51:40 set names utf8;
16:51:40 select * from configs
16:51:40 select * from admin_menu
16:51:40 use meiliyoupin;
16:51:40 set names utf8;
16:51:40 select * from configs
16:51:40 select * from admin_menu
16:51:40 select * from nav order by z_index desc
16:51:41 use meiliyoupin;
16:51:41 set names utf8;
16:51:41 select * from configs
16:51:41 select * from admin_menu
16:51:41 select * from focus_picture order by pic_index desc
16:51:43 use meiliyoupin;
16:51:43 set names utf8;
16:51:43 select * from configs
16:51:43 select * from admin_menu
16:51:43 select * from goods_type 
16:51:43 select count(id) from goods
16:51:44 use meiliyoupin;
16:51:44 set names utf8;
16:51:44 select * from configs
16:51:44 select * from admin_menu
16:51:44 select count(id) from goods where is_delete=0 order by add_time desc
16:51:44 select * from goods where is_delete=0 order by add_time desc limit 0,20
16:51:44 use meiliyoupin;
16:51:44 set names utf8;
16:51:44 select * from configs
16:51:44 select * from admin_menu
16:51:44 select * from goods_type 
16:51:44 select count(id) from goods
16:51:45 use meiliyoupin;
16:51:45 set names utf8;
16:51:45 select * from configs
16:51:45 select * from admin_menu
16:51:45 select * from goods_type
16:51:46 use meiliyoupin;
16:51:46 set names utf8;
16:51:46 select * from configs
16:51:46 select * from admin_menu
16:51:46 select * from goods_type
16:51:46 use meiliyoupin;
16:51:46 set names utf8;
16:51:46 select * from configs
16:51:46 select * from admin_menu
16:51:46 select count(id) from goods where is_delete=1 order by add_time desc
16:51:46 select * from goods where is_delete=1 order by add_time desc limit 0,20
16:51:48 use meiliyoupin;
16:51:48 set names utf8;
16:51:48 select * from configs
16:51:48 select * from admin_menu
16:51:48 use meiliyoupin;
16:51:48 set names utf8;
16:51:48 select * from configs
16:51:48 select * from admin_menu
16:51:49 use meiliyoupin;
16:51:49 set names utf8;
16:51:49 select * from configs
16:51:49 select * from admin_menu
16:51:49 use meiliyoupin;
16:51:49 set names utf8;
16:51:49 select * from configs
16:51:49 select * from admin_menu
16:51:51 use meiliyoupin;
16:51:51 set names utf8;
16:51:51 select * from configs
16:51:51 select * from admin_menu
16:51:51 select count(a.id) from articles as a left join article_type as b on a.type_id=b.id order by a.id desc
16:51:51 select a.*,b.type_name from articles as a left join article_type as b on a.type_id=b.id order by a.id desc limit 0,20
16:51:51 use meiliyoupin;
16:51:51 set names utf8;
16:51:51 select * from configs
16:51:51 select * from admin_menu
16:51:51 select * from article_type
16:51:52 use meiliyoupin;
16:51:52 set names utf8;
16:51:52 select * from configs
16:51:52 select * from admin_menu
16:51:52 select * from article_type
16:51:52 use meiliyoupin;
16:51:52 set names utf8;
16:51:52 select * from configs
16:51:52 select * from admin_menu
16:57:31 use meiliyoupin;
16:57:31 set names utf8;
16:57:31 select * from configs
16:57:31 select * from admin_menu
16:57:32 use meiliyoupin;
16:57:32 set names utf8;
16:57:32 select * from configs
16:57:32 select * from admin_menu
16:57:32 select * from shipping_type 
16:57:32 use meiliyoupin;
16:57:32 set names utf8;
16:57:32 select * from configs
16:57:32 select * from admin_menu
16:57:33 use meiliyoupin;
16:57:33 set names utf8;
16:57:33 select * from configs
16:57:33 select * from admin_menu
16:57:33 select * from nav order by z_index desc
16:57:33 use meiliyoupin;
16:57:33 set names utf8;
16:57:33 select * from configs
16:57:33 select * from admin_menu
16:57:33 select * from focus_picture order by pic_index desc
16:57:34 use meiliyoupin;
16:57:34 set names utf8;
16:57:34 select * from configs
16:57:34 select * from admin_menu
16:57:34 select * from nav order by z_index desc
16:57:35 use meiliyoupin;
16:57:35 set names utf8;
16:57:35 select * from configs
16:57:35 select * from admin_menu
16:57:35 use meiliyoupin;
16:57:35 set names utf8;
16:57:35 select * from configs
16:57:35 select * from admin_menu
16:57:35 select * from shipping_type 
16:57:37 use meiliyoupin;
16:57:37 set names utf8;
16:57:37 select * from configs
16:57:37 select * from admin_menu
16:57:37 select * from shipping_type where id=2
16:57:37 select * from shipping_area where shipping_id=2
16:57:39 use meiliyoupin;
16:57:39 set names utf8;
16:57:39 select * from configs
16:57:39 select * from admin_menu
16:57:39 select * from shipping_type 
16:57:40 use meiliyoupin;
16:57:40 set names utf8;
16:57:40 select * from configs
16:57:40 select * from admin_menu
16:58:05 use meiliyoupin;
16:58:05 set names utf8;
16:58:05 select * from configs
16:58:05 select * from admin_menu
16:58:05 select * from shipping_type 
16:58:28 use meiliyoupin;
16:58:28 set names utf8;
16:58:28 select * from configs
16:58:28 select * from admin_menu
16:58:28 select * from shipping_type where id=2
16:58:29 use meiliyoupin;
16:58:29 set names utf8;
16:58:29 select * from configs
16:58:29 select * from admin_menu
16:58:29 select * from shipping_type 
16:58:31 use meiliyoupin;
16:58:31 set names utf8;
16:58:31 select * from configs
16:58:31 select * from admin_menu
16:58:31 select * from shipping_type where id=2
16:58:31 select * from shipping_area where shipping_id=2
16:58:33 use meiliyoupin;
16:58:33 set names utf8;
16:58:33 select * from configs
16:58:33 select * from admin_menu
16:58:33 select * from shipping_type 
16:59:10 use meiliyoupin;
16:59:10 set names utf8;
16:59:10 select * from configs
16:59:10 select * from admin_menu
16:59:10 select * from shipping_type where id=2
16:59:10 select * from shipping_area where shipping_id=2
16:59:11 use meiliyoupin;
16:59:11 set names utf8;
16:59:11 select * from configs
16:59:11 select * from admin_menu
16:59:11 select * from shipping_type 
17:00:03 use meiliyoupin;
17:00:03 set names utf8;
17:00:03 select * from configs
17:00:03 select * from admin_menu
17:00:03 select * from shipping_type where id=2
17:00:05 use meiliyoupin;
17:00:05 set names utf8;
17:00:05 select * from configs
17:00:05 select * from admin_menu
17:00:05 select * from shipping_type 
17:01:19 use meiliyoupin;
17:01:19 set names utf8;
17:01:19 select * from configs
17:01:19 select * from admin_menu
17:01:19 select * from shipping_type where id=2
17:03:41 use meiliyoupin;
17:03:41 set names utf8;
17:03:41 select * from configs
17:03:41 select * from admin_menu
17:03:41 select * from shipping_type 
17:03:42 use meiliyoupin;
17:03:42 set names utf8;
17:03:42 select * from configs
17:03:42 select * from admin_menu
17:03:46 use meiliyoupin;
17:03:46 set names utf8;
17:03:46 select * from configs
17:03:46 select * from admin_menu
17:03:46 select * from shipping_type 
17:03:49 use meiliyoupin;
17:03:49 set names utf8;
17:03:49 select * from configs
17:03:49 select * from admin_menu
17:03:49 select * from shipping_type where id=2
17:03:52 use meiliyoupin;
17:03:52 set names utf8;
17:03:52 select * from configs
17:03:52 select * from admin_menu
17:03:52 select * from shipping_type 
17:03:53 use meiliyoupin;
17:03:53 set names utf8;
17:03:53 select * from configs
17:03:53 select * from admin_menu
17:03:56 use meiliyoupin;
17:03:56 set names utf8;
17:03:56 select * from configs
17:03:56 select * from admin_menu
17:03:56 select * from shipping_type wher shipping_code='yd23'
17:04:07 use meiliyoupin;
17:04:07 set names utf8;
17:04:07 select * from configs
17:04:07 select * from admin_menu
17:04:08 use meiliyoupin;
17:04:08 set names utf8;
17:04:08 select * from configs
17:04:08 select * from admin_menu
17:04:08 select * from shipping_type where shipping_code='yd23'
17:04:08 use meiliyoupin;
17:04:08 set names utf8;
17:04:08 select * from configs
17:04:08 select * from admin_menu
17:04:10 use meiliyoupin;
17:04:10 set names utf8;
17:04:10 select * from configs
17:04:10 select * from admin_menu
17:04:13 use meiliyoupin;
17:04:13 set names utf8;
17:04:13 select * from configs
17:04:13 select * from admin_menu
17:04:13 select * from shipping_type where shipping_code='yd22'
17:04:13 insert into shipping_type (shipping_name,shipping_code,shipping_desc) values ('','yd22','adsad') ;
17:04:13 use meiliyoupin;
17:04:13 set names utf8;
17:04:13 select * from configs
17:04:13 select * from admin_menu
17:15:12 use meiliyoupin;
17:15:12 set names utf8;
17:15:12 select * from configs
17:15:12 select * from admin_menu
17:15:12 use meiliyoupin;
17:15:12 set names utf8;
17:15:12 select * from configs
17:15:12 select * from admin_menu
17:15:13 use meiliyoupin;
17:15:13 set names utf8;
17:15:13 select * from configs
17:15:13 select * from admin_menu
17:15:16 use meiliyoupin;
17:15:16 set names utf8;
17:15:16 select * from configs
17:15:16 select * from admin_menu
17:15:16 select * from shipping_type 
17:15:17 use meiliyoupin;
17:15:17 set names utf8;
17:15:17 select * from configs
17:15:17 select * from admin_menu
17:15:23 use meiliyoupin;
17:15:23 set names utf8;
17:15:23 select * from configs
17:15:23 select * from admin_menu
17:15:23 select * from shipping_type 
17:15:27 use meiliyoupin;
17:15:27 set names utf8;
17:15:27 select * from configs
17:15:27 select * from admin_menu
17:15:27 select * from shipping_type where id=3
17:15:27 select * from shipping_area where shipping_id=3
17:15:31 use meiliyoupin;
17:15:31 set names utf8;
17:15:31 select * from configs
17:15:31 select * from admin_menu
17:15:31 select * from region where region_type=1
17:15:31 select * from region where region_type=2
17:15:31 select * from region where region_type=3
17:18:11 use meiliyoupin;
17:18:11 set names utf8;
17:18:11 select * from configs
17:18:11 select * from admin_menu
17:18:11 select * from region where parent_id=33
17:18:12 use meiliyoupin;
17:18:12 set names utf8;
17:18:12 select * from configs
17:18:12 select * from admin_menu
17:18:12 select * from region where parent_id=395
17:20:19 use meiliyoupin;
17:20:19 set names utf8;
17:20:19 select * from configs
17:20:19 select * from admin_menu
17:20:19 select * from region where parent_id=30
17:20:21 use meiliyoupin;
17:20:21 set names utf8;
17:20:21 select * from configs
17:20:21 select * from admin_menu
17:20:21 select * from region where parent_id=27
17:20:22 use meiliyoupin;
17:20:22 set names utf8;
17:20:22 select * from configs
17:20:22 select * from admin_menu
17:20:22 select * from region where parent_id=343
