08:48:08 use meiliyoupin;
08:48:08 set names utf8;
08:48:08 select * from configs
08:48:08 select * from nav order by z_index desc
08:48:08 select * from goods where is_delete=0 and is_groupon=1 and is_on_sale=1 and groupon_start_time<1406767688 and groupon_end_time>1406767688
08:48:10 use meiliyoupin;
08:48:10 set names utf8;
08:48:10 select * from configs
08:48:10 select * from nav order by z_index desc
08:48:10 select * from goods where is_delete=0 and is_groupon=1 and is_on_sale=1 and groupon_start_time<1406767690 and groupon_end_time>1406767690
08:48:16 use meiliyoupin;
08:48:16 set names utf8;
08:48:16 select * from configs
08:48:16 select * from nav order by z_index desc
08:48:16 select * from goods where is_delete=0 and is_groupon=1 and is_on_sale=1 and groupon_start_time<1406767696 and groupon_end_time>1406767696
08:48:17 use meiliyoupin;
08:48:17 set names utf8;
08:48:17 select * from configs
08:48:17 select * from nav order by z_index desc
08:48:17 select * from goods where is_delete=0 and is_groupon=1 and is_on_sale=1 and groupon_start_time<1406767697 and groupon_end_time>1406767697
08:48:18 use meiliyoupin;
08:48:18 set names utf8;
08:48:18 select * from configs
08:48:18 select * from nav order by z_index desc
08:48:18 select * from goods where is_delete=0 and is_groupon=1 and is_on_sale=1 and groupon_start_time<1406767698 and groupon_end_time>1406767698
08:48:18 use meiliyoupin;
08:48:18 set names utf8;
08:48:18 select * from configs
08:48:18 select * from nav order by z_index desc
08:48:18 select * from goods where is_delete=0 and is_groupon=1 and is_on_sale=1 and groupon_start_time<1406767698 and groupon_end_time>1406767698
08:48:24 use meiliyoupin;
08:48:24 set names utf8;
08:48:24 select * from configs
08:48:24 select * from nav order by z_index desc
08:48:24 select * from goods where is_delete=0 and is_groupon=1 and is_on_sale=1 and groupon_start_time<1406767704 and groupon_end_time>1406767704
08:48:25 use meiliyoupin;
08:48:25 set names utf8;
08:48:25 select * from configs
08:48:25 select * from nav order by z_index desc
08:48:25 select * from goods where is_delete=0 and is_groupon=1 and is_on_sale=1 and groupon_start_time<1406767705 and groupon_end_time>1406767705
08:48:26 use meiliyoupin;
08:48:26 set names utf8;
08:48:26 select * from configs
08:48:26 select * from nav order by z_index desc
08:48:26 select * from goods where is_delete=0 and is_groupon=1 and is_on_sale=1 and groupon_start_time<1406767706 and groupon_end_time>1406767706
08:48:26 use meiliyoupin;
08:48:26 set names utf8;
08:48:26 select * from configs
08:48:26 select * from nav order by z_index desc
08:48:26 select * from goods where is_delete=0 and is_groupon=1 and is_on_sale=1 and groupon_start_time<1406767706 and groupon_end_time>1406767706
08:48:26 use meiliyoupin;
08:48:26 set names utf8;
08:48:26 select * from configs
08:48:26 select * from nav order by z_index desc
08:48:26 select * from goods where is_delete=0 and is_groupon=1 and is_on_sale=1 and groupon_start_time<1406767706 and groupon_end_time>1406767706
08:48:27 use meiliyoupin;
08:48:27 set names utf8;
08:48:27 select * from configs
08:48:27 select * from nav order by z_index desc
08:48:27 select * from goods where is_delete=0 and is_groupon=1 and is_on_sale=1 and groupon_start_time<1406767707 and groupon_end_time>1406767707
08:48:27 use meiliyoupin;
08:48:27 set names utf8;
08:48:27 select * from configs
08:48:27 select * from nav order by z_index desc
08:48:27 select * from goods where is_delete=0 and is_groupon=1 and is_on_sale=1 and groupon_start_time<1406767707 and groupon_end_time>1406767707
08:48:27 use meiliyoupin;
08:48:27 set names utf8;
08:48:27 select * from configs
08:48:27 select * from nav order by z_index desc
08:48:27 select * from goods where is_delete=0 and is_groupon=1 and is_on_sale=1 and groupon_start_time<1406767707 and groupon_end_time>1406767707
08:48:29 use meiliyoupin;
08:48:29 set names utf8;
08:48:29 select * from configs
08:48:29 select * from nav order by z_index desc
08:48:29 select * from goods where is_delete=0 and is_groupon=1 and is_on_sale=1 and groupon_start_time<1406767709 and groupon_end_time>1406767709
08:48:29 use meiliyoupin;
08:48:29 set names utf8;
08:48:29 select * from configs
08:48:29 select * from nav order by z_index desc
08:48:29 select * from goods where is_delete=0 and is_groupon=1 and is_on_sale=1 and groupon_start_time<1406767709 and groupon_end_time>1406767709
08:48:29 use meiliyoupin;
08:48:29 set names utf8;
08:48:29 select * from configs
08:48:29 select * from nav order by z_index desc
08:48:29 select * from goods where is_delete=0 and is_groupon=1 and is_on_sale=1 and groupon_start_time<1406767709 and groupon_end_time>1406767709
08:48:30 use meiliyoupin;
08:48:30 set names utf8;
08:48:30 select * from configs
08:48:30 select * from nav order by z_index desc
08:48:30 select * from goods where is_delete=0 and is_groupon=1 and is_on_sale=1 and groupon_start_time<1406767710 and groupon_end_time>1406767710
08:48:30 use meiliyoupin;
08:48:30 set names utf8;
08:48:30 select * from configs
08:48:30 select * from nav order by z_index desc
08:48:30 select * from goods where is_delete=0 and is_groupon=1 and is_on_sale=1 and groupon_start_time<1406767710 and groupon_end_time>1406767710
08:48:30 use meiliyoupin;
08:48:30 set names utf8;
08:48:30 select * from configs
08:48:30 select * from nav order by z_index desc
08:48:30 select * from goods where is_delete=0 and is_groupon=1 and is_on_sale=1 and groupon_start_time<1406767710 and groupon_end_time>1406767710
08:48:30 use meiliyoupin;
08:48:30 set names utf8;
08:48:30 select * from configs
08:48:30 select * from nav order by z_index desc
08:48:30 select * from goods where is_delete=0 and is_groupon=1 and is_on_sale=1 and groupon_start_time<1406767710 and groupon_end_time>1406767710
08:48:31 use meiliyoupin;
08:48:31 set names utf8;
08:48:31 select * from configs
08:48:31 select * from nav order by z_index desc
08:48:31 select * from goods where is_delete=0 and is_groupon=1 and is_on_sale=1 and groupon_start_time<1406767711 and groupon_end_time>1406767711
08:48:33 use meiliyoupin;
08:48:33 set names utf8;
08:48:33 select * from configs
08:48:33 select * from nav order by z_index desc
08:48:33 select * from goods where is_delete=0 and is_groupon=1 and is_on_sale=1 and groupon_start_time<1406767713 and groupon_end_time>1406767713
08:48:48 use meiliyoupin;
08:48:48 set names utf8;
08:48:48 select * from configs
08:48:49 use meiliyoupin;
08:48:49 set names utf8;
08:48:49 select * from configs
08:48:53 use meiliyoupin;
08:48:53 set names utf8;
08:48:53 select * from configs
08:48:53 use meiliyoupin;
08:48:53 set names utf8;
08:48:53 select * from configs
08:48:53 use meiliyoupin;
08:48:53 set names utf8;
08:48:53 select * from configs
08:50:38 use meiliyoupin;
08:50:38 set names utf8;
08:50:38 select * from configs
08:50:38 use meiliyoupin;
08:50:38 set names utf8;
08:50:38 select * from configs
09:07:34 use meiliyoupin;
09:07:34 set names utf8;
09:07:34 select * from configs
09:07:34 select * from nav order by z_index desc
09:07:34 use meiliyoupin;
09:07:34 set names utf8;
09:07:34 select * from configs
09:07:34 select * from nav order by z_index desc
09:08:33 use meiliyoupin;
09:08:33 set names utf8;
09:08:33 select * from configs
09:08:33 select * from nav order by z_index desc
09:08:34 use meiliyoupin;
09:08:34 set names utf8;
09:08:34 select * from configs
09:08:34 select * from nav order by z_index desc
09:09:05 use meiliyoupin;
09:09:05 set names utf8;
09:09:05 select * from configs
09:09:05 select * from nav order by z_index desc
09:09:06 use meiliyoupin;
09:09:06 set names utf8;
09:09:06 select * from configs
09:09:06 select * from nav order by z_index desc
09:09:29 use meiliyoupin;
09:09:29 set names utf8;
09:09:29 select * from configs
09:09:29 select * from nav order by z_index desc
09:09:29 use meiliyoupin;
09:09:29 set names utf8;
09:09:29 select * from configs
09:09:29 select * from nav order by z_index desc
09:10:35 use meiliyoupin;
09:10:35 set names utf8;
09:10:35 select * from configs
09:10:35 use meiliyoupin;
09:10:35 set names utf8;
09:10:35 select * from configs
09:10:36 use meiliyoupin;
09:10:36 set names utf8;
09:10:36 select * from configs
09:10:57 use meiliyoupin;
09:10:57 set names utf8;
09:10:57 select * from configs
09:10:57 select * from nav order by z_index desc
09:10:57 use meiliyoupin;
09:10:57 set names utf8;
09:10:57 select * from configs
09:10:57 select * from nav order by z_index desc
09:11:34 use meiliyoupin;
09:11:34 set names utf8;
09:11:34 select * from configs
09:11:34 select * from nav order by z_index desc
09:11:34 use meiliyoupin;
09:11:34 set names utf8;
09:11:34 select * from configs
09:11:34 select * from nav order by z_index desc
09:11:34 use meiliyoupin;
09:11:34 set names utf8;
09:11:34 select * from configs
09:11:34 select * from nav order by z_index desc
09:11:35 use meiliyoupin;
09:11:35 set names utf8;
09:11:35 select * from configs
09:11:35 select * from nav order by z_index desc
09:11:35 use meiliyoupin;
09:11:35 set names utf8;
09:11:35 select * from configs
09:11:35 select * from nav order by z_index desc
09:11:35 use meiliyoupin;
09:11:35 set names utf8;
09:11:35 select * from configs
09:11:35 select * from nav order by z_index desc
09:23:43 use meiliyoupin;
09:23:43 set names utf8;
09:23:43 select * from configs
09:23:43 select * from nav order by z_index desc
09:23:43 use meiliyoupin;
09:23:43 set names utf8;
09:23:43 select * from configs
09:23:43 select * from nav order by z_index desc
10:04:08 use meiliyoupin;
10:04:08 set names utf8;
10:04:08 select * from configs
10:04:09 use meiliyoupin;
10:04:09 set names utf8;
10:04:09 select * from configs
10:04:09 use meiliyoupin;
10:04:09 set names utf8;
10:04:09 select * from configs
10:04:10 use meiliyoupin;
10:04:10 set names utf8;
10:04:10 select * from configs
10:04:25 use meiliyoupin;
10:04:25 set names utf8;
10:04:25 select * from configs
10:04:25 use meiliyoupin;
10:04:25 set names utf8;
10:04:25 select * from configs
10:04:25 use meiliyoupin;
10:04:25 set names utf8;
10:04:25 select * from configs
10:05:29 use meiliyoupin;
10:05:29 set names utf8;
10:05:29 select * from configs
10:05:29 use meiliyoupin;
10:05:29 set names utf8;
10:05:29 select * from configs
10:05:39 use meiliyoupin;
10:05:39 set names utf8;
10:05:39 select * from configs
10:05:39 use meiliyoupin;
10:05:39 set names utf8;
10:05:39 select * from configs
10:05:39 select * from nav order by z_index desc
10:05:40 use meiliyoupin;
10:05:40 set names utf8;
10:05:40 select * from configs
10:05:40 select * from nav order by z_index desc
10:05:46 use meiliyoupin;
10:05:46 set names utf8;
10:05:46 select * from configs
10:05:46 use meiliyoupin;
10:05:46 set names utf8;
10:05:46 select * from configs
10:05:46 use meiliyoupin;
10:05:46 set names utf8;
10:05:46 select * from configs
10:05:57 use meiliyoupin;
10:05:57 set names utf8;
10:05:57 select * from configs
10:05:57 use meiliyoupin;
10:05:57 set names utf8;
10:05:57 select * from configs
10:05:57 select * from nav order by z_index desc
10:05:57 use meiliyoupin;
10:05:57 set names utf8;
10:05:57 select * from configs
10:05:57 select * from nav order by z_index desc
10:05:59 use meiliyoupin;
10:05:59 set names utf8;
10:05:59 select * from configs
10:05:59 use meiliyoupin;
10:05:59 set names utf8;
10:05:59 select * from configs
10:05:59 use meiliyoupin;
10:05:59 set names utf8;
10:05:59 select * from configs
10:07:52 use meiliyoupin;
10:07:52 set names utf8;
10:07:52 select * from configs
10:07:52 use meiliyoupin;
10:07:52 set names utf8;
10:07:52 select * from configs
10:07:52 select * from nav order by z_index desc
10:07:52 use meiliyoupin;
10:07:52 set names utf8;
10:07:52 select * from configs
10:07:52 select * from nav order by z_index desc
10:07:54 use meiliyoupin;
10:07:54 set names utf8;
10:07:54 select * from configs
10:07:54 select * from nav order by z_index desc
10:07:54 use meiliyoupin;
10:07:54 set names utf8;
10:07:54 select * from configs
10:07:54 select * from nav order by z_index desc
10:07:55 use meiliyoupin;
10:07:55 set names utf8;
10:07:55 select * from configs
10:07:55 use meiliyoupin;
10:07:55 set names utf8;
10:07:55 select * from configs
10:07:55 use meiliyoupin;
10:07:55 set names utf8;
10:07:55 select * from configs
10:07:55 use meiliyoupin;
10:07:55 set names utf8;
10:07:55 select * from configs
10:07:56 use meiliyoupin;
10:07:56 set names utf8;
10:07:56 select * from configs
10:07:56 use meiliyoupin;
10:07:56 set names utf8;
10:07:56 select * from configs
10:07:57 use meiliyoupin;
10:07:57 set names utf8;
10:07:57 select * from configs
10:07:58 use meiliyoupin;
10:07:58 set names utf8;
10:07:58 select * from configs
10:07:58 use meiliyoupin;
10:07:58 set names utf8;
10:07:58 select * from configs
10:08:14 use meiliyoupin;
10:08:14 set names utf8;
10:08:14 select * from configs
10:08:14 select * from users where user_name='qq778888' or user_email='123123@123.com' 
10:08:27 use meiliyoupin;
10:08:27 set names utf8;
10:08:27 select * from configs
10:08:27 use meiliyoupin;
10:08:27 set names utf8;
10:08:27 select * from configs
10:08:30 use meiliyoupin;
10:08:30 set names utf8;
10:08:30 select * from configs
10:08:30 use meiliyoupin;
10:08:30 set names utf8;
10:08:30 select * from configs
10:08:30 use meiliyoupin;
10:08:30 set names utf8;
10:08:30 select * from configs
10:08:41 use meiliyoupin;
10:08:41 set names utf8;
10:08:41 select * from configs
10:08:41 select * from users where user_name='qq77888' or user_email='123123@123.com' 
10:09:10 use meiliyoupin;
10:09:10 set names utf8;
10:09:10 select * from configs
10:09:10 select * from users where user_name='qq77888' or user_email='123123@123.com' 
10:09:21 use meiliyoupin;
10:09:21 set names utf8;
10:09:21 select * from configs
10:09:21 select * from users where user_name='qq77888' or user_email='123123@123.com' 
10:09:24 use meiliyoupin;
10:09:24 set names utf8;
10:09:24 select * from configs
10:09:24 use meiliyoupin;
10:09:24 set names utf8;
10:09:24 select * from configs
10:09:27 use meiliyoupin;
10:09:27 set names utf8;
10:09:27 select * from configs
10:09:27 use meiliyoupin;
10:09:27 set names utf8;
10:09:27 select * from configs
10:09:28 use meiliyoupin;
10:09:28 set names utf8;
10:09:28 select * from configs
10:09:40 use meiliyoupin;
10:09:40 set names utf8;
10:09:40 select * from configs
10:09:40 use meiliyoupin;
10:09:40 set names utf8;
10:09:40 select * from configs
10:09:40 use meiliyoupin;
10:09:40 set names utf8;
10:09:40 select * from configs
10:10:00 use meiliyoupin;
10:10:00 set names utf8;
10:10:00 select * from configs
10:10:00 select * from users where user_name='qq778899' or user_email='admin@admin.com' 
10:10:52 use meiliyoupin;
10:10:52 set names utf8;
10:10:52 select * from configs
10:10:52 use meiliyoupin;
10:10:52 set names utf8;
10:10:52 select * from configs
10:10:52 select * from nav order by z_index desc
10:10:52 use meiliyoupin;
10:10:52 set names utf8;
10:10:52 select * from configs
10:10:52 select * from nav order by z_index desc
10:11:14 use meiliyoupin;
10:11:14 set names utf8;
10:11:14 select * from configs
10:11:14 select * from nav order by z_index desc
10:11:14 use meiliyoupin;
10:11:14 set names utf8;
10:11:14 select * from configs
10:11:14 select * from nav order by z_index desc
10:11:16 use meiliyoupin;
10:11:16 set names utf8;
10:11:16 select * from configs
10:11:16 use meiliyoupin;
10:11:16 set names utf8;
10:11:16 select * from configs
10:11:24 use meiliyoupin;
10:11:24 set names utf8;
10:11:24 select * from configs
10:11:24 use meiliyoupin;
10:11:24 set names utf8;
10:11:24 select * from configs
10:11:24 select * from nav order by z_index desc
10:11:25 use meiliyoupin;
10:11:25 set names utf8;
10:11:25 select * from configs
10:11:25 select * from nav order by z_index desc
10:11:27 use meiliyoupin;
10:11:27 set names utf8;
10:11:27 select * from configs
10:11:27 use meiliyoupin;
10:11:27 set names utf8;
10:11:27 select * from configs
10:11:27 use meiliyoupin;
10:11:27 set names utf8;
10:11:27 select * from configs
10:11:40 use meiliyoupin;
10:11:40 set names utf8;
10:11:40 select * from configs
10:11:40 select * from users where user_name='qq778899' or user_email='admin@admin.com' 
10:12:15 use meiliyoupin;
10:12:15 set names utf8;
10:12:15 select * from configs
10:12:15 select * from users where user_name='qq778899' or user_email='admin@admin.com' 
10:12:43 use meiliyoupin;
10:12:43 set names utf8;
10:12:43 select * from configs
10:12:43 select * from users where user_name='qq778899' or user_email='admin@admin.com' 
10:13:02 use meiliyoupin;
10:13:02 set names utf8;
10:13:02 select * from configs
10:13:02 select * from users where user_name='qq778899' or user_email='admin@admin.com' 
10:13:39 use meiliyoupin;
10:13:39 set names utf8;
10:13:39 select * from configs
10:13:39 select * from users where user_name='qq778899' or user_email='admin@admin.com' 
10:18:19 use meiliyoupin;
10:18:19 set names utf8;
10:18:19 select * from configs
10:18:20 use meiliyoupin;
10:18:20 set names utf8;
10:18:20 select * from configs
10:18:21 use meiliyoupin;
10:18:21 set names utf8;
10:18:21 select * from configs
10:18:21 use meiliyoupin;
10:18:21 set names utf8;
10:18:21 select * from configs
10:18:21 use meiliyoupin;
10:18:21 set names utf8;
10:18:21 select * from configs
10:22:12 use meiliyoupin;
10:22:12 set names utf8;
10:22:12 select * from configs
10:22:13 use meiliyoupin;
10:22:13 set names utf8;
10:22:13 select * from configs
10:22:13 use meiliyoupin;
10:22:13 set names utf8;
10:22:13 select * from configs
10:22:27 use meiliyoupin;
10:22:27 set names utf8;
10:22:27 select * from configs
10:22:27 select * from users where user_name='asd' or user_email='asdasd@163.com' 
10:23:05 use meiliyoupin;
10:23:05 set names utf8;
10:23:05 select * from configs
10:23:05 select * from users where user_name='asd' or user_email='asdasd@163.com' 
10:23:05 use meiliyoupin;
10:23:05 set names utf8;
10:23:05 select * from configs
10:23:05 select * from nav order by z_index desc
10:23:05 use meiliyoupin;
10:23:05 set names utf8;
10:23:05 select * from configs
10:23:05 select * from nav order by z_index desc
10:23:57 use meiliyoupin;
10:23:57 set names utf8;
10:23:57 select * from configs
10:23:57 select * from nav order by z_index desc
10:23:57 use meiliyoupin;
10:23:57 set names utf8;
10:23:57 select * from configs
10:23:57 select * from nav order by z_index desc
10:23:58 use meiliyoupin;
10:23:58 set names utf8;
10:23:58 select * from configs
10:23:59 use meiliyoupin;
10:23:59 set names utf8;
10:23:59 select * from configs
10:24:03 use meiliyoupin;
10:24:03 set names utf8;
10:24:03 select * from configs
10:24:03 select * from users where user_name='asd' or user_email='asdasd@163.com' 
10:24:38 use meiliyoupin;
10:24:38 set names utf8;
10:24:38 select * from configs
10:24:38 select * from users where user_name='asd' or user_email='asdasd@163.com' 
10:24:38 use meiliyoupin;
10:24:38 set names utf8;
10:24:38 select * from configs
10:24:38 select * from nav order by z_index desc
10:24:38 use meiliyoupin;
10:24:38 set names utf8;
10:24:38 select * from configs
10:24:38 select * from nav order by z_index desc
10:24:40 use meiliyoupin;
10:24:40 set names utf8;
10:24:40 select * from configs
10:24:40 use meiliyoupin;
10:24:40 set names utf8;
10:24:40 select * from configs
10:24:46 use meiliyoupin;
10:24:46 set names utf8;
10:24:46 select * from configs
10:24:46 select * from users where user_name='asdasd' or user_email='asdasd@163.com' 
10:24:46 use meiliyoupin;
10:24:46 set names utf8;
10:24:46 select * from configs
10:24:46 select * from nav order by z_index desc
10:24:46 use meiliyoupin;
10:24:46 set names utf8;
10:24:46 select * from configs
10:24:46 select * from nav order by z_index desc
10:25:00 use meiliyoupin;
10:25:00 set names utf8;
10:25:00 select * from configs
10:25:00 select * from nav order by z_index desc
10:25:00 use meiliyoupin;
10:25:00 set names utf8;
10:25:00 select * from configs
10:25:00 select * from nav order by z_index desc
10:25:01 use meiliyoupin;
10:25:01 set names utf8;
10:25:01 select * from configs
10:25:01 use meiliyoupin;
10:25:01 set names utf8;
10:25:01 select * from configs
10:25:02 use meiliyoupin;
10:25:02 set names utf8;
10:25:02 select * from configs
10:25:02 use meiliyoupin;
10:25:02 set names utf8;
10:25:02 select * from configs
10:25:02 select * from nav order by z_index desc
10:25:03 use meiliyoupin;
10:25:03 set names utf8;
10:25:03 select * from configs
10:25:03 select * from nav order by z_index desc
10:25:20 use meiliyoupin;
10:25:20 set names utf8;
10:25:20 select * from configs
10:25:20 use meiliyoupin;
10:25:20 set names utf8;
10:25:20 select * from configs
10:25:24 use meiliyoupin;
10:25:24 set names utf8;
10:25:24 select * from configs
10:25:24 select * from users where user_name='asdasd' or user_email='asdasd@163.com' 
10:25:24 use meiliyoupin;
10:25:24 set names utf8;
10:25:24 select * from configs
10:25:24 select * from nav order by z_index desc
10:25:24 use meiliyoupin;
10:25:24 set names utf8;
10:25:24 select * from configs
10:25:24 select * from nav order by z_index desc
10:25:29 use meiliyoupin;
10:25:29 set names utf8;
10:25:29 select * from configs
10:25:29 use meiliyoupin;
10:25:29 set names utf8;
10:25:29 select * from configs
10:25:37 use meiliyoupin;
10:25:37 set names utf8;
10:25:37 select * from configs
10:25:37 select * from users where user_name='asd' or user_email='asdasd@163.com' 
10:27:28 use meiliyoupin;
10:27:28 set names utf8;
10:27:28 select * from configs
10:27:28 use meiliyoupin;
10:27:28 set names utf8;
10:27:28 select * from configs
10:27:32 use meiliyoupin;
10:27:32 set names utf8;
10:27:32 select * from configs
10:27:32 select * from users where user_name='asd' or user_email='asdasd@163.com' 
10:27:32 use meiliyoupin;
10:27:32 set names utf8;
10:27:32 select * from configs
10:27:32 select * from nav order by z_index desc
10:27:32 use meiliyoupin;
10:27:32 set names utf8;
10:27:32 select * from configs
10:27:32 select * from nav order by z_index desc
10:27:37 use meiliyoupin;
10:27:37 set names utf8;
10:27:37 select * from configs
10:27:37 use meiliyoupin;
10:27:37 set names utf8;
10:27:37 select * from configs
10:27:46 use meiliyoupin;
10:27:46 set names utf8;
10:27:46 select * from configs
10:27:46 select * from users where user_name='asd4' or user_email='asdasd@163.com' 
10:27:46 use meiliyoupin;
10:27:46 set names utf8;
10:27:46 select * from configs
10:27:46 select * from nav order by z_index desc
10:27:46 use meiliyoupin;
10:27:46 set names utf8;
10:27:46 select * from configs
10:27:46 select * from nav order by z_index desc
10:27:50 use meiliyoupin;
10:27:50 set names utf8;
10:27:50 select * from configs
10:27:51 use meiliyoupin;
10:27:51 set names utf8;
10:27:51 select * from configs
10:28:01 use meiliyoupin;
10:28:01 set names utf8;
10:28:01 select * from configs
10:28:01 select * from users where user_name='asd4a' or user_email='asdasd@163.com' 
10:28:01 use meiliyoupin;
10:28:01 set names utf8;
10:28:01 select * from configs
10:28:01 select * from nav order by z_index desc
10:28:01 use meiliyoupin;
10:28:01 set names utf8;
10:28:01 select * from configs
10:28:01 select * from nav order by z_index desc
10:28:04 use meiliyoupin;
10:28:04 set names utf8;
10:28:04 select * from configs
10:28:04 use meiliyoupin;
10:28:04 set names utf8;
10:28:04 select * from configs
10:28:04 use meiliyoupin;
10:28:04 set names utf8;
10:28:04 select * from configs
10:28:46 use meiliyoupin;
10:28:46 set names utf8;
10:28:46 select * from configs
10:28:46 select * from users where user_name='asd4a' or user_email='asdasd@163.com' 
10:28:46 use meiliyoupin;
10:28:46 set names utf8;
10:28:46 select * from configs
10:28:46 select * from nav order by z_index desc
10:28:46 use meiliyoupin;
10:28:46 set names utf8;
10:28:46 select * from configs
10:28:46 select * from nav order by z_index desc
10:28:48 use meiliyoupin;
10:28:48 set names utf8;
10:28:48 select * from configs
10:28:48 use meiliyoupin;
10:28:48 set names utf8;
10:28:48 select * from configs
10:28:51 use meiliyoupin;
10:28:51 set names utf8;
10:28:51 select * from configs
10:28:51 select * from users where user_name='asd4a' or user_email='asdasd@163.com' 
10:28:51 use meiliyoupin;
10:28:51 set names utf8;
10:28:51 select * from configs
10:28:51 select * from nav order by z_index desc
10:28:51 use meiliyoupin;
10:28:51 set names utf8;
10:28:51 select * from configs
10:28:51 select * from nav order by z_index desc
10:34:35 use meiliyoupin;
10:34:35 set names utf8;
10:34:35 select * from configs
10:34:35 use meiliyoupin;
10:34:35 set names utf8;
10:34:35 select * from configs
10:34:35 use meiliyoupin;
10:34:35 set names utf8;
10:34:35 select * from configs
10:34:56 use meiliyoupin;
10:34:56 set names utf8;
10:34:56 select * from configs
10:34:56 use meiliyoupin;
10:34:56 set names utf8;
10:34:56 select * from configs
10:34:56 use meiliyoupin;
10:34:56 set names utf8;
10:34:56 select * from configs
10:35:13 use meiliyoupin;
10:35:13 set names utf8;
10:35:13 select * from configs
10:35:13 use meiliyoupin;
10:35:13 set names utf8;
10:35:13 select * from configs
10:35:13 select * from nav order by z_index desc
10:35:13 use meiliyoupin;
10:35:13 set names utf8;
10:35:13 select * from configs
10:35:13 select * from nav order by z_index desc
10:35:15 use meiliyoupin;
10:35:15 set names utf8;
10:35:15 select * from configs
10:35:15 use meiliyoupin;
10:35:15 set names utf8;
10:35:15 select * from configs
10:35:17 use meiliyoupin;
10:35:17 set names utf8;
10:35:17 select * from configs
10:35:17 use meiliyoupin;
10:35:17 set names utf8;
10:35:17 select * from configs
10:35:17 use meiliyoupin;
10:35:17 set names utf8;
10:35:17 select * from configs
10:35:18 use meiliyoupin;
10:35:18 set names utf8;
10:35:18 select * from configs
10:35:18 use meiliyoupin;
10:35:18 set names utf8;
10:35:18 select * from configs
10:35:18 use meiliyoupin;
10:35:18 set names utf8;
10:35:18 select * from configs
10:35:18 use meiliyoupin;
10:35:18 set names utf8;
10:35:18 select * from configs
10:35:18 use meiliyoupin;
10:35:18 set names utf8;
10:35:18 select * from configs
10:35:18 use meiliyoupin;
10:35:18 set names utf8;
10:35:18 select * from configs
10:35:18 use meiliyoupin;
10:35:18 set names utf8;
10:35:18 select * from configs
10:35:19 use meiliyoupin;
10:35:19 set names utf8;
10:35:19 select * from configs
10:35:19 use meiliyoupin;
10:35:19 set names utf8;
10:35:19 select * from configs
10:35:19 use meiliyoupin;
10:35:19 set names utf8;
10:35:19 select * from configs
10:35:19 use meiliyoupin;
10:35:19 set names utf8;
10:35:19 select * from configs
10:35:19 use meiliyoupin;
10:35:19 set names utf8;
10:35:19 select * from configs
10:35:19 use meiliyoupin;
10:35:19 set names utf8;
10:35:19 select * from configs
10:35:19 use meiliyoupin;
10:35:19 set names utf8;
10:35:19 select * from configs
10:35:19 use meiliyoupin;
10:35:19 set names utf8;
10:35:19 select * from configs
10:35:19 use meiliyoupin;
10:35:19 set names utf8;
10:35:19 select * from configs
10:35:19 use meiliyoupin;
10:35:19 set names utf8;
10:35:19 select * from configs
10:35:20 use meiliyoupin;
10:35:20 set names utf8;
10:35:20 select * from configs
10:36:09 use meiliyoupin;
10:36:09 set names utf8;
10:36:09 select * from configs
10:36:09 use meiliyoupin;
10:36:09 set names utf8;
10:36:09 select * from configs
10:36:09 use meiliyoupin;
10:36:09 set names utf8;
10:36:09 select * from configs
10:36:33 use meiliyoupin;
10:36:33 set names utf8;
10:36:33 select * from configs
10:40:05 use meiliyoupin;
10:40:05 set names utf8;
10:40:05 select * from configs
10:40:05 use meiliyoupin;
10:40:05 set names utf8;
10:40:05 select * from configs
10:40:05 use meiliyoupin;
10:40:05 set names utf8;
10:40:05 select * from configs
10:40:06 use meiliyoupin;
10:40:06 set names utf8;
10:40:06 select * from configs
10:40:06 use meiliyoupin;
10:40:06 set names utf8;
10:40:06 select * from configs
10:40:07 use meiliyoupin;
10:40:07 set names utf8;
10:40:07 select * from configs
10:40:07 use meiliyoupin;
10:40:07 set names utf8;
10:40:07 select * from configs
10:40:08 use meiliyoupin;
10:40:08 set names utf8;
10:40:08 select * from configs
10:40:08 use meiliyoupin;
10:40:08 set names utf8;
10:40:08 select * from configs
10:40:09 use meiliyoupin;
10:40:09 set names utf8;
10:40:09 select * from configs
10:40:09 use meiliyoupin;
10:40:09 set names utf8;
10:40:09 select * from configs
10:40:10 use meiliyoupin;
10:40:10 set names utf8;
10:40:10 select * from configs
10:40:11 use meiliyoupin;
10:40:11 set names utf8;
10:40:11 select * from configs
10:40:12 use meiliyoupin;
10:40:12 set names utf8;
10:40:12 select * from configs
10:40:12 use meiliyoupin;
10:40:12 set names utf8;
10:40:12 select * from configs
10:40:12 use meiliyoupin;
10:40:12 set names utf8;
10:40:12 select * from configs
10:40:12 use meiliyoupin;
10:40:12 set names utf8;
10:40:12 select * from configs
10:40:12 use meiliyoupin;
10:40:12 set names utf8;
10:40:12 select * from configs
10:40:12 use meiliyoupin;
10:40:12 set names utf8;
10:40:12 select * from configs
10:40:13 use meiliyoupin;
10:40:13 set names utf8;
10:40:13 select * from configs
10:40:13 use meiliyoupin;
10:40:13 set names utf8;
10:40:13 select * from configs
10:40:13 use meiliyoupin;
10:40:13 set names utf8;
10:40:13 select * from configs
10:40:13 use meiliyoupin;
10:40:13 set names utf8;
10:40:13 select * from configs
10:40:13 use meiliyoupin;
10:40:13 set names utf8;
10:40:13 select * from configs
10:40:14 use meiliyoupin;
10:40:14 set names utf8;
10:40:14 select * from configs
10:40:14 use meiliyoupin;
10:40:14 set names utf8;
10:40:14 select * from configs
10:40:14 use meiliyoupin;
10:40:14 set names utf8;
10:40:14 select * from configs
10:40:14 use meiliyoupin;
10:40:14 set names utf8;
10:40:14 select * from configs
10:40:14 use meiliyoupin;
10:40:14 set names utf8;
10:40:14 select * from configs
10:40:15 use meiliyoupin;
10:40:15 set names utf8;
10:40:15 select * from configs
10:40:15 use meiliyoupin;
10:40:15 set names utf8;
10:40:15 select * from configs
10:40:15 use meiliyoupin;
10:40:15 set names utf8;
10:40:15 select * from configs
10:40:15 use meiliyoupin;
10:40:15 set names utf8;
10:40:15 select * from configs
10:40:15 use meiliyoupin;
10:40:15 set names utf8;
10:40:15 select * from configs
10:40:15 use meiliyoupin;
10:40:15 set names utf8;
10:40:15 select * from configs
10:40:16 use meiliyoupin;
10:40:16 set names utf8;
10:40:16 select * from configs
10:40:16 use meiliyoupin;
10:40:16 set names utf8;
10:40:16 select * from configs
10:40:16 use meiliyoupin;
10:40:16 set names utf8;
10:40:16 select * from configs
10:40:16 use meiliyoupin;
10:40:16 set names utf8;
10:40:16 select * from configs
10:40:16 use meiliyoupin;
10:40:16 set names utf8;
10:40:16 select * from configs
10:40:17 use meiliyoupin;
10:40:17 set names utf8;
10:40:17 select * from configs
10:40:17 use meiliyoupin;
10:40:17 set names utf8;
10:40:17 select * from configs
10:40:17 use meiliyoupin;
10:40:17 set names utf8;
10:40:17 select * from configs
10:40:17 use meiliyoupin;
10:40:17 set names utf8;
10:40:17 select * from configs
10:40:17 use meiliyoupin;
10:40:17 set names utf8;
10:40:17 select * from configs
10:40:17 use meiliyoupin;
10:40:17 set names utf8;
10:40:17 select * from configs
10:40:18 use meiliyoupin;
10:40:18 set names utf8;
10:40:18 select * from configs
10:40:18 use meiliyoupin;
10:40:18 set names utf8;
10:40:18 select * from configs
10:40:18 use meiliyoupin;
10:40:18 set names utf8;
10:40:18 select * from configs
10:40:18 use meiliyoupin;
10:40:18 set names utf8;
10:40:18 select * from configs
10:40:18 use meiliyoupin;
10:40:18 set names utf8;
10:40:18 select * from configs
10:40:19 use meiliyoupin;
10:40:19 set names utf8;
10:40:19 select * from configs
10:40:19 use meiliyoupin;
10:40:19 set names utf8;
10:40:19 select * from configs
10:40:19 use meiliyoupin;
10:40:19 set names utf8;
10:40:19 select * from configs
10:40:19 use meiliyoupin;
10:40:19 set names utf8;
10:40:19 select * from configs
10:40:20 use meiliyoupin;
10:40:20 set names utf8;
10:40:20 select * from configs
10:40:20 use meiliyoupin;
10:40:20 set names utf8;
10:40:20 select * from configs
10:40:21 use meiliyoupin;
10:40:21 set names utf8;
10:40:21 select * from configs
10:40:21 use meiliyoupin;
10:40:21 set names utf8;
10:40:21 select * from configs
10:40:21 use meiliyoupin;
10:40:21 set names utf8;
10:40:21 select * from configs
10:40:21 use meiliyoupin;
10:40:21 set names utf8;
10:40:21 select * from configs
10:40:21 use meiliyoupin;
10:40:21 set names utf8;
10:40:21 select * from configs
10:40:21 use meiliyoupin;
10:40:21 set names utf8;
10:40:21 select * from configs
10:40:22 use meiliyoupin;
10:40:22 set names utf8;
10:40:22 select * from configs
10:40:22 use meiliyoupin;
10:40:22 set names utf8;
10:40:22 select * from configs
10:40:24 use meiliyoupin;
10:40:24 set names utf8;
10:40:24 select * from configs
10:40:48 use meiliyoupin;
10:40:48 set names utf8;
10:40:48 select * from configs
10:40:53 use meiliyoupin;
10:40:53 set names utf8;
10:40:53 select * from configs
10:40:53 use meiliyoupin;
10:40:53 set names utf8;
10:40:53 select * from configs
10:40:54 use meiliyoupin;
10:40:54 set names utf8;
10:40:54 select * from configs
10:41:19 use meiliyoupin;
10:41:19 set names utf8;
10:41:19 select * from configs
10:41:19 use meiliyoupin;
10:41:19 set names utf8;
10:41:19 select * from configs
10:41:19 use meiliyoupin;
10:41:19 set names utf8;
10:41:19 select * from configs
10:41:53 use meiliyoupin;
10:41:53 set names utf8;
10:41:53 select * from configs
10:41:53 use meiliyoupin;
10:41:53 set names utf8;
10:41:53 select * from configs
10:41:53 select * from nav order by z_index desc
10:41:53 use meiliyoupin;
10:41:53 set names utf8;
10:41:53 select * from configs
10:41:53 select * from nav order by z_index desc
10:41:55 use meiliyoupin;
10:41:55 set names utf8;
10:41:55 select * from configs
10:41:55 use meiliyoupin;
10:41:55 set names utf8;
10:41:55 select * from configs
10:41:55 use meiliyoupin;
10:41:55 set names utf8;
10:41:55 select * from configs
10:42:29 use meiliyoupin;
10:42:29 set names utf8;
10:42:29 select * from configs
10:42:29 use meiliyoupin;
10:42:29 set names utf8;
10:42:29 select * from configs
10:42:29 use meiliyoupin;
10:42:29 set names utf8;
10:42:29 select * from configs
10:42:30 use meiliyoupin;
10:42:30 set names utf8;
10:42:30 select * from configs
10:42:30 use meiliyoupin;
10:42:30 set names utf8;
10:42:30 select * from configs
10:42:30 use meiliyoupin;
10:42:30 set names utf8;
10:42:30 select * from configs
10:43:00 use meiliyoupin;
10:43:00 set names utf8;
10:43:00 select * from configs
10:43:00 use meiliyoupin;
10:43:00 set names utf8;
10:43:00 select * from configs
10:43:00 select * from nav order by z_index desc
10:43:00 use meiliyoupin;
10:43:00 set names utf8;
10:43:00 select * from configs
10:43:00 select * from nav order by z_index desc
10:43:03 use meiliyoupin;
10:43:03 set names utf8;
10:43:03 select * from configs
10:43:03 use meiliyoupin;
10:43:03 set names utf8;
10:43:03 select * from configs
10:43:03 use meiliyoupin;
10:43:03 set names utf8;
10:43:03 select * from configs
10:43:09 use meiliyoupin;
10:43:09 set names utf8;
10:43:09 select * from configs
10:48:48 use meiliyoupin;
10:48:48 set names utf8;
10:48:48 select * from configs
10:48:48 use meiliyoupin;
10:48:48 set names utf8;
10:48:48 select * from configs
10:48:48 use meiliyoupin;
10:48:48 set names utf8;
10:48:48 select * from configs
10:49:12 use meiliyoupin;
10:49:12 set names utf8;
10:49:12 select * from configs
10:49:12 use meiliyoupin;
10:49:12 set names utf8;
10:49:12 select * from configs
10:49:12 use meiliyoupin;
10:49:12 set names utf8;
10:49:12 select * from configs
10:49:21 use meiliyoupin;
10:49:21 set names utf8;
10:49:21 select * from configs
10:49:21 use meiliyoupin;
10:49:21 set names utf8;
10:49:21 select * from configs
10:49:21 use meiliyoupin;
10:49:21 set names utf8;
10:49:21 select * from configs
10:49:21 use meiliyoupin;
10:49:21 set names utf8;
10:49:21 select * from configs
10:49:21 use meiliyoupin;
10:49:21 set names utf8;
10:49:21 select * from configs
10:49:21 use meiliyoupin;
10:49:21 set names utf8;
10:49:21 select * from configs
10:49:21 use meiliyoupin;
10:49:21 set names utf8;
10:49:21 select * from configs
10:49:22 use meiliyoupin;
10:49:22 set names utf8;
10:49:22 select * from configs
10:49:22 use meiliyoupin;
10:49:22 set names utf8;
10:49:22 select * from configs
10:49:22 use meiliyoupin;
10:49:22 set names utf8;
10:49:22 select * from configs
10:49:22 use meiliyoupin;
10:49:22 set names utf8;
10:49:22 select * from configs
10:49:22 use meiliyoupin;
10:49:22 set names utf8;
10:49:22 select * from configs
10:49:22 use meiliyoupin;
10:49:22 set names utf8;
10:49:22 select * from configs
10:49:22 use meiliyoupin;
10:49:22 set names utf8;
10:49:22 select * from configs
10:49:22 use meiliyoupin;
10:49:22 set names utf8;
10:49:22 select * from configs
10:49:59 use meiliyoupin;
10:49:59 set names utf8;
10:49:59 select * from configs
10:49:59 use meiliyoupin;
10:49:59 set names utf8;
10:49:59 select * from configs
10:50:00 use meiliyoupin;
10:50:00 set names utf8;
10:50:00 select * from configs
10:50:32 use meiliyoupin;
10:50:32 set names utf8;
10:50:32 select * from configs
10:50:32 use meiliyoupin;
10:50:32 set names utf8;
10:50:32 select * from configs
10:50:32 use meiliyoupin;
10:50:32 set names utf8;
10:50:32 select * from configs
10:51:13 use meiliyoupin;
10:51:13 set names utf8;
10:51:13 select * from configs
10:51:13 select * from users where user_name='wangqiqi21' or user_email='123123@123.com' 
10:51:13 insert into users (user_name,user_email,user_word) values ('wangqiqi21','123123@123.com','3b4e64148a98281f293d7e8642546751') ;
10:51:13 select * from users where id =1
10:54:19 use meiliyoupin;
10:54:19 set names utf8;
10:54:19 select * from configs
10:54:19 use meiliyoupin;
10:54:19 set names utf8;
10:54:19 select * from configs
10:54:19 select * from nav order by z_index desc
10:54:19 select * from goods where is_delete=0 and is_groupon=1 and is_on_sale=1 and groupon_start_time<1406775259 and groupon_end_time>1406775259
10:54:20 use meiliyoupin;
10:54:20 set names utf8;
10:54:20 select * from configs
10:54:20 select * from nav order by z_index desc
10:54:20 select * from goods where is_delete=0 and is_groupon=1 and is_on_sale=1 and groupon_start_time<1406775260 and groupon_end_time>1406775260
10:54:23 use meiliyoupin;
10:54:23 set names utf8;
10:54:23 select * from configs
10:54:23 use meiliyoupin;
10:54:23 set names utf8;
10:54:23 select * from configs
10:54:25 use meiliyoupin;
10:54:25 set names utf8;
10:54:25 select * from configs
10:54:25 use meiliyoupin;
10:54:25 set names utf8;
10:54:25 select * from configs
10:57:28 use meiliyoupin;
10:57:28 set names utf8;
10:57:28 select * from configs
10:57:28 use meiliyoupin;
10:57:28 set names utf8;
10:57:28 select * from configs
10:57:28 use meiliyoupin;
10:57:28 set names utf8;
10:57:28 select * from configs
10:57:42 use meiliyoupin;
10:57:42 set names utf8;
10:57:42 select * from configs
10:57:42 select * from users where user_name='wangqiqi21' or user_email='123123@123.com' 
10:57:42 use meiliyoupin;
10:57:42 set names utf8;
10:57:42 select * from configs
10:57:42 select * from nav order by z_index desc
10:57:42 use meiliyoupin;
10:57:42 set names utf8;
10:57:42 select * from configs
10:57:42 select * from nav order by z_index desc
10:57:44 use meiliyoupin;
10:57:44 set names utf8;
10:57:44 select * from configs
10:57:45 use meiliyoupin;
10:57:45 set names utf8;
10:57:45 select * from configs
10:57:45 use meiliyoupin;
10:57:45 set names utf8;
10:57:45 select * from configs
10:57:45 use meiliyoupin;
10:57:45 set names utf8;
10:57:45 select * from configs
10:57:46 use meiliyoupin;
10:57:46 set names utf8;
10:57:46 select * from configs
10:57:56 use meiliyoupin;
10:57:56 set names utf8;
10:57:56 select * from configs
10:57:56 select * from users where user_name='wangqiqi21' or user_email='admin@admin.com' 
10:57:56 use meiliyoupin;
10:57:56 set names utf8;
10:57:56 select * from configs
10:57:56 select * from nav order by z_index desc
10:57:56 use meiliyoupin;
10:57:56 set names utf8;
10:57:56 select * from configs
10:57:56 select * from nav order by z_index desc
10:57:58 use meiliyoupin;
10:57:58 set names utf8;
10:57:58 select * from configs
10:57:58 use meiliyoupin;
10:57:58 set names utf8;
10:57:58 select * from configs
11:01:34 use meiliyoupin;
11:01:34 set names utf8;
11:01:34 select * from configs
11:01:34 use meiliyoupin;
11:01:34 set names utf8;
11:01:34 select * from configs
11:01:59 use meiliyoupin;
11:01:59 set names utf8;
11:01:59 select * from configs
11:01:59 use meiliyoupin;
11:01:59 set names utf8;
11:01:59 select * from configs
11:01:59 use meiliyoupin;
11:01:59 set names utf8;
11:01:59 select * from configs
11:02:00 use meiliyoupin;
11:02:00 set names utf8;
11:02:00 select * from configs
11:02:00 use meiliyoupin;
11:02:00 set names utf8;
11:02:00 select * from configs
11:02:15 use meiliyoupin;
11:02:15 set names utf8;
11:02:15 select * from configs
11:02:15 use meiliyoupin;
11:02:15 set names utf8;
11:02:15 select * from configs
11:02:16 use meiliyoupin;
11:02:16 set names utf8;
11:02:16 select * from configs
11:02:16 use meiliyoupin;
11:02:16 set names utf8;
11:02:16 select * from configs
11:02:17 use meiliyoupin;
11:02:17 set names utf8;
11:02:17 select * from configs
11:02:17 use meiliyoupin;
11:02:17 set names utf8;
11:02:17 select * from configs
11:02:17 use meiliyoupin;
11:02:17 set names utf8;
11:02:17 select * from configs
11:02:17 use meiliyoupin;
11:02:17 set names utf8;
11:02:17 select * from configs
11:02:17 use meiliyoupin;
11:02:17 set names utf8;
11:02:17 select * from configs
11:02:17 use meiliyoupin;
11:02:17 set names utf8;
11:02:17 select * from configs
11:02:50 use meiliyoupin;
11:02:50 set names utf8;
11:02:50 select * from configs
13:34:32 use meiliyoupin;
13:34:32 set names utf8;
13:34:32 select * from configs
13:34:33 use meiliyoupin;
13:34:33 set names utf8;
13:34:33 select * from configs
13:35:12 use meiliyoupin;
13:35:12 set names utf8;
13:35:12 select * from configs
13:35:12 use meiliyoupin;
13:35:12 set names utf8;
13:35:12 select * from configs
14:12:08 use meiliyoupin;
14:12:08 set names utf8;
14:12:08 select * from configs
14:12:09 use meiliyoupin;
14:12:09 set names utf8;
14:12:09 select * from configs
14:12:09 use meiliyoupin;
14:12:09 set names utf8;
14:12:09 select * from configs
14:12:09 use meiliyoupin;
14:12:09 set names utf8;
14:12:09 select * from configs
14:12:43 use meiliyoupin;
14:12:43 set names utf8;
14:12:43 select * from configs
14:12:44 use meiliyoupin;
14:12:44 set names utf8;
14:12:44 select * from configs
16:52:46 use meiliyoupin;
16:52:46 set names utf8;
16:52:46 select * from configs
16:52:47 use meiliyoupin;
16:52:47 set names utf8;
16:52:47 select * from configs
17:06:51 use meiliyoupin;
17:06:51 set names utf8;
17:06:51 select * from configs
17:06:52 use meiliyoupin;
17:06:52 set names utf8;
17:06:52 select * from configs
17:06:53 use meiliyoupin;
17:06:53 set names utf8;
17:06:53 select * from configs
17:06:53 use meiliyoupin;
17:06:53 set names utf8;
17:06:53 select * from configs
17:06:54 use meiliyoupin;
17:06:54 set names utf8;
17:06:54 select * from configs
17:06:54 use meiliyoupin;
17:06:54 set names utf8;
17:06:54 select * from configs
17:06:55 use meiliyoupin;
17:06:55 set names utf8;
17:06:55 select * from configs
17:06:55 use meiliyoupin;
17:06:55 set names utf8;
17:06:55 select * from configs
17:06:55 use meiliyoupin;
17:06:55 set names utf8;
17:06:55 select * from configs
17:06:55 use meiliyoupin;
17:06:55 set names utf8;
17:06:55 select * from configs
17:06:57 use meiliyoupin;
17:06:57 set names utf8;
17:06:57 select * from configs
17:06:57 use meiliyoupin;
17:06:57 set names utf8;
17:06:57 select * from configs
17:06:57 use meiliyoupin;
17:06:57 set names utf8;
17:06:58 select * from configs
17:06:58 use meiliyoupin;
17:06:58 set names utf8;
17:06:58 select * from configs
17:06:59 use meiliyoupin;
17:06:59 set names utf8;
17:06:59 select * from configs
17:06:59 use meiliyoupin;
17:06:59 set names utf8;
17:06:59 select * from configs
17:07:00 use meiliyoupin;
17:07:00 set names utf8;
17:07:00 select * from configs
17:07:00 use meiliyoupin;
17:07:00 set names utf8;
17:07:00 select * from configs
17:07:00 use meiliyoupin;
17:07:00 set names utf8;
17:07:00 select * from configs
17:07:01 use meiliyoupin;
17:07:01 set names utf8;
17:07:01 select * from configs
17:07:01 use meiliyoupin;
17:07:01 set names utf8;
17:07:01 select * from configs
17:07:01 use meiliyoupin;
17:07:01 set names utf8;
17:07:01 select * from configs
17:07:01 use meiliyoupin;
17:07:01 set names utf8;
17:07:01 select * from configs
17:07:01 use meiliyoupin;
17:07:01 set names utf8;
17:07:01 select * from configs
17:07:02 use meiliyoupin;
17:07:02 set names utf8;
17:07:02 select * from configs
17:07:02 use meiliyoupin;
17:07:02 set names utf8;
17:07:02 select * from configs
17:07:02 use meiliyoupin;
17:07:02 set names utf8;
17:07:02 select * from configs
17:07:02 use meiliyoupin;
17:07:02 set names utf8;
17:07:02 select * from configs
17:07:10 use meiliyoupin;
17:07:10 set names utf8;
17:07:10 select * from configs
17:07:10 use meiliyoupin;
17:07:10 set names utf8;
17:07:10 select * from configs
17:07:10 use meiliyoupin;
17:07:10 set names utf8;
17:07:10 select * from configs
17:07:10 use meiliyoupin;
17:07:10 set names utf8;
17:07:10 select * from configs
17:07:10 use meiliyoupin;
17:07:10 set names utf8;
17:07:10 select * from configs
17:07:11 use meiliyoupin;
17:07:11 set names utf8;
17:07:11 select * from configs
17:07:18 use meiliyoupin;
17:07:18 set names utf8;
17:07:18 select * from configs
17:07:18 use meiliyoupin;
17:07:18 set names utf8;
17:07:18 select * from configs
17:07:53 use meiliyoupin;
17:07:53 set names utf8;
17:07:53 select * from configs
17:07:54 use meiliyoupin;
17:07:54 set names utf8;
17:07:54 select * from configs
17:07:55 use meiliyoupin;
17:07:55 set names utf8;
17:07:55 select * from configs
17:07:55 use meiliyoupin;
17:07:55 set names utf8;
17:07:55 select * from configs
17:07:55 select * from nav order by z_index desc
17:07:56 use meiliyoupin;
17:07:56 set names utf8;
17:07:56 select * from configs
17:07:56 select * from nav order by z_index desc
17:08:18 use meiliyoupin;
17:08:18 set names utf8;
17:08:18 select * from configs
17:08:19 use meiliyoupin;
17:08:19 set names utf8;
17:08:19 select * from configs
17:08:19 use meiliyoupin;
17:08:19 set names utf8;
17:08:19 select * from configs
17:08:19 use meiliyoupin;
17:08:19 set names utf8;
17:08:19 select * from configs
17:08:37 use meiliyoupin;
17:08:37 set names utf8;
17:08:37 select * from configs
17:08:37 use meiliyoupin;
17:08:37 set names utf8;
17:08:37 select * from configs
17:08:42 use meiliyoupin;
17:08:42 set names utf8;
17:08:42 select * from configs
17:08:42 select * from users where user_name='admin' or user_email='admin' and user_word='6ade1dce26a4b769ff813462c694c83e'
17:08:42 use meiliyoupin;
17:08:42 set names utf8;
17:08:42 select * from configs
17:08:42 select * from nav order by z_index desc
17:08:43 use meiliyoupin;
17:08:43 set names utf8;
17:08:43 select * from configs
17:08:43 select * from nav order by z_index desc
17:08:44 use meiliyoupin;
17:08:44 set names utf8;
17:08:44 select * from configs
17:08:45 use meiliyoupin;
17:08:45 set names utf8;
17:08:45 select * from configs
17:08:48 use meiliyoupin;
17:08:48 set names utf8;
17:08:48 select * from configs
17:08:48 select * from users where user_name='wangqiqi21' or user_email='wangqiqi21' and user_word='3b4e64148a98281f293d7e8642546751'
17:33:26 use meiliyoupin;
17:33:26 set names utf8;
17:33:26 select * from configs
17:33:26 use meiliyoupin;
17:33:26 set names utf8;
17:33:26 select * from configs
17:33:26 select * from admin_menu
17:33:29 use meiliyoupin;
17:33:29 set names utf8;
17:33:29 select * from configs
17:33:29 select * from nav order by z_index desc
17:33:29 select * from goods where id = 1 and is_delete = 0
17:33:30 use meiliyoupin;
17:33:30 set names utf8;
17:33:30 select * from configs
17:33:30 select * from nav order by z_index desc
17:33:30 select * from goods where id = 1 and is_delete = 0
17:33:38 use meiliyoupin;
17:33:38 set names utf8;
17:33:38 select * from configs
17:33:39 use meiliyoupin;
17:33:39 set names utf8;
17:33:39 select * from configs
17:33:42 use meiliyoupin;
17:33:42 set names utf8;
17:33:42 select * from configs
17:33:44 use meiliyoupin;
17:33:44 set names utf8;
17:33:44 select * from configs
17:33:44 use meiliyoupin;
17:33:44 set names utf8;
17:33:44 select * from configs
17:33:46 use meiliyoupin;
17:33:46 set names utf8;
17:33:46 select * from configs
17:33:50 use meiliyoupin;
17:33:50 set names utf8;
17:33:50 select * from configs
17:33:50 use meiliyoupin;
17:33:50 set names utf8;
17:33:50 select * from configs
17:34:56 use meiliyoupin;
17:34:56 set names utf8;
17:34:56 select * from configs
17:35:04 use meiliyoupin;
17:35:04 set names utf8;
17:35:04 select * from configs
17:35:04 use meiliyoupin;
17:35:04 set names utf8;
17:35:04 select * from configs
17:35:07 use meiliyoupin;
17:35:07 set names utf8;
17:35:07 select * from configs
17:35:07 select * from users where user_name='wangqiqi21' or user_email='wangqiqi21' and user_word='3b4e64148a98281f293d7e8642546751'
17:35:26 use meiliyoupin;
17:35:26 set names utf8;
17:35:26 select * from configs
17:35:27 use meiliyoupin;
17:35:27 set names utf8;
17:35:27 select * from configs
17:35:32 use meiliyoupin;
17:35:32 set names utf8;
17:35:32 select * from configs
17:35:32 select * from users where user_name='wangqiqi21' or user_email='wangqiqi21' and user_word='3b4e64148a98281f293d7e8642546751'
17:36:39 use meiliyoupin;
17:36:39 set names utf8;
17:36:39 select * from configs
17:36:41 use meiliyoupin;
17:36:41 set names utf8;
17:36:41 select * from configs
17:36:45 use meiliyoupin;
17:36:45 set names utf8;
17:36:45 select * from configs
17:36:45 select * from users where user_name='wangqiqi21' or user_email='wangqiqi21' and user_word='3b4e64148a98281f293d7e8642546751'
17:37:52 use meiliyoupin;
17:37:52 set names utf8;
17:37:52 select * from configs
17:37:52 use meiliyoupin;
17:37:52 set names utf8;
17:37:52 select * from configs
17:37:58 use meiliyoupin;
17:37:58 set names utf8;
17:37:58 select * from configs
17:37:58 select * from users where user_name='wangqiqi21' or user_email='wangqiqi21' and user_word='3b4e64148a98281f293d7e8642546751'
17:38:06 use meiliyoupin;
17:38:06 set names utf8;
17:38:06 select * from configs
17:38:07 use meiliyoupin;
17:38:07 set names utf8;
17:38:07 select * from configs
17:38:23 use meiliyoupin;
17:38:23 set names utf8;
17:38:23 select * from configs
17:38:24 use meiliyoupin;
17:38:24 set names utf8;
17:38:24 select * from configs
17:38:29 use meiliyoupin;
17:38:29 set names utf8;
17:38:29 select * from configs
17:38:29 select * from users where user_name='wangqiqi21' or user_email='wangqiqi21' and user_word='3b4e64148a98281f293d7e8642546751'
17:38:33 use meiliyoupin;
17:38:33 set names utf8;
17:38:33 select * from configs
17:38:33 use meiliyoupin;
17:38:33 set names utf8;
17:38:33 select * from configs
17:38:33 select * from nav order by z_index desc
17:38:33 select * from goods where is_delete=0 and is_groupon=1 and is_on_sale=1 and groupon_start_time<1406799513 and groupon_end_time>1406799513
17:38:34 use meiliyoupin;
17:38:34 set names utf8;
17:38:34 select * from configs
17:38:34 select * from nav order by z_index desc
17:38:34 select * from goods where is_delete=0 and is_groupon=1 and is_on_sale=1 and groupon_start_time<1406799514 and groupon_end_time>1406799514
17:38:39 use meiliyoupin;
17:38:39 set names utf8;
17:38:39 select * from configs
17:38:40 use meiliyoupin;
17:38:40 set names utf8;
17:38:40 select * from configs
17:38:53 use meiliyoupin;
17:38:53 set names utf8;
17:38:53 select * from configs
17:38:53 select * from users where user_name='wangqiqi21' or user_email='wangqiqi21' and user_word='3b4e64148a98281f293d7e8642546751'
