10:10:57 use meiliyoupin;
10:10:57 set names utf8;
10:10:57 select * from configs
10:10:57 use meiliyoupin;
10:10:57 set names utf8;
10:10:57 select * from configs
10:10:57 select * from admin_menu
10:11:02 use meiliyoupin;
10:11:02 set names utf8;
10:11:02 select * from configs
10:11:02 select * from admin_menu
10:11:02 select * from admin where user_name='myadmin' and user_word='691c360156c27261b40c974ec0bf8f4a'
10:11:02 use meiliyoupin;
10:11:02 set names utf8;
10:11:02 select * from configs
10:11:02 select * from admin_menu
10:11:05 use meiliyoupin;
10:11:05 set names utf8;
10:11:05 select * from configs
10:11:05 select * from admin_menu
10:11:06 use meiliyoupin;
10:11:06 set names utf8;
10:11:06 select * from configs
10:11:06 select * from admin_menu
10:11:06 select * from shipping_type 
10:11:20 use meiliyoupin;
10:11:20 set names utf8;
10:11:20 select * from configs
10:11:20 select * from admin_menu
10:11:20 select * from shipping_type 
10:11:20 use meiliyoupin;
10:11:20 set names utf8;
10:11:20 select * from configs
10:11:20 select * from admin_menu
10:11:21 use meiliyoupin;
10:11:21 set names utf8;
10:11:21 select * from configs
10:11:21 select * from admin_menu
10:11:21 select * from shipping_type 
10:11:21 use meiliyoupin;
10:11:21 set names utf8;
10:11:21 select * from configs
10:11:21 select * from admin_menu
10:11:22 use meiliyoupin;
10:11:22 set names utf8;
10:11:22 select * from configs
10:11:22 select * from admin_menu
10:11:22 select * from nav order by z_index desc
10:11:22 use meiliyoupin;
10:11:22 set names utf8;
10:11:22 select * from configs
10:11:22 select * from admin_menu
10:11:23 select * from focus_picture order by pic_index desc
10:11:23 use meiliyoupin;
10:11:23 set names utf8;
10:11:23 select * from configs
10:11:23 select * from admin_menu
10:11:23 select * from shipping_type 
10:11:24 use meiliyoupin;
10:11:24 set names utf8;
10:11:24 select * from configs
10:11:24 select * from admin_menu
10:11:25 use meiliyoupin;
10:11:25 set names utf8;
10:11:25 select * from configs
10:11:25 select * from admin_menu
10:11:25 use meiliyoupin;
10:11:25 set names utf8;
10:11:25 select * from configs
10:11:25 select * from admin_menu
10:11:25 select * from shipping_type 
10:11:26 use meiliyoupin;
10:11:26 set names utf8;
10:11:26 select * from configs
10:11:26 select * from admin_menu
10:11:26 use meiliyoupin;
10:11:26 set names utf8;
10:11:26 select * from configs
10:11:26 select * from admin_menu
10:11:26 select * from nav order by z_index desc
10:11:27 use meiliyoupin;
10:11:27 set names utf8;
10:11:27 select * from configs
10:11:27 select * from admin_menu
10:11:27 select * from focus_picture order by pic_index desc
10:11:27 use meiliyoupin;
10:11:27 set names utf8;
10:11:27 select * from configs
10:11:27 select * from admin_menu
10:11:28 use meiliyoupin;
10:11:28 set names utf8;
10:11:28 select * from configs
10:11:28 select * from admin_menu
10:11:28 select * from shipping_type 
10:11:28 use meiliyoupin;
10:11:28 set names utf8;
10:11:28 select * from configs
10:11:28 select * from admin_menu
10:11:28 select * from nav order by z_index desc
10:11:28 use meiliyoupin;
10:11:28 set names utf8;
10:11:28 select * from configs
10:11:28 select * from admin_menu
10:11:28 select * from focus_picture order by pic_index desc
10:11:29 use meiliyoupin;
10:11:29 set names utf8;
10:11:29 select * from configs
10:11:29 select * from admin_menu
10:11:29 use meiliyoupin;
10:11:29 set names utf8;
10:11:29 select * from configs
10:11:29 select * from admin_menu
10:11:29 use meiliyoupin;
10:11:29 set names utf8;
10:11:29 select * from configs
10:11:29 select * from admin_menu
10:11:30 use meiliyoupin;
10:11:30 set names utf8;
10:11:30 select * from configs
10:11:30 select * from admin_menu
10:11:30 select * from shipping_type 
10:11:32 use meiliyoupin;
10:11:32 set names utf8;
10:11:32 select * from configs
10:11:32 select * from admin_menu
10:11:36 use meiliyoupin;
10:11:36 set names utf8;
10:11:36 select * from configs
10:11:36 select * from admin_menu
10:11:36 select * from shipping_type 
10:11:38 use meiliyoupin;
10:11:38 set names utf8;
10:11:38 select * from configs
10:11:38 select * from admin_menu
10:12:06 use meiliyoupin;
10:12:06 set names utf8;
10:12:06 select * from configs
10:12:06 select * from admin_menu
10:12:06 use meiliyoupin;
10:12:06 set names utf8;
10:12:06 select * from configs
10:12:06 select * from admin_menu
10:12:08 use meiliyoupin;
10:12:08 set names utf8;
10:12:08 select * from configs
10:12:08 select * from admin_menu
10:12:09 use meiliyoupin;
10:12:09 set names utf8;
10:12:09 select * from configs
10:12:09 select * from admin_menu
11:35:38 use meiliyoupin;
11:35:38 set names utf8;
11:35:38 select * from configs
11:35:38 select * from admin_menu
11:38:43 use meiliyoupin;
11:38:43 set names utf8;
11:38:43 select * from configs
11:38:43 select * from admin_menu
11:38:43 select * from pay_plugin 
11:39:07 use meiliyoupin;
11:39:07 set names utf8;
11:39:07 select * from configs
11:39:07 select * from admin_menu
11:39:07 select * from pay_plugin 
11:43:48 use meiliyoupin;
11:43:48 set names utf8;
11:43:48 select * from configs
11:43:48 select * from admin_menu
11:43:48 select * from pay_plugin 
11:43:49 use meiliyoupin;
11:43:49 set names utf8;
11:43:49 select * from configs
11:43:49 select * from admin_menu
11:43:49 select * from pay_plugin 
11:43:53 use meiliyoupin;
11:43:53 set names utf8;
11:43:53 select * from configs
11:43:53 select * from admin_menu
11:43:53 select * from pay_plugin 
11:44:51 use meiliyoupin;
11:44:51 set names utf8;
11:44:51 select * from configs
11:44:51 select * from admin_menu
11:44:51 select * from pay_plugin 
11:45:38 use meiliyoupin;
11:45:38 set names utf8;
11:45:38 select * from configs
11:45:38 select * from admin_menu
11:45:38 select * from pay_plugin 
11:45:38 use meiliyoupin;
11:45:38 set names utf8;
11:45:38 select * from configs
11:45:38 select * from admin_menu
11:45:38 select * from pay_plugin 
11:45:38 use meiliyoupin;
11:45:38 set names utf8;
11:45:38 select * from configs
11:45:38 select * from admin_menu
11:45:38 select * from pay_plugin 
11:46:26 use meiliyoupin;
11:46:26 set names utf8;
11:46:26 select * from configs
11:46:26 select * from admin_menu
11:46:26 select * from pay_plugin 
11:46:29 use meiliyoupin;
11:46:29 set names utf8;
11:46:29 select * from configs
11:46:29 select * from admin_menu
11:46:29 select * from pay_plugin 
11:47:03 use meiliyoupin;
11:47:03 set names utf8;
11:47:03 select * from configs
11:47:03 select * from admin_menu
11:47:03 select * from pay_plugin 
11:48:14 use meiliyoupin;
11:48:14 set names utf8;
11:48:14 select * from configs
11:48:14 select * from admin_menu
11:48:14 select * from pay_plugin 
11:48:50 use meiliyoupin;
11:48:50 set names utf8;
11:48:50 select * from configs
11:48:50 select * from admin_menu
11:48:50 select * from pay_plugin 
11:49:06 use meiliyoupin;
11:49:06 set names utf8;
11:49:06 select * from configs
11:49:06 select * from admin_menu
11:49:06 select * from pay_plugin 
11:49:42 use meiliyoupin;
11:49:42 set names utf8;
11:49:42 select * from configs
11:49:42 select * from admin_menu
11:49:42 select * from pay_plugin 
11:50:15 use meiliyoupin;
11:50:15 set names utf8;
11:50:15 select * from configs
11:50:15 select * from admin_menu
11:50:15 select * from pay_plugin 
11:50:16 use meiliyoupin;
11:50:16 set names utf8;
11:50:16 select * from configs
11:50:16 select * from admin_menu
11:50:16 select * from pay_plugin 
11:50:16 use meiliyoupin;
11:50:16 set names utf8;
11:50:16 select * from configs
11:50:16 select * from admin_menu
11:50:16 select * from pay_plugin 
11:50:17 use meiliyoupin;
11:50:17 set names utf8;
11:50:17 select * from configs
11:50:17 select * from admin_menu
11:50:17 select * from pay_plugin 
11:50:52 use meiliyoupin;
11:50:52 set names utf8;
11:50:52 select * from configs
11:50:52 select * from admin_menu
11:50:52 select * from pay_plugin 
12:00:44 use meiliyoupin;
12:00:44 set names utf8;
12:00:44 select * from configs
12:00:44 select * from admin_menu
12:00:44 select * from pay_plugin 
12:00:46 use meiliyoupin;
12:00:46 set names utf8;
12:00:46 select * from configs
12:00:46 select * from admin_menu
12:00:46 select * from pay_plugin where id=1
12:00:49 use meiliyoupin;
12:00:49 set names utf8;
12:00:49 select * from configs
12:00:49 select * from admin_menu
12:00:49 select * from pay_plugin 
13:43:21 use meiliyoupin;
13:43:21 set names utf8;
13:43:21 select * from configs
13:43:21 use meiliyoupin;
13:43:21 set names utf8;
13:43:21 select * from configs
13:43:21 select * from admin_menu
13:43:28 use meiliyoupin;
13:43:28 set names utf8;
13:43:28 select * from configs
13:43:28 select * from admin_menu
13:43:28 select * from admin where user_name='wangqiqi21' and user_word='d7306efd2196aa73a1b2597be1a97563'
13:43:30 use meiliyoupin;
13:43:30 set names utf8;
13:43:30 select * from configs
13:43:30 use meiliyoupin;
13:43:30 set names utf8;
13:43:30 select * from configs
13:43:30 select * from admin_menu
13:43:37 use meiliyoupin;
13:43:37 set names utf8;
13:43:37 select * from configs
13:43:37 select * from admin_menu
13:43:37 select * from admin where user_name='myadmin' and user_word='691c360156c27261b40c974ec0bf8f4a'
13:43:37 use meiliyoupin;
13:43:37 set names utf8;
13:43:37 select * from configs
13:43:37 select * from admin_menu
13:43:39 use meiliyoupin;
13:43:39 set names utf8;
13:43:39 select * from configs
13:43:39 select * from admin_menu
13:43:43 use meiliyoupin;
13:43:43 set names utf8;
13:43:43 select * from configs
13:43:43 select * from admin_menu
13:43:43 select * from pay_plugin 
13:43:45 use meiliyoupin;
13:43:45 set names utf8;
13:43:45 select * from configs
13:43:45 select * from admin_menu
13:43:45 select * from pay_plugin where id=1
13:43:47 use meiliyoupin;
13:43:47 set names utf8;
13:43:47 select * from configs
13:43:47 select * from admin_menu
13:43:47 select * from pay_plugin 
13:53:25 use meiliyoupin;
13:53:25 set names utf8;
13:53:25 select * from configs
13:53:25 select * from admin_menu
13:53:25 select * from pay_plugin 
13:53:27 use meiliyoupin;
13:53:27 set names utf8;
13:53:27 select * from configs
13:53:27 select * from admin_menu
13:53:27 select * from pay_plugin where id=1
13:54:23 use meiliyoupin;
13:54:23 set names utf8;
13:54:23 select * from configs
13:54:23 select * from admin_menu
13:54:23 select * from pay_plugin where id=1
14:02:59 use meiliyoupin;
14:02:59 set names utf8;
14:02:59 select * from configs
14:02:59 select * from admin_menu
14:02:59 select * from pay_plugin where id=1
14:03:01 use meiliyoupin;
14:03:01 set names utf8;
14:03:01 select * from configs
14:03:01 select * from admin_menu
14:03:01 select * from pay_plugin where id=1
14:03:03 use meiliyoupin;
14:03:03 set names utf8;
14:03:03 select * from configs
14:03:03 select * from admin_menu
14:03:03 select * from pay_plugin where id=1
14:45:44 use meiliyoupin;
14:45:44 set names utf8;
14:45:44 select * from configs
14:45:44 select * from admin_menu
14:45:44 select count(a.id) from articles as a left join article_type as b on a.type_id=b.id order by a.id desc
14:45:44 select a.*,b.type_name from articles as a left join article_type as b on a.type_id=b.id order by a.id desc limit 0,20
14:45:46 use meiliyoupin;
14:45:46 set names utf8;
14:45:46 select * from configs
14:45:46 select * from admin_menu
14:45:46 select count(a.id) from articles as a left join article_type as b on a.type_id=b.id order by a.id desc
14:45:46 select a.*,b.type_name from articles as a left join article_type as b on a.type_id=b.id order by a.id desc limit 0,20
14:45:48 use meiliyoupin;
14:45:48 set names utf8;
14:45:48 select * from configs
14:45:48 select * from admin_menu
14:45:48 select * from shipping_type 
14:45:52 use meiliyoupin;
14:45:52 set names utf8;
14:45:52 select * from configs
14:45:52 select * from admin_menu
14:45:52 select * from pay_plugin 
14:45:54 use meiliyoupin;
14:45:54 set names utf8;
14:45:54 select * from configs
14:45:54 select * from admin_menu
14:45:54 select * from pay_plugin where id=1
14:47:39 use meiliyoupin;
14:47:39 set names utf8;
14:47:39 select * from configs
14:47:39 select * from admin_menu
14:47:39 select * from pay_plugin where id=1
14:47:40 use meiliyoupin;
14:47:40 set names utf8;
14:47:40 select * from configs
14:47:40 select * from admin_menu
14:47:40 select * from pay_plugin where id=1
17:53:04 use meiliyoupin;
17:53:04 set names utf8;
17:53:04 select * from configs
17:54:25 use meiliyoupin;
17:54:25 set names utf8;
17:54:25 select * from configs
17:55:02 use meiliyoupin;
17:55:02 set names utf8;
17:55:02 select * from configs
17:55:02 insert into pay_plugin (plugin_name,plugin_code,plugin_dis) values ('环迅支付','ips','迅付信息科技有限公司（简称：环迅支付），是中国最早成立的第三方支付企业。公司在2011年获颁中国人民银行首批《支付业务许可证》。公司平台支持所有国内主流银行及国际信用卡，为全球2000万用户提供金融级的支付体验。') ;
17:55:02 insert into pay_type (pay_name,pay_code,pay_desc,pay_plugin_id) values ('环迅支付','ips','迅付信息科技有限公司（简称：环迅支付），是中国最早成立的第三方支付企业。公司在2011年获颁中国人民银行首批《支付业务许可证》。公司平台支持所有国内主流银行及国际信用卡，为全球2000万用户提供金融级的支付体验。','1') ;
17:55:02 insert into pay_type (pay_name,pay_code,pay_desc,pay_plugin_id) values ('北京农村商业银行','00056','银行卡支付（全国范围）','1') ;
17:55:02 insert into pay_type (pay_name,pay_code,pay_desc,pay_plugin_id) values ('北京银行','00050','北京银行（全国范围）','1') ;
17:55:02 insert into pay_type (pay_name,pay_code,pay_desc,pay_plugin_id) values ('渤海银行','00095','银行卡支付（全国范围）','1') ;
17:55:02 insert into pay_type (pay_name,pay_code,pay_desc,pay_plugin_id) values ('东亚银行','00096','银行卡支付（全国范围）','1') ;
17:55:02 insert into pay_type (pay_name,pay_code,pay_desc,pay_plugin_id) values ('光大银行','00057','银行卡支付（全国范围）','1') ;
17:55:02 insert into pay_type (pay_name,pay_code,pay_desc,pay_plugin_id) values ('广发银行','00052','银行卡支付（全国范围）','1') ;
17:55:02 insert into pay_type (pay_name,pay_code,pay_desc,pay_plugin_id) values ('杭州银行','00081','银行卡支付（全国范围）','1') ;
17:55:02 insert into pay_type (pay_name,pay_code,pay_desc,pay_plugin_id) values ('华夏银行','00041','华夏借记卡（全国范围）','1') ;
17:55:02 insert into pay_type (pay_name,pay_code,pay_desc,pay_plugin_id) values ('交通银行','00005','太平洋卡（全国范围）','1') ;
17:55:02 insert into pay_type (pay_name,pay_code,pay_desc,pay_plugin_id) values ('民生银行','00013','民生卡（全国范围）','1') ;
17:55:02 insert into pay_type (pay_name,pay_code,pay_desc,pay_plugin_id) values ('宁波银行','00085','银行卡支付（全国范围）','1') ;
17:55:02 insert into pay_type (pay_name,pay_code,pay_desc,pay_plugin_id) values ('平安银行','00087','平安借记卡（全国范围）','1') ;
17:55:02 insert into pay_type (pay_name,pay_code,pay_desc,pay_plugin_id) values ('浦东发展银行','00032','东方卡（全国范围）','1') ;
17:55:02 insert into pay_type (pay_name,pay_code,pay_desc,pay_plugin_id) values ('上海银行','00084','银行卡支付（全国范围）','1') ;
17:55:02 insert into pay_type (pay_name,pay_code,pay_desc,pay_plugin_id) values ('深圳发展银行','00023','发展卡支付（全国范围）','1') ;
17:55:02 insert into pay_type (pay_name,pay_code,pay_desc,pay_plugin_id) values ('兴业银行','00016','在线兴业（全国范围）','1') ;
17:55:02 insert into pay_type (pay_name,pay_code,pay_desc,pay_plugin_id) values ('邮政储蓄','00051','银联网上支付签约客户（全国范围）','1') ;
17:55:02 insert into pay_type (pay_name,pay_code,pay_desc,pay_plugin_id) values ('招商银行','00021','银行卡支付（全国范围）','1') ;
17:55:02 insert into pay_type (pay_name,pay_code,pay_desc,pay_plugin_id) values ('浙商银行','00086','银行卡支付（全国范围）','1') ;
17:55:02 insert into pay_type (pay_name,pay_code,pay_desc,pay_plugin_id) values ('中国工商银行','00004','网上签约注册用户（全国范围）','1') ;
17:55:02 insert into pay_type (pay_name,pay_code,pay_desc,pay_plugin_id) values ('中国工商银行','00026','工行手机支付（仅限工行手机签约客户）','1') ;
17:55:02 insert into pay_type (pay_name,pay_code,pay_desc,pay_plugin_id) values ('中国建设银行','00015','网上银行签约客户（全国范围）','1') ;
17:55:02 insert into pay_type (pay_name,pay_code,pay_desc,pay_plugin_id) values ('中国农业银行','00017','网上银行签约客户（全国范围）','1') ;
17:55:02 insert into pay_type (pay_name,pay_code,pay_desc,pay_plugin_id) values ('中国银行','00083','银行卡支付（全国范围）','1') ;
17:55:02 insert into pay_type (pay_name,pay_code,pay_desc,pay_plugin_id) values ('中信银行','00054','银行卡支付（全国范围）','1') ;
