08:36:28 use company;
08:36:28 set names utf8;
08:36:28 select * from configs
08:36:28 use company;
08:36:28 set names utf8;
08:36:28 select * from configs
08:36:36 use company;
08:36:37 set names utf8;
08:36:37 select * from configs
08:36:37 select * from admin where user_name='myadmin' and user_word='691c360156c27261b40c974ec0bf8f4a'
08:36:37 use company;
08:36:37 set names utf8;
08:36:37 select * from configs
08:36:39 use company;
08:36:39 set names utf8;
08:36:39 select * from configs
08:36:42 use company;
08:36:42 set names utf8;
08:36:42 select * from configs
08:36:42 select * from nav order by z_index desc
08:40:27 use company;
08:40:27 set names utf8;
08:40:27 select * from configs
08:40:27 update nav set is_blank=0 where id=2
08:40:27 use company;
08:40:27 set names utf8;
08:40:27 select * from configs
08:40:27 update nav set is_blank=1 where id=2
08:40:28 use company;
08:40:28 set names utf8;
08:40:28 select * from configs
08:40:28 update nav set is_blank=0 where id=8
08:40:29 use company;
08:40:29 set names utf8;
08:40:29 select * from configs
08:40:29 update nav set is_blank=0 where id=10
08:40:30 use company;
08:40:30 set names utf8;
08:40:30 select * from configs
08:40:30 update nav set is_blank=0 where id=9
08:40:31 use company;
08:40:31 set names utf8;
08:40:31 select * from configs
08:40:31 update nav set is_blank=1 where id=10
08:40:31 use company;
08:40:31 set names utf8;
08:40:31 select * from configs
08:40:31 update nav set is_blank=1 where id=9
08:40:33 use company;
08:40:33 set names utf8;
08:40:33 select * from configs
08:40:33 update nav set is_blank=1 where id=8
08:40:35 use company;
08:40:35 set names utf8;
08:40:35 select * from configs
08:40:35 select * from nav order by z_index desc
08:40:37 use company;
08:40:37 set names utf8;
08:40:37 select * from configs
08:40:37 update nav set is_blank=0 where id=6
08:40:37 use company;
08:40:37 set names utf8;
08:40:37 select * from configs
08:40:37 update nav set is_blank=0 where id=2
08:40:38 use company;
08:40:38 set names utf8;
08:40:38 select * from configs
08:40:38 update nav set is_blank=0 where id=8
08:40:38 use company;
08:40:38 set names utf8;
08:40:38 select * from configs
08:40:38 update nav set is_blank=0 where id=1
08:40:38 use company;
08:40:38 set names utf8;
08:40:38 select * from configs
08:40:38 update nav set is_blank=0 where id=10
08:40:39 use company;
08:40:39 set names utf8;
08:40:39 select * from configs
08:40:39 update nav set is_blank=0 where id=9
08:40:40 use company;
08:40:40 set names utf8;
08:40:40 select * from configs
08:40:40 select * from nav order by z_index desc
08:40:42 use company;
08:40:42 set names utf8;
08:40:42 select * from configs
08:40:42 update nav set is_blank=1 where id=6
08:40:42 use company;
08:40:42 set names utf8;
08:40:42 select * from configs
08:40:42 update nav set is_blank=1 where id=2
08:40:44 use company;
08:40:44 set names utf8;
08:40:44 select * from configs
08:40:44 update nav set is_blank=1 where id=8
08:40:44 use company;
08:40:44 set names utf8;
08:40:44 select * from configs
08:40:44 update nav set is_blank=0 where id=8
08:40:45 use company;
08:40:45 set names utf8;
08:40:45 select * from configs
08:40:45 update nav set is_blank=1 where id=8
08:40:45 use company;
08:40:45 set names utf8;
08:40:45 select * from configs
08:40:45 update nav set is_blank=0 where id=8
08:40:45 use company;
08:40:45 set names utf8;
08:40:45 select * from configs
08:40:45 update nav set is_blank=1 where id=8
08:40:45 use company;
08:40:45 set names utf8;
08:40:45 select * from configs
08:40:45 update nav set is_blank=0 where id=8
08:40:46 use company;
08:40:46 set names utf8;
08:40:46 select * from configs
08:40:46 update nav set is_blank=1 where id=8
08:40:47 use company;
08:40:47 set names utf8;
08:40:47 select * from configs
08:40:47 update nav set is_blank=1 where id=1
08:40:47 use company;
08:40:47 set names utf8;
08:40:47 select * from configs
08:40:47 update nav set is_blank=1 where id=10
08:40:47 use company;
08:40:47 set names utf8;
08:40:47 select * from configs
08:40:47 update nav set is_blank=1 where id=9
08:41:51 use company;
08:41:51 set names utf8;
08:41:51 select * from configs
08:42:03 use company;
08:42:03 set names utf8;
08:42:03 select * from configs
08:42:05 use company;
08:42:05 set names utf8;
08:42:05 select * from configs
08:42:07 use company;
08:42:07 set names utf8;
08:42:07 select * from configs
08:42:09 use company;
08:42:09 set names utf8;
08:42:09 select * from configs
08:42:26 use company;
08:42:26 set names utf8;
08:42:26 select * from configs
08:42:26 select * from nav order by z_index desc
08:42:28 use company;
08:42:28 set names utf8;
08:42:28 select * from configs
08:42:34 use company;
08:42:34 set names utf8;
08:42:34 select * from configs
08:42:35 use company;
08:42:35 set names utf8;
08:42:35 select * from configs
08:42:37 use company;
08:42:37 set names utf8;
08:42:37 select * from configs
08:42:43 use company;
08:42:43 set names utf8;
08:42:43 select * from configs
08:42:44 use company;
08:42:44 set names utf8;
08:42:44 select * from configs
08:42:45 use company;
08:42:45 set names utf8;
08:42:45 select * from configs
09:26:12 use company;
09:26:12 set names utf8;
09:26:12 select * from configs
09:26:17 use company;
09:26:17 set names utf8;
09:26:17 select * from configs
09:26:17 select * from focus_picture order by pic_index desc
09:29:36 use company;
09:29:36 set names utf8;
09:29:36 select * from configs
09:29:36 select * from focus_picture order by pic_index desc
09:39:25 use company;
09:39:25 set names utf8;
09:39:25 select * from configs
09:39:25 select * from focus_picture order by pic_index desc
09:39:45 use company;
09:39:45 set names utf8;
09:39:45 select * from configs
09:39:45 select * from focus_picture order by pic_index desc
09:39:46 use company;
09:39:46 set names utf8;
09:39:46 select * from configs
09:39:46 select * from focus_picture where id=1
09:44:01 use company;
09:44:01 set names utf8;
09:44:01 select * from configs
09:44:01 select * from focus_picture order by pic_index desc
09:44:03 use company;
09:44:03 set names utf8;
09:44:03 select * from configs
09:44:03 select * from focus_picture where id=1
09:44:05 use company;
09:44:05 set names utf8;
09:44:05 select * from configs
09:44:05 select * from focus_picture where id=1
09:44:13 use company;
09:44:13 set names utf8;
09:44:13 select * from configs
09:44:13 select * from focus_picture order by pic_index desc
09:44:15 use company;
09:44:15 set names utf8;
09:44:15 select * from configs
09:44:15 select * from focus_picture where id=1
09:45:43 use company;
09:45:43 set names utf8;
09:45:43 select * from configs
09:45:43 select * from focus_picture order by pic_index desc
09:45:45 use company;
09:45:45 set names utf8;
09:45:45 select * from configs
09:45:45 select * from focus_picture where id=1
09:46:20 use company;
09:46:20 set names utf8;
09:46:20 select * from configs
09:46:20 select * from focus_picture order by pic_index desc
09:46:21 use company;
09:46:21 set names utf8;
09:46:21 select * from configs
09:46:21 select * from focus_picture where id=1
09:47:44 use company;
09:47:44 set names utf8;
09:47:44 select * from configs
09:47:44 select * from focus_picture order by pic_index desc
09:47:48 use company;
09:47:48 set names utf8;
09:47:48 select * from configs
09:47:48 select * from focus_picture where id=1
09:47:51 use company;
09:47:51 set names utf8;
09:47:51 select * from configs
09:47:51 select * from focus_picture where id=1
09:48:03 use company;
09:48:03 set names utf8;
09:48:03 select * from configs
09:48:03 select * from focus_picture where id=1
09:55:11 use company;
09:55:11 set names utf8;
09:55:11 select * from configs
09:55:11 select * from focus_picture order by pic_index desc
09:55:13 use company;
09:55:13 set names utf8;
09:55:13 select * from configs
09:55:42 use company;
09:55:42 set names utf8;
09:55:42 select * from configs
09:55:42 select * from focus_picture order by pic_index desc
09:55:44 use company;
09:55:44 set names utf8;
09:55:44 select * from configs
09:55:44 truncate focus_picture
09:55:44 select * from focus_picture limit 0,1
09:55:51 use company;
09:55:51 set names utf8;
09:55:51 select * from configs
09:55:51 select * from focus_picture order by pic_index desc
09:56:03 use company;
09:56:03 set names utf8;
09:56:03 select * from configs
09:56:03 select * from focus_picture order by pic_index desc
09:56:29 use company;
09:56:29 set names utf8;
09:56:29 select * from configs
09:56:29 select * from focus_picture order by pic_index desc
09:56:32 use company;
09:56:32 set names utf8;
09:56:32 select * from configs
09:56:32 truncate focus_picture
09:56:32 select * from focus_picture limit 0,1
10:10:55 use company;
10:10:55 set names utf8;
10:10:55 select * from configs
10:10:55 select * from focus_picture order by pic_index desc
10:10:55 use company;
10:10:55 set names utf8;
10:10:55 select * from configs
10:10:55 select * from focus_picture order by pic_index desc
10:10:55 use company;
10:10:55 set names utf8;
10:10:55 select * from configs
10:10:55 select * from focus_picture order by pic_index desc
10:15:18 use company;
10:15:18 set names utf8;
10:15:18 select * from configs
10:15:18 select * from nav order by z_index desc
10:17:18 use company;
10:17:18 set names utf8;
10:17:18 select * from configs
10:17:19 use company;
10:17:19 set names utf8;
10:17:19 select * from configs
10:17:20 use company;
10:17:20 set names utf8;
10:17:20 select * from configs
10:17:22 use company;
10:17:22 set names utf8;
10:17:22 select * from configs
10:17:24 use company;
10:17:24 set names utf8;
10:17:24 select * from configs
10:17:25 use company;
10:17:25 set names utf8;
10:17:25 select * from configs
10:17:25 select * from nav order by z_index desc
10:17:26 use company;
10:17:26 set names utf8;
10:17:26 select * from configs
10:17:26 select * from nav order by z_index desc
10:17:29 use company;
10:17:29 set names utf8;
10:17:29 select * from configs
10:17:29 select * from focus_picture order by pic_index desc
10:17:33 use company;
10:17:33 set names utf8;
10:17:33 select * from configs
10:17:33 truncate focus_picture
10:17:33 select * from focus_picture limit 0,1
10:18:21 use company;
10:18:21 set names utf8;
10:18:21 select * from configs
10:18:22 use company;
10:18:22 set names utf8;
10:18:22 select * from configs
10:18:24 use company;
10:18:24 set names utf8;
10:18:24 select * from configs
10:18:24 use company;
10:18:24 set names utf8;
10:18:24 select * from configs
10:18:25 use company;
10:18:25 set names utf8;
10:18:25 select * from configs
10:18:25 select * from nav order by z_index desc
10:18:27 use company;
10:18:27 set names utf8;
10:18:27 select * from configs
10:18:27 select * from nav order by z_index desc
10:18:28 use company;
10:18:28 set names utf8;
10:18:28 select * from configs
10:18:29 use company;
10:18:29 set names utf8;
10:18:29 select * from configs
10:18:29 select * from nav order by z_index desc
10:18:30 use company;
10:18:30 set names utf8;
10:18:30 select * from configs
10:18:30 select * from focus_picture order by pic_index desc
10:18:32 use company;
10:18:32 set names utf8;
10:18:32 select * from configs
10:18:32 select * from nav order by z_index desc
10:18:32 use company;
10:18:32 set names utf8;
10:18:32 select * from configs
10:18:34 use company;
10:18:34 set names utf8;
10:18:34 select * from configs
10:18:34 select * from nav order by z_index desc
10:18:35 use company;
10:18:35 set names utf8;
10:18:35 select * from configs
10:18:35 select * from nav order by z_index desc
10:18:36 use company;
10:18:36 set names utf8;
10:18:36 select * from configs
10:18:37 use company;
10:18:37 set names utf8;
10:18:37 select * from configs
10:18:37 use company;
10:18:37 set names utf8;
10:18:37 select * from configs
10:18:37 select * from nav order by z_index desc
10:18:39 use company;
10:18:39 set names utf8;
10:18:39 select * from configs
10:18:40 use company;
10:18:40 set names utf8;
10:18:40 select * from configs
10:18:42 use company;
10:18:42 set names utf8;
10:18:42 select * from configs
10:18:42 select * from focus_picture order by pic_index desc
10:18:55 use company;
10:18:55 set names utf8;
10:18:55 select * from configs
10:18:55 select * from nav order by z_index desc
10:19:00 use company;
10:19:00 set names utf8;
10:19:00 select * from configs
10:19:02 use company;
10:19:02 set names utf8;
10:19:02 select * from configs
10:19:02 select * from focus_picture order by pic_index desc
10:33:46 use company;
10:33:46 set names utf8;
10:33:46 select * from configs
10:33:46 select * from focus_picture order by pic_index desc
10:34:54 use company;
10:34:54 set names utf8;
10:34:54 select * from configs
10:34:54 select * from focus_picture order by pic_index desc
10:35:19 use company;
10:35:19 set names utf8;
10:35:19 select * from configs
10:35:19 select * from focus_picture order by pic_index desc
10:35:24 use company;
10:35:24 set names utf8;
10:35:24 select * from configs
10:35:24 insert into focus_picture (pic_url,click_url,pic_dis,pic_index) values ('asadasd','asdasd','asdasd','0') ;
10:35:59 use company;
10:35:59 set names utf8;
10:35:59 select * from configs
10:35:59 select * from focus_picture order by pic_index desc
10:36:03 use company;
10:36:03 set names utf8;
10:36:03 select * from configs
10:36:03 insert into focus_picture (pic_url,click_url,pic_dis,pic_index) values ('asdsad','asdasd','asdasd','0') ;
10:36:03 use company;
10:36:03 set names utf8;
10:36:03 select * from configs
10:36:03 select * from focus_picture order by pic_index desc
10:36:14 use company;
10:36:14 set names utf8;
10:36:14 select * from configs
10:36:14 insert into focus_picture (pic_url,click_url,pic_dis,pic_index) values ('asdasd','asdasd','asdasdasd','0') ;
10:36:14 use company;
10:36:14 set names utf8;
10:36:14 select * from configs
10:36:14 select * from focus_picture order by pic_index desc
10:36:20 use company;
10:36:20 set names utf8;
10:36:20 select * from configs
10:36:20 insert into focus_picture (pic_url,click_url,pic_dis,pic_index) values ('asdasdasd','asdasdasd','asdasdasd','1213') ;
10:36:20 use company;
10:36:20 set names utf8;
10:36:20 select * from configs
10:36:20 select * from focus_picture order by pic_index desc
10:36:27 use company;
10:36:27 set names utf8;
10:36:27 select * from configs
10:36:27 select * from focus_picture where id=4
10:37:03 use company;
10:37:03 set names utf8;
10:37:03 select * from configs
10:37:03 insert into focus_picture (pic_url,click_url,pic_dis,pic_index) values ('<script>alert(\"123\");</script>','<script>alert(\"123\");</script>','<script>alert(\"123\");</script>','0') ;
10:37:03 use company;
10:37:03 set names utf8;
10:37:03 select * from configs
10:37:03 select * from focus_picture order by pic_index desc
10:46:32 use company;
10:46:32 set names utf8;
10:46:32 select * from configs
10:46:32 select * from focus_picture order by pic_index desc
10:46:34 use company;
10:46:34 set names utf8;
10:46:34 select * from configs
10:46:34 select * from focus_picture where id=4
10:46:43 use company;
10:46:43 set names utf8;
10:46:43 select * from configs
10:46:43 update focus_picture set ='3333333333' where id=4
10:47:29 use company;
10:47:29 set names utf8;
10:47:29 select * from configs
10:47:29 select * from focus_picture order by pic_index desc
10:47:29 use company;
10:47:29 set names utf8;
10:47:29 select * from configs
10:47:29 select * from focus_picture order by pic_index desc
10:47:32 use company;
10:47:32 set names utf8;
10:47:32 select * from configs
10:47:32 select * from focus_picture where id=4
10:47:38 use company;
10:47:38 set names utf8;
10:47:38 select * from configs
10:47:38 update focus_picture set pic_url='333',click_url='222',pic_dis='111',pic_index='999' where id=4
10:47:38 use company;
10:47:39 set names utf8;
10:47:39 select * from configs
10:47:39 select * from focus_picture order by pic_index desc
10:47:42 use company;
10:47:42 set names utf8;
10:47:42 select * from configs
10:47:42 select * from focus_picture where id=5
10:47:45 use company;
10:47:45 set names utf8;
10:47:45 select * from configs
10:47:45 update focus_picture set pic_url='<script>alert(\"123\");</script>',click_url='<script>alert(\"123\");</script>',pic_dis='<script>alert(\"123\");</script>',pic_index='12312' where id=5
10:47:45 use company;
10:47:45 set names utf8;
10:47:45 select * from configs
10:47:45 select * from focus_picture order by pic_index desc
10:54:09 use company;
10:54:09 set names utf8;
10:54:09 select * from configs
10:54:09 select * from focus_picture order by pic_index desc
10:54:13 use company;
10:54:13 set names utf8;
10:54:13 select * from configs
10:54:13 delete from focus_picture where id=4
10:54:16 use company;
10:54:16 set names utf8;
10:54:16 select * from configs
10:54:16 select * from focus_picture order by pic_index desc
10:54:52 use company;
10:54:52 set names utf8;
10:54:52 select * from configs
10:54:52 select * from focus_picture order by pic_index desc
10:54:54 use company;
10:54:54 set names utf8;
10:54:54 select * from configs
10:54:54 delete from focus_picture where id=2
10:54:57 use company;
10:54:57 set names utf8;
10:54:57 select * from configs
10:54:57 select * from focus_picture order by pic_index desc
10:54:58 use company;
10:54:58 set names utf8;
10:54:58 select * from configs
10:54:58 select * from focus_picture order by pic_index desc
10:54:59 use company;
10:54:59 set names utf8;
10:54:59 select * from configs
10:54:59 select * from focus_picture order by pic_index desc
10:54:59 use company;
10:54:59 set names utf8;
10:54:59 select * from configs
10:54:59 select * from focus_picture order by pic_index desc
10:55:17 use company;
10:55:17 set names utf8;
10:55:17 select * from configs
10:55:17 select * from focus_picture order by pic_index desc
10:55:20 use company;
10:55:20 set names utf8;
10:55:20 select * from configs
10:55:20 delete from focus_picture where id=1
10:56:29 use company;
10:56:29 set names utf8;
10:56:29 select * from configs
10:56:29 select * from focus_picture order by pic_index desc
10:56:32 use company;
10:56:32 set names utf8;
10:56:32 select * from configs
10:56:32 delete from focus_picture where id=3
10:56:54 use company;
10:56:54 set names utf8;
10:56:54 select * from configs
10:56:54 select * from focus_picture order by pic_index desc
10:57:13 use company;
10:57:13 set names utf8;
10:57:13 select * from configs
10:57:13 select * from focus_picture order by pic_index desc
10:57:15 use company;
10:57:15 set names utf8;
10:57:15 select * from configs
10:57:15 delete from focus_picture where id=5
10:57:23 use company;
10:57:23 set names utf8;
10:57:23 select * from configs
10:57:23 select * from focus_picture order by pic_index desc
10:58:01 use company;
10:58:01 set names utf8;
10:58:01 select * from configs
10:58:01 insert into focus_picture (pic_url,click_url,pic_dis,pic_index) values ('1','1','1','11') ;
10:58:01 use company;
10:58:01 set names utf8;
10:58:01 select * from configs
10:58:01 select * from focus_picture order by pic_index desc
10:58:03 use company;
10:58:03 set names utf8;
10:58:03 select * from configs
10:58:03 select * from focus_picture order by pic_index desc
10:58:08 use company;
10:58:08 set names utf8;
10:58:08 select * from configs
10:58:08 delete from focus_picture where id=6
10:59:50 use company;
10:59:50 set names utf8;
10:59:50 select * from configs
10:59:50 select * from focus_picture order by pic_index desc
10:59:55 use company;
10:59:55 set names utf8;
10:59:55 select * from configs
10:59:55 insert into focus_picture (pic_url,click_url,pic_dis,pic_index) values ('1','1','1','0') ;
10:59:55 use company;
10:59:55 set names utf8;
10:59:55 select * from configs
10:59:55 select * from focus_picture order by pic_index desc
10:59:57 use company;
10:59:57 set names utf8;
10:59:57 select * from configs
10:59:57 select * from focus_picture order by pic_index desc
10:59:59 use company;
10:59:59 set names utf8;
10:59:59 select * from configs
10:59:59 delete from focus_picture where id=7
11:00:08 use company;
11:00:08 set names utf8;
11:00:08 select * from configs
11:00:08 select * from focus_picture order by pic_index desc
11:02:14 use company;
11:02:14 set names utf8;
11:02:14 select * from configs
11:02:14 select * from focus_picture order by pic_index desc
11:02:16 use company;
11:02:16 set names utf8;
11:02:16 select * from configs
11:02:16 select * from focus_picture order by pic_index desc
11:02:18 use company;
11:02:18 set names utf8;
11:02:18 select * from configs
11:02:18 select * from nav order by z_index desc
11:02:19 use company;
11:02:19 set names utf8;
11:02:19 select * from configs
13:35:31 use company;
13:35:31 set names utf8;
13:35:31 select * from configs
13:35:31 use company;
13:35:31 set names utf8;
13:35:31 select * from configs
13:35:41 use company;
13:35:41 set names utf8;
13:35:41 select * from configs
13:35:41 select * from admin where user_name='myadmin' and user_word='691c360156c27261b40c974ec0bf8f4a'
13:35:41 use company;
13:35:41 set names utf8;
13:35:41 select * from configs
13:35:45 use company;
13:35:45 set names utf8;
13:35:45 select * from configs
13:35:45 select * from nav order by z_index desc
13:35:46 use company;
13:35:46 set names utf8;
13:35:46 select * from configs
13:35:47 select * from focus_picture order by pic_index desc
13:52:15 use company;
13:52:15 set names utf8;
13:52:15 select * from configs
13:52:15 select * from focus_picture order by pic_index desc
13:53:03 use company;
13:53:03 set names utf8;
13:53:03 select * from configs
13:53:03 select * from focus_picture order by pic_index desc
13:57:38 use company;
13:57:38 set names utf8;
13:57:38 select * from configs
13:57:38 select * from focus_picture order by pic_index desc
14:00:22 use company;
14:00:22 set names utf8;
14:00:22 select * from configs
14:00:22 select * from focus_picture order by pic_index desc
14:00:39 use company;
14:00:39 set names utf8;
14:00:39 select * from configs
14:00:39 select * from focus_picture order by pic_index desc
14:00:46 use company;
14:00:46 set names utf8;
14:00:46 select * from configs
14:00:46 select * from focus_picture order by pic_index desc
14:00:58 use company;
14:00:58 set names utf8;
14:00:58 select * from configs
14:00:58 select * from focus_picture order by pic_index desc
14:01:28 use company;
14:01:28 set names utf8;
14:01:28 select * from configs
14:01:28 select * from focus_picture order by pic_index desc
14:01:48 use company;
14:01:48 set names utf8;
14:01:48 select * from configs
14:01:48 select * from focus_picture order by pic_index desc
14:02:03 use company;
14:02:03 set names utf8;
14:02:03 select * from configs
14:02:03 select * from focus_picture order by pic_index desc
14:03:37 use company;
14:03:37 set names utf8;
14:03:37 select * from configs
14:03:37 select * from focus_picture order by pic_index desc
14:04:05 use company;
14:04:05 set names utf8;
14:04:05 select * from configs
14:04:05 select * from focus_picture order by pic_index desc
14:04:31 use company;
14:04:31 set names utf8;
14:04:31 select * from configs
14:04:31 select * from focus_picture order by pic_index desc
14:04:44 use company;
14:04:44 set names utf8;
14:04:44 select * from configs
14:04:44 select * from focus_picture order by pic_index desc
14:05:39 use company;
14:05:39 set names utf8;
14:05:39 select * from configs
14:05:39 select * from focus_picture order by pic_index desc
14:06:05 use company;
14:06:05 set names utf8;
14:06:05 select * from configs
14:06:05 select * from focus_picture order by pic_index desc
14:07:53 use company;
14:07:53 set names utf8;
14:07:53 select * from configs
14:07:53 select * from focus_picture order by pic_index desc
14:09:13 use company;
14:09:13 set names utf8;
14:09:13 select * from configs
14:09:13 select * from focus_picture order by pic_index desc
14:12:15 use company;
14:12:15 set names utf8;
14:12:15 select * from configs
14:12:15 select * from focus_picture order by pic_index desc
14:12:16 use company;
14:12:16 set names utf8;
14:12:16 select * from configs
14:12:16 select * from focus_picture order by pic_index desc
14:12:50 use company;
14:12:50 set names utf8;
14:12:50 select * from configs
14:12:50 select * from focus_picture order by pic_index desc
14:13:08 use company;
14:13:08 set names utf8;
14:13:08 select * from configs
14:13:08 select * from focus_picture order by pic_index desc
15:23:11 use company;
15:23:11 set names utf8;
15:23:11 select * from configs
15:23:11 select * from focus_picture order by pic_index desc
15:34:47 use company;
15:34:47 set names utf8;
15:34:47 select * from configs
15:34:47 select * from focus_picture order by pic_index desc
15:35:01 use company;
15:35:01 set names utf8;
15:35:01 select * from configs
15:35:01 select * from focus_picture order by pic_index desc
16:41:26 use company;
16:41:26 set names utf8;
16:41:26 select * from configs
16:44:01 use company;
16:44:01 set names utf8;
16:44:01 select * from configs
16:45:16 use company;
16:45:16 set names utf8;
16:45:16 select * from configs
16:45:40 use company;
16:45:40 set names utf8;
16:45:40 select * from configs
16:46:13 use company;
16:46:13 set names utf8;
16:46:13 select * from configs
16:46:33 use company;
16:46:33 set names utf8;
16:46:33 select * from configs
16:46:47 use company;
16:46:47 set names utf8;
16:46:47 select * from configs
16:52:01 use company;
16:52:01 set names utf8;
16:52:01 select * from configs
16:53:08 use company;
16:53:08 set names utf8;
16:53:08 select * from configs
16:53:19 use company;
16:53:19 set names utf8;
16:53:19 select * from configs
16:53:24 use company;
16:53:24 set names utf8;
16:53:24 select * from configs
16:54:23 use company;
16:54:23 set names utf8;
16:54:23 select * from configs
16:54:58 use company;
16:54:58 set names utf8;
16:54:58 select * from configs
16:55:04 use company;
16:55:04 set names utf8;
16:55:04 select * from configs
16:55:26 use company;
16:55:26 set names utf8;
16:55:26 select * from configs
16:55:32 use company;
16:55:32 set names utf8;
16:55:32 select * from configs
16:56:07 use company;
16:56:07 set names utf8;
16:56:07 select * from configs
17:32:14 use company;
17:32:14 set names utf8;
17:32:14 select * from configs
17:32:14 use company;
17:32:14 set names utf8;
17:32:14 select * from configs
17:32:19 use company;
17:32:19 set names utf8;
17:32:19 select * from configs
17:32:19 select * from admin where user_name='myadmin' and user_word='691c360156c27261b40c974ec0bf8f4a'
17:32:19 use company;
17:32:19 set names utf8;
17:32:19 select * from configs
17:32:21 use company;
17:32:21 set names utf8;
17:32:21 select * from configs
17:32:21 select * from focus_picture order by pic_index desc
17:32:37 use company;
17:32:37 set names utf8;
17:32:37 select * from configs
17:32:37 select * from focus_picture order by pic_index desc
17:32:45 use company;
17:32:45 set names utf8;
17:32:45 select * from configs
17:32:45 select * from focus_picture order by pic_index desc
17:52:08 use company;
17:52:08 set names utf8;
17:52:08 select * from configs
17:52:08 select * from focus_picture order by pic_index desc
17:52:26 use company;
17:52:26 set names utf8;
17:52:26 select * from configs
17:52:26 select * from focus_picture order by pic_index desc
17:53:28 use company;
17:53:28 set names utf8;
17:53:28 select * from configs
17:53:28 select * from focus_picture order by pic_index desc
17:54:09 use company;
17:54:09 set names utf8;
17:54:09 select * from configs
17:54:09 select * from focus_picture order by pic_index desc
17:54:31 use company;
17:54:31 set names utf8;
17:54:31 select * from configs
17:54:31 select * from focus_picture order by pic_index desc
17:56:28 use company;
17:56:28 set names utf8;
17:56:28 select * from configs
17:56:28 select * from focus_picture order by pic_index desc
17:57:53 use company;
17:57:53 set names utf8;
17:57:53 select * from configs
17:57:53 select * from focus_picture order by pic_index desc
17:58:42 use company;
17:58:42 set names utf8;
17:58:42 select * from configs
17:58:42 select * from focus_picture order by pic_index desc
17:59:01 use company;
17:59:01 set names utf8;
17:59:01 select * from configs
17:59:01 select * from focus_picture order by pic_index desc
17:59:54 use company;
17:59:54 set names utf8;
17:59:54 select * from configs
17:59:54 select * from focus_picture order by pic_index desc
17:59:59 use company;
17:59:59 set names utf8;
17:59:59 select * from configs
17:59:59 select * from focus_picture order by pic_index desc
18:00:13 use company;
18:00:13 set names utf8;
18:00:13 select * from configs
18:00:13 select * from focus_picture order by pic_index desc
18:03:16 use company;
18:03:16 set names utf8;
18:03:16 select * from configs
18:03:16 use company;
18:03:16 set names utf8;
18:03:16 select * from configs
18:03:21 use company;
18:03:21 set names utf8;
18:03:21 select * from configs
18:03:21 select * from admin where user_name='myadmin' and user_word='691c360156c27261b40c974ec0bf8f4a'
18:03:21 use company;
18:03:21 set names utf8;
18:03:21 select * from configs
18:03:24 use company;
18:03:24 set names utf8;
18:03:24 select * from configs
18:03:24 select * from focus_picture order by pic_index desc
18:04:21 use company;
18:04:21 set names utf8;
18:04:21 select * from configs
18:04:21 select * from nav order by z_index desc
18:04:30 use company;
18:04:30 set names utf8;
18:04:30 select * from configs
18:04:30 select * from nav where id=2
