13:46:21 use company;
13:46:21 set names utf8;
13:46:21 select * from configs
13:46:21 use company;
13:46:21 set names utf8;
13:46:21 select * from configs
13:46:21 select * from admin_menu
13:46:27 use company;
13:46:27 set names utf8;
13:46:27 select * from configs
13:46:27 select * from admin_menu
13:46:27 select * from admin where user_name='admin' and user_word='131373e83eef37cd4ffb092035c6617b'
13:46:28 use company;
13:46:28 set names utf8;
13:46:28 select * from configs
13:46:28 use company;
13:46:28 set names utf8;
13:46:28 select * from configs
13:46:28 select * from admin_menu
13:46:34 use company;
13:46:34 set names utf8;
13:46:34 select * from configs
13:46:34 select * from admin_menu
13:46:34 select * from admin where user_name='myadmin' and user_word='691c360156c27261b40c974ec0bf8f4a'
13:46:34 use company;
13:46:34 set names utf8;
13:46:34 select * from configs
13:46:34 select * from admin_menu
13:46:38 use company;
13:46:38 set names utf8;
13:46:38 select * from configs
13:46:38 select * from admin_menu
13:46:38 select count(id) from msg order by add_time desc
13:46:38 select * from msg order by add_time desc limit 0,20
13:46:41 use company;
13:46:41 set names utf8;
13:46:41 select * from configs
13:46:41 select * from admin_menu
13:46:41 select count(a.id) from articles as a left join article_type as b on a.type_id=b.id order by a.id desc
13:46:41 select a.*,b.type_name from articles as a left join article_type as b on a.type_id=b.id order by a.id desc limit 0,20
13:46:42 use company;
13:46:42 set names utf8;
13:46:42 select * from configs
13:46:42 select * from admin_menu
13:46:42 select count(a.id) from articles as a left join article_type as b on a.type_id=b.id order by a.id desc
13:46:42 select a.*,b.type_name from articles as a left join article_type as b on a.type_id=b.id order by a.id desc limit 0,20
13:46:44 use company;
13:46:44 set names utf8;
13:46:44 select * from configs
13:46:44 select * from admin_menu
13:46:44 select * from article_type
13:46:45 use company;
13:46:45 set names utf8;
13:46:45 select * from configs
13:46:45 select * from admin_menu
13:46:45 select * from article_type
13:46:46 use company;
13:46:46 set names utf8;
13:46:46 select * from configs
13:46:46 select * from admin_menu
13:46:47 use company;
13:46:47 set names utf8;
13:46:47 select * from configs
13:46:47 select * from admin_menu
13:46:47 select * from article_type
13:46:48 use company;
13:46:48 set names utf8;
13:46:48 select * from configs
13:46:48 select * from admin_menu
13:46:48 select * from article_type
13:46:49 use company;
13:46:49 set names utf8;
13:46:49 select * from configs
13:46:49 select * from admin_menu
13:46:49 select count(a.id) from articles as a left join article_type as b on a.type_id=b.id order by a.id desc
13:46:49 select a.*,b.type_name from articles as a left join article_type as b on a.type_id=b.id order by a.id desc limit 0,20
13:46:50 use company;
13:46:50 set names utf8;
13:46:50 select * from configs
13:46:50 select * from admin_menu
13:46:50 select count(a.id) from articles as a left join article_type as b on a.type_id=b.id order by a.id desc
13:46:50 select a.*,b.type_name from articles as a left join article_type as b on a.type_id=b.id order by a.id desc limit 0,20
13:46:51 use company;
13:46:51 set names utf8;
13:46:51 select * from configs
13:46:51 select * from admin_menu
13:46:51 select count(a.id) from articles as a left join article_type as b on a.type_id=b.id order by a.id desc
13:46:51 select a.*,b.type_name from articles as a left join article_type as b on a.type_id=b.id order by a.id desc limit 0,20
13:46:51 use company;
13:46:51 set names utf8;
13:46:51 select * from configs
13:46:51 select * from admin_menu
13:46:51 select count(a.id) from articles as a left join article_type as b on a.type_id=b.id order by a.id desc
13:46:51 select a.*,b.type_name from articles as a left join article_type as b on a.type_id=b.id order by a.id desc limit 0,20
13:46:52 use company;
13:46:52 set names utf8;
13:46:52 select * from configs
13:46:52 select * from admin_menu
13:46:52 select count(a.id) from articles as a left join article_type as b on a.type_id=b.id order by a.id desc
13:46:52 select a.*,b.type_name from articles as a left join article_type as b on a.type_id=b.id order by a.id desc limit 0,20
13:46:52 use company;
13:46:52 set names utf8;
13:46:52 select * from configs
13:46:52 select * from admin_menu
13:46:52 select count(a.id) from articles as a left join article_type as b on a.type_id=b.id order by a.id desc
13:46:52 select a.*,b.type_name from articles as a left join article_type as b on a.type_id=b.id order by a.id desc limit 0,20
13:46:53 use company;
13:46:53 set names utf8;
13:46:53 select * from configs
13:46:53 select * from admin_menu
13:46:53 select count(a.id) from articles as a left join article_type as b on a.type_id=b.id order by a.id desc
13:46:53 select a.*,b.type_name from articles as a left join article_type as b on a.type_id=b.id order by a.id desc limit 0,20
13:46:53 use company;
13:46:53 set names utf8;
13:46:53 select * from configs
13:46:53 select * from admin_menu
13:46:53 select * from article_type
13:46:54 use company;
13:46:54 set names utf8;
13:46:54 select * from configs
13:46:54 select * from admin_menu
13:46:54 select * from article_type
13:46:55 use company;
13:46:55 set names utf8;
13:46:55 select * from configs
13:46:55 select * from admin_menu
13:46:56 use company;
13:46:56 set names utf8;
13:46:56 select * from configs
13:46:56 select * from admin_menu
13:46:56 select * from article_type
13:46:57 use company;
13:46:57 set names utf8;
13:46:57 select * from configs
13:46:57 select * from admin_menu
13:46:57 select * from article_type
13:46:57 use company;
13:46:57 set names utf8;
13:46:57 select * from configs
13:46:57 select * from admin_menu
13:46:57 select * from article_type
13:46:59 use company;
13:46:59 set names utf8;
13:46:59 select * from configs
13:46:59 select * from admin_menu
13:46:59 select count(a.id) from articles as a left join article_type as b on a.type_id=b.id order by a.id desc
13:46:59 select a.*,b.type_name from articles as a left join article_type as b on a.type_id=b.id order by a.id desc limit 0,20
13:46:59 use company;
13:46:59 set names utf8;
13:46:59 select * from configs
13:46:59 select * from admin_menu
13:46:59 select count(a.id) from articles as a left join article_type as b on a.type_id=b.id order by a.id desc
13:46:59 select a.*,b.type_name from articles as a left join article_type as b on a.type_id=b.id order by a.id desc limit 0,20
13:47:00 use company;
13:47:00 set names utf8;
13:47:00 select * from configs
13:47:00 select * from admin_menu
13:47:00 select count(a.id) from articles as a left join article_type as b on a.type_id=b.id order by a.id desc
13:47:00 select a.*,b.type_name from articles as a left join article_type as b on a.type_id=b.id order by a.id desc limit 0,20
13:47:00 use company;
13:47:00 set names utf8;
13:47:00 select * from configs
13:47:00 select * from admin_menu
13:47:00 select count(a.id) from articles as a left join article_type as b on a.type_id=b.id order by a.id desc
13:47:00 select a.*,b.type_name from articles as a left join article_type as b on a.type_id=b.id order by a.id desc limit 0,20
13:47:01 use company;
13:47:01 set names utf8;
13:47:01 select * from configs
13:47:01 select * from admin_menu
13:47:01 select count(a.id) from articles as a left join article_type as b on a.type_id=b.id order by a.id desc
13:47:01 select a.*,b.type_name from articles as a left join article_type as b on a.type_id=b.id order by a.id desc limit 0,20
13:47:01 use company;
13:47:01 set names utf8;
13:47:01 select * from configs
13:47:01 select * from admin_menu
13:47:01 select count(a.id) from articles as a left join article_type as b on a.type_id=b.id order by a.id desc
13:47:01 select a.*,b.type_name from articles as a left join article_type as b on a.type_id=b.id order by a.id desc limit 0,20
13:47:02 use company;
13:47:02 set names utf8;
13:47:02 select * from configs
13:47:02 select * from admin_menu
13:47:02 select count(a.id) from articles as a left join article_type as b on a.type_id=b.id order by a.id desc
13:47:02 select a.*,b.type_name from articles as a left join article_type as b on a.type_id=b.id order by a.id desc limit 0,20
13:47:02 use company;
13:47:02 set names utf8;
13:47:02 select * from configs
13:47:02 select * from admin_menu
13:47:02 select count(a.id) from articles as a left join article_type as b on a.type_id=b.id order by a.id desc
13:47:02 select a.*,b.type_name from articles as a left join article_type as b on a.type_id=b.id order by a.id desc limit 0,20
13:47:03 use company;
13:47:03 set names utf8;
13:47:03 select * from configs
13:47:03 select * from admin_menu
13:47:03 select count(a.id) from articles as a left join article_type as b on a.type_id=b.id order by a.id desc
13:47:03 select a.*,b.type_name from articles as a left join article_type as b on a.type_id=b.id order by a.id desc limit 0,20
13:47:07 use company;
13:47:07 set names utf8;
13:47:07 select * from configs
13:47:07 select * from admin_menu
13:47:07 select count(a.id) from articles as a left join article_type as b on a.type_id=b.id order by a.id desc
13:47:07 select a.*,b.type_name from articles as a left join article_type as b on a.type_id=b.id order by a.id desc limit 0,20
13:47:08 use company;
13:47:08 set names utf8;
13:47:08 select * from configs
13:47:08 select * from admin_menu
13:47:08 select * from article_type
13:47:09 use company;
13:47:09 set names utf8;
13:47:09 select * from configs
13:47:09 select * from admin_menu
13:47:09 select * from article_type
13:47:09 use company;
13:47:09 set names utf8;
13:47:09 select * from configs
13:47:09 select * from admin_menu
13:47:11 use company;
13:47:11 set names utf8;
13:47:11 select * from configs
13:47:11 select * from admin_menu
13:47:11 use company;
13:47:11 set names utf8;
13:47:11 select * from configs
13:47:11 select * from admin_menu
13:47:11 select * from nav order by z_index desc
13:47:12 use company;
13:47:12 set names utf8;
13:47:12 select * from configs
13:47:12 select * from admin_menu
13:47:12 select * from focus_picture order by pic_index desc
13:47:13 use company;
13:47:13 set names utf8;
13:47:13 select * from configs
13:47:13 select * from admin_menu
13:47:13 select * from nav order by z_index desc
13:47:14 use company;
13:47:14 set names utf8;
13:47:14 select * from configs
13:47:14 select * from admin_menu
13:47:15 use company;
13:47:15 set names utf8;
13:47:15 select * from configs
13:47:15 select * from admin_menu
13:47:15 select * from nav order by z_index desc
13:47:16 use company;
13:47:16 set names utf8;
13:47:16 select * from configs
13:47:16 select * from admin_menu
13:47:16 select * from nav order by z_index desc
13:47:16 use company;
13:47:16 set names utf8;
13:47:16 select * from configs
13:47:16 select * from admin_menu
13:47:16 select * from focus_picture order by pic_index desc
13:47:19 use company;
13:47:19 set names utf8;
13:47:19 select * from configs
13:47:19 select * from admin_menu
13:47:19 select count(a.id) from product as a left join product_type as b on a.type_id=b.id order by a.id desc
13:47:19 select a.*,b.type_name from product as a left join product_type as b on a.type_id=b.id order by a.id desc limit 0,20
13:47:20 use company;
13:47:20 set names utf8;
13:47:20 select * from configs
13:47:20 select * from admin_menu
13:47:20 select * from product_type
13:47:21 use company;
13:47:21 set names utf8;
13:47:21 select * from configs
13:47:21 select * from admin_menu
13:47:21 select * from product_type
13:47:22 use company;
13:47:22 set names utf8;
13:47:22 select * from configs
13:47:22 select * from admin_menu
13:47:22 select * from product_type
13:48:11 use company;
13:48:11 set names utf8;
13:48:11 select * from configs
13:48:11 select * from admin_menu
13:49:03 use company;
13:49:03 set names utf8;
13:49:03 select * from configs
13:49:03 select * from admin_menu
13:49:03 select * from product_type
13:49:08 use company;
13:49:08 set names utf8;
13:49:08 select * from configs
13:49:08 select * from admin_menu
13:49:08 select count(a.id) from product as a left join product_type as b on a.type_id=b.id order by a.id desc
13:49:08 select a.*,b.type_name from product as a left join product_type as b on a.type_id=b.id order by a.id desc limit 0,20
13:49:11 use company;
13:49:11 set names utf8;
13:49:11 select * from configs
13:49:11 select * from admin_menu
13:49:11 select * from product where id='2'
13:49:11 select * from product_type
13:49:17 use company;
13:49:17 set names utf8;
13:49:17 select * from configs
13:49:17 select * from admin_menu
13:49:17 select count(a.id) from product as a left join product_type as b on a.type_id=b.id order by a.id desc
13:49:17 select a.*,b.type_name from product as a left join product_type as b on a.type_id=b.id order by a.id desc limit 0,20
13:49:19 use company;
13:49:19 set names utf8;
13:49:19 select * from configs
13:49:19 select * from admin_menu
13:49:19 select * from product where id='1'
13:49:19 select * from product_type
13:49:31 use company;
13:49:31 set names utf8;
13:49:31 select * from configs
13:49:31 select * from admin_menu
13:49:50 use company;
13:49:50 set names utf8;
13:49:50 select * from configs
13:49:50 select * from admin_menu
13:49:51 use company;
13:49:51 set names utf8;
13:49:51 select * from configs
13:49:51 select * from admin_menu
13:49:51 select * from nav order by z_index desc
13:49:52 use company;
13:49:52 set names utf8;
13:49:52 select * from configs
13:49:52 select * from admin_menu
13:49:52 select * from focus_picture order by pic_index desc
13:49:54 use company;
13:49:54 set names utf8;
13:49:54 select * from configs
13:49:54 select * from admin_menu
13:49:54 select * from nav order by z_index desc
13:49:54 use company;
13:49:54 set names utf8;
13:49:54 select * from configs
13:49:54 select * from admin_menu
13:49:54 select * from focus_picture order by pic_index desc
13:50:25 use company;
13:50:25 set names utf8;
13:50:25 select * from configs
13:50:25 select * from admin_menu
13:50:25 truncate focus_picture
13:50:25 select * from focus_picture limit 0,1
15:34:08 use company;
15:34:08 set names utf8;
15:34:08 select * from configs
15:34:08 select * from admin_menu
15:34:12 use company;
15:34:12 set names utf8;
15:34:12 select * from configs
15:34:12 select * from admin_menu
15:34:12 select * from product_type
15:34:37 use company;
15:34:37 set names utf8;
15:34:37 select * from configs
15:34:37 select * from admin_menu
