15:45:21 use company;
15:45:21 set names utf8;
15:45:21 select * from configs
15:45:21 use company;
15:45:21 set names utf8;
15:45:21 select * from configs
15:45:22 select * from admin_menu
15:45:27 use company;
15:45:27 set names utf8;
15:45:27 select * from configs
15:45:27 select * from admin_menu
15:45:27 select * from admin where user_name='myadmin' and user_word='691c360156c27261b40c974ec0bf8f4a'
15:45:27 use company;
15:45:27 set names utf8;
15:45:27 select * from configs
15:45:27 select * from admin_menu
15:45:43 use company;
15:45:43 set names utf8;
15:45:43 select * from configs
15:45:43 select * from admin_menu
15:45:43 select count(id) from msg order by add_time desc
15:45:43 select * from msg order by add_time desc limit 0,20
15:46:27 use company;
15:46:27 set names utf8;
15:46:27 select * from configs
15:46:27 select * from admin_menu
15:46:27 select count(a.id) from product as a left join product_type as b on a.type_id=b.id order by a.id desc
15:46:27 select a.*,b.type_name from product as a left join product_type as b on a.type_id=b.id order by a.id desc limit 0,20
15:46:29 use company;
15:46:29 set names utf8;
15:46:29 select * from configs
15:46:29 select * from admin_menu
15:46:29 select count(id) from msg order by add_time desc
15:46:29 select * from msg order by add_time desc limit 0,20
15:46:49 use company;
15:46:49 set names utf8;
15:46:49 select * from configs
15:46:49 select * from admin_menu
15:46:49 select count(id) from msg order by add_time desc
15:46:49 select * from msg order by add_time desc limit 0,20
15:51:25 use company;
15:51:25 set names utf8;
15:51:25 select * from configs
15:51:25 select * from admin_menu
15:51:25 select count(id) from msg order by add_time desc
15:51:25 select * from msg order by add_time desc limit 0,20
15:51:30 use company;
15:51:30 set names utf8;
15:51:30 select * from configs
15:51:30 select * from admin_menu
15:51:30 select * from msg where id=1
15:52:10 use company;
15:52:10 set names utf8;
15:52:10 select * from configs
15:52:10 select * from admin_menu
15:52:10 select count(id) from msg order by add_time desc
15:52:10 select * from msg order by add_time desc limit 0,20
15:52:12 use company;
15:52:12 set names utf8;
15:52:12 select * from configs
15:52:12 select * from admin_menu
15:52:12 select * from msg where id=1
15:52:37 use company;
15:52:37 set names utf8;
15:52:37 select * from configs
15:52:37 select * from admin_menu
15:52:37 select count(id) from msg order by add_time desc
15:52:37 select * from msg order by add_time desc limit 0,20
15:52:38 use company;
15:52:38 set names utf8;
15:52:38 select * from configs
15:52:38 select * from admin_menu
15:52:38 select * from msg where id=1
15:52:45 use company;
15:52:45 set names utf8;
15:52:45 select * from configs
15:52:45 select * from admin_menu
15:52:45 select count(id) from msg order by add_time desc
15:52:45 select * from msg order by add_time desc limit 0,20
15:52:46 use company;
15:52:46 set names utf8;
15:52:46 select * from configs
15:52:46 select * from admin_menu
15:52:46 select * from msg where id=1
15:53:03 use company;
15:53:03 set names utf8;
15:53:03 select * from configs
15:53:03 select * from admin_menu
15:53:03 select count(id) from msg order by add_time desc
15:53:03 select * from msg order by add_time desc limit 0,20
15:53:04 use company;
15:53:04 set names utf8;
15:53:04 select * from configs
15:53:04 select * from admin_menu
15:53:04 select * from msg where id=1
15:53:16 use company;
15:53:16 set names utf8;
15:53:16 select * from configs
15:53:16 select * from admin_menu
15:53:16 select count(id) from msg order by add_time desc
15:53:16 select * from msg order by add_time desc limit 0,20
15:53:19 use company;
15:53:19 set names utf8;
15:53:19 select * from configs
15:53:19 select * from admin_menu
15:53:19 select count(id) from msg order by add_time desc
15:53:19 select * from msg order by add_time desc limit 0,20
15:53:21 use company;
15:53:21 set names utf8;
15:53:21 select * from configs
15:53:21 select * from admin_menu
15:53:21 select * from msg where id=1
15:53:58 use company;
15:53:58 set names utf8;
15:53:58 select * from configs
15:53:58 select * from admin_menu
15:53:58 select count(id) from msg order by add_time desc
15:53:58 select * from msg order by add_time desc limit 0,20
15:53:59 use company;
15:53:59 set names utf8;
15:53:59 select * from configs
15:53:59 select * from admin_menu
15:53:59 select * from msg where id=1
15:56:05 use company;
15:56:05 set names utf8;
15:56:05 select * from configs
15:56:05 select * from admin_menu
15:56:05 select count(id) from msg order by add_time desc
15:56:05 select * from msg order by add_time desc limit 0,20
15:56:06 use company;
15:56:06 set names utf8;
15:56:06 select * from configs
15:56:06 select * from admin_menu
15:56:06 select * from msg where id=1
15:56:15 use company;
15:56:15 set names utf8;
15:56:15 select * from configs
15:56:15 select * from admin_menu
15:56:15 select * from msg where id=1
15:56:20 use company;
15:56:20 set names utf8;
15:56:20 select * from configs
15:56:20 select * from admin_menu
15:56:20 select * from msg where id=1
15:56:24 use company;
15:56:24 set names utf8;
15:56:24 select * from configs
15:56:24 select * from admin_menu
15:56:24 select * from msg where id=1
15:56:26 use company;
15:56:26 set names utf8;
15:56:26 select * from configs
15:56:26 select * from admin_menu
15:56:26 select * from msg where id=1
15:56:28 use company;
15:56:28 set names utf8;
15:56:28 select * from configs
15:56:28 select * from admin_menu
15:56:28 select * from msg where id=1
15:58:18 use company;
15:58:18 set names utf8;
15:58:18 select * from configs
15:58:18 select * from admin_menu
15:58:18 select count(id) from msg order by add_time desc
15:58:18 select * from msg order by add_time desc limit 0,20
15:58:23 use company;
15:58:23 set names utf8;
15:58:23 select * from configs
15:58:23 select * from admin_menu
15:58:23 delete from nav where id=1
15:58:24 use company;
15:58:24 set names utf8;
15:58:24 select * from configs
15:58:24 select * from admin_menu
15:58:24 select count(id) from msg order by add_time desc
15:58:24 select * from msg order by add_time desc limit 0,20
15:58:25 use company;
15:58:25 set names utf8;
15:58:25 select * from configs
15:58:25 select * from admin_menu
15:58:25 select count(id) from msg order by add_time desc
15:58:25 select * from msg order by add_time desc limit 0,20
15:58:34 use company;
15:58:34 set names utf8;
15:58:34 select * from configs
15:58:34 select * from admin_menu
15:58:34 delete from nav where id=1
15:58:36 use company;
15:58:36 set names utf8;
15:58:36 select * from configs
15:58:36 select * from admin_menu
15:58:36 select count(id) from msg order by add_time desc
15:58:36 select * from msg order by add_time desc limit 0,20
15:58:47 use company;
15:58:47 set names utf8;
15:58:47 select * from configs
15:58:47 select * from admin_menu
15:58:47 delete from nav where id=1
15:59:02 use company;
15:59:02 set names utf8;
15:59:02 select * from configs
15:59:02 select * from admin_menu
15:59:02 select count(id) from msg order by add_time desc
15:59:02 select * from msg order by add_time desc limit 0,20
15:59:04 use company;
15:59:04 set names utf8;
15:59:04 select * from configs
15:59:04 select * from admin_menu
15:59:04 delete from msg where id=1
15:59:06 use company;
15:59:06 set names utf8;
15:59:06 select * from configs
15:59:06 select * from admin_menu
15:59:06 select count(id) from msg order by add_time desc
15:59:06 select * from msg order by add_time desc limit 0,20
15:59:07 use company;
15:59:07 set names utf8;
15:59:07 select * from configs
15:59:07 select * from admin_menu
15:59:07 select count(id) from msg order by add_time desc
15:59:07 select * from msg order by add_time desc limit 0,20
16:00:10 use company;
16:00:10 set names utf8;
16:00:10 select * from configs
16:00:10 select * from admin_menu
16:00:10 select count(id) from msg order by add_time desc
16:00:10 select * from msg order by add_time desc limit 0,20
16:00:12 use company;
16:00:12 set names utf8;
16:00:12 select * from configs
16:00:12 select * from admin_menu
16:00:12 select * from msg where id=2
16:00:56 use company;
16:00:56 set names utf8;
16:00:56 select * from configs
16:00:56 select * from admin_menu
16:00:56 select * from msg where id=2
