09:29:22 use company;
09:29:22 set names utf8;
09:29:22 select * from configs
09:29:22 use company;
09:29:22 set names utf8;
09:29:22 select * from configs
09:29:22 select * from admin_menu
09:29:31 use company;
09:29:31 set names utf8;
09:29:31 select * from configs
09:29:31 select * from admin_menu
09:29:31 select * from admin where user_name='myadmin' and user_word='691c360156c27261b40c974ec0bf8f4a'
09:29:31 use company;
09:29:31 set names utf8;
09:29:31 select * from configs
09:29:31 select * from admin_menu
09:29:34 use company;
09:29:34 set names utf8;
09:29:34 select * from configs
09:29:34 select * from admin_menu
09:29:34 select count(a.id) from articles as a left join article_type as b on a.type_id=b.id order by a.id desc
09:29:34 select a.*,b.type_name from articles as a left join article_type as b on a.type_id=b.id order by a.id desc limit 0,20
09:29:39 use company;
09:29:39 set names utf8;
09:29:39 select * from configs
09:29:39 select * from admin_menu
09:29:39 select * from focus_picture order by pic_index desc
09:29:41 use company;
09:29:41 set names utf8;
09:29:41 select * from configs
09:29:41 select * from admin_menu
09:29:41 select * from focus_picture where id=8
09:30:00 use company;
09:30:00 set names utf8;
09:30:00 select * from configs
09:30:00 select * from admin_menu
09:30:03 use company;
09:30:03 set names utf8;
09:30:03 select * from configs
09:30:03 select * from admin_menu
09:30:03 update focus_picture set pic_url='../images/20140530/140141340007343750.jpg',click_url='12313',pic_dis='12312',pic_index='123132' where id=8
09:30:03 use company;
09:30:03 set names utf8;
09:30:03 select * from configs
09:30:03 select * from admin_menu
09:30:03 select * from focus_picture order by pic_index desc
09:30:05 use company;
09:30:05 set names utf8;
09:30:05 select * from configs
09:30:05 select * from admin_menu
09:30:05 select * from focus_picture where id=8
10:32:02 use company;
10:32:02 set names utf8;
10:32:02 select * from configs
10:32:02 select * from admin_menu
10:32:02 select * from focus_picture order by pic_index desc
10:41:46 use company;
10:41:46 set names utf8;
10:41:46 select * from configs
10:41:46 select * from admin_menu
10:41:46 select * from focus_picture where id=8
10:41:49 use company;
10:41:49 set names utf8;
10:41:49 select * from configs
10:41:49 select * from admin_menu
10:41:49 update focus_picture set pic_url='../images/20140530/140141340007343750.jpg',click_url='12313',pic_dis='12312',pic_index='123132',title='' where id=8
10:41:52 use company;
10:41:52 set names utf8;
10:41:52 select * from configs
10:41:52 select * from admin_menu
10:41:52 select * from focus_picture where id=8
10:41:57 use company;
10:41:57 set names utf8;
10:41:57 select * from configs
10:41:57 select * from admin_menu
10:41:57 update focus_picture set pic_url='../images/20140530/140141340007343750.jpg',click_url='12313',pic_dis='12312',pic_index='123132',title='' where id=8
10:41:59 use company;
10:41:59 set names utf8;
10:41:59 select * from configs
10:41:59 select * from admin_menu
10:41:59 select * from focus_picture where id=8
10:43:49 use company;
10:43:49 set names utf8;
10:43:49 select * from configs
10:43:49 select * from admin_menu
10:43:49 select * from focus_picture order by pic_index desc
10:43:50 use company;
10:43:50 set names utf8;
10:43:50 select * from configs
10:43:50 select * from admin_menu
10:43:50 select * from focus_picture order by pic_index desc
10:43:51 use company;
10:43:51 set names utf8;
10:43:51 select * from configs
10:43:51 select * from admin_menu
10:43:51 select * from focus_picture order by pic_index desc
10:43:52 use company;
10:43:52 set names utf8;
10:43:52 select * from configs
10:43:52 select * from admin_menu
10:43:52 select * from focus_picture order by pic_index desc
10:43:53 use company;
10:43:53 set names utf8;
10:43:53 select * from configs
10:43:53 select * from admin_menu
10:43:53 select * from focus_picture where id=8
10:43:57 use company;
10:43:57 set names utf8;
10:43:57 select * from configs
10:43:57 select * from admin_menu
10:43:58 update focus_picture set pic_url='../images/20140530/140141340007343750.jpg',click_url='12313',pic_dis='12312',pic_index='123132',title='55555' where id=8
10:43:58 use company;
10:43:58 set names utf8;
10:43:58 select * from configs
10:43:58 select * from admin_menu
10:43:58 select * from focus_picture order by pic_index desc
10:44:00 use company;
10:44:00 set names utf8;
10:44:00 select * from configs
10:44:00 select * from admin_menu
10:44:00 select * from focus_picture where id=8
10:44:03 use company;
10:44:03 set names utf8;
10:44:03 select * from configs
10:44:03 select * from admin_menu
10:44:03 update focus_picture set pic_url='../images/20140530/140141340007343750.jpg',click_url='12313',pic_dis='12312',pic_index='123132',title='77777777' where id=8
10:44:03 use company;
10:44:03 set names utf8;
10:44:03 select * from configs
10:44:03 select * from admin_menu
10:44:03 select * from focus_picture order by pic_index desc
10:44:09 use company;
10:44:09 set names utf8;
10:44:09 select * from configs
10:44:09 select * from admin_menu
10:44:09 select * from focus_picture order by pic_index desc
10:44:10 use company;
10:44:10 set names utf8;
10:44:10 select * from configs
10:44:10 select * from admin_menu
10:44:10 select * from focus_picture order by pic_index desc
10:44:10 use company;
10:44:10 set names utf8;
10:44:10 select * from configs
10:44:10 select * from admin_menu
10:44:10 select * from focus_picture order by pic_index desc
10:44:11 use company;
10:44:11 set names utf8;
10:44:11 select * from configs
10:44:11 select * from admin_menu
10:44:11 select * from focus_picture order by pic_index desc
10:44:16 use company;
10:44:16 set names utf8;
10:44:16 select * from configs
10:44:16 select * from admin_menu
10:44:16 select * from focus_picture where id=8
10:44:20 use company;
10:44:20 set names utf8;
10:44:20 select * from configs
10:44:20 select * from admin_menu
10:44:20 update focus_picture set pic_url='../images/20140530/140141340007343750.jpg',click_url='12313',pic_dis='12312',pic_index='123132',title='6888787' where id=8
10:44:20 use company;
10:44:20 set names utf8;
10:44:20 select * from configs
10:44:20 select * from admin_menu
10:44:20 select * from focus_picture order by pic_index desc
10:44:28 use company;
10:44:28 set names utf8;
10:44:28 select * from configs
10:44:28 select * from admin_menu
10:44:28 select * from focus_picture where id=8
10:44:38 use company;
10:44:38 set names utf8;
10:44:38 select * from configs
10:44:38 select * from admin_menu
10:44:38 update focus_picture set pic_url='../images/20140530/140141340007343750.jpg',click_url='12313',pic_dis='12312',pic_index='123132',title='789789789789' where id=8
10:44:38 use company;
10:44:38 set names utf8;
10:44:38 select * from configs
10:44:38 select * from admin_menu
10:44:38 select * from focus_picture order by pic_index desc
10:44:47 use company;
10:44:47 set names utf8;
10:44:47 select * from configs
10:44:47 select * from admin_menu
10:44:47 select * from focus_picture where id=8
10:47:46 use company;
10:47:46 set names utf8;
10:47:46 select * from configs
10:47:46 select * from admin_menu
10:47:46 select * from focus_picture order by pic_index desc
10:47:47 use company;
10:47:47 set names utf8;
10:47:47 select * from configs
10:47:47 select * from admin_menu
10:47:47 select * from focus_picture where id=8
10:47:54 use company;
10:47:54 set names utf8;
10:47:54 select * from configs
10:47:54 select * from admin_menu
10:47:54 truncate focus_picture
10:47:54 select * from focus_picture limit 0,1
