14:31:03 use company;
14:31:03 set names utf8;
14:31:03 select * from configs
14:31:03 select * from nav
14:31:03 use company;
14:31:03 set names utf8;
14:31:03 select * from configs
14:31:03 select * from nav
14:31:08 use company;
14:31:08 set names utf8;
14:31:08 select * from configs
14:31:27 use company;
14:31:27 set names utf8;
14:31:27 select * from configs
14:32:17 use company;
14:32:17 set names utf8;
14:32:17 select * from configs
14:33:40 use company;
14:33:40 set names utf8;
14:33:40 select * from configs
14:33:40 select * from nav
14:33:44 use company;
14:33:44 set names utf8;
14:33:44 select * from configs
14:34:05 use company;
14:34:05 set names utf8;
14:34:05 select * from configs
14:34:05 insert into nav (nav_name,nav_url,is_blank,z_index) values ('1','1','0','1') ;
14:34:17 use company;
14:34:17 set names utf8;
14:34:17 select * from configs
14:34:17 select * from nav
14:34:28 use company;
14:34:28 set names utf8;
14:34:28 select * from configs
14:34:28 insert into nav (nav_name,nav_url,is_blank,z_index) values ('2','2','0','3') ;
14:34:32 use company;
14:34:32 set names utf8;
14:34:32 select * from configs
14:34:32 select * from nav
14:37:51 use company;
14:37:51 set names utf8;
14:37:51 select * from configs
14:37:51 select * from nav
14:37:57 use company;
14:37:57 set names utf8;
14:37:57 select * from configs
14:37:57 insert into nav (nav_name,nav_url,is_blank,z_index) values ('3','3','1','4') ;
14:37:57 use company;
14:37:57 set names utf8;
14:37:57 select * from configs
14:37:57 select * from nav
14:54:26 use company;
14:54:26 set names utf8;
14:54:26 select * from configs
14:54:26 insert into nav (nav_name,nav_url,is_blank,z_index) values ('首页','http://www.97dfsc.com','1','99') ;
14:54:26 use company;
14:54:26 set names utf8;
14:54:26 select * from configs
14:54:26 select * from nav
14:55:43 use company;
14:55:43 set names utf8;
14:55:43 select * from configs
14:55:45 use company;
14:55:45 set names utf8;
14:55:45 select * from configs
14:55:45 select * from nav
14:57:05 use company;
14:57:05 set names utf8;
14:57:05 select * from configs
14:57:05 select * from nav where id=1
15:11:52 use company;
15:11:52 set names utf8;
15:11:52 select * from configs
15:11:52 insert into nav (nav_name,nav_url,is_blank,z_index) values ('<script>alert(\"111\")</script>','1','0','1') ;
15:11:52 use company;
15:11:52 set names utf8;
15:11:52 select * from configs
15:11:52 select * from nav
15:12:58 use company;
15:12:58 set names utf8;
15:12:58 select * from configs
15:12:58 select * from nav
15:14:44 use company;
15:14:44 set names utf8;
15:14:44 select * from configs
15:14:44 select * from nav where id=7
15:14:56 use company;
15:14:56 set names utf8;
15:14:56 select * from configs
15:14:56 select * from nav where id=7
15:14:58 use company;
15:14:58 set names utf8;
15:14:58 select * from configs
15:14:58 select * from nav where id=7
15:15:50 use company;
15:15:50 set names utf8;
15:15:50 select * from configs
15:15:50 select * from nav where id=4
15:18:47 use company;
15:18:47 set names utf8;
15:18:47 select * from configs
15:18:47 select * from nav
15:19:14 use company;
15:19:14 set names utf8;
15:19:14 select * from configs
15:19:14 select * from nav
15:19:45 use company;
15:19:45 set names utf8;
15:19:45 select * from configs
15:19:45 select * from nav
15:19:48 use company;
15:19:48 set names utf8;
15:19:48 select * from configs
15:19:48 select * from nav where id=6
15:19:54 use company;
15:19:54 set names utf8;
15:19:54 select * from configs
15:19:54 select * from nav where id=3
15:20:07 use company;
15:20:07 set names utf8;
15:20:07 select * from configs
15:20:07 insert into nav (nav_name,nav_url,is_blank,z_index) values ('心的','爱爱爱','0','1') ;
15:20:07 use company;
15:20:07 set names utf8;
15:20:07 select * from configs
15:20:07 select * from nav
15:20:11 use company;
15:20:11 set names utf8;
15:20:11 select * from configs
15:20:11 select * from nav where id=8
15:20:20 use company;
15:20:20 set names utf8;
15:20:20 select * from configs
15:20:20 update nav set nav_name='爱心',nav_url='123123123',is_blank='0',z_index='1' where id=8
15:20:20 use company;
15:20:20 set names utf8;
15:20:20 select * from configs
15:20:20 select * from nav
15:27:33 use company;
15:27:33 set names utf8;
15:27:33 select * from configs
15:27:33 select * from nav
15:28:54 use company;
15:28:54 set names utf8;
15:28:54 select * from configs
15:28:54 select * from nav
15:28:59 use company;
15:28:59 set names utf8;
15:28:59 select * from configs
15:28:59 delete form nav where id=7
15:29:16 use company;
15:29:16 set names utf8;
15:29:16 select * from configs
15:29:16 delete from nav where id=7
15:30:17 use company;
15:30:17 set names utf8;
15:30:17 select * from configs
15:30:17 select * from nav
15:30:23 use company;
15:30:23 set names utf8;
15:30:23 select * from configs
15:30:23 delete from nav where id=5
15:31:06 use company;
15:31:06 set names utf8;
15:31:06 select * from configs
15:31:06 select * from nav
15:31:09 use company;
15:31:09 set names utf8;
15:31:09 select * from configs
15:31:09 delete from nav where id=4
15:33:00 use company;
15:33:00 set names utf8;
15:33:00 select * from configs
15:33:00 select * from nav where id=1
15:33:04 use company;
15:33:04 set names utf8;
15:33:04 select * from configs
15:33:04 select * from nav where id=1
15:33:08 use company;
15:33:08 set names utf8;
15:33:08 select * from configs
15:33:08 update nav set nav_name='1',nav_url='http://www.97dfsc.com',is_blank='1',z_index='0' where id=1
15:33:08 use company;
15:33:08 set names utf8;
15:33:08 select * from configs
15:33:08 update nav set nav_name='1',nav_url='http://www.97dfsc.com',is_blank='1',z_index='0' where id=1
15:33:20 use company;
15:33:20 set names utf8;
15:33:20 select * from configs
15:33:20 select * from nav where id=1
15:33:22 use company;
15:33:22 set names utf8;
15:33:22 select * from configs
15:33:22 update nav set nav_name='1',nav_url='http://www.97dfsc.com',is_blank='1',z_index='0' where id=1
15:33:22 use company;
15:33:22 set names utf8;
15:33:22 select * from configs
15:33:22 update nav set nav_name='1',nav_url='http://www.97dfsc.com',is_blank='1',z_index='0' where id=1
15:33:22 use company;
15:33:22 set names utf8;
15:33:22 select * from configs
15:33:22 update nav set nav_name='1',nav_url='http://www.97dfsc.com',is_blank='1',z_index='0' where id=1
15:33:45 use company;
15:33:45 set names utf8;
15:33:45 select * from configs
15:33:45 select * from nav where id=1
15:33:49 use company;
15:33:49 set names utf8;
15:33:49 select * from configs
15:33:49 update nav set nav_name='1',nav_url='http://www.97dfsc.com',is_blank='1',z_index='0' where id=1
15:33:49 use company;
15:33:49 set names utf8;
15:33:49 select * from configs
15:33:49 update nav set nav_name='1',nav_url='http://www.97dfsc.com',is_blank='1',z_index='0' where id=1
15:33:49 use company;
15:33:49 set names utf8;
15:33:49 select * from configs
15:33:49 update nav set nav_name='1',nav_url='http://www.97dfsc.com',is_blank='1',z_index='0' where id=1
15:33:49 use company;
15:33:49 set names utf8;
15:33:49 select * from configs
15:33:49 update nav set nav_name='1',nav_url='http://www.97dfsc.com',is_blank='1',z_index='0' where id=1
15:38:34 use company;
15:38:34 set names utf8;
15:38:34 select * from configs
15:38:34 select * from nav
15:38:37 use company;
15:38:37 set names utf8;
15:38:37 select * from configs
15:38:37 select * from nav where id=3
15:38:46 use company;
15:38:46 set names utf8;
15:38:46 select * from configs
15:38:46 update nav set nav_name='对对对',nav_url='2222',is_blank='0',z_index='1' where id=3
15:38:46 use company;
15:38:46 set names utf8;
15:38:46 select * from configs
15:38:46 select * from nav
15:38:57 use company;
15:38:57 set names utf8;
15:38:57 select * from configs
15:38:57 insert into nav (nav_name,nav_url,is_blank,z_index) values ('阿萨萨达斯的','as大苏打','0','0') ;
15:38:57 use company;
15:38:57 set names utf8;
15:38:57 select * from configs
15:38:57 select * from nav
15:39:11 use company;
15:39:11 set names utf8;
15:39:11 select * from configs
15:39:11 select * from nav
15:39:59 use company;
15:39:59 set names utf8;
15:39:59 select * from configs
15:39:59 delete from nav where id=3
15:40:05 use company;
15:40:05 set names utf8;
15:40:05 select * from configs
15:40:05 insert into nav (nav_name,nav_url,is_blank,z_index) values ('先行词','啊','0','0') ;
15:40:05 use company;
15:40:05 set names utf8;
15:40:05 select * from configs
15:40:05 select * from nav
15:40:27 use company;
15:40:27 set names utf8;
15:40:27 select * from configs
15:40:27 select * from nav order by id asc
15:40:39 use company;
15:40:39 set names utf8;
15:40:39 select * from configs
15:40:39 insert into nav (nav_name,nav_url,is_blank,z_index) values ('啊飒沓啊下次','信息','0','0') ;
15:40:39 use company;
15:40:39 set names utf8;
15:40:39 select * from configs
15:40:39 select * from nav order by id asc
15:40:43 use company;
15:40:43 set names utf8;
15:40:43 select * from configs
15:40:43 select * from nav where id=11
15:40:55 use company;
15:40:55 set names utf8;
15:40:55 select * from configs
15:40:55 delete from nav where id=11
15:40:58 use company;
15:40:58 set names utf8;
15:40:58 select * from configs
15:40:58 select * from nav order by id asc
15:41:02 use company;
15:41:02 set names utf8;
15:41:02 select * from configs
15:41:02 select * from nav where id=8
15:41:04 use company;
15:41:04 set names utf8;
15:41:04 select * from configs
15:41:04 update nav set nav_name='爱心',nav_url='123123123',is_blank='1',z_index='1' where id=8
15:41:04 use company;
15:41:04 set names utf8;
15:41:04 select * from configs
15:41:04 select * from nav order by id asc
15:41:09 use company;
15:41:09 set names utf8;
15:41:09 select * from configs
15:41:09 select * from nav where id=2
15:41:10 use company;
15:41:10 set names utf8;
15:41:10 select * from configs
15:41:10 update nav set nav_name='撒旦发射',nav_url='http://gggg/c',is_blank='1',z_index='22' where id=2
15:41:11 use company;
15:41:11 set names utf8;
15:41:11 select * from configs
15:41:11 select * from nav order by id asc
15:41:18 use company;
15:41:18 set names utf8;
15:41:18 select * from configs
15:41:18 select * from nav where id=9
15:41:20 use company;
15:41:20 set names utf8;
15:41:20 select * from configs
15:41:20 update nav set nav_name='阿萨萨达斯的',nav_url='as大苏打',is_blank='0',z_index='0' where id=9
15:41:33 use company;
15:41:33 set names utf8;
15:41:33 select * from configs
15:41:33 select * from nav where id=9
15:41:35 use company;
15:41:35 set names utf8;
15:41:35 select * from configs
15:41:35 update nav set nav_name='阿萨萨达斯的',nav_url='as大苏打',is_blank='0',z_index='0' where id=9
15:49:07 use company;
15:49:07 set names utf8;
15:49:07 select * from configs
15:49:07 select * from nav order by id asc
15:52:33 use company;
15:52:33 set names utf8;
15:52:33 select * from configs
15:52:33 select * from nav order by id asc
15:52:35 use company;
15:52:35 set names utf8;
15:52:35 select * from configs
15:52:35 update nav set is_blank=0 where id=9
15:52:38 use company;
15:52:38 set names utf8;
15:52:38 select * from configs
15:52:38 update nav set is_blank=0 where id=9
15:54:19 use company;
15:54:19 set names utf8;
15:54:19 select * from configs
15:54:19 select * from nav where id=1
15:56:42 use company;
15:56:42 set names utf8;
15:56:42 select * from configs
15:56:42 select * from nav order by id asc
15:56:45 use company;
15:56:45 set names utf8;
15:56:45 select * from configs
15:56:45 update nav set is_blank=0 where id=9
15:57:42 use company;
15:57:42 set names utf8;
15:57:42 select * from configs
15:57:42 select * from nav order by id asc
15:57:44 use company;
15:57:44 set names utf8;
15:57:44 select * from configs
15:57:44 update nav set is_blank=0 where id=9
15:58:02 use company;
15:58:02 set names utf8;
15:58:02 select * from configs
15:58:02 update nav set is_blank=0 where id=9
15:58:04 use company;
15:58:04 set names utf8;
15:58:04 select * from configs
15:58:04 update nav set is_blank=0 where id=10
15:58:07 use company;
15:58:07 set names utf8;
15:58:07 select * from configs
15:58:07 update nav set is_blank=0 where id=9
15:58:42 use company;
15:58:42 set names utf8;
15:58:42 select * from configs
15:58:42 select * from nav order by id asc
15:58:45 use company;
15:58:45 set names utf8;
15:58:45 select * from configs
15:58:45 update nav set is_blank=0 where id=9
15:58:54 use company;
15:58:54 set names utf8;
15:58:54 select * from configs
15:58:54 update nav set is_blank=0 where id=9
15:58:57 use company;
15:58:57 set names utf8;
15:58:57 select * from configs
15:58:57 update nav set is_blank=0 where id=9
15:58:58 use company;
15:58:58 set names utf8;
15:58:58 select * from configs
15:58:58 update nav set is_blank=0 where id=10
16:00:06 use company;
16:00:06 set names utf8;
16:00:06 select * from configs
16:00:06 select * from nav order by id asc
16:00:08 use company;
16:00:08 set names utf8;
16:00:08 select * from configs
16:00:08 update nav set is_blank=0 where id=9
16:00:15 use company;
16:00:15 set names utf8;
16:00:15 select * from configs
16:00:15 update nav set is_blank=0 where id=10
16:00:33 use company;
16:00:33 set names utf8;
16:00:33 select * from configs
16:00:33 select * from nav order by id asc
16:00:35 use company;
16:00:35 set names utf8;
16:00:35 select * from configs
16:00:35 update nav set is_blank=0 where id=9
16:02:08 use company;
16:02:08 set names utf8;
16:02:08 select * from configs
16:02:08 select * from nav order by id asc
16:02:11 use company;
16:02:11 set names utf8;
16:02:11 select * from configs
16:02:11 update nav set is_blank=0 where id=9
16:04:44 use company;
16:04:44 set names utf8;
16:04:44 select * from configs
16:04:44 update nav set is_blank=1 where id=9
16:04:56 use company;
16:04:56 set names utf8;
16:04:56 select * from configs
16:04:56 update nav set is_blank=0 where id=9
16:05:02 use company;
16:05:02 set names utf8;
16:05:02 select * from configs
16:05:02 select * from nav order by id asc
16:05:27 use company;
16:05:27 set names utf8;
16:05:27 select * from configs
16:05:27 select * from nav order by id asc
16:05:28 use company;
16:05:28 set names utf8;
16:05:28 select * from configs
16:05:28 update nav set is_blank=1 where id=9
16:05:29 use company;
16:05:29 set names utf8;
16:05:29 select * from configs
16:05:29 update nav set is_blank=1 where id=10
16:05:32 use company;
16:05:32 set names utf8;
16:05:32 select * from configs
16:05:32 select * from nav order by id asc
16:05:33 use company;
16:05:33 set names utf8;
16:05:33 select * from configs
16:05:33 select * from nav order by id asc
16:06:26 use company;
16:06:26 set names utf8;
16:06:26 select * from configs
16:06:26 select * from nav order by id asc
16:06:28 use company;
16:06:28 set names utf8;
16:06:28 select * from configs
16:06:30 use company;
16:06:30 set names utf8;
16:06:30 select * from configs
16:06:30 select * from nav order by id asc
16:06:31 use company;
16:06:31 set names utf8;
16:06:31 select * from configs
16:06:33 use company;
16:06:33 set names utf8;
16:06:33 select * from configs
16:06:33 select * from nav order by id asc
16:06:35 use company;
16:06:35 set names utf8;
16:06:35 select * from configs
16:06:36 use company;
16:06:36 set names utf8;
16:06:36 select * from configs
16:07:46 use company;
16:07:46 set names utf8;
16:07:46 select * from configs
16:07:46 select * from nav order by id asc
16:08:18 use company;
16:08:18 set names utf8;
16:08:18 select * from configs
16:08:18 select * from nav order by id asc
16:09:04 use company;
16:09:04 set names utf8;
16:09:04 select * from configs
16:09:04 select * from nav order by z_index desc
16:09:08 use company;
16:09:08 set names utf8;
16:09:08 select * from configs
16:09:08 select * from nav order by z_index desc
16:09:22 use company;
16:09:22 set names utf8;
16:09:22 select * from configs
16:09:22 select * from nav order by z_index desc
16:09:46 use company;
16:09:46 set names utf8;
16:09:46 select * from configs
16:09:46 select * from nav order by z_index desc
16:13:08 use company;
16:13:08 set names utf8;
16:13:08 select * from configs
16:13:08 select * from nav order by z_index desc
16:13:26 use company;
16:13:26 set names utf8;
16:13:26 select * from configs
16:15:51 use company;
16:15:51 set names utf8;
16:15:51 select * from configs
16:15:56 use company;
16:15:56 set names utf8;
16:15:56 select * from configs
16:15:56 select * from nav order by z_index desc
16:15:59 use company;
16:15:59 set names utf8;
16:15:59 select * from configs
