08:41:11 use meiliyoupin;
08:41:11 set names utf8;
08:41:11 select * from configs
08:41:11 select * from goods where id = 1 and is_delete = 0
08:41:12 use meiliyoupin;
08:41:12 set names utf8;
08:41:12 select * from configs
08:41:12 select * from goods where id = 1 and is_delete = 0
08:41:15 use meiliyoupin;
08:41:15 set names utf8;
08:41:15 select * from configs
08:41:15 select * from goods where id = 1
08:41:15 insert into carts (user_id,session_id,goods_id,goods_sn,goods_name,market_price,shop_price,goods_number,goods_attr,thumb_img,is_groupon,shipping_free,goods_attr_id) values ('0','8568faa85ce687283dc7202d942434ed','1','MAD00000000','御诚 Royal3D塑脸V脸黄金二件套','18','12','1','','../images/20140718/thumb_140564981806476135.jpg','1','0','') ;
08:41:15 use meiliyoupin;
08:41:15 set names utf8;
08:41:15 select * from configs
08:41:15 select * from carts where session_id='8568faa85ce687283dc7202d942434ed'
08:41:16 use meiliyoupin;
08:41:16 set names utf8;
08:41:16 select * from configs
08:41:16 select * from carts where session_id='8568faa85ce687283dc7202d942434ed'
08:44:17 use meiliyoupin;
08:44:17 set names utf8;
08:44:17 select * from configs
08:44:17 select * from carts where session_id='8568faa85ce687283dc7202d942434ed'
08:44:18 use meiliyoupin;
08:44:18 set names utf8;
08:44:18 select * from configs
08:44:18 select * from carts where session_id='8568faa85ce687283dc7202d942434ed'
08:44:20 use meiliyoupin;
08:44:20 set names utf8;
08:44:20 select * from configs
08:44:20 select * from carts where session_id='8568faa85ce687283dc7202d942434ed'
08:44:20 use meiliyoupin;
08:44:20 set names utf8;
08:44:20 select * from configs
08:44:20 select * from carts where session_id='8568faa85ce687283dc7202d942434ed'
09:35:51 use meiliyoupin;
09:35:51 set names utf8;
09:35:51 select * from configs
09:35:51 select * from goods where id = 1 and is_delete = 0
09:35:51 use meiliyoupin;
09:35:51 set names utf8;
09:35:51 select * from configs
09:35:51 select * from goods where id = 1 and is_delete = 0
09:35:53 use meiliyoupin;
09:35:53 set names utf8;
09:35:53 select * from configs
09:35:53 select * from goods where id = 1
09:35:53 select * from carts where goods_id=1 and session_id='8568faa85ce687283dc7202d942434ed'
09:36:19 use meiliyoupin;
09:36:19 set names utf8;
09:36:19 select * from configs
09:36:19 select * from goods where id = 1 and is_delete = 0
09:36:19 use meiliyoupin;
09:36:19 set names utf8;
09:36:19 select * from configs
09:36:19 select * from goods where id = 1 and is_delete = 0
09:36:20 use meiliyoupin;
09:36:20 set names utf8;
09:36:20 select * from configs
09:36:20 select * from goods where id = 1
09:36:20 select * from carts where goods_id=1 and session_id='8568faa85ce687283dc7202d942434ed'
09:36:20 update carts set user_id='0',session_id='8568faa85ce687283dc7202d942434ed',goods_id='1',goods_sn='MAD00000000',goods_name='御诚 Royal3D塑脸V脸黄金二件套',market_price='18',shop_price='12',goods_attr='',thumb_img='../images/20140718/thumb_140564981806476135.jpg',is_groupon='1',shipping_free='0',goods_attr_id='',goods_number='2' where goods_id = 1
09:36:20 use meiliyoupin;
09:36:20 set names utf8;
09:36:20 select * from configs
09:36:20 select * from carts where session_id='8568faa85ce687283dc7202d942434ed'
09:36:20 use meiliyoupin;
09:36:20 set names utf8;
09:36:20 select * from configs
09:36:20 select * from carts where session_id='8568faa85ce687283dc7202d942434ed'
09:37:05 use meiliyoupin;
09:37:05 set names utf8;
09:37:05 select * from configs
09:37:05 select * from goods where id = 1 and is_delete = 0
09:37:05 use meiliyoupin;
09:37:05 set names utf8;
09:37:05 select * from configs
09:37:05 select * from goods where id = 1 and is_delete = 0
09:37:06 use meiliyoupin;
09:37:06 set names utf8;
09:37:06 select * from configs
09:37:07 select * from goods where id = 1 and is_delete = 0
09:37:07 use meiliyoupin;
09:37:07 set names utf8;
09:37:07 select * from configs
09:37:07 select * from goods where id = 1 and is_delete = 0
09:37:09 use meiliyoupin;
09:37:09 set names utf8;
09:37:09 select * from configs
09:37:09 select * from goods where id = 1
09:37:09 select * from carts where goods_id=1 and session_id='8568faa85ce687283dc7202d942434ed'
09:37:09 update carts set user_id='0',session_id='8568faa85ce687283dc7202d942434ed',goods_id='1',goods_sn='MAD00000000',goods_name='御诚 Royal3D塑脸V脸黄金二件套',market_price='18',shop_price='12',goods_attr='',thumb_img='../images/20140718/thumb_140564981806476135.jpg',is_groupon='1',shipping_free='0',goods_attr_id='',goods_number='3' where id =1
09:37:09 use meiliyoupin;
09:37:09 set names utf8;
09:37:09 select * from configs
09:37:09 select * from carts where session_id='8568faa85ce687283dc7202d942434ed'
09:37:09 use meiliyoupin;
09:37:09 set names utf8;
09:37:09 select * from configs
09:37:09 select * from carts where session_id='8568faa85ce687283dc7202d942434ed'
09:37:55 use meiliyoupin;
09:37:55 set names utf8;
09:37:55 select * from configs
09:37:55 select * from carts where session_id='8568faa85ce687283dc7202d942434ed'
09:37:56 use meiliyoupin;
09:37:56 set names utf8;
09:37:56 select * from configs
09:37:56 select * from carts where session_id='8568faa85ce687283dc7202d942434ed'
09:37:57 use meiliyoupin;
09:37:57 set names utf8;
09:37:57 select * from configs
09:37:57 select * from carts where session_id='8568faa85ce687283dc7202d942434ed'
09:37:58 use meiliyoupin;
09:37:58 set names utf8;
09:37:58 select * from configs
09:37:58 select * from carts where session_id='8568faa85ce687283dc7202d942434ed'
09:38:00 use meiliyoupin;
09:38:00 set names utf8;
09:38:00 select * from configs
09:38:00 select * from goods where id = 1 and is_delete = 0
09:38:00 use meiliyoupin;
09:38:00 set names utf8;
09:38:00 select * from configs
09:38:00 select * from goods where id = 1 and is_delete = 0
09:38:01 use meiliyoupin;
09:38:01 set names utf8;
09:38:01 select * from configs
09:38:01 select * from goods where id = 1
09:38:01 select * from carts where goods_id=1 and session_id='8568faa85ce687283dc7202d942434ed'
09:38:01 insert into carts (user_id,session_id,goods_id,goods_sn,goods_name,market_price,shop_price,goods_attr,thumb_img,is_groupon,shipping_free,goods_attr_id,goods_number) values ('0','8568faa85ce687283dc7202d942434ed','1','MAD00000000','御诚 Royal3D塑脸V脸黄金二件套','18','12','','../images/20140718/thumb_140564981806476135.jpg','1','0','','1') ;
09:38:01 use meiliyoupin;
09:38:01 set names utf8;
09:38:01 select * from configs
09:38:01 select * from carts where session_id='8568faa85ce687283dc7202d942434ed'
09:38:01 use meiliyoupin;
09:38:01 set names utf8;
09:38:01 select * from configs
09:38:01 select * from carts where session_id='8568faa85ce687283dc7202d942434ed'
09:38:02 use meiliyoupin;
09:38:02 set names utf8;
09:38:02 select * from configs
09:38:02 select * from goods where id = 1 and is_delete = 0
09:38:02 use meiliyoupin;
09:38:02 set names utf8;
09:38:02 select * from configs
09:38:02 select * from goods where id = 1 and is_delete = 0
09:38:03 use meiliyoupin;
09:38:03 set names utf8;
09:38:03 select * from configs
09:38:03 select * from goods where id = 1
09:38:03 select * from carts where goods_id=1 and session_id='8568faa85ce687283dc7202d942434ed'
09:38:03 update carts set user_id='0',session_id='8568faa85ce687283dc7202d942434ed',goods_id='1',goods_sn='MAD00000000',goods_name='御诚 Royal3D塑脸V脸黄金二件套',market_price='18',shop_price='12',goods_attr='',thumb_img='../images/20140718/thumb_140564981806476135.jpg',is_groupon='1',shipping_free='0',goods_attr_id='',goods_number='2' where id =1
09:38:03 use meiliyoupin;
09:38:03 set names utf8;
09:38:03 select * from configs
09:38:03 select * from carts where session_id='8568faa85ce687283dc7202d942434ed'
09:38:03 use meiliyoupin;
09:38:03 set names utf8;
09:38:03 select * from configs
09:38:03 select * from carts where session_id='8568faa85ce687283dc7202d942434ed'
09:38:05 use meiliyoupin;
09:38:05 set names utf8;
09:38:05 select * from configs
09:38:05 select * from goods where id = 1 and is_delete = 0
09:38:05 use meiliyoupin;
09:38:05 set names utf8;
09:38:05 select * from configs
09:38:05 select * from goods where id = 1 and is_delete = 0
09:38:06 use meiliyoupin;
09:38:06 set names utf8;
09:38:06 select * from configs
09:38:06 select * from goods where id = 1
09:38:06 select * from carts where goods_id=1 and session_id='8568faa85ce687283dc7202d942434ed'
09:38:06 update carts set user_id='0',session_id='8568faa85ce687283dc7202d942434ed',goods_id='1',goods_sn='MAD00000000',goods_name='御诚 Royal3D塑脸V脸黄金二件套',market_price='18',shop_price='12',goods_attr='',thumb_img='../images/20140718/thumb_140564981806476135.jpg',is_groupon='1',shipping_free='0',goods_attr_id='',goods_number='3' where id =1
09:38:06 use meiliyoupin;
09:38:06 set names utf8;
09:38:06 select * from configs
09:38:06 select * from carts where session_id='8568faa85ce687283dc7202d942434ed'
09:38:06 use meiliyoupin;
09:38:06 set names utf8;
09:38:06 select * from configs
09:38:06 select * from carts where session_id='8568faa85ce687283dc7202d942434ed'
14:25:12 use meiliyoupin;
14:25:12 set names utf8;
14:25:12 select * from configs
14:25:13 use meiliyoupin;
14:25:13 set names utf8;
14:25:13 select * from configs
14:25:13 select * from admin_menu
14:25:33 use meiliyoupin;
14:25:33 set names utf8;
14:25:33 select * from configs
14:25:33 select * from admin_menu
14:25:33 select * from admin where user_name='myadmin' and user_word='691c360156c27261b40c974ec0bf8f4a'
14:25:33 use meiliyoupin;
14:25:33 set names utf8;
14:25:33 select * from configs
14:25:33 select * from admin_menu
14:25:38 use meiliyoupin;
14:25:38 set names utf8;
14:25:38 select * from configs
14:25:38 select * from goods where id = 1 and is_delete = 0
14:25:42 use meiliyoupin;
14:25:42 set names utf8;
14:25:42 select * from configs
14:25:42 select * from goods where id = 1 and is_delete = 0
14:25:52 use meiliyoupin;
14:25:52 set names utf8;
14:25:52 select * from configs
14:25:52 select * from admin_menu
14:25:53 use meiliyoupin;
14:25:53 set names utf8;
14:25:53 select * from configs
14:25:53 select * from admin_menu
14:25:54 use meiliyoupin;
14:25:54 set names utf8;
14:25:54 select * from configs
14:25:54 select * from admin_menu
14:25:54 use meiliyoupin;
14:25:54 set names utf8;
14:25:54 select * from configs
14:25:54 select * from admin_menu
14:25:55 use meiliyoupin;
14:25:55 set names utf8;
14:25:55 select * from configs
14:25:55 select * from admin_menu
14:25:55 select count(a.id) from articles as a left join article_type as b on a.type_id=b.id order by a.id desc
14:25:55 select a.*,b.type_name from articles as a left join article_type as b on a.type_id=b.id order by a.id desc limit 0,20
14:25:56 use meiliyoupin;
14:25:56 set names utf8;
14:25:56 select * from configs
14:25:56 select * from admin_menu
14:25:56 select * from article_type
14:25:57 use meiliyoupin;
14:25:57 set names utf8;
14:25:57 select * from configs
14:25:57 select * from admin_menu
14:25:57 use meiliyoupin;
14:25:57 set names utf8;
14:25:57 select * from configs
14:25:57 select * from admin_menu
14:25:57 select * from article_type
14:25:57 use meiliyoupin;
14:25:57 set names utf8;
14:25:57 select * from configs
14:25:57 select * from admin_menu
14:25:57 select count(a.id) from articles as a left join article_type as b on a.type_id=b.id order by a.id desc
14:25:57 select a.*,b.type_name from articles as a left join article_type as b on a.type_id=b.id order by a.id desc limit 0,20
14:25:58 use meiliyoupin;
14:25:58 set names utf8;
14:25:58 select * from configs
14:25:58 select * from admin_menu
14:25:58 select * from article_type
14:25:58 use meiliyoupin;
14:25:58 set names utf8;
14:25:58 select * from configs
14:25:58 select * from admin_menu
14:25:58 select * from article_type
14:25:59 use meiliyoupin;
14:25:59 set names utf8;
14:25:59 select * from configs
14:25:59 select * from admin_menu
14:35:29 use meiliyoupin;
14:35:29 set names utf8;
14:35:29 select * from configs
14:35:29 select * from admin_menu
14:35:29 select count(id) from users order by id desc
14:35:29 select * from users order by id desc limit 0,20
14:35:30 use meiliyoupin;
14:35:30 set names utf8;
14:35:30 select * from configs
14:35:30 select * from admin_menu
14:35:30 select * from user_level
14:35:30 use meiliyoupin;
14:35:30 set names utf8;
14:35:30 select * from configs
14:35:30 select * from admin_menu
14:35:30 select * from user_level
14:35:31 use meiliyoupin;
14:35:31 set names utf8;
14:35:31 select * from configs
14:35:31 select * from admin_menu
14:35:31 select count(id) from user_level
14:35:31 select * from user_level limit 0,20
14:35:32 use meiliyoupin;
14:35:32 set names utf8;
14:35:32 select * from configs
14:35:32 select * from admin_menu
14:35:34 use meiliyoupin;
14:35:34 set names utf8;
14:35:34 select * from configs
14:35:34 select * from admin_menu
14:35:35 use meiliyoupin;
14:35:35 set names utf8;
14:35:35 select * from configs
14:35:35 select * from admin_menu
14:35:35 use meiliyoupin;
14:35:35 set names utf8;
14:35:35 select * from configs
14:35:35 select * from admin_menu
14:35:36 use meiliyoupin;
14:35:36 set names utf8;
14:35:36 select * from configs
14:35:36 select * from admin_menu
14:35:36 select count(id) from users order by id desc
14:35:36 select * from users order by id desc limit 0,20
14:35:37 use meiliyoupin;
14:35:37 set names utf8;
14:35:37 select * from configs
14:35:37 select * from admin_menu
14:35:37 select * from user_level
14:35:37 use meiliyoupin;
14:35:37 set names utf8;
14:35:37 select * from configs
14:35:37 select * from admin_menu
14:35:37 select count(id) from user_level
14:35:37 select * from user_level limit 0,20
14:35:38 use meiliyoupin;
14:35:38 set names utf8;
14:35:38 select * from configs
14:35:38 select * from admin_menu
14:35:39 use meiliyoupin;
14:35:39 set names utf8;
14:35:39 select * from configs
14:35:39 select * from admin_menu
14:35:39 select count(a.id) from articles as a left join article_type as b on a.type_id=b.id order by a.id desc
14:35:39 select a.*,b.type_name from articles as a left join article_type as b on a.type_id=b.id order by a.id desc limit 0,20
14:35:39 use meiliyoupin;
14:35:39 set names utf8;
14:35:39 select * from configs
14:35:39 select * from admin_menu
14:35:39 select * from article_type
14:35:40 use meiliyoupin;
14:35:40 set names utf8;
14:35:40 select * from configs
14:35:40 select * from admin_menu
14:35:40 select * from article_type
14:35:40 use meiliyoupin;
14:35:40 set names utf8;
14:35:40 select * from configs
14:35:40 select * from admin_menu
14:35:41 use meiliyoupin;
14:35:41 set names utf8;
14:35:41 select * from configs
14:35:41 select * from admin_menu
14:35:41 use meiliyoupin;
14:35:41 set names utf8;
14:35:41 select * from configs
14:35:41 select * from admin_menu
14:35:42 use meiliyoupin;
14:35:42 set names utf8;
14:35:42 select * from configs
14:35:42 select * from admin_menu
14:35:42 use meiliyoupin;
14:35:42 set names utf8;
14:35:42 select * from configs
14:35:42 select * from admin_menu
14:35:43 use meiliyoupin;
14:35:43 set names utf8;
14:35:43 select * from configs
14:35:43 select * from admin_menu
14:35:43 select count(id) from goods where is_delete=0 order by add_time desc
14:35:43 select * from goods where is_delete=0 order by add_time desc limit 0,20
14:35:44 use meiliyoupin;
14:35:44 set names utf8;
14:35:44 select * from configs
14:35:44 select * from admin_menu
14:35:44 select * from goods_type
14:35:44 select count(id) from goods
14:35:44 use meiliyoupin;
14:35:44 set names utf8;
14:35:44 select * from configs
14:35:44 select * from admin_menu
14:35:44 select * from goods_type
14:35:45 use meiliyoupin;
14:35:45 set names utf8;
14:35:45 select * from configs
14:35:45 select * from admin_menu
14:35:45 select * from goods_type
14:35:45 use meiliyoupin;
14:35:45 set names utf8;
14:35:45 select * from configs
14:35:45 select * from admin_menu
14:35:45 select count(id) from goods where is_delete=1 order by add_time desc
14:35:45 select * from goods where is_delete=1 order by add_time desc limit 0,20
14:35:46 use meiliyoupin;
14:35:46 set names utf8;
14:35:46 select * from configs
14:35:46 select * from admin_menu
14:35:46 select * from goods_type
14:35:46 use meiliyoupin;
14:35:46 set names utf8;
14:35:46 select * from configs
14:35:46 select * from admin_menu
14:35:46 select * from goods_type
14:35:47 use meiliyoupin;
14:35:47 set names utf8;
14:35:47 select * from configs
14:35:47 select * from admin_menu
14:35:48 use meiliyoupin;
14:35:48 set names utf8;
14:35:48 select * from configs
14:35:48 select * from admin_menu
14:35:48 use meiliyoupin;
14:35:48 set names utf8;
14:35:48 select * from configs
14:35:48 select * from admin_menu
14:35:49 use meiliyoupin;
14:35:49 set names utf8;
14:35:49 select * from configs
14:35:49 select * from admin_menu
14:35:49 use meiliyoupin;
14:35:49 set names utf8;
14:35:49 select * from configs
14:35:49 select * from admin_menu
14:35:50 use meiliyoupin;
14:35:50 set names utf8;
14:35:50 select * from configs
14:35:50 select * from admin_menu
14:35:50 use meiliyoupin;
14:35:50 set names utf8;
14:35:50 select * from configs
14:35:50 select * from admin_menu
14:35:51 use meiliyoupin;
14:35:51 set names utf8;
14:35:51 select * from configs
14:35:51 select * from admin_menu
14:35:51 select * from nav order by z_index desc
14:35:51 use meiliyoupin;
14:35:51 set names utf8;
14:35:51 select * from configs
14:35:51 select * from admin_menu
14:35:51 select * from nav order by z_index desc
14:35:51 use meiliyoupin;
14:35:51 set names utf8;
14:35:51 select * from configs
14:35:51 select * from admin_menu
14:35:51 select * from focus_picture order by pic_index desc
14:46:05 use meiliyoupin;
14:46:05 set names utf8;
14:46:05 select * from configs
14:46:05 select * from admin_menu
14:46:05 select count(id) from users order by id desc
14:46:05 select * from users order by id desc limit 0,20
