09:06:47 use meiliyoupin;
09:06:47 set names utf8;
09:06:47 select * from configs
09:06:47 use meiliyoupin;
09:06:47 set names utf8;
09:06:47 select * from configs
09:06:47 select * from admin_menu
09:06:52 use meiliyoupin;
09:06:52 set names utf8;
09:06:52 select * from configs
09:06:52 select * from admin_menu
09:06:52 select * from admin where user_name='myadmin' and user_word='691c360156c27261b40c974ec0bf8f4a'
09:06:52 use meiliyoupin;
09:06:52 set names utf8;
09:06:52 select * from configs
09:06:52 select * from admin_menu
09:06:55 use meiliyoupin;
09:06:55 set names utf8;
09:06:55 select * from configs
09:06:55 select * from admin_menu
09:06:55 select count(id) from users order by id desc
09:06:55 select * from users order by id desc limit 0,20
09:41:37 use meiliyoupin;
09:41:37 set names utf8;
09:41:37 select * from configs
09:41:37 use meiliyoupin;
09:41:37 set names utf8;
09:41:37 select * from configs
09:41:37 select * from admin_menu
09:41:42 use meiliyoupin;
09:41:42 set names utf8;
09:41:42 select * from configs
09:41:42 select * from admin_menu
09:41:42 select * from admin where user_name='myadmin' and user_word='691c360156c27261b40c974ec0bf8f4a'
09:41:42 use meiliyoupin;
09:41:42 set names utf8;
09:41:42 select * from configs
09:41:42 select * from admin_menu
09:41:44 use meiliyoupin;
09:41:44 set names utf8;
09:41:44 select * from configs
09:41:44 select * from admin_menu
09:41:44 select count(id) from users order by id desc
09:41:44 select * from users order by id desc limit 0,20
10:07:16 use meiliyoupin;
10:07:16 set names utf8;
10:07:16 select * from configs
10:07:16 select * from admin_menu
10:07:16 select count(id) from users order by id desc
10:07:16 select * from users order by id desc limit 0,20
10:07:18 use meiliyoupin;
10:07:18 set names utf8;
10:07:18 select * from configs
10:07:18 select * from admin_menu
10:07:18 select * from users where id=3
10:08:12 use meiliyoupin;
10:08:12 set names utf8;
10:08:12 select * from configs
10:08:12 select * from admin_menu
10:08:12 select * from users where id=3
10:11:59 use meiliyoupin;
10:11:59 set names utf8;
10:11:59 select * from configs
10:11:59 select * from admin_menu
10:11:59 select * from users where id=3
10:12:00 use meiliyoupin;
10:12:00 set names utf8;
10:12:00 select * from configs
10:12:00 select * from admin_menu
10:12:00 select * from users where id=3
10:12:08 use meiliyoupin;
10:12:08 set names utf8;
10:12:08 select * from configs
10:12:08 select * from admin_menu
10:12:08 select * from users where id=3
10:12:21 use meiliyoupin;
10:12:21 set names utf8;
10:12:21 select * from configs
10:12:21 select * from admin_menu
10:12:21 select * from users where id=3
10:12:23 use meiliyoupin;
10:12:23 set names utf8;
10:12:23 select * from configs
10:12:23 select * from admin_menu
10:12:23 select * from users where id=3
10:12:30 use meiliyoupin;
10:12:30 set names utf8;
10:12:30 select * from configs
10:12:30 select * from admin_menu
10:12:30 select count(id) from users order by id desc
10:12:30 select * from users order by id desc limit 0,20
10:12:31 use meiliyoupin;
10:12:31 set names utf8;
10:12:31 select * from configs
10:12:31 select * from admin_menu
10:12:31 select * from users where id=3
10:12:44 use meiliyoupin;
10:12:44 set names utf8;
10:12:44 select * from configs
10:12:44 select * from admin_menu
10:12:44 select * from users where id=3
10:18:21 use meiliyoupin;
10:18:21 set names utf8;
10:18:21 select * from configs
10:18:21 select * from admin_menu
10:18:21 select * from users where id=3
10:20:17 use meiliyoupin;
10:20:17 set names utf8;
10:20:17 select * from configs
10:20:17 select * from admin_menu
10:20:17 select * from users where id=3
10:21:15 use meiliyoupin;
10:21:15 set names utf8;
10:21:15 select * from configs
10:21:15 select * from admin_menu
10:21:15 select * from users where id=3
10:21:26 use meiliyoupin;
10:21:26 set names utf8;
10:21:26 select * from configs
10:21:26 select * from admin_menu
10:21:26 select * from users where id=3
10:21:57 use meiliyoupin;
10:21:57 set names utf8;
10:21:57 select * from configs
10:21:57 select * from admin_menu
10:21:57 select * from users where id=3
10:23:35 use meiliyoupin;
10:23:35 set names utf8;
10:23:35 select * from configs
10:23:35 select * from admin_menu
10:23:35 select * from users where id=3
10:23:38 use meiliyoupin;
10:23:38 set names utf8;
10:23:38 select * from configs
10:23:38 select * from admin_menu
10:26:17 use meiliyoupin;
10:26:17 set names utf8;
10:26:17 select * from configs
10:26:17 select * from admin_menu
10:26:17 select * from users where id=3
10:26:34 use meiliyoupin;
10:26:34 set names utf8;
10:26:34 select * from configs
10:26:34 select * from admin_menu
10:26:34 select * from users where id=3
10:28:29 use meiliyoupin;
10:28:29 set names utf8;
10:28:29 select * from configs
10:28:29 select * from admin_menu
10:28:29 select * from users where id=3
10:28:56 use meiliyoupin;
10:28:56 set names utf8;
10:28:56 select * from configs
10:28:56 select * from admin_menu
10:28:56 select * from users where id=3
10:32:31 use meiliyoupin;
10:32:31 set names utf8;
10:32:31 select * from configs
10:32:31 select * from admin_menu
10:32:31 select * from users where id=3
10:33:11 use meiliyoupin;
10:33:11 set names utf8;
10:33:11 select * from configs
10:33:11 select * from admin_menu
10:33:11 select * from users where id=3
10:33:48 use meiliyoupin;
10:33:48 set names utf8;
10:33:48 select * from configs
10:33:48 select * from admin_menu
10:33:48 select * from users where id=3
10:34:15 use meiliyoupin;
10:34:15 set names utf8;
10:34:15 select * from configs
10:34:15 select * from admin_menu
10:34:15 select * from users where id=3
14:21:42 use meiliyoupin;
14:21:42 set names utf8;
14:21:42 select * from configs
14:21:42 use meiliyoupin;
14:21:42 set names utf8;
14:21:42 select * from configs
14:21:42 select * from admin_menu
14:21:47 use meiliyoupin;
14:21:47 set names utf8;
14:21:47 select * from configs
14:21:47 select * from admin_menu
14:21:47 select * from admin where user_name='myadmin' and user_word='691c360156c27261b40c974ec0bf8f4a'
14:21:47 use meiliyoupin;
14:21:47 set names utf8;
14:21:47 select * from configs
14:21:47 select * from admin_menu
14:21:51 use meiliyoupin;
14:21:51 set names utf8;
14:21:51 select * from configs
14:21:51 select * from admin_menu
14:21:51 select count(id) from users order by id desc
14:21:51 select * from users order by id desc limit 0,20
14:21:52 use meiliyoupin;
14:21:52 set names utf8;
14:21:52 select * from configs
14:21:52 select * from admin_menu
14:21:52 select * from users where id=3
14:23:01 use meiliyoupin;
14:23:01 set names utf8;
14:23:01 select * from configs
14:23:01 select * from admin_menu
14:23:01 select * from users where id=3
14:23:01 use meiliyoupin;
14:23:01 set names utf8;
14:23:01 select * from configs
14:23:01 select * from admin_menu
14:23:04 use meiliyoupin;
14:23:04 set names utf8;
14:23:04 select * from configs
14:23:04 select * from admin_menu
14:23:04 select count(id) from user_level
14:23:04 select * from user_level limit 0,20
14:23:05 use meiliyoupin;
14:23:05 set names utf8;
14:23:05 select * from configs
14:23:05 select * from admin_menu
14:23:05 use meiliyoupin;
14:23:05 set names utf8;
14:23:05 select * from configs
14:23:05 select * from admin_menu
14:23:05 select * from user_level
14:23:16 use meiliyoupin;
14:23:16 set names utf8;
14:23:16 select * from configs
14:23:16 select * from admin_menu
14:23:16 select * from users where user_name = 'wangqiqi21'
14:23:16 insert into users (user_name,user_email,user_word,user_level,reg_time) values ('wangqiqi21','123123@123.com','3b4e64148a98281f293d7e8642546751','0','1405491796') ;
14:23:16 use meiliyoupin;
14:23:16 set names utf8;
14:23:16 select * from configs
14:23:16 select * from admin_menu
14:23:20 use meiliyoupin;
14:23:20 set names utf8;
14:23:20 select * from configs
14:23:20 select * from admin_menu
14:23:20 select count(id) from users order by id desc
14:23:20 select * from users order by id desc limit 0,20
14:23:22 use meiliyoupin;
14:23:22 set names utf8;
14:23:22 select * from configs
14:23:22 select * from admin_menu
14:23:22 select * from users where id=1
14:25:25 use meiliyoupin;
14:25:25 set names utf8;
14:25:25 select * from configs
14:25:25 select * from admin_menu
14:35:40 use meiliyoupin;
14:35:40 set names utf8;
14:35:40 select * from configs
14:35:40 select * from admin_menu
14:35:43 use meiliyoupin;
14:35:43 set names utf8;
14:35:43 select * from configs
14:35:43 select * from admin_menu
14:35:43 select count(id) from users order by id desc
14:35:43 select * from users order by id desc limit 0,20
14:35:45 use meiliyoupin;
14:35:45 set names utf8;
14:35:45 select * from configs
14:35:45 select * from admin_menu
14:35:45 select * from users where id=1
16:15:14 use meiliyoupin;
16:15:14 set names utf8;
16:15:14 select * from configs
16:15:14 select * from admin_menu
16:15:14 select * from users where id=1
16:15:15 use meiliyoupin;
16:15:15 set names utf8;
16:15:15 select * from configs
16:15:15 select * from admin_menu
16:15:20 use meiliyoupin;
16:15:20 set names utf8;
16:15:20 select * from configs
16:15:20 select * from admin_menu
16:15:20 select * from users where id=1
16:16:09 use meiliyoupin;
16:16:09 set names utf8;
16:16:09 select * from configs
16:16:09 select * from admin_menu
16:16:09 select * from users where id=1
16:16:09 use meiliyoupin;
16:16:09 set names utf8;
16:16:09 select * from configs
16:16:09 select * from admin_menu
16:16:24 use meiliyoupin;
16:16:24 set names utf8;
16:16:24 select * from configs
16:16:24 select * from admin_menu
16:16:24 select * from users where id=1
16:16:26 use meiliyoupin;
16:16:26 set names utf8;
16:16:26 select * from configs
16:16:26 select * from admin_menu
16:16:26 select * from users where id=1
16:16:26 use meiliyoupin;
16:16:26 set names utf8;
16:16:26 select * from configs
16:16:26 select * from admin_menu
16:16:28 use meiliyoupin;
16:16:28 set names utf8;
16:16:28 select * from configs
16:16:28 select * from admin_menu
16:16:28 select * from users where id=1
16:16:51 use meiliyoupin;
16:16:51 set names utf8;
16:16:51 select * from configs
16:16:51 select * from admin_menu
16:16:51 select * from users where id=1
16:16:51 use meiliyoupin;
16:16:51 set names utf8;
16:16:51 select * from configs
16:16:51 select * from admin_menu
16:18:36 use meiliyoupin;
16:18:36 set names utf8;
16:18:36 select * from configs
16:18:36 select * from admin_menu
16:18:36 select * from users where id=1
16:19:11 use meiliyoupin;
16:19:11 set names utf8;
16:19:11 select * from configs
16:19:11 select * from admin_menu
16:19:11 select * from users where id=1
16:19:11 update users set user_nick='',user_qq='',user_email='123123@123.com',user_money='1',lock_money='2',user_points='3',virtual_money='4',user_level='0',sex='2',birthday='1404144000',referrer_id='0' where id=1
16:19:11 use meiliyoupin;
16:19:11 set names utf8;
16:19:11 select * from configs
16:19:11 select * from admin_menu
16:19:16 use meiliyoupin;
16:19:16 set names utf8;
16:19:16 select * from configs
16:19:16 select * from admin_menu
16:19:16 select count(id) from users order by id desc
16:19:16 select * from users order by id desc limit 0,20
16:19:20 use meiliyoupin;
16:19:20 set names utf8;
16:19:20 select * from configs
16:19:20 select * from admin_menu
16:19:20 select * from users where id=1
16:19:26 use meiliyoupin;
16:19:26 set names utf8;
16:19:26 select * from configs
16:19:26 select * from admin_menu
16:19:26 select * from users where id=1
16:19:27 use meiliyoupin;
16:19:27 set names utf8;
16:19:27 select * from configs
16:19:27 select * from admin_menu
16:19:32 use meiliyoupin;
16:19:32 set names utf8;
16:19:32 select * from configs
16:19:32 select * from admin_menu
16:19:32 select * from users where id=1
16:20:31 use meiliyoupin;
16:20:31 set names utf8;
16:20:31 select * from configs
16:20:31 select * from admin_menu
16:20:31 select * from users where id=1
16:20:32 use meiliyoupin;
16:20:32 set names utf8;
16:20:32 select * from configs
16:20:32 select * from admin_menu
16:20:32 select * from users where id=1
16:20:53 use meiliyoupin;
16:20:53 set names utf8;
16:20:53 select * from configs
16:20:53 select * from admin_menu
16:20:53 select * from users where id=1
16:21:03 use meiliyoupin;
16:21:03 set names utf8;
16:21:03 select * from configs
16:21:03 select * from admin_menu
16:21:03 select * from users where id=1
16:21:04 use meiliyoupin;
16:21:04 set names utf8;
16:21:04 select * from configs
16:21:04 select * from admin_menu
16:21:04 select * from users where id=1
16:22:00 use meiliyoupin;
16:22:00 set names utf8;
16:22:00 select * from configs
16:22:00 select * from admin_menu
16:22:00 select * from users where id=1
16:22:00 use meiliyoupin;
16:22:00 set names utf8;
16:22:00 select * from configs
16:22:00 select * from admin_menu
16:22:02 use meiliyoupin;
16:22:02 set names utf8;
16:22:02 select * from configs
16:22:02 select * from admin_menu
16:22:02 select * from users where id=1
16:22:05 use meiliyoupin;
16:22:05 set names utf8;
16:22:05 select * from configs
16:22:05 select * from admin_menu
16:22:05 select * from users where id=1
16:22:10 use meiliyoupin;
16:22:10 set names utf8;
16:22:10 select * from configs
16:22:10 select * from admin_menu
16:22:10 select * from users where id=1
16:22:10 use meiliyoupin;
16:22:10 set names utf8;
16:22:10 select * from configs
16:22:10 select * from admin_menu
16:22:21 use meiliyoupin;
16:22:21 set names utf8;
16:22:21 select * from configs
16:22:21 select * from admin_menu
16:22:21 select * from users where id=1
16:22:39 use meiliyoupin;
16:22:39 set names utf8;
16:22:39 select * from configs
16:22:39 select * from admin_menu
16:22:39 select * from users where id=1
16:22:43 use meiliyoupin;
16:22:43 set names utf8;
16:22:43 select * from configs
16:22:43 select * from admin_menu
16:22:43 select * from users where id=1
16:22:46 use meiliyoupin;
16:22:46 set names utf8;
16:22:46 select * from configs
16:22:46 select * from admin_menu
16:22:46 select * from users where id=1
16:22:55 use meiliyoupin;
16:22:55 set names utf8;
16:22:55 select * from configs
16:22:55 select * from admin_menu
16:22:55 select * from users where id=1
16:24:13 use meiliyoupin;
16:24:13 set names utf8;
16:24:13 select * from configs
16:24:13 select * from admin_menu
16:24:13 select * from users where id=1
16:24:13 use meiliyoupin;
16:24:13 set names utf8;
16:24:13 select * from configs
16:24:13 select * from admin_menu
16:24:15 use meiliyoupin;
16:24:15 set names utf8;
16:24:15 select * from configs
16:24:15 select * from admin_menu
16:24:15 select * from users where id=1
16:24:21 use meiliyoupin;
16:24:21 set names utf8;
16:24:21 select * from configs
16:24:21 select * from admin_menu
16:24:21 select * from users where id=1
16:24:36 use meiliyoupin;
16:24:36 set names utf8;
16:24:36 select * from configs
16:24:36 select * from admin_menu
16:24:36 select * from users where id=1
16:25:02 use meiliyoupin;
16:25:02 set names utf8;
16:25:02 select * from configs
16:25:02 select * from admin_menu
16:25:02 select * from users where id=1
16:25:07 use meiliyoupin;
16:25:07 set names utf8;
16:25:07 select * from configs
16:25:07 select * from admin_menu
16:25:07 select * from users where id=1
16:25:21 use meiliyoupin;
16:25:21 set names utf8;
16:25:21 select * from configs
16:25:21 select * from admin_menu
16:25:21 select * from users where id=1
16:25:29 use meiliyoupin;
16:25:29 set names utf8;
16:25:29 select * from configs
16:25:29 select * from admin_menu
16:25:29 use meiliyoupin;
16:25:29 set names utf8;
16:25:29 select * from configs
16:25:29 select * from admin_menu
16:25:34 use meiliyoupin;
16:25:34 set names utf8;
16:25:34 select * from configs
16:25:34 select * from admin_menu
16:25:34 select count(id) from users order by id desc
16:25:34 select * from users order by id desc limit 0,20
16:25:35 use meiliyoupin;
16:25:35 set names utf8;
16:25:35 select * from configs
16:25:35 select * from admin_menu
16:25:35 select * from users where id=1
16:25:40 use meiliyoupin;
16:25:40 set names utf8;
16:25:40 select * from configs
16:25:40 select * from admin_menu
16:25:40 select * from users where id=1
16:25:54 use meiliyoupin;
16:25:54 set names utf8;
16:25:54 select * from configs
16:25:54 select * from admin_menu
16:25:54 select * from users where id=1
16:25:58 use meiliyoupin;
16:25:58 set names utf8;
16:25:58 select * from configs
16:25:58 select * from admin_menu
16:25:58 select * from users where id=1
16:25:58 update users set user_nick='',user_qq='',user_email='123123@123.com',user_money='1',lock_money='2',user_points='3',virtual_money='4',user_level='0',sex='1',birthday='1404144000',referrer_id='0' where id=1
16:25:58 use meiliyoupin;
16:25:58 set names utf8;
16:25:58 select * from configs
16:25:58 select * from admin_menu
16:26:00 use meiliyoupin;
16:26:00 set names utf8;
16:26:00 select * from configs
16:26:00 select * from admin_menu
16:26:00 select count(id) from users order by id desc
16:26:00 select * from users order by id desc limit 0,20
16:26:02 use meiliyoupin;
16:26:02 set names utf8;
16:26:02 select * from configs
16:26:02 select * from admin_menu
16:26:02 select * from users where id=1
16:28:41 use meiliyoupin;
16:28:41 set names utf8;
16:28:41 select * from configs
16:28:41 select * from admin_menu
16:28:41 select * from users where id=1
16:29:06 use meiliyoupin;
16:29:06 set names utf8;
16:29:06 select * from configs
16:29:06 select * from admin_menu
16:29:06 select * from users where id=1
16:29:06 update users set user_nick='',user_qq='',user_email='123123@123.com',user_money='1',lock_money='2',user_points='3',virtual_money='4',user_level='0',sex='1',birthday='1404144000',referrer_id='0',user_word='569014d122453c2ecc1fe09ccfc3cd1c' where id=1
16:29:06 use meiliyoupin;
16:29:06 set names utf8;
16:29:06 select * from configs
16:29:06 select * from admin_menu
16:56:12 use meiliyoupin;
16:56:12 set names utf8;
16:56:12 select * from configs
16:56:12 select * from admin_menu
16:56:12 select count(id) from users order by id desc
16:56:12 select * from users order by id desc limit 0,20
16:56:15 use meiliyoupin;
16:56:15 set names utf8;
16:56:15 select * from configs
16:56:15 select * from admin_menu
16:56:15 delete from users where id=1
16:56:15 use meiliyoupin;
16:56:15 set names utf8;
16:56:15 select * from configs
16:56:15 select * from admin_menu
16:56:17 use meiliyoupin;
16:56:17 set names utf8;
16:56:17 select * from configs
16:56:17 select * from admin_menu
16:56:17 select count(id) from users order by id desc
16:56:17 select * from users order by id desc limit 0,20
