09:46:32 use meiliyoupin;
09:51:39 use meiliyoupin;
09:51:39 set names utf8;
09:51:39 select * from configs
09:51:39 use meiliyoupin;
09:51:39 set names utf8;
09:51:39 select * from configs
09:51:39 select * from admin_menu
09:51:45 use meiliyoupin;
09:51:45 set names utf8;
09:51:45 select * from configs
09:51:45 select * from admin_menu
09:51:45 select * from admin where user_name='myadmin' and user_word='691c360156c27261b40c974ec0bf8f4a'
09:51:46 use meiliyoupin;
09:51:46 set names utf8;
09:51:46 select * from configs
09:51:46 select * from admin_menu
09:51:49 use meiliyoupin;
09:51:49 set names utf8;
09:51:49 select * from configs
09:51:49 select * from admin_menu
09:51:49 select * from user_level
10:27:09 use meiliyoupin;
10:27:09 set names utf8;
10:27:09 select * from configs
10:27:09 select * from admin_menu
10:27:09 select * from user_level
10:27:11 use meiliyoupin;
10:27:11 set names utf8;
10:27:11 select * from configs
10:27:11 select * from admin_menu
10:27:11 select count(id) from users order by id desc
10:27:11 select * from users order by id desc limit 0,20
10:27:18 use meiliyoupin;
10:27:18 set names utf8;
10:27:18 select * from configs
10:27:18 select * from admin_menu
10:27:18 select * from user_level
10:27:25 use meiliyoupin;
10:27:25 set names utf8;
10:27:25 select * from configs
10:27:25 select * from admin_menu
10:27:28 use meiliyoupin;
10:27:28 set names utf8;
10:27:28 select * from configs
10:27:28 select * from admin_menu
10:27:28 select * from user_level
10:27:36 use meiliyoupin;
10:27:36 set names utf8;
10:27:36 select * from configs
10:27:36 select * from admin_menu
10:27:36 insert into users (user_name,user_email,user_word,user_level) values ('wangqiqi21','q12313@qq.com','f3fe4ed8d1d8e0a167be2419446f51b6','0') ;
10:27:41 use meiliyoupin;
10:27:41 set names utf8;
10:27:41 select * from configs
10:27:41 select * from admin_menu
10:27:41 select count(id) from users order by id desc
10:27:41 select * from users order by id desc limit 0,20
10:28:33 use meiliyoupin;
10:28:33 set names utf8;
10:28:33 select * from configs
10:28:33 select * from admin_menu
10:28:33 select count(id) from users order by id desc
10:28:33 select * from users order by id desc limit 0,20
10:28:35 use meiliyoupin;
10:28:35 set names utf8;
10:28:35 select * from configs
10:28:35 select * from admin_menu
10:28:35 select * from user_level
10:28:47 use meiliyoupin;
10:28:47 set names utf8;
10:28:47 select * from configs
10:28:47 select * from admin_menu
10:28:47 insert into users (user_name,user_email,user_word,user_level,reg_time) values ('wangqiqi21','123123@123.com','3b4e64148a98281f293d7e8642546751','0','1405391327') ;
10:28:49 use meiliyoupin;
10:28:49 set names utf8;
10:28:49 select * from configs
10:28:49 select * from admin_menu
10:28:49 select count(a.id) from articles as a left join article_type as b on a.type_id=b.id order by a.id desc
10:28:49 select a.*,b.type_name from articles as a left join article_type as b on a.type_id=b.id order by a.id desc limit 0,20
10:28:50 use meiliyoupin;
10:28:50 set names utf8;
10:28:50 select * from configs
10:28:50 select * from admin_menu
10:28:50 select * from article_type
10:28:54 use meiliyoupin;
10:28:54 set names utf8;
10:28:54 select * from configs
10:28:54 select * from admin_menu
10:28:54 select count(id) from users order by id desc
10:28:54 select * from users order by id desc limit 0,20
10:32:38 use meiliyoupin;
10:32:38 set names utf8;
10:32:38 select * from configs
10:32:38 select * from admin_menu
10:32:38 select * from user_level
10:32:51 use meiliyoupin;
10:32:51 set names utf8;
10:32:51 select * from configs
10:32:51 select * from admin_menu
10:32:51 select * from users where user_name = 'wangqiqi21'
10:32:55 use meiliyoupin;
10:32:55 set names utf8;
10:32:55 select * from configs
10:32:55 select * from admin_menu
10:32:55 select count(id) from users order by id desc
10:32:55 select * from users order by id desc limit 0,20
10:32:57 use meiliyoupin;
10:32:57 set names utf8;
10:32:57 select * from configs
10:32:57 select * from admin_menu
10:32:57 select * from user_level
10:33:09 use meiliyoupin;
10:33:09 set names utf8;
10:33:09 select * from configs
10:33:09 select * from admin_menu
10:33:09 select * from users where user_name = 'wangqiqi22'
10:33:09 insert into users (user_name,user_email,user_word,user_level,reg_time) values ('wangqiqi22','q12313@qq.com','3b4e64148a98281f293d7e8642546751','0','1405391589') ;
10:33:14 use meiliyoupin;
10:33:14 set names utf8;
10:33:14 select * from configs
10:33:14 select * from admin_menu
10:33:14 select count(id) from users order by id desc
10:33:14 select * from users order by id desc limit 0,20
10:35:59 use meiliyoupin;
10:35:59 set names utf8;
10:35:59 select * from configs
10:35:59 select * from admin_menu
10:35:59 select count(id) from user_level
10:35:59 select * from user_level limit 0,20
10:36:01 use meiliyoupin;
10:36:01 set names utf8;
10:36:01 select * from configs
10:36:01 select * from admin_menu
10:36:04 use meiliyoupin;
10:36:04 set names utf8;
10:36:04 select * from configs
10:36:04 select * from admin_menu
10:36:04 insert into user_level (level_name,need_points,discount) values ('普通会员2','10000','100') ;
10:36:07 use meiliyoupin;
10:36:07 set names utf8;
10:36:07 select * from configs
10:36:07 select * from admin_menu
10:36:07 select count(id) from user_level
10:36:07 select * from user_level limit 0,20
10:36:09 use meiliyoupin;
10:36:09 set names utf8;
10:36:09 select * from configs
10:36:09 select * from admin_menu
10:36:09 select * from user_level where id=1
10:36:13 use meiliyoupin;
10:36:13 set names utf8;
10:36:13 select * from configs
10:36:13 select * from admin_menu
10:36:13 update user_level set level_name='普通会员',need_points='10000',discount='100' where id=1
10:36:14 use meiliyoupin;
10:36:14 set names utf8;
10:36:14 select * from configs
10:36:14 select * from admin_menu
10:36:14 select * from user_level where id=1
10:36:15 use meiliyoupin;
10:36:15 set names utf8;
10:36:15 select * from configs
10:36:15 select * from admin_menu
10:36:15 select count(id) from user_level
10:36:15 select * from user_level limit 0,20
10:36:21 use meiliyoupin;
10:36:21 set names utf8;
10:36:21 select * from configs
10:36:21 select * from admin_menu
10:36:21 select count(id) from user_level
10:36:21 select * from user_level limit 0,20
10:53:38 use meiliyoupin;
10:53:38 set names utf8;
10:53:38 select * from configs
10:53:38 select * from admin_menu
10:53:38 select * from focus_picture order by pic_index desc
10:53:46 use meiliyoupin;
10:53:46 set names utf8;
10:53:46 select * from configs
10:53:46 select * from admin_menu
10:53:46 select count(id) from user_level
10:53:46 select * from user_level limit 0,20
10:53:47 use meiliyoupin;
10:53:47 set names utf8;
10:53:47 select * from configs
10:53:47 select * from admin_menu
10:53:53 use meiliyoupin;
10:53:53 set names utf8;
10:53:53 select * from configs
10:53:53 select * from admin_menu
10:53:53 insert into user_level (level_name,need_points,discount) values ('高级会员','10000','100') ;
10:54:09 use meiliyoupin;
10:54:09 set names utf8;
10:54:09 select * from configs
10:54:09 select * from admin_menu
10:54:11 use meiliyoupin;
10:54:11 set names utf8;
10:54:11 select * from configs
10:54:11 select * from admin_menu
10:54:11 insert into user_level (level_name,need_points,discount) values ('高级会员2','10000','100') ;
10:54:11 use meiliyoupin;
10:54:11 set names utf8;
10:54:11 select * from configs
10:54:11 select * from admin_menu
10:54:14 use meiliyoupin;
10:54:14 set names utf8;
10:54:14 select * from configs
10:54:14 select * from admin_menu
10:54:15 use meiliyoupin;
10:54:15 set names utf8;
10:54:15 select * from configs
10:54:15 select * from admin_menu
10:54:15 select count(id) from user_level
10:54:15 select * from user_level limit 0,20
10:54:16 use meiliyoupin;
10:54:16 set names utf8;
10:54:16 select * from configs
10:54:16 select * from admin_menu
10:54:16 select * from focus_picture order by pic_index desc
10:54:18 use meiliyoupin;
10:54:18 set names utf8;
10:54:18 select * from configs
10:54:18 select * from admin_menu
10:54:18 select count(id) from user_level
10:54:18 select * from user_level limit 0,20
10:54:19 use meiliyoupin;
10:54:19 set names utf8;
10:54:19 select * from configs
10:54:19 select * from admin_menu
10:54:19 select * from focus_picture order by pic_index desc
10:54:19 use meiliyoupin;
10:54:19 set names utf8;
10:54:19 select * from configs
10:54:19 select * from admin_menu
10:54:19 select count(id) from user_level
10:54:19 select * from user_level limit 0,20
10:55:36 use meiliyoupin;
10:55:36 set names utf8;
10:55:36 select * from configs
10:55:36 select * from admin_menu
10:55:36 select count(id) from user_level
10:55:36 select * from user_level limit 0,20
10:55:37 use meiliyoupin;
10:55:37 set names utf8;
10:55:37 select * from configs
10:55:37 select * from admin_menu
10:55:37 select * from focus_picture order by pic_index desc
10:55:37 use meiliyoupin;
10:55:37 set names utf8;
10:55:37 select * from configs
10:55:37 select * from admin_menu
10:55:37 select count(id) from user_level
10:55:37 select * from user_level limit 0,20
10:55:37 use meiliyoupin;
10:55:37 set names utf8;
10:55:37 select * from configs
10:55:37 select * from admin_menu
10:57:43 use meiliyoupin;
10:57:43 set names utf8;
10:57:43 select * from configs
10:57:43 select * from admin_menu
10:57:54 use meiliyoupin;
10:57:54 set names utf8;
10:57:54 select * from configs
10:57:54 select * from admin_menu
11:01:22 use meiliyoupin;
11:01:22 set names utf8;
11:01:22 select * from configs
11:01:22 select * from admin_menu
11:01:22 select * from article_type
11:01:23 use meiliyoupin;
11:01:23 set names utf8;
11:01:23 select * from configs
11:01:23 select * from admin_menu
11:01:23 select count(a.id) from articles as a left join article_type as b on a.type_id=b.id order by a.id desc
11:01:23 select a.*,b.type_name from articles as a left join article_type as b on a.type_id=b.id order by a.id desc limit 0,20
11:01:23 use meiliyoupin;
11:01:23 set names utf8;
11:01:23 select * from configs
11:01:23 select * from admin_menu
11:01:23 select * from article_type
11:01:24 use meiliyoupin;
11:01:24 set names utf8;
11:01:24 select * from configs
11:01:24 select * from admin_menu
11:01:24 select * from article_type
11:01:24 use meiliyoupin;
11:01:24 set names utf8;
11:01:24 select * from configs
11:01:24 select * from admin_menu
11:01:26 use meiliyoupin;
11:01:26 set names utf8;
11:01:26 select * from configs
11:01:26 select * from admin_menu
11:01:26 select * from user_level
11:01:26 use meiliyoupin;
11:01:26 set names utf8;
11:01:26 select * from configs
11:01:26 select * from admin_menu
11:01:26 select count(id) from users order by id desc
11:01:26 select * from users order by id desc limit 0,20
11:01:27 use meiliyoupin;
11:01:27 set names utf8;
11:01:27 select * from configs
11:01:27 select * from admin_menu
11:01:27 select * from user_level
11:01:27 use meiliyoupin;
11:01:27 set names utf8;
11:01:27 select * from configs
11:01:27 select * from admin_menu
11:01:27 select count(id) from user_level
11:01:27 select * from user_level limit 0,20
11:01:27 use meiliyoupin;
11:01:27 set names utf8;
11:01:27 select * from configs
11:01:27 select * from admin_menu
11:01:30 use meiliyoupin;
11:01:30 set names utf8;
11:01:30 select * from configs
11:01:30 select * from admin_menu
11:01:31 use meiliyoupin;
11:01:31 set names utf8;
11:01:31 select * from configs
11:01:31 select * from admin_menu
11:01:31 use meiliyoupin;
11:01:31 set names utf8;
11:01:31 select * from configs
11:01:31 select * from admin_menu
11:01:33 use meiliyoupin;
11:01:33 set names utf8;
11:01:33 select * from configs
11:01:33 select * from admin_menu
11:01:33 select count(a.id) from articles as a left join article_type as b on a.type_id=b.id order by a.id desc
11:01:33 select a.*,b.type_name from articles as a left join article_type as b on a.type_id=b.id order by a.id desc limit 0,20
11:01:33 use meiliyoupin;
11:01:33 set names utf8;
11:01:33 select * from configs
11:01:33 select * from admin_menu
11:01:33 select * from article_type
11:01:34 use meiliyoupin;
11:01:34 set names utf8;
11:01:34 select * from configs
11:01:34 select * from admin_menu
11:01:34 select * from article_type
11:01:34 use meiliyoupin;
11:01:34 set names utf8;
11:01:34 select * from configs
11:01:34 select * from admin_menu
11:01:35 use meiliyoupin;
11:01:35 set names utf8;
11:01:35 select * from configs
11:01:35 select * from admin_menu
11:01:36 use meiliyoupin;
11:01:36 set names utf8;
11:01:36 select * from configs
11:01:36 select * from admin_menu
11:01:36 use meiliyoupin;
11:01:36 set names utf8;
11:01:36 select * from configs
11:01:36 select * from admin_menu
11:01:37 use meiliyoupin;
11:01:37 set names utf8;
11:01:37 select * from configs
11:01:37 select * from admin_menu
11:01:38 use meiliyoupin;
11:01:38 set names utf8;
11:01:38 select * from configs
11:01:38 select * from admin_menu
11:01:38 select count(id) from goods where is_delete=0 order by add_time desc
11:01:38 select * from goods where is_delete=0 order by add_time desc limit 0,20
11:01:39 use meiliyoupin;
11:01:39 set names utf8;
11:01:39 select * from configs
11:01:39 select * from admin_menu
11:01:39 select * from goods_type
11:01:39 use meiliyoupin;
11:01:39 set names utf8;
11:01:39 select * from configs
11:01:39 select * from admin_menu
11:01:39 select * from goods_type
11:01:39 select count(id) from goods
11:01:40 use meiliyoupin;
11:01:40 set names utf8;
11:01:40 select * from configs
11:01:40 select * from admin_menu
11:01:40 select count(id) from goods where is_delete=0 order by add_time desc
11:01:40 select * from goods where is_delete=0 order by add_time desc limit 0,20
11:01:40 use meiliyoupin;
11:01:40 set names utf8;
11:01:40 select * from configs
11:01:40 select * from admin_menu
11:01:40 select * from goods_type
11:01:40 select count(id) from goods
11:01:41 use meiliyoupin;
11:01:41 set names utf8;
11:01:41 select * from configs
11:01:41 select * from admin_menu
11:01:41 select * from goods_type
11:01:41 use meiliyoupin;
11:01:42 set names utf8;
11:01:42 select * from configs
11:01:42 select * from admin_menu
11:01:42 select * from goods_type
11:01:42 use meiliyoupin;
11:01:42 set names utf8;
11:01:42 select * from configs
11:01:42 select * from admin_menu
11:01:42 select count(id) from goods where is_delete=1 order by add_time desc
11:01:42 select * from goods where is_delete=1 order by add_time desc limit 0,20
11:01:44 use meiliyoupin;
11:01:44 set names utf8;
11:01:44 select * from configs
11:01:44 select * from admin_menu
11:01:45 use meiliyoupin;
11:01:45 set names utf8;
11:01:45 select * from configs
11:01:45 select * from admin_menu
11:01:45 use meiliyoupin;
11:01:45 set names utf8;
11:01:45 select * from configs
11:01:45 select * from admin_menu
11:01:46 use meiliyoupin;
11:01:46 set names utf8;
11:01:46 select * from configs
11:01:46 select * from admin_menu
11:01:46 select * from nav order by z_index desc
11:01:47 use meiliyoupin;
11:01:47 set names utf8;
11:01:47 select * from configs
11:01:47 select * from admin_menu
11:01:47 select * from focus_picture order by pic_index desc
11:01:48 use meiliyoupin;
11:01:48 set names utf8;
11:01:48 select * from configs
11:01:48 select * from admin_menu
11:01:48 select * from nav order by z_index desc
11:01:48 use meiliyoupin;
11:01:48 set names utf8;
11:01:48 select * from configs
11:01:48 select * from admin_menu
11:01:49 use meiliyoupin;
11:01:49 set names utf8;
11:01:49 select * from configs
11:01:49 select * from admin_menu
11:01:49 select * from nav order by z_index desc
11:01:50 use meiliyoupin;
11:01:50 set names utf8;
11:01:50 select * from configs
11:01:50 select * from admin_menu
11:01:50 select * from focus_picture order by pic_index desc
11:01:50 use meiliyoupin;
11:01:50 set names utf8;
11:01:50 select * from configs
11:01:50 select * from admin_menu
11:01:50 select * from nav order by z_index desc
11:01:51 use meiliyoupin;
11:01:51 set names utf8;
11:01:51 select * from configs
11:01:51 select * from admin_menu
11:01:51 select * from nav order by z_index desc
11:01:52 use meiliyoupin;
11:01:52 set names utf8;
11:01:52 select * from configs
11:01:52 select * from admin_menu
11:01:52 select * from focus_picture order by pic_index desc
11:01:52 use meiliyoupin;
11:01:52 set names utf8;
11:01:52 select * from configs
11:01:52 select * from admin_menu
11:01:52 select * from nav order by z_index desc
11:01:53 use meiliyoupin;
11:01:53 set names utf8;
11:01:53 select * from configs
11:01:53 select * from admin_menu
11:01:53 use meiliyoupin;
11:01:53 set names utf8;
11:01:53 select * from configs
11:01:53 select * from admin_menu
11:01:53 use meiliyoupin;
11:01:53 set names utf8;
11:01:53 select * from configs
11:01:53 select * from admin_menu
11:01:54 use meiliyoupin;
11:01:54 set names utf8;
11:01:54 select * from configs
11:01:54 select * from admin_menu
11:01:54 select * from nav order by z_index desc
11:01:54 use meiliyoupin;
11:01:54 set names utf8;
11:01:54 select * from configs
11:01:54 select * from admin_menu
11:01:54 select * from focus_picture order by pic_index desc
11:01:57 use meiliyoupin;
11:01:57 set names utf8;
11:01:57 select * from configs
11:01:57 select * from admin_menu
11:01:57 select count(a.id) from articles as a left join article_type as b on a.type_id=b.id order by a.id desc
11:01:57 select a.*,b.type_name from articles as a left join article_type as b on a.type_id=b.id order by a.id desc limit 0,20
11:01:57 use meiliyoupin;
11:01:57 set names utf8;
11:01:57 select * from configs
11:01:57 select * from admin_menu
11:01:57 select * from article_type
11:01:58 use meiliyoupin;
11:01:58 set names utf8;
11:01:58 select * from configs
11:01:58 select * from admin_menu
11:01:58 select * from article_type
11:01:58 use meiliyoupin;
11:01:58 set names utf8;
11:01:58 select * from configs
11:01:58 select * from admin_menu
11:02:02 use meiliyoupin;
11:02:02 set names utf8;
11:02:02 select * from configs
11:02:02 select * from admin_menu
11:02:02 use meiliyoupin;
11:02:02 set names utf8;
11:02:02 select * from configs
11:02:02 select * from admin_menu
11:02:02 use meiliyoupin;
11:02:02 set names utf8;
11:02:02 select * from configs
11:02:02 select * from admin_menu
11:02:02 select * from nav order by z_index desc
11:02:03 use meiliyoupin;
11:02:03 set names utf8;
11:02:03 select * from configs
11:02:03 select * from admin_menu
11:02:03 select * from focus_picture order by pic_index desc
11:12:31 use meiliyoupin;
11:12:31 set names utf8;
11:12:31 select * from configs
11:12:31 use meiliyoupin;
11:12:31 set names utf8;
11:12:31 select * from configs
11:12:31 select * from admin_menu
11:12:35 use meiliyoupin;
11:12:35 set names utf8;
11:12:35 select * from configs
11:12:35 select * from admin_menu
11:12:35 select * from admin where user_name='myadmin' and user_word='691c360156c27261b40c974ec0bf8f4a'
11:12:35 use meiliyoupin;
11:12:35 set names utf8;
11:12:35 select * from configs
11:12:35 select * from admin_menu
11:12:37 use meiliyoupin;
11:12:37 set names utf8;
11:12:37 select * from configs
11:12:37 select * from admin_menu
11:12:37 select * from article_type
11:12:39 use meiliyoupin;
11:12:39 set names utf8;
11:12:39 select * from configs
11:12:39 select * from admin_menu
11:12:39 select count(id) from users order by id desc
11:12:39 select * from users order by id desc limit 0,20
15:47:31 use meiliyoupin;
15:47:31 set names utf8;
15:47:32 select * from configs
15:47:32 use meiliyoupin;
15:47:32 set names utf8;
15:47:32 select * from configs
15:47:32 select * from admin_menu
15:47:46 use meiliyoupin;
15:47:46 set names utf8;
15:47:46 select * from configs
15:47:46 select * from admin_menu
15:47:47 use meiliyoupin;
15:47:47 set names utf8;
15:47:47 select * from configs
15:47:47 select * from admin_menu
15:47:48 use meiliyoupin;
15:47:48 set names utf8;
15:47:48 select * from configs
15:47:48 select * from admin_menu
15:47:49 use meiliyoupin;
15:47:49 set names utf8;
15:47:49 select * from configs
15:47:49 select * from admin_menu
15:47:50 use meiliyoupin;
15:47:50 set names utf8;
15:47:50 select * from configs
15:47:50 select * from admin_menu
15:47:50 use meiliyoupin;
15:47:50 set names utf8;
15:47:50 select * from configs
15:47:50 select * from admin_menu
15:47:51 use meiliyoupin;
15:47:51 set names utf8;
15:47:51 select * from configs
15:47:51 select * from admin_menu
15:47:52 use meiliyoupin;
15:47:52 set names utf8;
15:47:52 select * from configs
15:47:52 select * from admin_menu
15:47:52 use meiliyoupin;
15:47:52 set names utf8;
15:47:52 select * from configs
15:47:52 select * from admin_menu
15:47:53 use meiliyoupin;
15:47:53 set names utf8;
15:47:53 select * from configs
15:47:53 select * from admin_menu
15:47:53 use meiliyoupin;
15:47:53 set names utf8;
15:47:53 select * from configs
15:47:53 select * from admin_menu
15:47:53 use meiliyoupin;
15:47:53 set names utf8;
15:47:53 select * from configs
15:47:53 select * from admin_menu
15:47:54 use meiliyoupin;
15:47:54 set names utf8;
15:47:54 select * from configs
15:47:54 select * from admin_menu
15:47:54 use meiliyoupin;
15:47:54 set names utf8;
15:47:54 select * from configs
15:47:54 select * from admin_menu
15:47:55 use meiliyoupin;
15:47:55 set names utf8;
15:47:55 select * from configs
15:47:55 select * from admin_menu
