10:40:58 use company;
10:40:58 set names utf8;
10:40:58 select * from configs
10:40:58 use company;
10:40:58 set names utf8;
10:40:58 select * from configs
10:41:03 use company;
10:41:03 set names utf8;
10:41:03 select * from configs
10:41:03 select * from admin where user_name='myadmin' and user_word='691c360156c27261b40c974ec0bf8f4a'
10:41:03 use company;
10:41:03 set names utf8;
10:41:03 select * from configs
10:41:05 use company;
10:41:05 set names utf8;
10:41:05 select * from configs
10:41:06 select count(a.id) from articles as a left join article_type as b on a.type_id=b.id order by a.id desc
10:41:06 select a.*,b.type_name from articles as a left join article_type as b on a.type_id=b.id order by a.id desc limit 0,20
10:41:09 use company;
10:41:09 set names utf8;
10:41:09 select * from configs
