08:59:25 use company;
08:59:25 set names utf8;
08:59:25 select * from configs
08:59:25 use company;
08:59:25 set names utf8;
08:59:25 select * from configs
08:59:25 select * from admin_menu
08:59:27 use company;
08:59:27 set names utf8;
08:59:27 select * from configs
08:59:27 select * from admin_menu
09:04:50 use company;
09:04:50 set names utf8;
09:04:50 select * from configs
09:04:50 select * from admin_menu
09:12:06 use company;
09:12:06 set names utf8;
09:12:06 select * from configs
09:12:06 select * from admin_menu
09:13:14 use company;
09:13:14 set names utf8;
09:13:14 select * from configs
09:13:14 select * from admin_menu
09:13:20 use company;
09:13:20 set names utf8;
09:13:20 select * from configs
09:13:20 select * from admin_menu
09:13:56 use company;
09:13:56 set names utf8;
09:13:56 select * from configs
09:13:56 select * from admin_menu
09:13:56 use company;
09:13:56 set names utf8;
09:13:56 select * from configs
09:13:56 select * from admin_menu
09:14:44 use company;
09:14:44 set names utf8;
09:14:44 select * from configs
09:14:44 select * from admin_menu
09:15:18 use company;
09:15:18 set names utf8;
09:15:18 select * from configs
09:15:18 select * from admin_menu
09:15:57 use company;
09:15:57 set names utf8;
09:15:57 select * from configs
09:15:57 select * from admin_menu
09:16:25 use company;
09:16:25 set names utf8;
09:16:25 select * from configs
09:16:25 select * from admin_menu
09:17:03 use company;
09:17:03 set names utf8;
09:17:03 select * from configs
09:17:03 select * from admin_menu
09:17:32 use company;
09:17:32 set names utf8;
09:17:32 select * from configs
09:17:32 select * from admin_menu
09:19:13 use company;
09:19:13 set names utf8;
09:19:13 select * from configs
09:19:13 select * from admin_menu
09:19:59 use company;
09:19:59 set names utf8;
09:19:59 select * from configs
09:19:59 select * from admin_menu
09:20:09 use company;
09:20:09 set names utf8;
09:20:09 select * from configs
09:20:09 select * from admin_menu
09:21:06 use company;
09:21:06 set names utf8;
09:21:06 select * from configs
09:21:06 select * from admin_menu
09:33:04 use company;
09:33:04 set names utf8;
09:33:04 select * from configs
09:33:04 select * from admin_menu
09:33:18 use company;
09:33:18 set names utf8;
09:33:18 select * from configs
09:33:18 select * from admin_menu
09:35:15 use company;
09:35:15 set names utf8;
09:35:15 select * from configs
09:35:15 select * from admin_menu
09:35:38 use company;
09:35:38 set names utf8;
09:35:38 select * from configs
09:35:38 select * from admin_menu
09:46:15 use company;
09:46:15 set names utf8;
09:46:15 select * from configs
09:46:15 select * from admin_menu
09:50:13 use company;
09:50:13 set names utf8;
09:50:13 select * from configs
09:50:13 use company;
09:50:13 set names utf8;
09:50:13 select * from configs
09:50:13 select * from admin_menu
09:50:26 use company;
09:50:26 set names utf8;
09:50:26 select * from configs
09:50:26 select * from admin_menu
09:50:30 use company;
09:50:30 set names utf8;
09:50:30 select * from configs
09:50:30 select * from admin_menu
09:50:30 select * from admin where user_name='myadmin' and user_word='691c360156c27261b40c974ec0bf8f4a'
09:50:31 use company;
09:50:31 set names utf8;
09:50:31 select * from configs
09:50:31 select * from admin_menu
09:51:24 use company;
09:51:24 set names utf8;
09:51:24 select * from configs
09:51:24 select * from admin_menu
09:51:45 use company;
09:51:45 set names utf8;
09:51:45 select * from configs
09:51:45 select * from admin_menu
09:51:48 use company;
09:51:48 set names utf8;
09:51:48 select * from configs
09:51:48 select * from admin_menu
09:51:48 select * from focus_picture order by pic_index desc
09:52:12 use company;
09:52:12 set names utf8;
09:52:12 select * from configs
09:52:12 select * from admin_menu
09:52:12 select * from focus_picture order by pic_index desc
09:56:10 use company;
09:56:10 set names utf8;
09:56:10 select * from configs
09:56:10 select * from admin_menu
09:56:10 select * from focus_picture order by pic_index desc
09:57:01 use company;
09:57:01 set names utf8;
09:57:01 select * from configs
09:57:01 select * from admin_menu
09:57:01 select * from focus_picture order by pic_index desc
09:57:23 use company;
09:57:23 set names utf8;
09:57:23 select * from configs
09:57:23 select * from admin_menu
09:57:23 select * from focus_picture order by pic_index desc
09:57:31 use company;
09:57:31 set names utf8;
09:57:31 select * from configs
09:57:31 select * from admin_menu
09:57:31 select * from focus_picture order by pic_index desc
09:57:37 use company;
09:57:37 set names utf8;
09:57:37 select * from configs
09:57:37 select * from admin_menu
09:57:37 select * from focus_picture order by pic_index desc
09:58:22 use company;
09:58:22 set names utf8;
09:58:22 select * from configs
09:58:22 select * from admin_menu
09:58:23 select * from nav order by z_index desc
09:58:26 use company;
09:58:26 set names utf8;
09:58:26 select * from configs
09:58:26 select * from admin_menu
09:58:26 update nav set is_blank=0 where id=2
09:58:27 use company;
09:58:27 set names utf8;
09:58:27 select * from configs
09:58:27 select * from admin_menu
09:58:27 update nav set is_blank=1 where id=2
09:58:28 use company;
09:58:28 set names utf8;
09:58:28 select * from configs
09:58:28 select * from admin_menu
09:58:28 update nav set is_blank=0 where id=2
09:58:30 use company;
09:58:30 set names utf8;
09:58:30 select * from configs
09:58:30 select * from admin_menu
09:58:30 select * from nav order by z_index desc
09:58:37 use company;
09:58:37 set names utf8;
09:58:37 select * from configs
09:58:37 select * from admin_menu
09:58:37 select * from product_type
15:23:56 use company;
15:23:56 set names utf8;
15:23:56 select * from configs
15:23:57 use company;
15:23:57 set names utf8;
15:23:57 select * from configs
15:23:57 select * from admin_menu
15:23:59 use company;
15:23:59 set names utf8;
15:23:59 select * from configs
15:23:59 select * from admin_menu
15:33:17 use company;
15:33:17 set names utf8;
15:33:17 select * from configs
15:33:17 select * from admin_menu
15:33:21 use company;
15:33:21 set names utf8;
15:33:21 select * from configs
15:33:21 select * from admin_menu
15:33:22 select * from admin where user_name='myadmin' and user_word='691c360156c27261b40c974ec0bf8f4a'
15:33:22 use company;
15:33:22 set names utf8;
15:33:22 select * from configs
15:33:22 select * from admin_menu
15:35:29 use company;
15:35:29 set names utf8;
15:35:29 select * from configs
15:35:29 select * from admin_menu
15:35:52 use company;
15:35:52 set names utf8;
15:35:52 select * from configs
15:35:52 select * from admin_menu
15:35:56 use company;
15:35:56 set names utf8;
15:35:56 select * from configs
15:35:56 select * from admin_menu
15:35:56 select * from nav order by z_index desc
15:35:58 use company;
15:35:58 set names utf8;
15:35:58 select * from configs
15:35:58 select * from admin_menu
15:35:58 select * from focus_picture order by pic_index desc
15:37:40 use company;
15:37:40 set names utf8;
15:37:40 select * from configs
15:37:40 select * from admin_menu
15:37:40 select * from focus_picture order by pic_index desc
15:37:46 use company;
15:37:46 set names utf8;
15:37:46 select * from configs
15:37:46 select * from admin_menu
15:37:46 select * from nav order by z_index desc
15:37:52 use company;
15:37:52 set names utf8;
15:37:52 select * from configs
15:37:52 select * from admin_menu
15:37:53 use company;
15:37:53 set names utf8;
15:37:53 select * from configs
15:37:53 select * from admin_menu
15:37:53 select * from nav order by z_index desc
15:37:57 use company;
15:37:57 set names utf8;
15:37:57 select * from configs
15:37:57 select * from admin_menu
15:37:57 select * from focus_picture order by pic_index desc
15:38:00 use company;
15:38:00 set names utf8;
15:38:00 select * from configs
15:38:01 select * from admin_menu
15:38:01 select * from article_type
15:38:05 use company;
15:38:05 set names utf8;
15:38:05 select * from configs
15:38:05 select * from admin_menu
15:38:05 select * from article_type
15:38:06 use company;
15:38:06 set names utf8;
15:38:06 select * from configs
15:38:06 select * from admin_menu
15:38:06 select * from article_type
15:38:08 use company;
15:38:08 set names utf8;
15:38:08 select * from configs
15:38:08 select * from admin_menu
15:38:08 select count(a.id) from articles as a left join article_type as b on a.type_id=b.id order by a.id desc
15:38:08 select a.*,b.type_name from articles as a left join article_type as b on a.type_id=b.id order by a.id desc limit 0,20
15:38:09 use company;
15:38:09 set names utf8;
15:38:09 select * from configs
15:38:09 select * from admin_menu
15:38:13 use company;
15:38:13 set names utf8;
15:38:13 select * from configs
15:38:13 select * from admin_menu
15:38:16 use company;
15:38:16 set names utf8;
15:38:16 select * from configs
15:38:16 select * from admin_menu
15:38:16 select * from nav order by z_index desc
15:40:04 use company;
15:40:04 set names utf8;
15:40:04 select * from configs
15:40:04 select * from admin_menu
15:40:04 select * from nav order by z_index desc
15:40:05 use company;
15:40:05 set names utf8;
15:40:05 select * from configs
15:40:05 select * from admin_menu
15:40:06 use company;
15:40:06 set names utf8;
15:40:06 select * from configs
15:40:06 select * from admin_menu
15:40:06 select * from nav order by z_index desc
15:40:07 use company;
15:40:07 set names utf8;
15:40:07 select * from configs
15:40:07 select * from admin_menu
15:40:07 select * from focus_picture order by pic_index desc
15:40:09 use company;
15:40:09 set names utf8;
15:40:09 select * from configs
15:40:09 select * from admin_menu
15:40:09 select * from article_type
15:40:10 use company;
15:40:10 set names utf8;
15:40:10 select * from configs
15:40:10 select * from admin_menu
15:40:10 select * from article_type
15:40:11 use company;
15:40:11 set names utf8;
15:40:11 select * from configs
15:40:11 select * from admin_menu
15:40:11 select * from article_type
15:40:12 use company;
15:40:12 set names utf8;
15:40:12 select * from configs
15:40:12 select * from admin_menu
15:40:12 select * from article_type
15:40:13 use company;
15:40:13 set names utf8;
15:40:13 select * from configs
15:40:13 select * from admin_menu
15:40:13 select * from article_type
15:40:14 use company;
15:40:14 set names utf8;
15:40:14 select * from configs
15:40:14 select * from admin_menu
15:40:17 use company;
15:40:17 set names utf8;
15:40:17 select * from configs
15:40:17 select * from admin_menu
15:40:17 select * from product_type
15:40:18 use company;
15:40:18 set names utf8;
15:40:18 select * from configs
15:40:18 select * from admin_menu
15:40:18 select count(a.id) from product as a left join product_type as b on a.type_id=b.id order by a.id desc
15:40:18 select a.*,b.type_name from product as a left join product_type as b on a.type_id=b.id order by a.id desc limit 0,20
15:40:19 use company;
15:40:19 set names utf8;
15:40:19 select * from configs
15:40:19 select * from admin_menu
15:40:19 select * from product_type
15:40:19 use company;
15:40:19 set names utf8;
15:40:19 select * from configs
15:40:19 select * from admin_menu
15:40:19 select * from product_type
15:40:20 use company;
15:40:20 set names utf8;
15:40:20 select * from configs
15:40:20 select * from admin_menu
15:40:21 use company;
15:40:21 set names utf8;
15:40:21 select * from configs
15:40:21 select * from admin_menu
15:40:21 select * from product_type
15:40:22 use company;
15:40:22 set names utf8;
15:40:22 select * from configs
15:40:22 select * from admin_menu
15:40:22 select count(a.id) from product as a left join product_type as b on a.type_id=b.id order by a.id desc
15:40:22 select a.*,b.type_name from product as a left join product_type as b on a.type_id=b.id order by a.id desc limit 0,20
15:40:22 use company;
15:40:22 set names utf8;
15:40:22 select * from configs
15:40:22 select * from admin_menu
15:40:22 select * from product_type
15:40:23 use company;
15:40:23 set names utf8;
15:40:23 select * from configs
15:40:23 select * from admin_menu
15:40:23 select * from product_type
15:40:24 use company;
15:40:24 set names utf8;
15:40:24 select * from configs
15:40:24 select * from admin_menu
15:40:26 use company;
15:40:26 set names utf8;
15:40:26 select * from configs
15:40:26 select * from admin_menu
15:40:26 select * from nav order by z_index desc
15:40:28 use company;
15:40:28 set names utf8;
15:40:28 select * from configs
15:40:28 select * from admin_menu
15:40:28 select * from focus_picture order by pic_index desc
15:40:29 use company;
15:40:29 set names utf8;
15:40:29 select * from configs
15:40:29 select * from admin_menu
15:40:29 select * from nav order by z_index desc
15:40:30 use company;
15:40:30 set names utf8;
15:40:30 select * from configs
15:40:30 select * from admin_menu
15:40:32 use company;
15:40:32 set names utf8;
15:40:32 select * from configs
15:40:32 select * from admin_menu
15:40:32 select count(a.id) from product as a left join product_type as b on a.type_id=b.id order by a.id desc
15:40:32 select a.*,b.type_name from product as a left join product_type as b on a.type_id=b.id order by a.id desc limit 0,20
15:40:33 use company;
15:40:33 set names utf8;
15:40:33 select * from configs
15:40:33 select * from admin_menu
15:40:33 select * from product_type
15:40:33 use company;
15:40:33 set names utf8;
15:40:33 select * from configs
15:40:33 select * from admin_menu
15:40:33 select * from product_type
15:40:34 use company;
15:40:34 set names utf8;
15:40:34 select * from configs
15:40:34 select * from admin_menu
15:40:36 use company;
15:40:36 set names utf8;
15:40:36 select * from configs
15:40:36 select * from admin_menu
15:40:36 select count(a.id) from articles as a left join article_type as b on a.type_id=b.id order by a.id desc
15:40:36 select a.*,b.type_name from articles as a left join article_type as b on a.type_id=b.id order by a.id desc limit 0,20
15:40:37 use company;
15:40:37 set names utf8;
15:40:37 select * from configs
15:40:37 select * from admin_menu
15:40:37 select * from article_type
15:40:38 use company;
15:40:38 set names utf8;
15:40:38 select * from configs
15:40:38 select * from admin_menu
15:40:38 select * from article_type
15:40:39 use company;
15:40:39 set names utf8;
15:40:39 select * from configs
15:40:39 select * from admin_menu
15:40:39 select count(a.id) from articles as a left join article_type as b on a.type_id=b.id order by a.id desc
15:40:39 select a.*,b.type_name from articles as a left join article_type as b on a.type_id=b.id order by a.id desc limit 0,20
15:40:40 use company;
15:40:40 set names utf8;
15:40:40 select * from configs
15:40:40 select * from admin_menu
15:40:40 select * from article_type
15:40:41 use company;
15:40:41 set names utf8;
15:40:41 select * from configs
15:40:41 select * from admin_menu
15:40:41 select * from article_type
15:40:42 use company;
15:40:42 set names utf8;
15:40:42 select * from configs
15:40:42 select * from admin_menu
15:40:42 select count(a.id) from articles as a left join article_type as b on a.type_id=b.id order by a.id desc
15:40:42 select a.*,b.type_name from articles as a left join article_type as b on a.type_id=b.id order by a.id desc limit 0,20
15:40:45 use company;
15:40:45 set names utf8;
15:40:45 select * from configs
15:40:45 select * from admin_menu
15:40:45 select count(a.id) from product as a left join product_type as b on a.type_id=b.id order by a.id desc
15:40:45 select a.*,b.type_name from product as a left join product_type as b on a.type_id=b.id order by a.id desc limit 0,20
15:40:46 use company;
15:40:46 set names utf8;
15:40:46 select * from configs
15:40:46 select * from admin_menu
15:40:46 select * from product where id='2'
15:40:46 select * from product_type
15:41:05 use company;
15:41:05 set names utf8;
15:41:05 select * from configs
15:41:05 select * from admin_menu
15:41:05 select count(a.id) from articles as a left join article_type as b on a.type_id=b.id order by a.id desc
15:41:05 select a.*,b.type_name from articles as a left join article_type as b on a.type_id=b.id order by a.id desc limit 0,20
15:41:06 use company;
15:41:06 set names utf8;
15:41:06 select * from configs
15:41:06 select * from admin_menu
15:41:06 select * from article_type
15:41:07 use company;
15:41:07 set names utf8;
15:41:07 select * from configs
15:41:07 select * from admin_menu
15:41:07 select * from article_type
15:41:08 use company;
15:41:08 set names utf8;
15:41:08 select * from configs
15:41:08 select * from admin_menu
15:41:09 use company;
15:41:09 set names utf8;
15:41:09 select * from configs
15:41:09 select * from admin_menu
15:41:09 select * from article_type
15:41:09 use company;
15:41:09 set names utf8;
15:41:09 select * from configs
15:41:09 select * from admin_menu
15:41:09 select * from article_type
15:41:10 use company;
15:41:10 set names utf8;
15:41:10 select * from configs
15:41:10 select * from admin_menu
15:41:10 select count(a.id) from articles as a left join article_type as b on a.type_id=b.id order by a.id desc
15:41:10 select a.*,b.type_name from articles as a left join article_type as b on a.type_id=b.id order by a.id desc limit 0,20
15:41:11 use company;
15:41:11 set names utf8;
15:41:11 select * from configs
15:41:11 select * from admin_menu
15:41:11 select * from article_type
15:41:12 use company;
15:41:12 set names utf8;
15:41:12 select * from configs
15:41:12 select * from admin_menu
15:41:12 use company;
15:41:12 set names utf8;
15:41:12 select * from configs
15:41:12 select * from admin_menu
15:41:12 select * from article_type
15:41:13 use company;
15:41:13 set names utf8;
15:41:13 select * from configs
15:41:13 select * from admin_menu
15:41:13 select count(a.id) from articles as a left join article_type as b on a.type_id=b.id order by a.id desc
15:41:13 select a.*,b.type_name from articles as a left join article_type as b on a.type_id=b.id order by a.id desc limit 0,20
15:41:15 use company;
15:41:15 set names utf8;
15:41:15 select * from configs
15:41:15 select * from admin_menu
15:41:15 select * from focus_picture order by pic_index desc
15:41:15 use company;
15:41:15 set names utf8;
15:41:15 select * from configs
15:41:15 select * from admin_menu
15:41:15 select * from nav order by z_index desc
15:41:16 use company;
15:41:16 set names utf8;
15:41:16 select * from configs
15:41:16 select * from admin_menu
15:56:33 use company;
15:56:33 set names utf8;
15:56:33 select * from configs
15:56:33 select * from admin_menu
15:56:33 select count(a.id) from product as a left join product_type as b on a.type_id=b.id order by a.id desc
15:56:33 select a.*,b.type_name from product as a left join product_type as b on a.type_id=b.id order by a.id desc limit 0,20
15:56:35 use company;
15:56:35 set names utf8;
15:56:35 select * from configs
15:56:35 select * from admin_menu
15:56:35 select * from product_type
15:56:38 use company;
15:56:38 set names utf8;
15:56:38 select * from configs
15:56:38 select * from admin_menu
15:56:39 use company;
15:56:39 set names utf8;
15:56:39 select * from configs
15:56:39 select * from admin_menu
15:56:39 select count(a.id) from articles as a left join article_type as b on a.type_id=b.id order by a.id desc
15:56:39 select a.*,b.type_name from articles as a left join article_type as b on a.type_id=b.id order by a.id desc limit 0,20
15:56:40 use company;
15:56:40 set names utf8;
15:56:40 select * from configs
15:56:40 select * from admin_menu
15:56:40 select count(a.id) from articles as a left join article_type as b on a.type_id=b.id order by a.id desc
15:56:40 select a.*,b.type_name from articles as a left join article_type as b on a.type_id=b.id order by a.id desc limit 0,20
15:56:40 use company;
15:56:40 set names utf8;
15:56:40 select * from configs
15:56:40 select * from admin_menu
15:56:40 select * from article_type
15:56:41 use company;
15:56:41 set names utf8;
15:56:41 select * from configs
15:56:41 select * from admin_menu
15:56:41 use company;
15:56:41 set names utf8;
15:56:41 select * from configs
15:56:41 select * from admin_menu
15:56:41 select * from article_type
15:56:43 use company;
15:56:43 set names utf8;
15:56:43 select * from configs
15:56:43 select * from admin_menu
15:56:43 select * from focus_picture order by pic_index desc
15:56:44 use company;
15:56:44 set names utf8;
15:56:44 select * from configs
15:56:44 select * from admin_menu
15:56:44 select * from article_type
15:56:46 use company;
15:56:46 set names utf8;
15:56:46 select * from configs
15:56:46 select * from admin_menu
15:56:46 select * from product_type
15:56:46 use company;
15:56:46 set names utf8;
15:56:46 select * from configs
15:56:46 select * from admin_menu
15:56:48 use company;
15:56:48 set names utf8;
15:56:48 select * from configs
15:56:48 select * from admin_menu
15:56:52 use company;
15:56:52 set names utf8;
15:56:52 select * from configs
15:56:52 select * from admin_menu
15:56:52 use company;
15:56:52 set names utf8;
15:56:52 select * from configs
15:56:52 select * from admin_menu
15:56:53 use company;
15:56:53 set names utf8;
15:56:53 select * from configs
15:56:53 select * from admin_menu
16:02:04 use company;
16:02:04 set names utf8;
16:02:04 select * from configs
16:02:04 select * from admin_menu
16:20:12 use company;
16:20:12 set names utf8;
16:20:12 select * from configs
16:20:12 select * from admin_menu
16:20:16 use company;
16:20:16 set names utf8;
16:20:16 select * from configs
16:20:16 select * from admin_menu
16:20:30 use company;
16:20:30 set names utf8;
16:20:30 select * from configs
16:20:30 select * from admin_menu
16:20:39 use company;
16:20:39 set names utf8;
16:20:39 select * from configs
16:20:39 select * from admin_menu
16:20:41 use company;
16:20:41 set names utf8;
16:20:41 select * from configs
16:20:41 select * from admin_menu
16:27:21 use company;
16:27:21 set names utf8;
16:27:21 select * from configs
16:27:21 select * from admin_menu
16:28:07 use company;
16:28:07 set names utf8;
16:28:07 select * from configs
16:28:07 select * from admin_menu
16:28:18 use company;
16:28:18 set names utf8;
16:28:18 select * from configs
16:28:18 select * from admin_menu
16:28:18 use company;
16:28:18 set names utf8;
16:28:18 select * from configs
16:28:18 select * from admin_menu
16:28:18 use company;
16:28:18 set names utf8;
16:28:18 select * from configs
16:28:18 select * from admin_menu
16:28:40 use company;
16:28:40 set names utf8;
16:28:40 select * from configs
16:28:40 select * from admin_menu
16:28:40 use company;
16:28:40 set names utf8;
16:28:40 select * from configs
16:28:40 select * from admin_menu
16:28:59 use company;
16:28:59 set names utf8;
16:28:59 select * from configs
16:28:59 select * from admin_menu
16:29:22 use company;
16:29:22 set names utf8;
16:29:22 select * from configs
16:29:22 select * from admin_menu
16:29:23 use company;
16:29:23 set names utf8;
16:29:23 select * from configs
16:29:23 select * from admin_menu
16:29:54 use company;
16:29:54 set names utf8;
16:29:54 select * from configs
16:29:54 select * from admin_menu
16:29:56 use company;
16:29:56 set names utf8;
16:29:56 select * from configs
16:29:56 select * from admin_menu
16:30:11 use company;
16:30:11 set names utf8;
16:30:11 select * from configs
16:30:11 select * from admin_menu
16:34:15 use company;
16:34:15 set names utf8;
16:34:15 select * from configs
16:34:15 select * from admin_menu
16:35:51 use company;
16:35:51 set names utf8;
16:35:51 select * from configs
16:35:51 select * from admin_menu
16:35:53 use company;
16:35:53 set names utf8;
16:35:53 select * from configs
16:35:53 select * from admin_menu
16:36:54 use company;
16:36:54 set names utf8;
16:36:54 select * from configs
16:36:54 select * from admin_menu
16:36:59 use company;
16:36:59 set names utf8;
16:36:59 select * from configs
16:36:59 select * from admin_menu
16:37:04 use company;
16:37:04 set names utf8;
16:37:04 select * from configs
16:37:04 select * from admin_menu
16:37:06 use company;
16:37:06 set names utf8;
16:37:06 select * from configs
16:37:06 select * from admin_menu
16:37:07 use company;
16:37:07 set names utf8;
16:37:07 select * from configs
16:37:07 select * from admin_menu
16:37:09 use company;
16:37:09 set names utf8;
16:37:09 select * from configs
16:37:09 select * from admin_menu
16:37:09 select count(a.id) from articles as a left join article_type as b on a.type_id=b.id order by a.id desc
16:37:09 select a.*,b.type_name from articles as a left join article_type as b on a.type_id=b.id order by a.id desc limit 0,20
16:37:11 use company;
16:37:11 set names utf8;
16:37:11 select * from configs
16:37:11 select * from admin_menu
16:37:11 select * from article_type
16:37:12 use company;
16:37:12 set names utf8;
16:37:12 select * from configs
16:37:12 select * from admin_menu
16:37:12 select * from article_type
16:37:13 use company;
16:37:13 set names utf8;
16:37:13 select * from configs
16:37:13 select * from admin_menu
16:37:15 use company;
16:37:15 set names utf8;
16:37:15 select * from configs
16:37:15 select * from admin_menu
16:37:15 select count(a.id) from product as a left join product_type as b on a.type_id=b.id order by a.id desc
16:37:15 select a.*,b.type_name from product as a left join product_type as b on a.type_id=b.id order by a.id desc limit 0,20
16:37:16 use company;
16:37:16 set names utf8;
16:37:16 select * from configs
16:37:16 select * from admin_menu
16:37:16 select * from product_type
16:37:18 use company;
16:37:18 set names utf8;
16:37:18 select * from configs
16:37:18 select * from admin_menu
16:37:18 select * from product_type
16:37:19 use company;
16:37:19 set names utf8;
16:37:19 select * from configs
16:37:19 select * from admin_menu
16:37:22 use company;
16:37:22 set names utf8;
16:37:22 select * from configs
16:37:22 select * from admin_menu
16:37:22 select * from nav order by z_index desc
16:37:24 use company;
16:37:24 set names utf8;
16:37:24 select * from configs
16:37:24 select * from admin_menu
16:37:25 use company;
16:37:25 set names utf8;
16:37:25 select * from configs
16:37:25 select * from admin_menu
16:37:25 select * from nav order by z_index desc
16:37:26 use company;
16:37:26 set names utf8;
16:37:26 select * from configs
16:37:26 select * from admin_menu
16:37:26 select * from focus_picture order by pic_index desc
16:37:27 use company;
16:37:27 set names utf8;
16:37:27 select * from configs
16:37:27 select * from admin_menu
16:37:27 select * from nav order by z_index desc
16:37:28 use company;
16:37:28 set names utf8;
16:37:28 select * from configs
16:37:28 select * from admin_menu
16:37:31 use company;
16:37:31 set names utf8;
16:37:31 select * from configs
16:37:31 select * from admin_menu
16:37:31 select * from nav order by z_index desc
16:37:42 use company;
16:37:42 set names utf8;
16:37:42 select * from configs
16:37:42 select * from admin_menu
16:37:44 use company;
16:37:44 set names utf8;
16:37:44 select * from configs
16:37:44 select * from admin_menu
16:37:44 select * from nav order by z_index desc
16:37:46 use company;
16:37:46 set names utf8;
16:37:46 select * from configs
16:37:46 select * from admin_menu
16:37:49 use company;
16:37:49 set names utf8;
16:37:49 select * from configs
16:37:49 select * from admin_menu
16:37:49 select * from focus_picture order by pic_index desc
16:38:01 use company;
16:38:01 set names utf8;
16:38:01 select * from configs
16:38:01 select * from admin_menu
16:38:01 select * from article_type
16:38:04 use company;
16:38:04 set names utf8;
16:38:04 select * from configs
16:38:04 select * from admin_menu
16:38:04 select * from article_type
16:38:06 use company;
16:38:06 set names utf8;
16:38:06 select * from configs
16:38:06 select * from admin_menu
16:38:06 select * from article_type
16:38:07 use company;
16:38:07 set names utf8;
16:38:07 select * from configs
16:38:07 select * from admin_menu
16:38:08 use company;
16:38:08 set names utf8;
16:38:08 select * from configs
16:38:08 select * from admin_menu
16:38:08 select count(a.id) from articles as a left join article_type as b on a.type_id=b.id order by a.id desc
16:38:08 select a.*,b.type_name from articles as a left join article_type as b on a.type_id=b.id order by a.id desc limit 0,20
16:38:10 use company;
16:38:10 set names utf8;
16:38:10 select * from configs
16:38:10 select * from admin_menu
16:38:11 use company;
16:38:11 set names utf8;
16:38:11 select * from configs
16:38:11 select * from admin_menu
16:38:11 select * from nav order by z_index desc
16:38:11 use company;
16:38:11 set names utf8;
16:38:11 select * from configs
16:38:11 select * from admin_menu
16:38:11 select * from focus_picture order by pic_index desc
16:38:12 use company;
16:38:12 set names utf8;
16:38:12 select * from configs
16:38:12 select * from admin_menu
16:38:12 select * from nav order by z_index desc
16:40:01 use company;
16:40:01 set names utf8;
16:40:01 select * from configs
16:40:01 select * from admin_menu
16:40:01 select * from nav order by z_index desc
16:40:03 use company;
16:40:03 set names utf8;
16:40:03 select * from configs
16:40:03 select * from admin_menu
16:40:03 select * from focus_picture order by pic_index desc
16:40:08 use company;
16:40:08 set names utf8;
16:40:08 select * from configs
16:40:08 select * from admin_menu
16:40:08 select count(a.id) from articles as a left join article_type as b on a.type_id=b.id order by a.id desc
16:40:08 select a.*,b.type_name from articles as a left join article_type as b on a.type_id=b.id order by a.id desc limit 0,20
16:40:09 use company;
16:40:09 set names utf8;
16:40:09 select * from configs
16:40:09 select * from admin_menu
16:40:09 select * from article_type
16:40:14 use company;
16:40:14 set names utf8;
16:40:14 select * from configs
16:40:14 select * from admin_menu
16:40:14 insert into articles (type_id,title,content,add_time) values ('3','sdczdd','<p>asdasd</p>
','1401180014') ;
16:40:16 use company;
16:40:16 set names utf8;
16:40:16 select * from configs
16:40:16 select * from admin_menu
16:40:16 select count(a.id) from articles as a left join article_type as b on a.type_id=b.id order by a.id desc
16:40:16 select a.*,b.type_name from articles as a left join article_type as b on a.type_id=b.id order by a.id desc limit 0,20
16:42:07 use company;
16:42:07 set names utf8;
16:42:07 select * from configs
16:42:07 select * from admin_menu
16:42:07 select count(a.id) from articles as a left join article_type as b on a.type_id=b.id order by a.id desc
16:42:07 select a.*,b.type_name from articles as a left join article_type as b on a.type_id=b.id order by a.id desc limit 0,20
16:42:26 use company;
16:42:26 set names utf8;
16:42:26 select * from configs
16:42:26 select * from admin_menu
16:42:26 select count(a.id) from articles as a left join article_type as b on a.type_id=b.id order by a.id desc
16:42:26 select a.*,b.type_name from articles as a left join article_type as b on a.type_id=b.id order by a.id desc limit 0,20
16:42:27 use company;
16:42:27 set names utf8;
16:42:27 select * from configs
16:42:27 select * from admin_menu
16:42:27 select count(a.id) from articles as a left join article_type as b on a.type_id=b.id order by a.id desc
16:42:27 select a.*,b.type_name from articles as a left join article_type as b on a.type_id=b.id order by a.id desc limit 0,20
16:42:29 use company;
16:42:29 set names utf8;
16:42:29 select * from configs
16:42:29 select * from admin_menu
16:42:29 select count(a.id) from articles as a left join article_type as b on a.type_id=b.id order by a.id desc
16:42:29 select a.*,b.type_name from articles as a left join article_type as b on a.type_id=b.id order by a.id desc limit 0,20
16:42:30 use company;
16:42:30 set names utf8;
16:42:30 select * from configs
16:42:30 select * from admin_menu
16:42:30 select * from article_type
16:42:31 use company;
16:42:31 set names utf8;
16:42:31 select * from configs
16:42:31 select * from admin_menu
16:42:31 select * from article_type
16:42:33 use company;
16:42:33 set names utf8;
16:42:33 select * from configs
16:42:33 select * from admin_menu
16:42:33 select * from article_type
16:42:34 use company;
16:42:34 set names utf8;
16:42:34 select * from configs
16:42:34 select * from admin_menu
16:42:34 select * from article_type
16:42:38 use company;
16:42:38 set names utf8;
16:42:38 select * from configs
16:42:38 select * from admin_menu
16:42:38 select * from article_type
16:42:38 use company;
16:42:38 set names utf8;
16:42:38 select * from configs
16:42:38 select * from admin_menu
16:42:38 select * from article_type
16:42:44 use company;
16:42:44 set names utf8;
16:42:44 select * from configs
16:42:44 select * from admin_menu
16:42:45 use company;
16:42:45 set names utf8;
16:42:45 select * from configs
16:42:45 select * from admin_menu
16:42:45 select * from article_type
16:43:16 use company;
16:43:16 set names utf8;
16:43:16 select * from configs
16:43:16 select * from admin_menu
16:43:16 select count(a.id) from articles as a left join article_type as b on a.type_id=b.id order by a.id desc
16:43:16 select a.*,b.type_name from articles as a left join article_type as b on a.type_id=b.id order by a.id desc limit 0,20
16:45:01 use company;
16:45:01 set names utf8;
16:45:01 select * from configs
16:45:01 select * from admin_menu
16:45:01 select count(a.id) from articles as a left join article_type as b on a.type_id=b.id order by a.id desc
16:45:01 select a.*,b.type_name from articles as a left join article_type as b on a.type_id=b.id order by a.id desc limit 0,20
16:45:02 use company;
16:45:02 set names utf8;
16:45:02 select * from configs
16:45:02 select * from admin_menu
16:45:02 select count(a.id) from articles as a left join article_type as b on a.type_id=b.id order by a.id desc
16:45:02 select a.*,b.type_name from articles as a left join article_type as b on a.type_id=b.id order by a.id desc limit 0,20
16:45:13 use company;
16:45:13 set names utf8;
16:45:13 select * from configs
16:45:13 select * from admin_menu
16:45:13 select count(a.id) from articles as a left join article_type as b on a.type_id=b.id order by a.id desc
16:45:13 select a.*,b.type_name from articles as a left join article_type as b on a.type_id=b.id order by a.id desc limit 0,20
16:45:14 use company;
16:45:14 set names utf8;
16:45:14 select * from configs
16:45:14 select * from admin_menu
16:45:14 select * from article_type
16:45:15 use company;
16:45:15 set names utf8;
16:45:15 select * from configs
16:45:15 select * from admin_menu
16:45:15 select * from article_type
16:45:16 use company;
16:45:16 set names utf8;
16:45:16 select * from configs
16:45:16 select * from admin_menu
16:45:17 use company;
16:45:17 set names utf8;
16:45:17 select * from configs
16:45:17 select * from admin_menu
16:45:17 select * from article_type
16:45:18 use company;
16:45:18 set names utf8;
16:45:18 select * from configs
16:45:18 select * from admin_menu
16:45:18 select * from article_type
16:45:19 use company;
16:45:19 set names utf8;
16:45:19 select * from configs
16:45:19 select * from admin_menu
16:45:19 select * from article_type
16:45:20 use company;
16:45:20 set names utf8;
16:45:20 select * from configs
16:45:20 select * from admin_menu
16:45:20 select * from article_type
16:45:25 use company;
16:45:25 set names utf8;
16:45:25 select * from configs
16:45:25 select * from admin_menu
16:45:25 select * from article_type
16:45:25 use company;
16:45:25 set names utf8;
16:45:25 select * from configs
16:45:25 select * from admin_menu
16:45:25 select count(a.id) from articles as a left join article_type as b on a.type_id=b.id order by a.id desc
16:45:25 select a.*,b.type_name from articles as a left join article_type as b on a.type_id=b.id order by a.id desc limit 0,20
16:47:20 use company;
16:47:20 set names utf8;
16:47:20 select * from configs
16:47:20 select * from admin_menu
16:47:20 select count(a.id) from articles as a left join article_type as b on a.type_id=b.id order by a.id desc
16:47:20 select a.*,b.type_name from articles as a left join article_type as b on a.type_id=b.id order by a.id desc limit 0,20
16:47:43 use company;
16:47:43 set names utf8;
16:47:43 select * from configs
16:47:43 select * from admin_menu
16:47:43 select count(a.id) from articles as a left join article_type as b on a.type_id=b.id order by a.id desc
16:47:43 select a.*,b.type_name from articles as a left join article_type as b on a.type_id=b.id order by a.id desc limit 0,20
16:48:47 use company;
16:48:47 set names utf8;
16:48:47 select * from configs
16:48:47 select * from admin_menu
16:48:47 select count(a.id) from articles as a left join article_type as b on a.type_id=b.id order by a.id desc
16:48:47 select a.*,b.type_name from articles as a left join article_type as b on a.type_id=b.id order by a.id desc limit 0,20
16:49:59 use company;
16:49:59 set names utf8;
16:49:59 select * from configs
16:49:59 select * from admin_menu
16:49:59 select count(a.id) from articles as a left join article_type as b on a.type_id=b.id order by a.id desc
16:49:59 select a.*,b.type_name from articles as a left join article_type as b on a.type_id=b.id order by a.id desc limit 0,20
16:50:02 use company;
16:50:02 set names utf8;
16:50:02 select * from configs
16:50:02 select * from admin_menu
16:50:02 select count(a.id) from articles as a left join article_type as b on a.type_id=b.id order by a.id desc
16:50:02 select a.*,b.type_name from articles as a left join article_type as b on a.type_id=b.id order by a.id desc limit 0,20
16:50:16 use company;
16:50:16 set names utf8;
16:50:16 select * from configs
16:50:16 select * from admin_menu
16:50:16 select * from nav order by z_index desc
16:51:39 use company;
16:51:39 set names utf8;
16:51:39 select * from configs
16:51:39 select * from admin_menu
16:51:39 select * from nav order by z_index desc
16:51:40 use company;
16:51:40 set names utf8;
16:51:40 select * from configs
16:51:40 select * from admin_menu
16:51:40 select * from nav order by z_index desc
16:52:13 use company;
16:52:13 set names utf8;
16:52:13 select * from configs
16:52:13 select * from admin_menu
16:52:13 select * from nav order by z_index desc
16:52:18 use company;
16:52:18 set names utf8;
16:52:18 select * from configs
16:52:18 select * from admin_menu
16:52:18 select * from nav order by z_index desc
16:52:29 use company;
16:52:29 set names utf8;
16:52:29 select * from configs
16:52:29 select * from admin_menu
16:52:29 select * from nav where id=2
16:52:32 use company;
16:52:32 set names utf8;
16:52:32 select * from configs
16:52:32 select * from admin_menu
16:52:32 select * from article_type
16:52:34 use company;
16:52:34 set names utf8;
16:52:34 select * from configs
16:52:34 select * from admin_menu
16:52:34 select * from article_type where id=1
16:53:12 use company;
16:53:12 set names utf8;
16:53:12 select * from configs
16:53:12 select * from admin_menu
16:53:12 select * from article_type where id=1
16:53:17 use company;
16:53:17 set names utf8;
16:53:17 select * from configs
16:53:17 select * from admin_menu
16:53:17 select * from article_type
16:53:19 use company;
16:53:19 set names utf8;
16:53:19 select * from configs
16:53:19 select * from admin_menu
16:53:19 select * from article_type
16:53:20 use company;
16:53:20 set names utf8;
16:53:20 select * from configs
16:53:20 select * from admin_menu
16:53:20 select * from article_type where id=1
16:53:22 use company;
16:53:22 set names utf8;
16:53:22 select * from configs
16:53:22 select * from admin_menu
16:53:22 select * from nav order by z_index desc
16:53:23 use company;
16:53:23 set names utf8;
16:53:23 select * from configs
16:53:23 select * from admin_menu
16:53:23 select * from focus_picture order by pic_index desc
16:53:25 use company;
16:53:25 set names utf8;
16:53:25 select * from configs
16:53:25 select * from admin_menu
16:53:25 select * from focus_picture where id=8
16:53:27 use company;
16:53:27 set names utf8;
16:53:27 select * from configs
16:53:27 select * from admin_menu
16:53:28 use company;
16:53:28 set names utf8;
16:53:28 select * from configs
16:53:28 select * from admin_menu
16:53:28 select * from focus_picture order by pic_index desc
16:53:29 use company;
16:53:29 set names utf8;
16:53:29 select * from configs
16:53:29 select * from admin_menu
16:53:29 select * from nav order by z_index desc
16:53:29 use company;
16:53:29 set names utf8;
16:53:29 select * from configs
16:53:29 select * from admin_menu
16:53:29 select * from focus_picture order by pic_index desc
16:53:30 use company;
16:53:30 set names utf8;
16:53:30 select * from configs
16:53:30 select * from admin_menu
16:53:32 use company;
16:53:32 set names utf8;
16:53:32 select * from configs
16:53:32 select * from admin_menu
16:53:32 select count(a.id) from articles as a left join article_type as b on a.type_id=b.id order by a.id desc
16:53:32 select a.*,b.type_name from articles as a left join article_type as b on a.type_id=b.id order by a.id desc limit 0,20
16:53:32 use company;
16:53:32 set names utf8;
16:53:32 select * from configs
16:53:32 select * from admin_menu
16:53:32 select * from article_type
16:53:33 use company;
16:53:33 set names utf8;
16:53:33 select * from configs
16:53:33 select * from admin_menu
16:53:33 select * from article_type
16:53:33 use company;
16:53:33 set names utf8;
16:53:33 select * from configs
16:53:33 select * from admin_menu
16:53:33 select * from article_type
16:53:34 use company;
16:53:34 set names utf8;
16:53:34 select * from configs
16:53:34 select * from admin_menu
16:53:35 use company;
16:53:35 set names utf8;
16:53:35 select * from configs
16:53:35 select * from admin_menu
16:53:35 select * from article_type
16:53:35 use company;
16:53:35 set names utf8;
16:53:35 select * from configs
16:53:35 select * from admin_menu
16:53:35 select count(a.id) from articles as a left join article_type as b on a.type_id=b.id order by a.id desc
16:53:35 select a.*,b.type_name from articles as a left join article_type as b on a.type_id=b.id order by a.id desc limit 0,20
16:53:38 use company;
16:53:38 set names utf8;
16:53:38 select * from configs
16:53:38 select * from admin_menu
16:53:38 select count(a.id) from product as a left join product_type as b on a.type_id=b.id order by a.id desc
16:53:38 select a.*,b.type_name from product as a left join product_type as b on a.type_id=b.id order by a.id desc limit 0,20
16:53:39 use company;
16:53:39 set names utf8;
16:53:39 select * from configs
16:53:39 select * from admin_menu
16:53:39 select * from product_type
16:53:40 use company;
16:53:40 set names utf8;
16:53:40 select * from configs
16:53:40 select * from admin_menu
16:53:40 select * from product_type
16:53:40 use company;
16:53:40 set names utf8;
16:53:40 select * from configs
16:53:40 select * from admin_menu
16:53:40 select * from product_type
16:53:41 use company;
16:53:41 set names utf8;
16:53:41 select * from configs
16:53:41 select * from admin_menu
16:53:42 use company;
16:53:42 set names utf8;
16:53:42 select * from configs
16:53:42 select * from admin_menu
